<?xml version="1.0" encoding="UTF-8"?>
<!-- Generated by org.testng.reporters.JUnitReportReporter -->
<testsuite skipped="0" hostname="G10GNLT041" name="com.arcapi.TrailFlowtestcases.Transit.DeleteAllAppsAPITest" tests="1" failures="0" timestamp="08 Feb 2019 06:00:27 GMT" time="6.098" errors="0">
  <testcase name="DeleteAllAppsAPI" time="6.098" classname="com.arcapi.TrailFlowtestcases.Transit.DeleteAllAppsAPITest"/>
</testsuite> <!-- com.arcapi.TrailFlowtestcases.Transit.DeleteAllAppsAPITest -->
