<?xml version="1.0" encoding="UTF-8"?>
<!-- Generated by org.testng.reporters.JUnitReportReporter -->
<testsuite hostname="G10GGNLT052" name="com.arcapi.Transittestcases.VerifyNitrogenDioxideGraphValuesAPITest" tests="1" failures="0" timestamp="17 Oct 2019 07:26:52 GMT" time="2.467" errors="0">
  <testcase name="VerifyNitrogenDioxideGraphValuesAPI" time="2.467" classname="com.arcapi.Transittestcases.VerifyNitrogenDioxideGraphValuesAPITest"/>
</testsuite> <!-- com.arcapi.Transittestcases.VerifyNitrogenDioxideGraphValuesAPITest -->
