<?xml version="1.0" encoding="UTF-8"?>
<!-- Generated by org.testng.reporters.JUnitReportReporter -->
<testsuite skipped="0" hostname="G10GNLT041" name="com.arcapi.Transittestcases.CreditGetAPITest" tests="2" failures="0" timestamp="17 Jun 2019 09:30:40 GMT" time="51.372" errors="0">
  <testcase name="CreditGetAPI" time="16.361" classname="com.arcapi.Transittestcases.CreditGetAPITest"/>
  <testcase name="CreditGetAPI" time="35.011" classname="com.arcapi.Transittestcases.CreditGetAPITest"/>
</testsuite> <!-- com.arcapi.Transittestcases.CreditGetAPITest -->
