<?xml version="1.0" encoding="UTF-8"?>
<!-- Generated by org.testng.reporters.JUnitReportReporter -->
<testsuite hostname="G10GGNLT052" name="com.arcapi.Common.PaymentOrderSubmitPOSTAPITest" tests="1" failures="0" timestamp="7 Nov 2019 08:15:32 GMT" time="10.871" errors="0">
  <testcase name="PaymentOrderSubmitPOSTAPI" time="10.871" classname="com.arcapi.Common.PaymentOrderSubmitPOSTAPITest"/>
</testsuite> <!-- com.arcapi.Common.PaymentOrderSubmitPOSTAPITest -->
