<?xml version="1.0" encoding="UTF-8"?>
<!-- Generated by org.testng.reporters.JUnitReportReporter -->
<testsuite hostname="G10GGNLT052" name="com.arcapi.Common.ScoreVersionExtensionRequestUpdatePostAPITest" tests="1" failures="0" timestamp="9 Oct 2019 09:03:48 GMT" time="2.128" errors="0">
  <testcase name="ScoreVersionExtensionRequestUpdatePostAPI" time="2.128" classname="com.arcapi.Common.ScoreVersionExtensionRequestUpdatePostAPITest"/>
</testsuite> <!-- com.arcapi.Common.ScoreVersionExtensionRequestUpdatePostAPITest -->
