<?xml version="1.0" encoding="UTF-8"?>
<!-- Generated by org.testng.reporters.JUnitReportReporter -->
<testsuite hostname="G10GGNLT052" name="com.arcapi.Common.CityCom.ConsumptionCreateAPITest" tests="1" failures="0" timestamp="5 Sep 2019 10:37:20 GMT" time="26.533" errors="0">
  <testcase name="ConsumptionCreatePOSTAPI" time="26.533" classname="com.arcapi.Common.CityCom.ConsumptionCreateAPITest"/>
</testsuite> <!-- com.arcapi.Common.CityCom.ConsumptionCreateAPITest -->
