<?xml version="1.0" encoding="UTF-8"?>
<!-- Generated by org.testng.reporters.JUnitReportReporter -->
<testsuite skipped="0" hostname="G10GNLT041" name="com.arcapi.Transittestcases.ConsumptionUpdatePUTAPITest" tests="2" failures="0" timestamp="17 Jun 2019 09:30:41 GMT" time="8.003" errors="0">
  <testcase name="ConsumptionUpdatePUTAPI" time="3.397" classname="com.arcapi.Transittestcases.ConsumptionUpdatePUTAPITest"/>
  <testcase name="ConsumptionUpdatePUTAPI" time="4.606" classname="com.arcapi.Transittestcases.ConsumptionUpdatePUTAPITest"/>
</testsuite> <!-- com.arcapi.Transittestcases.ConsumptionUpdatePUTAPITest -->
