<?xml version="1.0" encoding="UTF-8"?>
<!-- Generated by org.testng.reporters.JUnitReportReporter -->
<testsuite hostname="G10GGNLT052" name="com.arcapi.InterRelatedFieldValidationTestcases.PF906CreatePOSTAPITest" tests="1" failures="0" timestamp="10 Oct 2019 06:35:20 GMT" time="67.725" errors="0">
  <testcase name="PF906CreatePOSTAPI" time="67.725" classname="com.arcapi.InterRelatedFieldValidationTestcases.PF906CreatePOSTAPITest"/>
</testsuite> <!-- com.arcapi.InterRelatedFieldValidationTestcases.PF906CreatePOSTAPITest -->
