<?xml version="1.0" encoding="UTF-8"?>
<!-- Generated by org.testng.reporters.JUnitReportReporter -->
<testsuite hostname="G10GGNLT052" name="com.arcapi.Buildingtestcases.OtherFuelConsumptionUpdateAPITest" tests="1" failures="0" timestamp="7 Nov 2019 06:53:23 GMT" time="25.544" errors="0">
  <testcase name="OtherFuelConsumptionUpdateAPI" time="25.544" classname="com.arcapi.Buildingtestcases.OtherFuelConsumptionUpdateAPITest"/>
</testsuite> <!-- com.arcapi.Buildingtestcases.OtherFuelConsumptionUpdateAPITest -->
