<?xml version="1.0" encoding="UTF-8"?>
<!-- Generated by org.testng.reporters.JUnitReportReporter -->
<testsuite hostname="G10GGNLT052" name="com.arcapi.Buildingtestcases.OtherFuelConsumptionCreateAPITest" tests="1" failures="0" timestamp="11 Oct 2019 08:57:39 GMT" time="50.252" errors="0">
  <testcase name="OtherFuelConsumptionCreateAPI" time="50.252" classname="com.arcapi.Buildingtestcases.OtherFuelConsumptionCreateAPITest"/>
</testsuite> <!-- com.arcapi.Buildingtestcases.OtherFuelConsumptionCreateAPITest -->
