<?xml version="1.0" encoding="UTF-8"?>
<!-- Generated by org.testng.reporters.JUnitReportReporter -->
<testsuite skipped="0" hostname="G10GNLT041" name="com.arcapi.Citytestcases.AssetTeamPermissionPutAPITest" tests="2" failures="0" timestamp="17 Jun 2019 08:07:17 GMT" time="6.815" errors="0">
  <testcase name="AssetTeamPermissionPutAPI" time="3.237" classname="com.arcapi.Citytestcases.AssetTeamPermissionPutAPITest"/>
  <testcase name="AssetTeamPermissionPutAPI" time="3.578" classname="com.arcapi.Citytestcases.AssetTeamPermissionPutAPITest"/>
</testsuite> <!-- com.arcapi.Citytestcases.AssetTeamPermissionPutAPITest -->
