<?xml version="1.0" encoding="UTF-8"?>
<!-- Generated by org.testng.reporters.JUnitReportReporter -->
<testsuite hostname="G10GGNLT052" name="com.arcapi.Common.MeasureCommentReplayPostAPITest" tests="1" failures="0" timestamp="5 Nov 2019 05:13:46 GMT" time="1.485" errors="0">
  <testcase name="MeasureCommentReplayPostAPI" time="1.485" classname="com.arcapi.Common.MeasureCommentReplayPostAPITest"/>
</testsuite> <!-- com.arcapi.Common.MeasureCommentReplayPostAPITest -->
