<?xml version="1.0" encoding="UTF-8"?>
<!-- Generated by org.testng.reporters.JUnitReportReporter -->
<testsuite hostname="G10GGNLT052" name="com.arcapi.Transittestcases.AQIDataGetAPITest" tests="1" failures="0" timestamp="1 Oct 2019 05:50:29 GMT" time="2.002" errors="0">
  <testcase name="AQIDataGetAPI" time="2.002" classname="com.arcapi.Transittestcases.AQIDataGetAPITest"/>
</testsuite> <!-- com.arcapi.Transittestcases.AQIDataGetAPITest -->
