<?xml version="1.0" encoding="UTF-8"?>
<!-- Generated by org.testng.reporters.JUnitReportReporter -->
<testsuite hostname="G10GGNLT052" name="com.arcapi.Buildingtestcases.AssetTeamPermissionPostAPITest" tests="1" failures="0" timestamp="4 Sep 2019 04:54:36 GMT" time="1.852" errors="0">
  <testcase name="AssetTeamPermissionPostAPI" time="1.852" classname="com.arcapi.Buildingtestcases.AssetTeamPermissionPostAPITest"/>
</testsuite> <!-- com.arcapi.Buildingtestcases.AssetTeamPermissionPostAPITest -->
