<?xml version="1.0" encoding="UTF-8"?>
<!-- Generated by org.testng.reporters.JUnitReportReporter -->
<testsuite skipped="0" hostname="G10GNLT041" name="com.arcapi.Citytestcases.RecomputePerformanceCustomCrimeScoreGetTest" tests="1" failures="0" timestamp="22 May 2019 09:38:27 GMT" time="20.976" errors="0">
  <testcase name="RecomputePerformanceScoreGet" time="20.976" classname="com.arcapi.Citytestcases.RecomputePerformanceCustomCrimeScoreGetTest"/>
</testsuite> <!-- com.arcapi.Citytestcases.RecomputePerformanceCustomCrimeScoreGetTest -->
