<?xml version="1.0" encoding="UTF-8"?>
<!-- Generated by org.testng.reporters.JUnitReportReporter -->
<testsuite hostname="G10GGNLT052" name="com.arcapi.Buildingtestcases.WaterCreate60MonthMeterDataPostTest" tests="1" failures="0" timestamp="21 Sep 2019 09:20:04 GMT" time="161.009" errors="0">
  <testcase name="WaterCreate60MonthMeterDataPost" time="161.009" classname="com.arcapi.Buildingtestcases.WaterCreate60MonthMeterDataPostTest"/>
</testsuite> <!-- com.arcapi.Buildingtestcases.WaterCreate60MonthMeterDataPostTest -->
