<?xml version="1.0" encoding="UTF-8"?>
<!-- Generated by org.testng.reporters.JUnitReportReporter -->
<testsuite skipped="0" hostname="G10GNLT041" name="com.arcapi.Citytestcases.AddAssestTimelinePOSTAPITest" tests="2" failures="0" timestamp="21 Jun 2019 06:10:22 GMT" time="7.266" errors="0">
  <testcase name="AddAssestTimeline" time="3.914" classname="com.arcapi.Citytestcases.AddAssestTimelinePOSTAPITest"/>
  <testcase name="AddAssestTimeline" time="3.352" classname="com.arcapi.Citytestcases.AddAssestTimelinePOSTAPITest"/>
</testsuite> <!-- com.arcapi.Citytestcases.AddAssestTimelinePOSTAPITest -->
