<?xml version="1.0" encoding="UTF-8"?>
<!-- Generated by org.testng.reporters.JUnitReportReporter -->
<testsuite skipped="0" hostname="G10GNLT041" name="com.arcapi.Buildingtestcases.ConsumptionCreatePOSTAPITest" tests="2" failures="0" timestamp="21 Jun 2019 06:10:23 GMT" time="8.320" errors="0">
  <testcase name="ConsumptionCreatePOSTAPI" time="5.354" classname="com.arcapi.Buildingtestcases.ConsumptionCreatePOSTAPITest"/>
  <testcase name="ConsumptionCreatePOSTAPI" time="2.966" classname="com.arcapi.Buildingtestcases.ConsumptionCreatePOSTAPITest"/>
</testsuite> <!-- com.arcapi.Buildingtestcases.ConsumptionCreatePOSTAPITest -->
