<?xml version="1.0" encoding="UTF-8"?>
<!-- Generated by org.testng.reporters.JUnitReportReporter -->
<testsuite skipped="0" hostname="G10GNLT041" name="com.arcapi.release1_18testcases.MetersAPITest" tests="1" failures="0" timestamp="02 Jul 2019 04:43:31 GMT" time="5.322" errors="0">
  <testcase name="MetersAPI" time="5.322" classname="com.arcapi.release1_18testcases.MetersAPITest"/>
</testsuite> <!-- com.arcapi.release1_18testcases.MetersAPITest -->
