<?xml version="1.0" encoding="UTF-8"?>
<!-- Generated by org.testng.reporters.JUnitReportReporter -->
<testsuite skipped="0" hostname="G10GNLT041" name="com.arcapi.Citytestcases.NotificationGetAPITest" tests="2" failures="0" timestamp="17 Jun 2019 08:07:17 GMT" time="6.045" errors="0">
  <testcase name="NotificationGetAPI" time="3.109" classname="com.arcapi.Citytestcases.NotificationGetAPITest"/>
  <testcase name="NotificationGetAPI" time="2.936" classname="com.arcapi.Citytestcases.NotificationGetAPITest"/>
</testsuite> <!-- com.arcapi.Citytestcases.NotificationGetAPITest -->
