<?xml version="1.0" encoding="UTF-8"?>
<!-- Generated by org.testng.reporters.JUnitReportReporter -->
<testsuite hostname="G10GGNLT052" name="com.arcapi.Buildingtestcases.CO2MeterDeleteAPITest" tests="1" failures="0" timestamp="7 Nov 2019 07:39:40 GMT" time="1.412" errors="0">
  <testcase name="CO2MeterDeleteAPI" time="1.412" classname="com.arcapi.Buildingtestcases.CO2MeterDeleteAPITest"/>
</testsuite> <!-- com.arcapi.Buildingtestcases.CO2MeterDeleteAPITest -->
