<?xml version="1.0" encoding="UTF-8"?>
<!-- Generated by org.testng.reporters.JUnitReportReporter -->
<testsuite hostname="G10GGNLT052" name="com.arcapi.Buildingtestcases.VerifyAssetDetailAPITest" tests="1" failures="0" timestamp="26 Sep 2019 10:38:01 GMT" time="2.508" errors="0">
  <testcase name="VerifyAssetDetailAPI" time="2.508" classname="com.arcapi.Buildingtestcases.VerifyAssetDetailAPITest"/>
</testsuite> <!-- com.arcapi.Buildingtestcases.VerifyAssetDetailAPITest -->
