<?xml version="1.0" encoding="UTF-8"?>
<!-- Generated by org.testng.reporters.JUnitReportReporter -->
<testsuite skipped="0" hostname="G10GNLT041" name="com.arcapi.Parksmarttestcases.CreateAssetParksmartPOSTAPITest" tests="1" failures="0" timestamp="21 Jun 2019 05:06:06 GMT" time="6.714" errors="0">
  <testcase name="CreateAssetPOSTAPI" time="6.714" classname="com.arcapi.Parksmarttestcases.CreateAssetParksmartPOSTAPITest"/>
</testsuite> <!-- com.arcapi.Parksmarttestcases.CreateAssetParksmartPOSTAPITest -->
