<?xml version="1.0" encoding="UTF-8"?>
<!-- Generated by org.testng.reporters.JUnitReportReporter -->
<testsuite hostname="G10GGNLT052" name="com.arcapi.release1_18testcases.AssetDetailQueryParamTrackerDateAPITest" tests="1" failures="0" timestamp="9 Oct 2019 04:36:42 GMT" time="16.333" errors="0">
  <testcase name="AssetDetailQueryParamAPI" time="16.333" classname="com.arcapi.release1_18testcases.AssetDetailQueryParamTrackerDateAPITest"/>
</testsuite> <!-- com.arcapi.release1_18testcases.AssetDetailQueryParamTrackerDateAPITest -->
