<?xml version="1.0" encoding="UTF-8"?>
<!-- Generated by org.testng.reporters.JUnitReportReporter -->
<testsuite hostname="G10GGNLT052" name="com.arcapi.Scoretestcases.version3.CityAirQualityIndexGetTest" tests="1" failures="0" timestamp="19 Sep 2019 09:17:17 GMT" time="1.945" errors="0">
  <testcase name="CityAirQualityIndexGet" time="1.945" classname="com.arcapi.Scoretestcases.version3.CityAirQualityIndexGetTest"/>
</testsuite> <!-- com.arcapi.Scoretestcases.version3.CityAirQualityIndexGetTest -->
