<?xml version="1.0" encoding="UTF-8"?>
<!-- Generated by org.testng.reporters.JUnitReportReporter -->
<testsuite hostname="G10GGNLT052" name="com.arcapi.Leedv4Testcases.LOAuthenticateAPITest" tests="2" failures="0" timestamp="22 Oct 2019 10:35:10 GMT" time="5.217" errors="0">
  <testcase name="LOAuthenticateAPI" time="1.403" classname="com.arcapi.Leedv4Testcases.LOAuthenticateAPITest"/>
  <testcase name="LOAuthenticateAPI" time="3.814" classname="com.arcapi.Leedv4Testcases.LOAuthenticateAPITest"/>
</testsuite> <!-- com.arcapi.Leedv4Testcases.LOAuthenticateAPITest -->
