<?xml version="1.0" encoding="UTF-8"?>
<!-- Generated by org.testng.reporters.JUnitReportReporter -->
<testsuite skipped="0" hostname="G10GNLT041" name="com.arcapi.TrailFlowtestcases.Community.S3DocumentUploadPOSTAPITest" tests="1" failures="0" timestamp="08 Feb 2019 07:12:11 GMT" time="50.912" errors="0">
  <testcase name="S3DocumentUploadPOSTAPI" time="50.912" classname="com.arcapi.TrailFlowtestcases.Community.S3DocumentUploadPOSTAPITest"/>
</testsuite> <!-- com.arcapi.TrailFlowtestcases.Community.S3DocumentUploadPOSTAPITest -->
