<?xml version="1.0" encoding="UTF-8"?>
<!-- Generated by org.testng.reporters.JUnitReportReporter -->
<testsuite skipped="0" hostname="G10GNLT041" name="com.arcapi.CrossRatingSystemtestcases.WaterGetTest" tests="2" failures="0" timestamp="21 Jun 2019 05:06:06 GMT" time="4.237" errors="0">
  <testcase name="WaterGet" time="2.155" classname="com.arcapi.CrossRatingSystemtestcases.WaterGetTest"/>
  <testcase name="WaterGet" time="2.082" classname="com.arcapi.CrossRatingSystemtestcases.WaterGetTest"/>
</testsuite> <!-- com.arcapi.CrossRatingSystemtestcases.WaterGetTest -->
