<?xml version="1.0" encoding="UTF-8"?>
<!-- Generated by org.testng.reporters.JUnitReportReporter -->
<testsuite hostname="G10GGNLT052" name="com.arcapi.Transittestcases.CreateAssetTransitAPITest" tests="1" failures="0" timestamp="22 Oct 2019 10:18:51 GMT" time="5.924" errors="0">
  <testcase name="CreateAssetTransitAPI" time="5.924" classname="com.arcapi.Transittestcases.CreateAssetTransitAPITest"/>
</testsuite> <!-- com.arcapi.Transittestcases.CreateAssetTransitAPITest -->
