<?xml version="1.0" encoding="UTF-8"?>
<!-- Generated by org.testng.reporters.JUnitReportReporter -->
<testsuite skipped="0" hostname="G10GNLT041" name="com.arcapi.Buildingtestcases.VerifyAppsListAPITest" tests="1" failures="0" timestamp="05 Dec 2018 05:16:08 GMT" time="21.067" errors="0">
  <testcase name="VerifyAppsListAPI" time="21.067" classname="com.arcapi.Buildingtestcases.VerifyAppsListAPITest"/>
</testsuite> <!-- com.arcapi.Buildingtestcases.VerifyAppsListAPITest -->
