<?xml version="1.0" encoding="UTF-8"?>
<!-- Generated by org.testng.reporters.JUnitReportReporter -->
<testsuite hostname="G10GGNLT052" name="com.arcapi.Citytestcases.LoginAPITest" tests="1" failures="0" timestamp="14 Aug 2019 08:09:03 GMT" time="8.370" errors="0">
  <testcase name="LoginAPI" time="8.370" classname="com.arcapi.Citytestcases.LoginAPITest"/>
</testsuite> <!-- com.arcapi.Citytestcases.LoginAPITest -->
