<?xml version="1.0" encoding="UTF-8"?>
<!-- Generated by org.testng.reporters.JUnitReportReporter -->
<testsuite hostname="G10GGNLT052" name="com.arcapi.Common.AddAssestTimelinePOSTAPITest" tests="1" failures="0" timestamp="11 Oct 2019 04:08:59 GMT" time="6.468" errors="0">
  <testcase name="AddAssestTimeline" time="6.468" classname="com.arcapi.Common.AddAssestTimelinePOSTAPITest"/>
</testsuite> <!-- com.arcapi.Common.AddAssestTimelinePOSTAPITest -->
