<?xml version="1.0" encoding="UTF-8"?>
<!-- Generated by org.testng.reporters.JUnitReportReporter -->
<testsuite skipped="0" hostname="G10GNLT041" name="com.arcapi.Transittestcases.TemperatureDataZipCodeGetTest" tests="2" failures="0" timestamp="05 Dec 2018 10:48:03 GMT" time="40.399" errors="0">
  <testcase name="TemperatureDataZipCodeGet" time="27.619" classname="com.arcapi.Transittestcases.TemperatureDataZipCodeGetTest"/>
  <testcase name="TemperatureDataZipCodeGet" time="12.780" classname="com.arcapi.Transittestcases.TemperatureDataZipCodeGetTest"/>
</testsuite> <!-- com.arcapi.Transittestcases.TemperatureDataZipCodeGetTest -->
