<?xml version="1.0" encoding="UTF-8"?>
<!-- Generated by org.testng.reporters.JUnitReportReporter -->
<testsuite skipped="0" hostname="G10GNLT041" name="com.arcapi.CompleteDataValidationNoPayloadTestcases.SubmitReviewPOSTAPITest" tests="1" failures="0" timestamp="21 Jun 2019 06:10:21 GMT" time="1.894" errors="0">
  <testcase name="SubmitReviewPOSTAPI" time="1.894" classname="com.arcapi.CompleteDataValidationNoPayloadTestcases.SubmitReviewPOSTAPITest"/>
</testsuite> <!-- com.arcapi.CompleteDataValidationNoPayloadTestcases.SubmitReviewPOSTAPITest -->
