<?xml version="1.0" encoding="UTF-8"?>
<!-- Generated by org.testng.reporters.JUnitReportReporter -->
<testsuite hostname="G10GGNLT052" name="com.arcapi.Buildingtestcases.ConsumptionListAPITest" tests="1" failures="0" timestamp="11 Sep 2019 10:39:59 GMT" time="4.872" errors="0">
  <testcase name="ConsumptionListAPI" time="4.872" classname="com.arcapi.Buildingtestcases.ConsumptionListAPITest"/>
</testsuite> <!-- com.arcapi.Buildingtestcases.ConsumptionListAPITest -->
