<?xml version="1.0" encoding="UTF-8"?>
<!-- Generated by org.testng.reporters.JUnitReportReporter -->
<testsuite hostname="G10GGNLT052" name="com.arcapi.Transittestcases.VerifyExcelTemplateConsumptionEnergyWaterAPITest" tests="1" failures="0" timestamp="1 Oct 2019 05:50:29 GMT" time="6.113" errors="0">
  <testcase name="VerifyExcelTemplateConsumptionEnergyWaterAPI" time="6.113" classname="com.arcapi.Transittestcases.VerifyExcelTemplateConsumptionEnergyWaterAPITest"/>
</testsuite> <!-- com.arcapi.Transittestcases.VerifyExcelTemplateConsumptionEnergyWaterAPITest -->
