<?xml version="1.0" encoding="UTF-8"?>
<!-- Generated by org.testng.reporters.JUnitReportReporter -->
<testsuite skipped="0" hostname="G10GNLT041" name="com.arcapi.Buildingtestcases.WasteCreatePOSTAPITest" tests="2" failures="0" timestamp="21 Jun 2019 06:10:21 GMT" time="5.445" errors="0">
  <testcase name="WasteCreatePOSTAPI" time="2.605" classname="com.arcapi.Buildingtestcases.WasteCreatePOSTAPITest"/>
  <testcase name="WasteCreatePOSTAPI" time="2.840" classname="com.arcapi.Buildingtestcases.WasteCreatePOSTAPITest"/>
</testsuite> <!-- com.arcapi.Buildingtestcases.WasteCreatePOSTAPITest -->
