<?xml version="1.0" encoding="UTF-8"?>
<!-- Generated by org.testng.reporters.JUnitReportReporter -->
<testsuite hostname="G10GGNLT052" name="com.arcapi.Common.SocreVersionUpdatePostAPITest" tests="1" failures="0" timestamp="22 Oct 2019 08:00:56 GMT" time="1.500" errors="0">
  <testcase name="SocreVersionUpdatePostAPI" time="1.500" classname="com.arcapi.Common.SocreVersionUpdatePostAPITest"/>
</testsuite> <!-- com.arcapi.Common.SocreVersionUpdatePostAPITest -->
