<?xml version="1.0" encoding="UTF-8"?>
<!-- Generated by org.testng.reporters.JUnitReportReporter -->
<testsuite skipped="0" hostname="G10GNLT041" name="com.arcapi.Transittestcases.AssetRequiredFieldsAPITest" tests="2" failures="0" timestamp="17 Jun 2019 09:30:40 GMT" time="9.811" errors="0">
  <testcase name="AssetRequiredFieldsAPI" time="4.155" classname="com.arcapi.Transittestcases.AssetRequiredFieldsAPITest"/>
  <testcase name="AssetRequiredFieldsAPI" time="5.656" classname="com.arcapi.Transittestcases.AssetRequiredFieldsAPITest"/>
</testsuite> <!-- com.arcapi.Transittestcases.AssetRequiredFieldsAPITest -->
