<?xml version="1.0" encoding="UTF-8"?>
<!-- Generated by org.testng.reporters.JUnitReportReporter -->
<testsuite hostname="G10GGNLT052" name="com.arcapi.Common.NotificationSubscriptionDetailGetTest" tests="1" failures="0" timestamp="8 Nov 2019 07:29:52 GMT" time="1.822" errors="0">
  <testcase name="NotificationSubscriptionDetail" time="1.822" classname="com.arcapi.Common.NotificationSubscriptionDetailGetTest"/>
</testsuite> <!-- com.arcapi.Common.NotificationSubscriptionDetailGetTest -->
