<?xml version="1.0" encoding="UTF-8"?>
<!-- Generated by org.testng.reporters.JUnitReportReporter -->
<testsuite skipped="0" hostname="G10GNLT041" name="com.arcapi.Communitytestcases.NotificationSubscriptionDetailPutTest" tests="2" failures="0" timestamp="17 Jun 2019 09:30:41 GMT" time="7.040" errors="0">
  <testcase name="NotificationSubscriptionDetail" time="3.156" classname="com.arcapi.Communitytestcases.NotificationSubscriptionDetailPutTest"/>
  <testcase name="NotificationSubscriptionDetail" time="3.884" classname="com.arcapi.Communitytestcases.NotificationSubscriptionDetailPutTest"/>
</testsuite> <!-- com.arcapi.Communitytestcases.NotificationSubscriptionDetailPutTest -->
