<?xml version="1.0" encoding="UTF-8"?>
<!-- Generated by org.testng.reporters.JUnitReportReporter -->
<testsuite hostname="G10GGNLT052" name="com.arcapi.Portfoliostestcases.PortfoliosTeamsDELETEAPITest" tests="1" failures="0" timestamp="20 Sep 2019 06:16:39 GMT" time="2.057" errors="0">
  <testcase name="PortfoliosTeamsDELETEAPI" time="2.057" classname="com.arcapi.Portfoliostestcases.PortfoliosTeamsDELETEAPITest"/>
</testsuite> <!-- com.arcapi.Portfoliostestcases.PortfoliosTeamsDELETEAPITest -->
