<?xml version="1.0" encoding="UTF-8"?>
<!-- Generated by org.testng.reporters.JUnitReportReporter -->
<testsuite hostname="G10GGNLT052" name="com.arcapi.Buildingtestcase.CarbonDioxideCreate5YearDataPostTest" tests="5" failures="0" timestamp="6 Aug 2019 09:33:06 GMT" time="11.690" errors="0">
  <testcase name="CO2GetTestAPI" time="2.497" classname="com.arcapi.Buildingtestcase.CarbonDioxideCreate5YearDataPostTest"/>
  <testcase name="CO2GetTestAPI" time="2.341" classname="com.arcapi.Buildingtestcase.CarbonDioxideCreate5YearDataPostTest"/>
  <testcase name="CO2GetTestAPI" time="2.495" classname="com.arcapi.Buildingtestcase.CarbonDioxideCreate5YearDataPostTest"/>
  <testcase name="CO2GetTestAPI" time="2.305" classname="com.arcapi.Buildingtestcase.CarbonDioxideCreate5YearDataPostTest"/>
  <testcase name="CO2GetTestAPI" time="2.052" classname="com.arcapi.Buildingtestcase.CarbonDioxideCreate5YearDataPostTest"/>
</testsuite> <!-- com.arcapi.Buildingtestcase.CarbonDioxideCreate5YearDataPostTest -->
