<?xml version="1.0" encoding="UTF-8"?>
<!-- Generated by org.testng.reporters.JUnitReportReporter -->
<testsuite hostname="G10GGNLT052" name="com.arcapi.Citytestcases.InstallAllAppsAfterDeleteAPITest" tests="1" failures="0" timestamp="14 Aug 2019 08:09:03 GMT" time="6.461" errors="0">
  <testcase name="InstallAllAppsAfterDeleteAPI" time="6.461" classname="com.arcapi.Citytestcases.InstallAllAppsAfterDeleteAPITest"/>
</testsuite> <!-- com.arcapi.Citytestcases.InstallAllAppsAfterDeleteAPITest -->
