<?xml version="1.0" encoding="UTF-8"?>
<!-- Generated by org.testng.reporters.JUnitReportReporter -->
<testsuite hostname="G10GGNLT052" name="com.arcapi.Buildingtestcases.VerifyWasteDataExcelAPITest" tests="1" failures="0" timestamp="22 Oct 2019 10:35:09 GMT" time="2.199" errors="0">
  <testcase name="VerifyWasteDataExcelAPI" time="2.199" classname="com.arcapi.Buildingtestcases.VerifyWasteDataExcelAPITest"/>
</testsuite> <!-- com.arcapi.Buildingtestcases.VerifyWasteDataExcelAPITest -->
