<?xml version="1.0" encoding="UTF-8"?>
<!-- Generated by org.testng.reporters.JUnitReportReporter -->
<testsuite skipped="0" hostname="G10GNLT041" name="com.arcapi.TrailFlowtestcases.Building.SubmitReviewGetAPITest" tests="2" failures="0" timestamp="22 Feb 2019 05:49:40 GMT" time="3.887" errors="0">
  <testcase name="SubmitReviewGetAPI" time="1.915" classname="com.arcapi.TrailFlowtestcases.Building.SubmitReviewGetAPITest"/>
  <testcase name="SubmitReviewGetAPI" time="1.972" classname="com.arcapi.TrailFlowtestcases.Building.SubmitReviewGetAPITest"/>
</testsuite> <!-- com.arcapi.TrailFlowtestcases.Building.SubmitReviewGetAPITest -->
