<?xml version="1.0" encoding="UTF-8"?>
<!-- Generated by org.testng.reporters.JUnitReportReporter -->
<testsuite skipped="0" hostname="G10GNLT041" name="com.arcapi.Transittestcases.CO2GetTest" tests="2" failures="0" timestamp="17 Jun 2019 09:30:41 GMT" time="7.603" errors="0">
  <testcase name="CO2GetTestAPI" time="2.622" classname="com.arcapi.Transittestcases.CO2GetTest"/>
  <testcase name="CO2GetTestAPI" time="4.981" classname="com.arcapi.Transittestcases.CO2GetTest"/>
</testsuite> <!-- com.arcapi.Transittestcases.CO2GetTest -->
