<?xml version="1.0" encoding="UTF-8"?>
<!-- Generated by org.testng.reporters.JUnitReportReporter -->
<testsuite skipped="0" hostname="G10GNLT041" name="com.arcapi.Transittestcases.S3DocumentListAPITest" tests="2" failures="0" timestamp="17 Jun 2019 09:30:41 GMT" time="7.765" errors="0">
  <testcase name="S3DocumentListAPI" time="2.668" classname="com.arcapi.Transittestcases.S3DocumentListAPITest"/>
  <testcase name="S3DocumentListAPI" time="5.097" classname="com.arcapi.Transittestcases.S3DocumentListAPITest"/>
</testsuite> <!-- com.arcapi.Transittestcases.S3DocumentListAPITest -->
