<?xml version="1.0" encoding="UTF-8"?>
<!-- Generated by org.testng.reporters.JUnitReportReporter -->
<testsuite hostname="G10GGNLT052" name="com.arcapi.Citytestcases.VerifyAgreementPresentAPITest" tests="1" failures="0" timestamp="14 Aug 2019 08:09:03 GMT" time="3.002" errors="0">
  <testcase name="VerifyAgreementPresentAPI" time="3.002" classname="com.arcapi.Citytestcases.VerifyAgreementPresentAPITest"/>
</testsuite> <!-- com.arcapi.Citytestcases.VerifyAgreementPresentAPITest -->
