<?xml version="1.0" encoding="UTF-8"?>
<!-- Generated by org.testng.reporters.JUnitReportReporter -->
<testsuite hostname="G10GGNLT052" name="com.arcapi.Common.CityCom.CreateNewProjectAPITest" tests="1" failures="0" timestamp="10 Sep 2019 13:16:20 GMT" time="7.801" errors="0">
  <testcase name="CreateAssetPOSTAPI" time="7.801" classname="com.arcapi.Common.CityCom.CreateNewProjectAPITest"/>
</testsuite> <!-- com.arcapi.Common.CityCom.CreateNewProjectAPITest -->
