<?xml version="1.0" encoding="UTF-8"?>
<!-- Generated by org.testng.reporters.JUnitReportReporter -->
<testsuite hostname="G10GGNLT052" name="com.arcapi.Buildingtestcases.UserAccessLevelSAPGetTest" tests="1" failures="0" timestamp="23 Aug 2019 04:56:48 GMT" time="2.034" errors="0">
  <testcase name="UserAccessLevelSAPGet" time="2.034" classname="com.arcapi.Buildingtestcases.UserAccessLevelSAPGetTest"/>
</testsuite> <!-- com.arcapi.Buildingtestcases.UserAccessLevelSAPGetTest -->
