<?xml version="1.0" encoding="UTF-8"?>
<!-- Generated by org.testng.reporters.JUnitReportReporter -->
<testsuite hostname="G10GGNLT052" name="com.arcapi.Buildingtestcases.ConsumptionDeleteAPITest" tests="1" failures="0" timestamp="11 Sep 2019 10:39:59 GMT" time="1.507" errors="0">
  <testcase name="ConsumptionDeleteAPI" time="1.507" classname="com.arcapi.Buildingtestcases.ConsumptionDeleteAPITest"/>
</testsuite> <!-- com.arcapi.Buildingtestcases.ConsumptionDeleteAPITest -->
