<?xml version="1.0" encoding="UTF-8"?>
<!-- Generated by org.testng.reporters.JUnitReportReporter -->
<testsuite hostname="G10GGNLT052" name="com.arcapi.CompleteDataValidationNoPayloadTestcases.ConsumptionUpdatePUTAPITest" tests="1" failures="0" timestamp="20 Sep 2019 08:24:46 GMT" time="2.158" errors="0">
  <testcase name="ConsumptionUpdatePUTAPI" time="2.158" classname="com.arcapi.CompleteDataValidationNoPayloadTestcases.ConsumptionUpdatePUTAPITest"/>
</testsuite> <!-- com.arcapi.CompleteDataValidationNoPayloadTestcases.ConsumptionUpdatePUTAPITest -->
