<?xml version="1.0" encoding="UTF-8"?>
<!-- Generated by org.testng.reporters.JUnitReportReporter -->
<testsuite hostname="G10GGNLT052" name="com.arcapi.Buildingtestcases.VOCConsumptionUpdateAPITest" tests="1" failures="0" timestamp="7 Nov 2019 07:39:40 GMT" time="1.421" errors="0">
  <testcase name="VOCConsumptionUpdateAPI" time="1.421" classname="com.arcapi.Buildingtestcases.VOCConsumptionUpdateAPITest"/>
</testsuite> <!-- com.arcapi.Buildingtestcases.VOCConsumptionUpdateAPITest -->
