<?xml version="1.0" encoding="UTF-8"?>
<!-- Generated by org.testng.reporters.JUnitReportReporter -->
<testsuite skipped="0" hostname="G10GNLT041" name="com.arcapi.Buildingtestcases.GhgCalcGetTest" tests="2" failures="0" timestamp="17 Jun 2019 07:27:40 GMT" time="13.153" errors="0">
  <testcase name="GhgCalcGet" time="7.006" classname="com.arcapi.Buildingtestcases.GhgCalcGetTest"/>
  <testcase name="GhgCalcGet" time="6.147" classname="com.arcapi.Buildingtestcases.GhgCalcGetTest"/>
</testsuite> <!-- com.arcapi.Buildingtestcases.GhgCalcGetTest -->
