<?xml version="1.0" encoding="UTF-8"?>
<!-- Generated by org.testng.reporters.JUnitReportReporter -->
<testsuite hostname="G10GGNLT052" name="com.arcapi.Leedv4Testcases.LOAuthenticateAPITest" tests="1" failures="0" timestamp="14 Aug 2019 05:47:40 GMT" time="4.835" errors="0">
  <testcase name="LOAuthenticateAPI" time="4.835" classname="com.arcapi.Leedv4Testcases.LOAuthenticateAPITest"/>
</testsuite> <!-- com.arcapi.Leedv4Testcases.LOAuthenticateAPITest -->
