<?xml version="1.0" encoding="UTF-8"?>
<!-- Generated by org.testng.reporters.JUnitReportReporter -->
<testsuite skipped="0" hostname="G10GNLT041" name="com.arcapi.InterRelatedFieldValidationTestcases.CreateAssetParksmartPOSTAPITest" tests="1" failures="0" timestamp="21 Jun 2019 05:34:13 GMT" time="22.884" errors="0">
  <testcase name="CreateAssetPOSTAPI" time="22.884" classname="com.arcapi.InterRelatedFieldValidationTestcases.CreateAssetParksmartPOSTAPITest"/>
</testsuite> <!-- com.arcapi.InterRelatedFieldValidationTestcases.CreateAssetParksmartPOSTAPITest -->
