<?xml version="1.0" encoding="UTF-8"?>
<!-- Generated by org.testng.reporters.JUnitReportReporter -->
<testsuite skipped="0" hostname="G10GNLT041" name="com.arcapi.Transittestcases.PaymentOrderGetAPITest" tests="2" failures="0" timestamp="17 Jun 2019 09:30:41 GMT" time="6.961" errors="0">
  <testcase name="PaymentOrderGetAPI" time="4.581" classname="com.arcapi.Transittestcases.PaymentOrderGetAPITest"/>
  <testcase name="PaymentOrderGetAPI" time="2.380" classname="com.arcapi.Transittestcases.PaymentOrderGetAPITest"/>
</testsuite> <!-- com.arcapi.Transittestcases.PaymentOrderGetAPITest -->
