<?xml version="1.0" encoding="UTF-8"?>
<!-- Generated by org.testng.reporters.JUnitReportReporter -->
<testsuite hostname="G10GGNLT052" name="com.arcapi.ScenarioBasedTestcases.WaterCreate180DaysDataPostAPITest" tests="1" failures="0" timestamp="22 Oct 2019 08:41:24 GMT" time="1.594" errors="0">
  <testcase name="WaterCreate180DaysDataPostAPI" time="1.594" classname="com.arcapi.ScenarioBasedTestcases.WaterCreate180DaysDataPostAPITest"/>
</testsuite> <!-- com.arcapi.ScenarioBasedTestcases.WaterCreate180DaysDataPostAPITest -->
