<?xml version="1.0" encoding="UTF-8"?>
<!-- Generated by org.testng.reporters.JUnitReportReporter -->
<testsuite skipped="0" hostname="G10GNLT041" name="com.arcapi.Communitytestcases.AssetTeamPermissionPostAPITest" tests="2" failures="0" timestamp="17 Jun 2019 09:30:40 GMT" time="9.002" errors="0">
  <testcase name="AssetTeamPermissionPostAPI" time="4.217" classname="com.arcapi.Communitytestcases.AssetTeamPermissionPostAPITest"/>
  <testcase name="AssetTeamPermissionPostAPI" time="4.785" classname="com.arcapi.Communitytestcases.AssetTeamPermissionPostAPITest"/>
</testsuite> <!-- com.arcapi.Communitytestcases.AssetTeamPermissionPostAPITest -->
