<?xml version="1.0" encoding="UTF-8"?>
<!-- Generated by org.testng.reporters.JUnitReportReporter -->
<testsuite hostname="G10GGNLT052" name="com.arcapi.Common.AssetTeamPermissionPostAPITest" tests="1" failures="0" timestamp="11 Oct 2019 09:12:47 GMT" time="3.286" errors="0">
  <testcase name="AssetTeamPermissionPostAPI" time="3.286" classname="com.arcapi.Common.AssetTeamPermissionPostAPITest"/>
</testsuite> <!-- com.arcapi.Common.AssetTeamPermissionPostAPITest -->
