<?xml version="1.0" encoding="UTF-8"?>
<!-- Generated by org.testng.reporters.JUnitReportReporter -->
<testsuite skipped="0" hostname="G10GNLT041" name="com.arcapi.TrailFlowtestcases.Community.ThirdPartyListAppsAPITest" tests="1" failures="0" timestamp="06 Feb 2019 06:31:33 GMT" time="1.978" errors="0">
  <testcase name="ThirdPartyListAppsAPI" time="1.978" classname="com.arcapi.TrailFlowtestcases.Community.ThirdPartyListAppsAPITest"/>
</testsuite> <!-- com.arcapi.TrailFlowtestcases.Community.ThirdPartyListAppsAPITest -->
