<?xml version="1.0" encoding="UTF-8"?>
<!-- Generated by org.testng.reporters.JUnitReportReporter -->
<testsuite skipped="0" hostname="G10GNLT041" name="com.arcapi.Communitytestcases.AssetDataExportAPITest" tests="2" failures="0" timestamp="17 Jun 2019 09:30:40 GMT" time="8.691" errors="0">
  <testcase name="AssetDataExportAPI" time="4.471" classname="com.arcapi.Communitytestcases.AssetDataExportAPITest"/>
  <testcase name="AssetDataExportAPI" time="4.220" classname="com.arcapi.Communitytestcases.AssetDataExportAPITest"/>
</testsuite> <!-- com.arcapi.Communitytestcases.AssetDataExportAPITest -->
