<?xml version="1.0" encoding="UTF-8"?>
<!-- Generated by org.testng.reporters.JUnitReportReporter -->
<testsuite hostname="G10GGNLT052" name="com.arcapi.CompleteDataValidationNoPayloadTestcases.AssetValidationInfoPOSTAPITest" tests="1" failures="0" timestamp="20 Sep 2019 08:24:46 GMT" time="2.299" errors="0">
  <testcase name="AssetValidationInfoPOSTAPI" time="2.299" classname="com.arcapi.CompleteDataValidationNoPayloadTestcases.AssetValidationInfoPOSTAPITest"/>
</testsuite> <!-- com.arcapi.CompleteDataValidationNoPayloadTestcases.AssetValidationInfoPOSTAPITest -->
