<?xml version="1.0" encoding="UTF-8"?>
<!-- Generated by org.testng.reporters.JUnitReportReporter -->
<testsuite hostname="G10GGNLT052" name="com.arcapi.Common.SocreVersionUpdateQuerysetGetAPITest" tests="1" failures="0" timestamp="10 Oct 2019 08:21:45 GMT" time="2.195" errors="0">
  <testcase name="SocreVersionUpdateQuerysetGetAPI" time="2.195" classname="com.arcapi.Common.SocreVersionUpdateQuerysetGetAPITest"/>
</testsuite> <!-- com.arcapi.Common.SocreVersionUpdateQuerysetGetAPITest -->
