<?xml version="1.0" encoding="UTF-8"?>
<!-- Generated by org.testng.reporters.JUnitReportReporter -->
<testsuite hostname="G10GGNLT052" name="com.arcapi.Transittestcases.TransitSurveyAPITest" tests="1" failures="0" timestamp="1 Oct 2019 04:55:55 GMT" time="1.378" errors="0">
  <testcase name="TransitSurveyAPI" time="1.378" classname="com.arcapi.Transittestcases.TransitSurveyAPITest"/>
</testsuite> <!-- com.arcapi.Transittestcases.TransitSurveyAPITest -->
