<?xml version="1.0" encoding="UTF-8"?>
<!-- Generated by org.testng.reporters.JUnitReportReporter -->
<testsuite hostname="G10GGNLT052" name="com.arcapi.CompleteDataValidationNoPayloadTestcases.AssetCertificationPOSTAPITest" tests="1" failures="0" timestamp="20 Sep 2019 08:24:47 GMT" time="2.053" errors="0">
  <testcase name="AssetCertificationPOSTAPI" time="2.053" classname="com.arcapi.CompleteDataValidationNoPayloadTestcases.AssetCertificationPOSTAPITest"/>
</testsuite> <!-- com.arcapi.CompleteDataValidationNoPayloadTestcases.AssetCertificationPOSTAPITest -->
