<?xml version="1.0" encoding="UTF-8"?>
<!-- Generated by org.testng.reporters.JUnitReportReporter -->
<testsuite hostname="G10GGNLT052" name="com.arcapi.ScenarioBasedTestcases.AssetTeamMemberUpdateAdminAPITest" tests="2" failures="0" timestamp="7 Nov 2019 09:54:02 GMT" time="8.751" errors="0">
  <testcase name="AssetTeamMemberUpdateAdminAPI" time="5.855" classname="com.arcapi.ScenarioBasedTestcases.AssetTeamMemberUpdateAdminAPITest"/>
  <testcase name="AssetTeamMemberUpdateAdminAPI" time="2.896" classname="com.arcapi.ScenarioBasedTestcases.AssetTeamMemberUpdateAdminAPITest"/>
</testsuite> <!-- com.arcapi.ScenarioBasedTestcases.AssetTeamMemberUpdateAdminAPITest -->
