<?xml version="1.0" encoding="UTF-8"?>
<!-- Generated by org.testng.reporters.JUnitReportReporter -->
<testsuite skipped="0" hostname="G10GNLT041" name="com.arcapi.Citytestcases.AssetDocumentAPITest" tests="2" failures="0" timestamp="17 Jun 2019 08:07:16 GMT" time="8.857" errors="0">
  <testcase name="AssetDocumentAPI" time="4.269" classname="com.arcapi.Citytestcases.AssetDocumentAPITest"/>
  <testcase name="AssetDocumentAPI" time="4.588" classname="com.arcapi.Citytestcases.AssetDocumentAPITest"/>
</testsuite> <!-- com.arcapi.Citytestcases.AssetDocumentAPITest -->
