<?xml version="1.0" encoding="UTF-8"?>
<!-- Generated by org.testng.reporters.JUnitReportReporter -->
<testsuite hostname="G10GGNLT052" name="com.arcapi.Common.FuelCategoryAPITest" tests="1" failures="0" timestamp="5 Nov 2019 05:13:47 GMT" time="1.734" errors="0">
  <testcase name="FuelCategoryAPI" time="1.734" classname="com.arcapi.Common.FuelCategoryAPITest"/>
</testsuite> <!-- com.arcapi.Common.FuelCategoryAPITest -->
