<?xml version="1.0" encoding="UTF-8"?>
<!-- Generated by org.testng.reporters.JUnitReportReporter -->
<testsuite hostname="G10GGNLT052" name="com.arcapi.ScenarioBasedTestcases.AssetTeamMemberRemoveAdminAPITest" tests="2" failures="0" timestamp="9 Oct 2019 09:03:48 GMT" time="6.440" errors="0">
  <testcase name="AssetTeamMemberRemoveAdminAPI" time="4.826" classname="com.arcapi.ScenarioBasedTestcases.AssetTeamMemberRemoveAdminAPITest"/>
  <testcase name="AssetTeamMemberRemoveAdminAPI" time="1.614" classname="com.arcapi.ScenarioBasedTestcases.AssetTeamMemberRemoveAdminAPITest"/>
</testsuite> <!-- com.arcapi.ScenarioBasedTestcases.AssetTeamMemberRemoveAdminAPITest -->
