<?xml version="1.0" encoding="UTF-8"?>
<!-- Generated by org.testng.reporters.JUnitReportReporter -->
<testsuite hostname="G10GGNLT052" name="com.arcapi.Buildingtestcases.CreateAssetBuildingNoneAPITest" tests="1" failures="0" timestamp="6 Aug 2019 09:33:06 GMT" time="10.647" errors="0">
  <testcase name="CreateAssetPOSTAPI" time="10.647" classname="com.arcapi.Buildingtestcases.CreateAssetBuildingNoneAPITest"/>
</testsuite> <!-- com.arcapi.Buildingtestcases.CreateAssetBuildingNoneAPITest -->
