<?xml version="1.0" encoding="UTF-8"?>
<!-- Generated by org.testng.reporters.JUnitReportReporter -->
<testsuite skipped="0" hostname="G10GNLT041" name="com.arcapi.Buildingtestcases.MetersAPITest" tests="2" failures="0" timestamp="17 Jun 2019 07:27:40 GMT" time="13.046" errors="0">
  <testcase name="MetersAPI" time="7.186" classname="com.arcapi.Buildingtestcases.MetersAPITest"/>
  <testcase name="MetersAPI" time="5.860" classname="com.arcapi.Buildingtestcases.MetersAPITest"/>
</testsuite> <!-- com.arcapi.Buildingtestcases.MetersAPITest -->
