<?xml version="1.0" encoding="UTF-8"?>
<!-- Generated by org.testng.reporters.JUnitReportReporter -->
<testsuite hostname="G10GGNLT052" name="com.arcapi.Buildingtestcases.ElectricityConsumptionDeleteAPITest" tests="1" failures="0" timestamp="7 Nov 2019 06:53:22 GMT" time="17.985" errors="0">
  <testcase name="ElectricityConsumptionDeleteAPI" time="17.985" classname="com.arcapi.Buildingtestcases.ElectricityConsumptionDeleteAPITest"/>
</testsuite> <!-- com.arcapi.Buildingtestcases.ElectricityConsumptionDeleteAPITest -->
