<?xml version="1.0" encoding="UTF-8"?>
<!-- Generated by org.testng.reporters.JUnitReportReporter -->
<testsuite skipped="0" hostname="G10GNLT041" name="com.arcapi.release1_18testcases.OccupantGetAPITest" tests="1" failures="0" timestamp="02 Jul 2019 06:56:56 GMT" time="11.747" errors="0">
  <testcase name="OccupantGetAPI" time="11.747" classname="com.arcapi.release1_18testcases.OccupantGetAPITest"/>
</testsuite> <!-- com.arcapi.release1_18testcases.OccupantGetAPITest -->
