<?xml version="1.0" encoding="UTF-8"?>
<!-- Generated by org.testng.reporters.JUnitReportReporter -->
<testsuite hostname="G10GGNLT052" name="com.arcapi.ScenarioBasedTestcases.AssetTeamMemberUpdateAPITest" tests="2" failures="0" timestamp="13 Sep 2019 06:16:11 GMT" time="11.293" errors="0">
  <testcase name="AssetTeamMemberUpdateAPI" time="5.995" classname="com.arcapi.ScenarioBasedTestcases.AssetTeamMemberUpdateAPITest"/>
  <testcase name="AssetTeamMemberUpdateAPI" time="5.298" classname="com.arcapi.ScenarioBasedTestcases.AssetTeamMemberUpdateAPITest"/>
</testsuite> <!-- com.arcapi.ScenarioBasedTestcases.AssetTeamMemberUpdateAPITest -->
