<?xml version="1.0" encoding="UTF-8"?>
<!-- Generated by org.testng.reporters.JUnitReportReporter -->
<testsuite skipped="0" hostname="G10GNLT041" name="com.arcapi.Citytestcases.AssetTeamMemberRoleAPITest" tests="2" failures="0" timestamp="17 Jun 2019 08:07:17 GMT" time="9.825" errors="0">
  <testcase name="AssetTeamMemberRoleAPI" time="5.394" classname="com.arcapi.Citytestcases.AssetTeamMemberRoleAPITest"/>
  <testcase name="AssetTeamMemberRoleAPI" time="4.431" classname="com.arcapi.Citytestcases.AssetTeamMemberRoleAPITest"/>
</testsuite> <!-- com.arcapi.Citytestcases.AssetTeamMemberRoleAPITest -->
