<?xml version="1.0" encoding="UTF-8"?>
<!-- Generated by org.testng.reporters.JUnitReportReporter -->
<testsuite skipped="0" hostname="G10GNLT041" name="com.arcapi.Citytestcases.DeleteAllAppsAPITest" tests="2" failures="0" timestamp="17 Jun 2019 08:07:17 GMT" time="13.560" errors="0">
  <testcase name="DeleteAllAppsAPI" time="6.695" classname="com.arcapi.Citytestcases.DeleteAllAppsAPITest"/>
  <testcase name="DeleteAllAppsAPI" time="6.865" classname="com.arcapi.Citytestcases.DeleteAllAppsAPITest"/>
</testsuite> <!-- com.arcapi.Citytestcases.DeleteAllAppsAPITest -->
