<?xml version="1.0" encoding="UTF-8"?>
<!-- Generated by org.testng.reporters.JUnitReportReporter -->
<testsuite skipped="0" hostname="G10GNLT041" name="com.arcapi.Citytestcases.AssetAppDeleteAPITest" tests="2" failures="0" timestamp="03 Sep 2018 06:19:37 GMT" time="4.167" errors="0">
  <testcase name="AssetAppDeleteAPI" time="2.168" classname="com.arcapi.Citytestcases.AssetAppDeleteAPITest"/>
  <testcase name="AssetAppDeleteAPI" time="1.999" classname="com.arcapi.Citytestcases.AssetAppDeleteAPITest"/>
</testsuite> <!-- com.arcapi.Citytestcases.AssetAppDeleteAPITest -->
