<?xml version="1.0" encoding="UTF-8"?>
<!-- Generated by org.testng.reporters.JUnitReportReporter -->
<testsuite hostname="G10GGNLT052" name="com.arcapi.Buildingtestcases.MeterCreatePOSTAPITest" tests="1" failures="0" timestamp="10 Sep 2019 13:39:52 GMT" time="2.984" errors="0">
  <testcase name="MeterCreatePOSTAPI" time="2.984" classname="com.arcapi.Buildingtestcases.MeterCreatePOSTAPITest"/>
</testsuite> <!-- com.arcapi.Buildingtestcases.MeterCreatePOSTAPITest -->
