<?xml version="1.0" encoding="UTF-8"?>
<!-- Generated by org.testng.reporters.JUnitReportReporter -->
<testsuite skipped="0" hostname="G10GNLT041" name="com.arcapi.Citytestcases.LoginAPITest" tests="2" failures="0" timestamp="17 Jun 2019 08:07:17 GMT" time="55.777" errors="0">
  <testcase name="LoginAPI" time="25.751" classname="com.arcapi.Citytestcases.LoginAPITest"/>
  <testcase name="LoginAPI" time="30.026" classname="com.arcapi.Citytestcases.LoginAPITest"/>
</testsuite> <!-- com.arcapi.Citytestcases.LoginAPITest -->
