<?xml version="1.0" encoding="UTF-8"?>
<!-- Generated by org.testng.reporters.JUnitReportReporter -->
<testsuite skipped="0" hostname="G10GNLT041" name="com.arcapi.TrailFlowtestcases.RatingSystemListAPITest" tests="1" failures="0" timestamp="05 Feb 2019 07:18:51 GMT" time="7.763" errors="0">
  <testcase name="RatingSystemListAPI" time="7.763" classname="com.arcapi.TrailFlowtestcases.RatingSystemListAPITest"/>
</testsuite> <!-- com.arcapi.TrailFlowtestcases.RatingSystemListAPITest -->
