<?xml version="1.0" encoding="UTF-8"?>
<!-- Generated by org.testng.reporters.JUnitReportReporter -->
<testsuite hostname="G10GGNLT052" name="com.arcapi.Buildingtestcases.WasteDetailDeleteAPITest" tests="1" failures="0" timestamp="20 Sep 2019 07:00:22 GMT" time="3.451" errors="0">
  <testcase name="WasteDetailDeleteAPI" time="3.451" classname="com.arcapi.Buildingtestcases.WasteDetailDeleteAPITest"/>
</testsuite> <!-- com.arcapi.Buildingtestcases.WasteDetailDeleteAPITest -->
