<?xml version="1.0" encoding="UTF-8"?>
<!-- Generated by org.testng.reporters.JUnitReportReporter -->
<testsuite hostname="G10GGNLT052" name="com.arcapi.Transittestcases.VerifyWasteDataExcelAPITest" tests="1" failures="0" timestamp="1 Oct 2019 05:50:29 GMT" time="3.141" errors="0">
  <testcase name="VerifyWasteDataExcelAPI" time="3.141" classname="com.arcapi.Transittestcases.VerifyWasteDataExcelAPITest"/>
</testsuite> <!-- com.arcapi.Transittestcases.VerifyWasteDataExcelAPITest -->
