<?xml version="1.0" encoding="UTF-8"?>
<!-- Generated by org.testng.reporters.JUnitReportReporter -->
<testsuite hostname="G10GGNLT052" name="com.arcapi.Leedv4Testcases.HumanExperienceConsumptionUpdateAPITest" tests="1" failures="0" timestamp="10 Oct 2019 06:11:36 GMT" time="15.375" errors="0">
  <testcase name="HumanExperienceConsumptionUpdateAPI" time="15.375" classname="com.arcapi.Leedv4Testcases.HumanExperienceConsumptionUpdateAPITest"/>
</testsuite> <!-- com.arcapi.Leedv4Testcases.HumanExperienceConsumptionUpdateAPITest -->
