<?xml version="1.0" encoding="UTF-8"?>
<!-- Generated by org.testng.reporters.JUnitReportReporter -->
<testsuite skipped="0" hostname="G10GNLT041" name="com.arcapi.Buildingtestcases.NotificationCreatePOSTAPITest" tests="2" failures="0" timestamp="17 Jun 2019 07:27:39 GMT" time="12.075" errors="0">
  <testcase name="NotificationCreatePOSTAPI" time="5.787" classname="com.arcapi.Buildingtestcases.NotificationCreatePOSTAPITest"/>
  <testcase name="NotificationCreatePOSTAPI" time="6.288" classname="com.arcapi.Buildingtestcases.NotificationCreatePOSTAPITest"/>
</testsuite> <!-- com.arcapi.Buildingtestcases.NotificationCreatePOSTAPITest -->
