<?xml version="1.0" encoding="UTF-8"?>
<!-- Generated by org.testng.reporters.JUnitReportReporter -->
<testsuite hostname="G10GGNLT052" name="com.arcapi.Citytestcases.AssetPerformanceScorePostAPITest" tests="1" failures="0" timestamp="14 Aug 2019 08:09:03 GMT" time="3.843" errors="0">
  <testcase name="AssetPerformanceScorePostAPI" time="3.843" classname="com.arcapi.Citytestcases.AssetPerformanceScorePostAPITest"/>
</testsuite> <!-- com.arcapi.Citytestcases.AssetPerformanceScorePostAPITest -->
