<?xml version="1.0" encoding="UTF-8"?>
<!-- Generated by org.testng.reporters.JUnitReportReporter -->
<testsuite hostname="G10GGNLT052" name="com.arcapi.Common.AssetSnapshotDownloadAPITest" tests="1" failures="0" timestamp="17 Oct 2019 07:26:51 GMT" time="12.051" errors="0">
  <testcase name="AssetSnapshotDownloadAPI" time="12.051" classname="com.arcapi.Common.AssetSnapshotDownloadAPITest"/>
</testsuite> <!-- com.arcapi.Common.AssetSnapshotDownloadAPITest -->
