<?xml version="1.0" encoding="UTF-8"?>
<!-- Generated by org.testng.reporters.JUnitReportReporter -->
<testsuite hostname="G10GGNLT052" name="com.arcapi.CompleteDataValidationNoPayloadTestcases.EnvironmentSurveyCreatePOSTAPITest" tests="1" failures="0" timestamp="20 Sep 2019 08:24:47 GMT" time="2.626" errors="0">
  <testcase name="EnvironmentSurveyCreatePOSTAPI" time="2.626" classname="com.arcapi.CompleteDataValidationNoPayloadTestcases.EnvironmentSurveyCreatePOSTAPITest"/>
</testsuite> <!-- com.arcapi.CompleteDataValidationNoPayloadTestcases.EnvironmentSurveyCreatePOSTAPITest -->
