<?xml version="1.0" encoding="UTF-8"?>
<!-- Generated by org.testng.reporters.JUnitReportReporter -->
<testsuite hostname="G10GGNLT052" name="com.arcapi.Buildingtestcases.VOCConsumptionCreateAPITest" tests="1" failures="0" timestamp="18 Oct 2019 05:55:22 GMT" time="1.812" errors="0">
  <testcase name="VOCConsumptionCreateAPI" time="1.812" classname="com.arcapi.Buildingtestcases.VOCConsumptionCreateAPITest"/>
</testsuite> <!-- com.arcapi.Buildingtestcases.VOCConsumptionCreateAPITest -->
