<?xml version="1.0" encoding="UTF-8"?>
<!-- Generated by org.testng.reporters.JUnitReportReporter -->
<testsuite hostname="G10GGNLT052" name="com.arcapi.InterRelatedFieldValidationTestcases.CreateAssetBuildingPOSTAPITest" tests="1" failures="0" timestamp="10 Oct 2019 06:48:24 GMT" time="15.302" errors="0">
  <testcase name="CreateAssetBuildingPOSTAPI" time="15.302" classname="com.arcapi.InterRelatedFieldValidationTestcases.CreateAssetBuildingPOSTAPITest"/>
</testsuite> <!-- com.arcapi.InterRelatedFieldValidationTestcases.CreateAssetBuildingPOSTAPITest -->
