<?xml version="1.0" encoding="UTF-8"?>
<!-- Generated by org.testng.reporters.JUnitReportReporter -->
<testsuite skipped="0" hostname="G10GNLT041" name="com.arcapi.Buildingtestcases.VerifyProjectRegisteredAssetListTest" tests="2" failures="0" timestamp="17 Jun 2019 07:27:40 GMT" time="14.310" errors="0">
  <testcase name="VerifyProjectRegisteredAssetList" time="7.408" classname="com.arcapi.Buildingtestcases.VerifyProjectRegisteredAssetListTest"/>
  <testcase name="VerifyProjectRegisteredAssetList" time="6.902" classname="com.arcapi.Buildingtestcases.VerifyProjectRegisteredAssetListTest"/>
</testsuite> <!-- com.arcapi.Buildingtestcases.VerifyProjectRegisteredAssetListTest -->
