<?xml version="1.0" encoding="UTF-8"?>
<!-- Generated by org.testng.reporters.JUnitReportReporter -->
<testsuite skipped="0" hostname="G10GNLT041" name="com.arcapi.Buildingtestcases.AssetTeamPermissionListAPITest" tests="2" failures="0" timestamp="17 Jun 2019 07:27:39 GMT" time="13.945" errors="0">
  <testcase name="AssetTeamPermissionListAPI" time="7.077" classname="com.arcapi.Buildingtestcases.AssetTeamPermissionListAPITest"/>
  <testcase name="AssetTeamPermissionListAPI" time="6.868" classname="com.arcapi.Buildingtestcases.AssetTeamPermissionListAPITest"/>
</testsuite> <!-- com.arcapi.Buildingtestcases.AssetTeamPermissionListAPITest -->
