<?xml version="1.0" encoding="UTF-8"?>
<!-- Generated by org.testng.reporters.JUnitReportReporter -->
<testsuite hostname="G10GGNLT052" name="com.arcapi.Common.ScoreVersionLogQuerySetGetAPITest" tests="1" failures="0" timestamp="5 Nov 2019 05:13:46 GMT" time="1.436" errors="0">
  <testcase name="ScoreVersionLogQuerySetGetAPI" time="1.436" classname="com.arcapi.Common.ScoreVersionLogQuerySetGetAPITest"/>
</testsuite> <!-- com.arcapi.Common.ScoreVersionLogQuerySetGetAPITest -->
