<?xml version="1.0" encoding="UTF-8"?>
<!-- Generated by org.testng.reporters.JUnitReportReporter -->
<testsuite skipped="0" hostname="G10GNLT041" name="com.arcapi.Citytestcases.PaymentReceiptAPITest" tests="2" failures="0" timestamp="17 Jun 2019 08:07:16 GMT" time="25.009" errors="0">
  <testcase name="PaymentReceiptAPI" time="11.189" classname="com.arcapi.Citytestcases.PaymentReceiptAPITest"/>
  <testcase name="PaymentReceiptAPI" time="13.820" classname="com.arcapi.Citytestcases.PaymentReceiptAPITest"/>
</testsuite> <!-- com.arcapi.Citytestcases.PaymentReceiptAPITest -->
