<?xml version="1.0" encoding="UTF-8"?>
<!-- Generated by org.testng.reporters.JUnitReportReporter -->
<testsuite hostname="G10GGNLT052" name="com.arcapi.Citytestcases.MeasuresDetailAPITest" tests="1" failures="0" timestamp="14 Aug 2019 08:09:03 GMT" time="2.420" errors="0">
  <testcase name="MeasuresDetailAPI" time="2.420" classname="com.arcapi.Citytestcases.MeasuresDetailAPITest"/>
</testsuite> <!-- com.arcapi.Citytestcases.MeasuresDetailAPITest -->
