<?xml version="1.0" encoding="UTF-8"?>
<!-- Generated by org.testng.reporters.JUnitReportReporter -->
<testsuite skipped="0" hostname="G10GNLT041" name="com.arcapi.Parksmarttestcases.AddAssestTimelineManualTest" tests="3" failures="0" timestamp="19 Sep 2018 09:47:26 GMT" time="70.194" errors="0">
  <testcase name="AddAssestTimeline" time="21.115" classname="com.arcapi.Parksmarttestcases.AddAssestTimelineManualTest"/>
  <testcase name="AddAssestTimeline" time="23.547" classname="com.arcapi.Parksmarttestcases.AddAssestTimelineManualTest"/>
  <testcase name="AddAssestTimeline" time="25.532" classname="com.arcapi.Parksmarttestcases.AddAssestTimelineManualTest"/>
</testsuite> <!-- com.arcapi.Parksmarttestcases.AddAssestTimelineManualTest -->
