<?xml version="1.0" encoding="UTF-8"?>
<!-- Generated by org.testng.reporters.JUnitReportReporter -->
<testsuite skipped="0" hostname="G10GNLT041" name="com.arcapi.Buildingtestcases.AssetTeamMemberListAPITest" tests="2" failures="0" timestamp="17 Jun 2019 07:27:40 GMT" time="14.283" errors="0">
  <testcase name="AssetTeamMemberListAPI" time="7.496" classname="com.arcapi.Buildingtestcases.AssetTeamMemberListAPITest"/>
  <testcase name="AssetTeamMemberListAPI" time="6.787" classname="com.arcapi.Buildingtestcases.AssetTeamMemberListAPITest"/>
</testsuite> <!-- com.arcapi.Buildingtestcases.AssetTeamMemberListAPITest -->
