<?xml version="1.0" encoding="UTF-8"?>
<!-- Generated by org.testng.reporters.JUnitReportReporter -->
<testsuite hostname="G10GGNLT052" name="com.arcapi.Scoretestcases.version3.TransitGetTest" tests="1" failures="0" timestamp="22 Oct 2019 10:28:09 GMT" time="1.443" errors="0">
  <testcase name="TransitGet" time="1.443" classname="com.arcapi.Scoretestcases.version3.TransitGetTest"/>
</testsuite> <!-- com.arcapi.Scoretestcases.version3.TransitGetTest -->
