<?xml version="1.0" encoding="UTF-8"?>
<!-- Generated by org.testng.reporters.JUnitReportReporter -->
<testsuite skipped="0" hostname="G10GNLT041" name="com.arcapi.Buildingtestcases.ReviewCertificationPricingAPITest" tests="2" failures="0" timestamp="17 Jun 2019 07:27:40 GMT" time="14.832" errors="0">
  <testcase name="ReviewCertificationPricingAPI" time="7.112" classname="com.arcapi.Buildingtestcases.ReviewCertificationPricingAPITest"/>
  <testcase name="ReviewCertificationPricingAPI" time="7.720" classname="com.arcapi.Buildingtestcases.ReviewCertificationPricingAPITest"/>
</testsuite> <!-- com.arcapi.Buildingtestcases.ReviewCertificationPricingAPITest -->
