<?xml version="1.0" encoding="UTF-8"?>
<!-- Generated by org.testng.reporters.JUnitReportReporter -->
<testsuite skipped="0" hostname="G10GNLT041" name="com.arcapi.Transittestcases.EnvironmentSurveyCreatePOSTAPITest" tests="2" failures="0" timestamp="17 Jun 2019 09:30:40 GMT" time="8.176" errors="0">
  <testcase name="EnvironmentSurveyCreatePOSTAPI" time="3.441" classname="com.arcapi.Transittestcases.EnvironmentSurveyCreatePOSTAPITest"/>
  <testcase name="EnvironmentSurveyCreatePOSTAPI" time="4.735" classname="com.arcapi.Transittestcases.EnvironmentSurveyCreatePOSTAPITest"/>
</testsuite> <!-- com.arcapi.Transittestcases.EnvironmentSurveyCreatePOSTAPITest -->
