<?xml version="1.0" encoding="UTF-8"?>
<!-- Generated by org.testng.reporters.JUnitReportReporter -->
<testsuite hostname="G10GGNLT052" name="com.arcapi.Common.Neg.SubmitReviewGetAPITest" tests="1" failures="0" timestamp="20 Sep 2019 07:34:02 GMT" time="2.063" errors="0">
  <testcase name="SubmitReviewGetAPI" time="2.063" classname="com.arcapi.Common.Neg.SubmitReviewGetAPITest"/>
</testsuite> <!-- com.arcapi.Common.Neg.SubmitReviewGetAPITest -->
