<?xml version="1.0" encoding="UTF-8"?>
<!-- Generated by org.testng.reporters.JUnitReportReporter -->
<testsuite skipped="0" hostname="G10GNLT041" name="com.arcapi.Leedv4Testcases.ConsumptionListAPITest" tests="1" failures="0" timestamp="24 Sep 2018 06:45:57 GMT" time="29.305" errors="0">
  <testcase name="ConsumptionListAPI" time="29.305" classname="com.arcapi.Leedv4Testcases.ConsumptionListAPITest"/>
</testsuite> <!-- com.arcapi.Leedv4Testcases.ConsumptionListAPITest -->
