<?xml version="1.0" encoding="UTF-8"?>
<!-- Generated by org.testng.reporters.JUnitReportReporter -->
<testsuite hostname="G10GGNLT052" name="com.arcapi.Common.DeleteAllAppsAPITest" tests="1" failures="0" timestamp="8 Nov 2019 07:29:52 GMT" time="5.702" errors="0">
  <testcase name="DeleteAllAppsAPI" time="5.702" classname="com.arcapi.Common.DeleteAllAppsAPITest"/>
</testsuite> <!-- com.arcapi.Common.DeleteAllAppsAPITest -->
