<?xml version="1.0" encoding="UTF-8"?>
<!-- Generated by org.testng.reporters.JUnitReportReporter -->
<testsuite hostname="G10GGNLT052" name="com.arcapi.Buildingtestcases.AssetPerformanceScoreListAPITest" tests="1" failures="0" timestamp="4 Sep 2019 04:54:37 GMT" time="1.445" errors="0">
  <testcase name="AssetPerformanceScoreListAPI" time="1.445" classname="com.arcapi.Buildingtestcases.AssetPerformanceScoreListAPITest"/>
</testsuite> <!-- com.arcapi.Buildingtestcases.AssetPerformanceScoreListAPITest -->
