<?xml version="1.0" encoding="UTF-8"?>
<!-- Generated by org.testng.reporters.JUnitReportReporter -->
<testsuite hostname="G10GGNLT052" name="com.arcapi.Common.AssetNotificationSubscriptionListTest" tests="1" failures="0" timestamp="22 Oct 2019 10:35:10 GMT" time="1.419" errors="0">
  <testcase name="AssetNotificationSubscriptionList" time="1.419" classname="com.arcapi.Common.AssetNotificationSubscriptionListTest"/>
</testsuite> <!-- com.arcapi.Common.AssetNotificationSubscriptionListTest -->
