<?xml version="1.0" encoding="UTF-8"?>
<!-- Generated by org.testng.reporters.JUnitReportReporter -->
<testsuite hostname="G10GGNLT052" name="com.arcapi.Buildingtestcases.ConsumptionUpdateEmissionDecreaseAPITest" tests="1" failures="0" timestamp="16 Aug 2019 13:09:11 GMT" time="2.991" errors="0">
  <testcase name="ConsumptionUpdatePUTAPI" time="2.991" classname="com.arcapi.Buildingtestcases.ConsumptionUpdateEmissionDecreaseAPITest"/>
</testsuite> <!-- com.arcapi.Buildingtestcases.ConsumptionUpdateEmissionDecreaseAPITest -->
