<?xml version="1.0" encoding="UTF-8"?>
<!-- Generated by org.testng.reporters.JUnitReportReporter -->
<testsuite skipped="0" hostname="G10GNLT041" name="com.arcapi.CompleteDataValidationTestcases.EnvironmentSurveyCreatePOSTAPITest" tests="1" failures="0" timestamp="21 Jun 2019 06:10:22 GMT" time="30.072" errors="0">
  <testcase name="EnvironmentSurveyCreatePOSTAPI" time="30.072" classname="com.arcapi.CompleteDataValidationTestcases.EnvironmentSurveyCreatePOSTAPITest"/>
</testsuite> <!-- com.arcapi.CompleteDataValidationTestcases.EnvironmentSurveyCreatePOSTAPITest -->
