<?xml version="1.0" encoding="UTF-8"?>
<!-- Generated by org.testng.reporters.JUnitReportReporter -->
<testsuite hostname="G10GGNLT052" name="com.arcapi.Transittestcases.VerifyAQIGraphValuesAPITest" tests="1" failures="0" timestamp="9 Sep 2019 15:05:12 GMT" time="2.710" errors="0">
  <testcase name="VerifyAQIGraphValuesAPI" time="2.710" classname="com.arcapi.Transittestcases.VerifyAQIGraphValuesAPITest"/>
</testsuite> <!-- com.arcapi.Transittestcases.VerifyAQIGraphValuesAPITest -->
