<?xml version="1.0" encoding="UTF-8"?>
<!-- Generated by org.testng.reporters.JUnitReportReporter -->
<testsuite hostname="G10GGNLT052" name="com.arcapi.Transittestcases.CreateAssetTransitAPITest" tests="1" failures="0" timestamp="9 Sep 2019 15:05:12 GMT" time="7.769" errors="0">
  <testcase name="CreateAssetPOSTAPI" time="7.769" classname="com.arcapi.Transittestcases.CreateAssetTransitAPITest"/>
</testsuite> <!-- com.arcapi.Transittestcases.CreateAssetTransitAPITest -->
