<?xml version="1.0" encoding="UTF-8"?>
<!-- Generated by org.testng.reporters.JUnitReportReporter -->
<testsuite hostname="G10GGNLT052" name="com.arcapi.Buildingtestcases.GhgGetTest" tests="1" failures="0" timestamp="20 Sep 2019 07:34:02 GMT" time="1.846" errors="0">
  <testcase name="GhgGetTestAPI" time="1.846" classname="com.arcapi.Buildingtestcases.GhgGetTest"/>
</testsuite> <!-- com.arcapi.Buildingtestcases.GhgGetTest -->
