<?xml version="1.0" encoding="UTF-8"?>
<!-- Generated by org.testng.reporters.JUnitReportReporter -->
<testsuite skipped="0" hostname="G10GNLT041" name="com.arcapi.Communitytestcases.FeedbackSubmitPostAPITest" tests="2" failures="0" timestamp="17 Jun 2019 09:30:39 GMT" time="8.566" errors="0">
  <testcase name="FeedbackSubmitPostAPI" time="4.407" classname="com.arcapi.Communitytestcases.FeedbackSubmitPostAPITest"/>
  <testcase name="FeedbackSubmitPostAPI" time="4.159" classname="com.arcapi.Communitytestcases.FeedbackSubmitPostAPITest"/>
</testsuite> <!-- com.arcapi.Communitytestcases.FeedbackSubmitPostAPITest -->
