<?xml version="1.0" encoding="UTF-8"?>
<!-- Generated by org.testng.reporters.JUnitReportReporter -->
<testsuite hostname="G10GGNLT052" name="com.arcapi.Buildingtestcases.VOCMeterCreateAPITest" tests="1" failures="0" timestamp="22 Oct 2019 08:41:24 GMT" time="1.889" errors="0">
  <testcase name="VOCMeterCreateAPI" time="1.889" classname="com.arcapi.Buildingtestcases.VOCMeterCreateAPITest"/>
</testsuite> <!-- com.arcapi.Buildingtestcases.VOCMeterCreateAPITest -->
