<?xml version="1.0" encoding="UTF-8"?>
<!-- Generated by org.testng.reporters.JUnitReportReporter -->
<testsuite hostname="G10GGNLT052" name="com.arcapi.Buildingtestcase.TVOCCreateMeterConsumptionTest" tests="1" failures="0" timestamp="6 Aug 2019 09:33:06 GMT" time="2.171" errors="0">
  <testcase name="TVOCCreateMeterConsumption" time="2.171" classname="com.arcapi.Buildingtestcase.TVOCCreateMeterConsumptionTest"/>
</testsuite> <!-- com.arcapi.Buildingtestcase.TVOCCreateMeterConsumptionTest -->
