<?xml version="1.0" encoding="UTF-8"?>
<!-- Generated by org.testng.reporters.JUnitReportReporter -->
<testsuite hostname="G10GGNLT052" name="com.arcapi.Common.UserAccessLevelSAPGetTest" tests="1" failures="0" timestamp="22 Oct 2019 10:18:51 GMT" time="1.678" errors="0">
  <testcase name="UserAccessLevelSAPGet" time="1.678" classname="com.arcapi.Common.UserAccessLevelSAPGetTest"/>
</testsuite> <!-- com.arcapi.Common.UserAccessLevelSAPGetTest -->
