<?xml version="1.0" encoding="UTF-8"?>
<!-- Generated by org.testng.reporters.JUnitReportReporter -->
<testsuite hostname="G10GGNLT052" name="com.arcapi.Buildingtestcases.ConsumptionUpdateEmissionAPITest" tests="1" failures="0" timestamp="10 Sep 2019 07:02:27 GMT" time="1.536" errors="0">
  <testcase name="ConsumptionUpdateEmissionAPI" time="1.536" classname="com.arcapi.Buildingtestcases.ConsumptionUpdateEmissionAPITest"/>
</testsuite> <!-- com.arcapi.Buildingtestcases.ConsumptionUpdateEmissionAPITest -->
