<?xml version="1.0" encoding="UTF-8"?>
<!-- Generated by org.testng.reporters.JUnitReportReporter -->
<testsuite skipped="0" hostname="G10GNLT041" name="com.arcapi.Citytestcases.CreditAddTeamPOSTAPITest" tests="2" failures="0" timestamp="17 Jun 2019 08:07:17 GMT" time="63.846" errors="0">
  <testcase name="CreditAddTeamPOSTAPI" time="28.923" classname="com.arcapi.Citytestcases.CreditAddTeamPOSTAPITest"/>
  <testcase name="CreditAddTeamPOSTAPI" time="34.923" classname="com.arcapi.Citytestcases.CreditAddTeamPOSTAPITest"/>
</testsuite> <!-- com.arcapi.Citytestcases.CreditAddTeamPOSTAPITest -->
