<?xml version="1.0" encoding="UTF-8"?>
<!-- Generated by org.testng.reporters.JUnitReportReporter -->
<testsuite skipped="0" hostname="G10GNLT041" name="com.arcapi.CompleteDataValidationNoPayloadTestcases.AssetAppaddPOSTAPITest" tests="1" failures="0" timestamp="21 Jun 2019 06:10:22 GMT" time="1.954" errors="0">
  <testcase name="AssetAppaddPOSTAPI" time="1.954" classname="com.arcapi.CompleteDataValidationNoPayloadTestcases.AssetAppaddPOSTAPITest"/>
</testsuite> <!-- com.arcapi.CompleteDataValidationNoPayloadTestcases.AssetAppaddPOSTAPITest -->
