<?xml version="1.0" encoding="UTF-8"?>
<!-- Generated by org.testng.reporters.JUnitReportReporter -->
<testsuite hostname="G10GGNLT052" name="com.arcapi.Citytestcases.S3DocumentUploadPOSTAPITest" tests="1" failures="0" timestamp="14 Aug 2019 08:09:03 GMT" time="28.905" errors="0">
  <testcase name="S3DocumentUploadPOSTAPI" time="28.905" classname="com.arcapi.Citytestcases.S3DocumentUploadPOSTAPITest"/>
</testsuite> <!-- com.arcapi.Citytestcases.S3DocumentUploadPOSTAPITest -->
