<?xml version="1.0" encoding="UTF-8"?>
<!-- Generated by org.testng.reporters.JUnitReportReporter -->
<testsuite skipped="0" hostname="G10GNLT041" name="com.arcapi.Buildingtestcases.NotificationSubscriptionDetailPutTest" tests="2" failures="0" timestamp="17 Jun 2019 07:27:40 GMT" time="11.911" errors="0">
  <testcase name="NotificationSubscriptionDetail" time="5.296" classname="com.arcapi.Buildingtestcases.NotificationSubscriptionDetailPutTest"/>
  <testcase name="NotificationSubscriptionDetail" time="6.615" classname="com.arcapi.Buildingtestcases.NotificationSubscriptionDetailPutTest"/>
</testsuite> <!-- com.arcapi.Buildingtestcases.NotificationSubscriptionDetailPutTest -->
