<?xml version="1.0" encoding="UTF-8"?>
<!-- Generated by org.testng.reporters.JUnitReportReporter -->
<testsuite skipped="0" hostname="G10GNLT041" name="com.arcapi.Citytestcases.AssetAppaddPOSTAPITest" tests="2" failures="0" timestamp="03 Sep 2018 06:19:37 GMT" time="4.469" errors="0">
  <testcase name="AssetAppaddPOSTAPI" time="2.335" classname="com.arcapi.Citytestcases.AssetAppaddPOSTAPITest"/>
  <testcase name="AssetAppaddPOSTAPI" time="2.134" classname="com.arcapi.Citytestcases.AssetAppaddPOSTAPITest"/>
</testsuite> <!-- com.arcapi.Citytestcases.AssetAppaddPOSTAPITest -->
