<?xml version="1.0" encoding="UTF-8"?>
<!-- Generated by org.testng.reporters.JUnitReportReporter -->
<testsuite skipped="0" hostname="G10GNLT041" name="com.arcapi.Communitytestcases.AssetDataSnapshotAPITest" tests="2" failures="0" timestamp="17 Jun 2019 09:30:40 GMT" time="48.229" errors="0">
  <testcase name="AssetDataSnapshotAPI" time="33.675" classname="com.arcapi.Communitytestcases.AssetDataSnapshotAPITest"/>
  <testcase name="AssetDataSnapshotAPI" time="14.554" classname="com.arcapi.Communitytestcases.AssetDataSnapshotAPITest"/>
</testsuite> <!-- com.arcapi.Communitytestcases.AssetDataSnapshotAPITest -->
