<?xml version="1.0" encoding="UTF-8"?>
<!-- Generated by org.testng.reporters.JUnitReportReporter -->
<testsuite skipped="0" hostname="G10GNLT041" name="com.arcapi.Citytestcases.AnalysisDataSubmitPOSTAPITest" tests="2" failures="0" timestamp="17 Jun 2019 08:07:17 GMT" time="33.383" errors="0">
  <testcase name="AnalysisDataSubmitPOSTAPI" time="19.513" classname="com.arcapi.Citytestcases.AnalysisDataSubmitPOSTAPITest"/>
  <testcase name="AnalysisDataSubmitPOSTAPI" time="13.870" classname="com.arcapi.Citytestcases.AnalysisDataSubmitPOSTAPITest"/>
</testsuite> <!-- com.arcapi.Citytestcases.AnalysisDataSubmitPOSTAPITest -->
