<?xml version="1.0" encoding="UTF-8"?>
<!-- Generated by org.testng.reporters.JUnitReportReporter -->
<testsuite skipped="0" hostname="G10GNLT041" name="com.arcapi.TrailFlowtestcasesComplete.ExcelTemplateMetersAPITest" tests="2" failures="0" timestamp="22 Feb 2019 05:49:40 GMT" time="6.098" errors="0">
  <testcase name="ExcelTemplateMetersAPI" time="3.160" classname="com.arcapi.TrailFlowtestcasesComplete.ExcelTemplateMetersAPITest"/>
  <testcase name="ExcelTemplateMetersAPI" time="2.938" classname="com.arcapi.TrailFlowtestcasesComplete.ExcelTemplateMetersAPITest"/>
</testsuite> <!-- com.arcapi.TrailFlowtestcasesComplete.ExcelTemplateMetersAPITest -->
