<?xml version="1.0" encoding="UTF-8"?>
<!-- Generated by org.testng.reporters.JUnitReportReporter -->
<testsuite hostname="G10GGNLT052" name="com.arcapi.Buildingtestcases.CO2GetTest" tests="1" failures="0" timestamp="10 Oct 2019 08:21:45 GMT" time="2.036" errors="0">
  <testcase name="CO2GetTestAPI" time="2.036" classname="com.arcapi.Buildingtestcases.CO2GetTest"/>
</testsuite> <!-- com.arcapi.Buildingtestcases.CO2GetTest -->
