<?xml version="1.0" encoding="UTF-8"?>
<!-- Generated by org.testng.reporters.JUnitReportReporter -->
<testsuite hostname="G10GGNLT052" name="com.arcapi.ScenarioBasedTestcases.ExcludeSpacesTransportOccupantPOSTAPITest" tests="1" failures="0" timestamp="7 Nov 2019 09:54:02 GMT" time="1.645" errors="0">
  <testcase name="ExcludeSpacesTransportOccupantPOSTAPI" time="1.645" classname="com.arcapi.ScenarioBasedTestcases.ExcludeSpacesTransportOccupantPOSTAPITest"/>
</testsuite> <!-- com.arcapi.ScenarioBasedTestcases.ExcludeSpacesTransportOccupantPOSTAPITest -->
