<?xml version="1.0" encoding="UTF-8"?>
<!-- Generated by org.testng.reporters.JUnitReportReporter -->
<testsuite hostname="G10GGNLT052" name="com.arcapi.Buildingtestcases.VOCConsumptionUpdateAPITest" tests="1" failures="0" timestamp="20 Sep 2019 07:34:02 GMT" time="2.447" errors="0">
  <testcase name="VOCConsumptionUpdateAPI" time="2.447" classname="com.arcapi.Buildingtestcases.VOCConsumptionUpdateAPITest"/>
</testsuite> <!-- com.arcapi.Buildingtestcases.VOCConsumptionUpdateAPITest -->
