<?xml version="1.0" encoding="UTF-8"?>
<!-- Generated by org.testng.reporters.JUnitReportReporter -->
<testsuite skipped="0" hostname="G10GNLT041" name="com.arcapi.CompleteDataValidationTestcases.FeedbackSubmitPostAPITest" tests="1" failures="0" timestamp="21 Jun 2019 06:10:21 GMT" time="24.261" errors="0">
  <testcase name="FeedbackSubmitPostAPI" time="24.261" classname="com.arcapi.CompleteDataValidationTestcases.FeedbackSubmitPostAPITest"/>
</testsuite> <!-- com.arcapi.CompleteDataValidationTestcases.FeedbackSubmitPostAPITest -->
