<?xml version="1.0" encoding="UTF-8"?>
<!-- Generated by org.testng.reporters.JUnitReportReporter -->
<testsuite hostname="G10GGNLT052" name="com.arcapi.Buildingtestcases.AssetUpdateBuildingAPITest" tests="2" failures="0" timestamp="22 Oct 2019 10:35:10 GMT" time="4.888" errors="0">
  <testcase name="AssetUpdateforNewAssetPUTAPI" time="2.504" classname="com.arcapi.Buildingtestcases.AssetUpdateBuildingAPITest"/>
  <testcase name="AssetUpdateforNewAssetPUTAPI" time="2.384" classname="com.arcapi.Buildingtestcases.AssetUpdateBuildingAPITest"/>
</testsuite> <!-- com.arcapi.Buildingtestcases.AssetUpdateBuildingAPITest -->
