<?xml version="1.0" encoding="UTF-8"?>
<!-- Generated by org.testng.reporters.JUnitReportReporter -->
<testsuite hostname="G10GGNLT052" name="com.arcapi.CompleteDataValidationNoPayloadTestcases.WasteDivertedBulkDataPostTest" tests="1" failures="0" timestamp="13 Aug 2019 07:30:04 GMT" time="1.668" errors="0">
  <testcase name="WasteDivertedBulkDataPost" time="1.668" classname="com.arcapi.CompleteDataValidationNoPayloadTestcases.WasteDivertedBulkDataPostTest"/>
</testsuite> <!-- com.arcapi.CompleteDataValidationNoPayloadTestcases.WasteDivertedBulkDataPostTest -->
