<?xml version="1.0" encoding="UTF-8"?>
<!-- Generated by org.testng.reporters.JUnitReportReporter -->
<testsuite hostname="G10GGNLT052" name="com.arcapi.Buildingtestcases.WasteUpdatePUTAPITest" tests="1" failures="0" timestamp="5 Nov 2019 05:13:46 GMT" time="1.513" errors="0">
  <testcase name="WasteUpdatePUTAPI" time="1.513" classname="com.arcapi.Buildingtestcases.WasteUpdatePUTAPITest"/>
</testsuite> <!-- com.arcapi.Buildingtestcases.WasteUpdatePUTAPITest -->
