<?xml version="1.0" encoding="UTF-8"?>
<!-- Generated by org.testng.reporters.JUnitReportReporter -->
<testsuite hostname="G10GGNLT052" name="com.arcapi.Common.CityCom.CreateNewProjectAPITest" tests="1" failures="0" timestamp="4 Oct 2019 06:02:57 GMT" time="6.434" errors="0">
  <testcase name="CreateAssetPOSTAPI" time="6.434" classname="com.arcapi.Common.CityCom.CreateNewProjectAPITest"/>
</testsuite> <!-- com.arcapi.Common.CityCom.CreateNewProjectAPITest -->
