<?xml version="1.0" encoding="UTF-8"?>
<!-- Generated by org.testng.reporters.JUnitReportReporter -->
<testsuite skipped="0" hostname="G10GNLT041" name="com.arcapi.Transittestcases.UserDetailAPITest" tests="2" failures="0" timestamp="17 Jun 2019 09:30:40 GMT" time="7.423" errors="0">
  <testcase name="UserDetailAPI" time="2.731" classname="com.arcapi.Transittestcases.UserDetailAPITest"/>
  <testcase name="UserDetailAPI" time="4.692" classname="com.arcapi.Transittestcases.UserDetailAPITest"/>
</testsuite> <!-- com.arcapi.Transittestcases.UserDetailAPITest -->
