<?xml version="1.0" encoding="UTF-8"?>
<!-- Generated by org.testng.reporters.JUnitReportReporter -->
<testsuite hostname="G10GGNLT052" name="com.arcapi.CompleteDataValidationNoPayloadTestcases.MeterBulkConsumptionPOSTAPITest" tests="1" failures="0" timestamp="13 Aug 2019 07:30:04 GMT" time="1.850" errors="0">
  <testcase name="MeterBulkConsumptionPOSTAPI" time="1.850" classname="com.arcapi.CompleteDataValidationNoPayloadTestcases.MeterBulkConsumptionPOSTAPITest"/>
</testsuite> <!-- com.arcapi.CompleteDataValidationNoPayloadTestcases.MeterBulkConsumptionPOSTAPITest -->
