<?xml version="1.0" encoding="UTF-8"?>
<!-- Generated by org.testng.reporters.JUnitReportReporter -->
<testsuite skipped="0" hostname="G10GNLT041" name="com.arcapi.Transittestcases.S3DocumentUploadPOSTAPITest" tests="2" failures="0" timestamp="17 Jun 2019 09:30:39 GMT" time="46.519" errors="0">
  <testcase name="S3DocumentUploadPOSTAPI" time="22.247" classname="com.arcapi.Transittestcases.S3DocumentUploadPOSTAPITest"/>
  <testcase name="S3DocumentUploadPOSTAPI" time="24.272" classname="com.arcapi.Transittestcases.S3DocumentUploadPOSTAPITest"/>
</testsuite> <!-- com.arcapi.Transittestcases.S3DocumentUploadPOSTAPITest -->
