<?xml version="1.0" encoding="UTF-8"?>
<!-- Generated by org.testng.reporters.JUnitReportReporter -->
<testsuite skipped="0" hostname="G10GNLT041" name="com.arcapi.Buildingtestcases.CO2ConsumptionUpdateAPITest" tests="1" failures="0" timestamp="20 Dec 2018 09:55:00 GMT" time="3.689" errors="0">
  <testcase name="CO2ConsumptionUpdateAPI" time="3.689" classname="com.arcapi.Buildingtestcases.CO2ConsumptionUpdateAPITest"/>
</testsuite> <!-- com.arcapi.Buildingtestcases.CO2ConsumptionUpdateAPITest -->
