<?xml version="1.0" encoding="UTF-8"?>
<!-- Generated by org.testng.reporters.JUnitReportReporter -->
<testsuite hostname="G10GGNLT052" name="com.arcapi.Leedv4Testcases.VerifyManualConsumptionAfterUpdateAPITest" tests="1" failures="0" timestamp="8 Nov 2019 07:29:52 GMT" time="15.220" errors="0">
  <testcase name="VerifyManualConsumptionAfterUpdateAPI" time="15.220" classname="com.arcapi.Leedv4Testcases.VerifyManualConsumptionAfterUpdateAPITest"/>
</testsuite> <!-- com.arcapi.Leedv4Testcases.VerifyManualConsumptionAfterUpdateAPITest -->
