<?xml version="1.0" encoding="UTF-8"?>
<!-- Generated by org.testng.reporters.JUnitReportReporter -->
<testsuite hostname="G10GGNLT052" name="com.arcapi.Buildingtestcases.AssetDetailAPITest" tests="1" failures="0" timestamp="26 Aug 2019 13:20:52 GMT" time="2.397" errors="0">
  <testcase name="AssetDetailAPI" time="2.397" classname="com.arcapi.Buildingtestcases.AssetDetailAPITest"/>
</testsuite> <!-- com.arcapi.Buildingtestcases.AssetDetailAPITest -->
