<?xml version="1.0" encoding="UTF-8"?>
<!-- Generated by org.testng.reporters.JUnitReportReporter -->
<testsuite hostname="G10GGNLT052" name="com.arcapi.Common.V2.WaterBasicAnalysisDataGetAPITest" tests="1" failures="0" timestamp="5 Nov 2019 09:09:55 GMT" time="5.450" errors="0">
  <testcase name="WaterBasicAnalysisDataGetAPI" time="5.450" classname="com.arcapi.Common.V2.WaterBasicAnalysisDataGetAPITest"/>
</testsuite> <!-- com.arcapi.Common.V2.WaterBasicAnalysisDataGetAPITest -->
