<?xml version="1.0" encoding="UTF-8"?>
<!-- Generated by org.testng.reporters.JUnitReportReporter -->
<testsuite hostname="G10GGNLT052" name="com.arcapi.Common.V2.BasicAnalysisDataGetAPITest" tests="1" failures="0" timestamp="23 Oct 2019 04:30:44 GMT" time="5.356" errors="0">
  <testcase name="BasicAnalysisDataGetAPI" time="5.356" classname="com.arcapi.Common.V2.BasicAnalysisDataGetAPITest"/>
</testsuite> <!-- com.arcapi.Common.V2.BasicAnalysisDataGetAPITest -->
