<?xml version="1.0" encoding="UTF-8"?>
<!-- Generated by org.testng.reporters.JUnitReportReporter -->
<testsuite skipped="0" hostname="G10GNLT041" name="com.arcapi.Buildingtestcases.AssetUpdateBuildingOtherAPITest" tests="1" failures="0" timestamp="17 Jun 2019 07:27:40 GMT" time="9.110" errors="0">
  <testcase name="AssetUpdateforNewAssetPUTAPI" time="9.110" classname="com.arcapi.Buildingtestcases.AssetUpdateBuildingOtherAPITest"/>
</testsuite> <!-- com.arcapi.Buildingtestcases.AssetUpdateBuildingOtherAPITest -->
