<?xml version="1.0" encoding="UTF-8"?>
<!-- Generated by org.testng.reporters.JUnitReportReporter -->
<testsuite hostname="G10GGNLT052" name="com.arcapi.Buildingtestcases.AssetNotificationSubscriptionPostTest" tests="1" failures="0" timestamp="10 Sep 2019 10:54:49 GMT" time="1.572" errors="0">
  <testcase name="AssetNotificationSubscriptionPost" time="1.572" classname="com.arcapi.Buildingtestcases.AssetNotificationSubscriptionPostTest"/>
</testsuite> <!-- com.arcapi.Buildingtestcases.AssetNotificationSubscriptionPostTest -->
