<?xml version="1.0" encoding="UTF-8"?>
<!-- Generated by org.testng.reporters.JUnitReportReporter -->
<testsuite hostname="G10GGNLT052" name="com.arcapi.Communitytestcases.LeedExistingCommunityCreateAssetAPITest" tests="1" failures="0" timestamp="6 Nov 2019 05:37:25 GMT" time="8.337" errors="0">
  <testcase name="LeedExistingCommunityCreateAssetAPI" time="8.337" classname="com.arcapi.Communitytestcases.LeedExistingCommunityCreateAssetAPITest"/>
</testsuite> <!-- com.arcapi.Communitytestcases.LeedExistingCommunityCreateAssetAPITest -->
