<?xml version="1.0" encoding="UTF-8"?>
<!-- Generated by org.testng.reporters.JUnitReportReporter -->
<testsuite hostname="G10GGNLT052" name="com.arcapi.ScenarioBasedTestcases.AssetTeamMemberRemoveAdminAPITest" tests="2" failures="0" timestamp="13 Sep 2019 06:16:11 GMT" time="6.021" errors="0">
  <testcase name="AssetTeamMemberRemoveAdminAPI" time="3.248" classname="com.arcapi.ScenarioBasedTestcases.AssetTeamMemberRemoveAdminAPITest"/>
  <testcase name="AssetTeamMemberRemoveAdminAPI" time="2.773" classname="com.arcapi.ScenarioBasedTestcases.AssetTeamMemberRemoveAdminAPITest"/>
</testsuite> <!-- com.arcapi.ScenarioBasedTestcases.AssetTeamMemberRemoveAdminAPITest -->
