<?xml version="1.0" encoding="UTF-8"?>
<!-- Generated by org.testng.reporters.JUnitReportReporter -->
<testsuite hostname="G10GGNLT052" name="com.arcapi.Common.AssetDataSnapshotAPITest" tests="1" failures="0" timestamp="10 Sep 2019 13:39:52 GMT" time="15.070" errors="0">
  <testcase name="AssetDataSnapshotAPI" time="15.070" classname="com.arcapi.Common.AssetDataSnapshotAPITest"/>
</testsuite> <!-- com.arcapi.Common.AssetDataSnapshotAPITest -->
