<?xml version="1.0" encoding="UTF-8"?>
<!-- Generated by org.testng.reporters.JUnitReportReporter -->
<testsuite skipped="0" hostname="G10GNLT041" name="com.arcapi.Citytestcases.CreditUpdatePUTAPITest" tests="1" failures="0" timestamp="05 Dec 2018 07:10:13 GMT" time="29.279" errors="0">
  <testcase name="CreditUpdatePUTAPI" time="29.279" classname="com.arcapi.Citytestcases.CreditUpdatePUTAPITest"/>
</testsuite> <!-- com.arcapi.Citytestcases.CreditUpdatePUTAPITest -->
