<?xml version="1.0" encoding="UTF-8"?>
<!-- Generated by org.testng.reporters.JUnitReportReporter -->
<testsuite hostname="G10GGNLT052" name="com.arcapi.Common.UserPreferenceTruePostAPITest" tests="1" failures="0" timestamp="8 Nov 2019 05:07:33 GMT" time="1.496" errors="0">
  <testcase name="UserPreferencePostAPI" time="1.496" classname="com.arcapi.Common.UserPreferenceTruePostAPITest"/>
</testsuite> <!-- com.arcapi.Common.UserPreferenceTruePostAPITest -->
