<?xml version="1.0" encoding="UTF-8"?>
<!-- Generated by org.testng.reporters.JUnitReportReporter -->
<testsuite skipped="0" hostname="G10GNLT041" name="com.arcapi.Leedv4Testcases.AssetListAPITest" tests="6" failures="0" timestamp="20 Sep 2018 06:47:40 GMT" time="39.435" errors="0">
  <testcase name="AssetListAPI" time="6.357" classname="com.arcapi.Leedv4Testcases.AssetListAPITest"/>
  <testcase name="AssetListAPI" time="6.437" classname="com.arcapi.Leedv4Testcases.AssetListAPITest"/>
  <testcase name="AssetListAPI" time="6.966" classname="com.arcapi.Leedv4Testcases.AssetListAPITest"/>
  <testcase name="AssetListAPI" time="6.560" classname="com.arcapi.Leedv4Testcases.AssetListAPITest"/>
  <testcase name="AssetListAPI" time="6.732" classname="com.arcapi.Leedv4Testcases.AssetListAPITest"/>
  <testcase name="AssetListAPI" time="6.383" classname="com.arcapi.Leedv4Testcases.AssetListAPITest"/>
</testsuite> <!-- com.arcapi.Leedv4Testcases.AssetListAPITest -->
