<?xml version="1.0" encoding="UTF-8"?>
<!-- Generated by org.testng.reporters.JUnitReportReporter -->
<testsuite skipped="0" hostname="G10GNLT041" name="com.arcapi.TrailFlowtestcases.Community.FuelCategoryAPITest" tests="1" failures="0" timestamp="06 Feb 2019 06:31:33 GMT" time="1.807" errors="0">
  <testcase name="FuelCategoryAPI" time="1.807" classname="com.arcapi.TrailFlowtestcases.Community.FuelCategoryAPITest"/>
</testsuite> <!-- com.arcapi.TrailFlowtestcases.Community.FuelCategoryAPITest -->
