<?xml version="1.0" encoding="UTF-8"?>
<!-- Generated by org.testng.reporters.JUnitReportReporter -->
<testsuite hostname="G10GGNLT052" name="com.arcapi.Transittestcases.ExcelTemplateMetersHEAPITest" tests="1" failures="0" timestamp="1 Oct 2019 05:50:29 GMT" time="3.958" errors="0">
  <testcase name="ExcelTemplateMetersHEAPI" time="3.958" classname="com.arcapi.Transittestcases.ExcelTemplateMetersHEAPITest"/>
</testsuite> <!-- com.arcapi.Transittestcases.ExcelTemplateMetersHEAPITest -->
