<?xml version="1.0" encoding="UTF-8"?>
<!-- Generated by org.testng.reporters.JUnitReportReporter -->
<testsuite hostname="G10GGNLT052" name="com.arcapi.Buildingtestcases.CountryStatesJSONAPITest" tests="1" failures="0" timestamp="4 Sep 2019 04:54:37 GMT" time="1.636" errors="0">
  <testcase name="CountryStatesJSONAPI" time="1.636" classname="com.arcapi.Buildingtestcases.CountryStatesJSONAPITest"/>
</testsuite> <!-- com.arcapi.Buildingtestcases.CountryStatesJSONAPITest -->
