<?xml version="1.0" encoding="UTF-8"?>
<!-- Generated by org.testng.reporters.JUnitReportReporter -->
<testsuite skipped="0" hostname="G10GNLT041" name="com.arcapi.Transittestcases.VerifyWasteDataExcelAPITest" tests="2" failures="0" timestamp="17 Jun 2019 09:30:40 GMT" time="10.420" errors="0">
  <testcase name="VerifyWasteDataExcelAPI" time="5.496" classname="com.arcapi.Transittestcases.VerifyWasteDataExcelAPITest"/>
  <testcase name="VerifyWasteDataExcelAPI" time="4.924" classname="com.arcapi.Transittestcases.VerifyWasteDataExcelAPITest"/>
</testsuite> <!-- com.arcapi.Transittestcases.VerifyWasteDataExcelAPITest -->
