<?xml version="1.0" encoding="UTF-8"?>
<!-- Generated by org.testng.reporters.JUnitReportReporter -->
<testsuite skipped="0" hostname="G10GNLT041" name="com.arcapi.Transittestcases.WasteDetailDeleteAPITest" tests="2" failures="0" timestamp="17 Jun 2019 09:30:41 GMT" time="13.095" errors="0">
  <testcase name="WasteDetailDeleteAPI" time="7.181" classname="com.arcapi.Transittestcases.WasteDetailDeleteAPITest"/>
  <testcase name="WasteDetailDeleteAPI" time="5.914" classname="com.arcapi.Transittestcases.WasteDetailDeleteAPITest"/>
</testsuite> <!-- com.arcapi.Transittestcases.WasteDetailDeleteAPITest -->
