<?xml version="1.0" encoding="UTF-8"?>
<!-- Generated by org.testng.reporters.JUnitReportReporter -->
<testsuite skipped="0" hostname="G10GNLT041" name="com.arcapi.CompleteDataValidationTestcases.AssetTeamPermissionPostAPITest" tests="1" failures="0" timestamp="21 Jun 2019 06:10:22 GMT" time="23.831" errors="0">
  <testcase name="AssetTeamPermissionPostAPI" time="23.831" classname="com.arcapi.CompleteDataValidationTestcases.AssetTeamPermissionPostAPITest"/>
</testsuite> <!-- com.arcapi.CompleteDataValidationTestcases.AssetTeamPermissionPostAPITest -->
