<?xml version="1.0" encoding="UTF-8"?>
<!-- Generated by org.testng.reporters.JUnitReportReporter -->
<testsuite hostname="G10GGNLT052" name="com.arcapi.Common.CityCom.MeasuresVersionPostAPITest" tests="1" failures="0" timestamp="11 Oct 2019 09:12:46 GMT" time="2.170" errors="0">
  <testcase name="MeasuresVersionPostAPI" time="2.170" classname="com.arcapi.Common.CityCom.MeasuresVersionPostAPITest"/>
</testsuite> <!-- com.arcapi.Common.CityCom.MeasuresVersionPostAPITest -->
