<?xml version="1.0" encoding="UTF-8"?>
<!-- Generated by org.testng.reporters.JUnitReportReporter -->
<testsuite skipped="0" hostname="G10GNLT041" name="com.arcapi.CrossRatingSystemtestcases.AQIDataGetAPITest" tests="3" failures="0" timestamp="21 Jun 2019 05:06:06 GMT" time="6.203" errors="0">
  <testcase name="AQIDataGetAPI" time="1.492" classname="com.arcapi.CrossRatingSystemtestcases.AQIDataGetAPITest"/>
  <testcase name="AQIDataGetAPI" time="1.988" classname="com.arcapi.CrossRatingSystemtestcases.AQIDataGetAPITest"/>
  <testcase name="AQIDataGetAPI" time="2.723" classname="com.arcapi.CrossRatingSystemtestcases.AQIDataGetAPITest"/>
</testsuite> <!-- com.arcapi.CrossRatingSystemtestcases.AQIDataGetAPITest -->
