<?xml version="1.0" encoding="UTF-8"?>
<!-- Generated by org.testng.reporters.JUnitReportReporter -->
<testsuite hostname="G10GGNLT052" name="com.arcapi.Portfoliostestcases.PortfoliosEnergy5YearMTCO2DataVerifyGetAPITest" tests="1" failures="0" timestamp="6 Aug 2019 11:29:31 GMT" time="1.680" errors="0">
  <testcase name="PortfoliosEnergy3YearMTCO2DataVerifyGetAPI" time="1.680" classname="com.arcapi.Portfoliostestcases.PortfoliosEnergy5YearMTCO2DataVerifyGetAPITest"/>
</testsuite> <!-- com.arcapi.Portfoliostestcases.PortfoliosEnergy5YearMTCO2DataVerifyGetAPITest -->
