<?xml version="1.0" encoding="UTF-8"?>
<!-- Generated by org.testng.reporters.JUnitReportReporter -->
<testsuite hostname="G10GGNLT052" name="com.arcapi.Common.V2.ResampledEnergy_ScoreGetAPITest" tests="1" failures="0" timestamp="10 Oct 2019 08:21:45 GMT" time="2.011" errors="0">
  <testcase name="ResampledEnergy_ScoreGetAPI" time="2.011" classname="com.arcapi.Common.V2.ResampledEnergy_ScoreGetAPITest"/>
</testsuite> <!-- com.arcapi.Common.V2.ResampledEnergy_ScoreGetAPITest -->
