<?xml version="1.0" encoding="UTF-8"?>
<!-- Generated by org.testng.reporters.JUnitReportReporter -->
<testsuite hostname="G10GGNLT052" name="com.arcapi.Buildingtestcases.MeterDeleteAPITest" tests="1" failures="0" timestamp="8 Nov 2019 05:07:34 GMT" time="1.560" errors="0">
  <testcase name="MeterDeleteAPI" time="1.560" classname="com.arcapi.Buildingtestcases.MeterDeleteAPITest"/>
</testsuite> <!-- com.arcapi.Buildingtestcases.MeterDeleteAPITest -->
