<?xml version="1.0" encoding="UTF-8"?>
<!-- Generated by org.testng.reporters.JUnitReportReporter -->
<testsuite hostname="G10GGNLT052" name="com.arcapi.Buildingtestcases.PaymentOrderSubmitPOSTAPITest" tests="1" failures="0" timestamp="26 Aug 2019 13:20:52 GMT" time="0.006" errors="0">
  <testcase name="PaymentOrderSubmitPOSTAPI" time="0.006" classname="com.arcapi.Buildingtestcases.PaymentOrderSubmitPOSTAPITest"/>
</testsuite> <!-- com.arcapi.Buildingtestcases.PaymentOrderSubmitPOSTAPITest -->
