<?xml version="1.0" encoding="UTF-8"?>
<!-- Generated by org.testng.reporters.JUnitReportReporter -->
<testsuite skipped="0" hostname="G10GNLT041" name="com.arcapi.TrailFlowtestcasesComplete.CreateAssetBuildingOtherAPITest" tests="1" failures="0" timestamp="22 Feb 2019 05:49:40 GMT" time="18.977" errors="0">
  <testcase name="CreateAssetPOSTAPI" time="18.977" classname="com.arcapi.TrailFlowtestcasesComplete.CreateAssetBuildingOtherAPITest"/>
</testsuite> <!-- com.arcapi.TrailFlowtestcasesComplete.CreateAssetBuildingOtherAPITest -->
