<?xml version="1.0" encoding="UTF-8"?>
<!-- Generated by org.testng.reporters.JUnitReportReporter -->
<testsuite hostname="G10GGNLT052" name="com.arcapi.Buildingtestcases.WasteUpdatePUTAPITest" tests="1" failures="0" timestamp="10 Sep 2019 13:39:53 GMT" time="2.641" errors="0">
  <testcase name="WasteUpdatePUTAPI" time="2.641" classname="com.arcapi.Buildingtestcases.WasteUpdatePUTAPITest"/>
</testsuite> <!-- com.arcapi.Buildingtestcases.WasteUpdatePUTAPITest -->
