<?xml version="1.0" encoding="UTF-8"?>
<!-- Generated by org.testng.reporters.JUnitReportReporter -->
<testsuite hostname="G10GGNLT052" name="com.arcapi.Common.AssetTeamPermissionPutAPITest" tests="1" failures="0" timestamp="8 Nov 2019 07:29:51 GMT" time="5.597" errors="0">
  <testcase name="AssetTeamPermissionPutAPI" time="5.597" classname="com.arcapi.Common.AssetTeamPermissionPutAPITest"/>
</testsuite> <!-- com.arcapi.Common.AssetTeamPermissionPutAPITest -->
