<?xml version="1.0" encoding="UTF-8"?>
<!-- Generated by org.testng.reporters.JUnitReportReporter -->
<testsuite skipped="0" hostname="G10GNLT041" name="com.arcapi.Transittestcases.AssetSnapshotKeysAPITest" tests="2" failures="0" timestamp="17 Jun 2019 09:30:40 GMT" time="8.445" errors="0">
  <testcase name="AssetSnapshotKeysAPI" time="3.776" classname="com.arcapi.Transittestcases.AssetSnapshotKeysAPITest"/>
  <testcase name="AssetSnapshotKeysAPI" time="4.669" classname="com.arcapi.Transittestcases.AssetSnapshotKeysAPITest"/>
</testsuite> <!-- com.arcapi.Transittestcases.AssetSnapshotKeysAPITest -->
