<?xml version="1.0" encoding="UTF-8"?>
<!-- Generated by org.testng.reporters.JUnitReportReporter -->
<testsuite hostname="G10GGNLT052" name="com.arcapi.CompleteDataValidationNoPayloadTestcases.PortfoliosTeamsPostAPITest" tests="1" failures="0" timestamp="20 Sep 2019 08:24:46 GMT" time="2.098" errors="0">
  <testcase name="PortfoliosTeamsPostAPI" time="2.098" classname="com.arcapi.CompleteDataValidationNoPayloadTestcases.PortfoliosTeamsPostAPITest"/>
</testsuite> <!-- com.arcapi.CompleteDataValidationNoPayloadTestcases.PortfoliosTeamsPostAPITest -->
