<?xml version="1.0" encoding="UTF-8"?>
<!-- Generated by org.testng.reporters.JUnitReportReporter -->
<testsuite hostname="G10GGNLT052" name="com.arcapi.Buildingtestcases.AssetTeamPermissionListAPITest" tests="1" failures="0" timestamp="4 Sep 2019 04:54:36 GMT" time="2.041" errors="0">
  <testcase name="AssetTeamPermissionListAPI" time="2.041" classname="com.arcapi.Buildingtestcases.AssetTeamPermissionListAPITest"/>
</testsuite> <!-- com.arcapi.Buildingtestcases.AssetTeamPermissionListAPITest -->
