<?xml version="1.0" encoding="UTF-8"?>
<!-- Generated by org.testng.reporters.JUnitReportReporter -->
<testsuite skipped="0" hostname="G10GNLT041" name="com.arcapi.CrossRatingSystemtestcases.VOCGetTest" tests="2" failures="0" timestamp="21 Jun 2019 05:06:06 GMT" time="3.969" errors="0">
  <testcase name="VOCGet" time="1.890" classname="com.arcapi.CrossRatingSystemtestcases.VOCGetTest"/>
  <testcase name="VOCGet" time="2.079" classname="com.arcapi.CrossRatingSystemtestcases.VOCGetTest"/>
</testsuite> <!-- com.arcapi.CrossRatingSystemtestcases.VOCGetTest -->
