<?xml version="1.0" encoding="UTF-8"?>
<!-- Generated by org.testng.reporters.JUnitReportReporter -->
<testsuite hostname="G10GGNLT052" name="com.arcapi.Common.RecomputePerformanceScoreGetTest" tests="1" failures="0" timestamp="11 Oct 2019 09:12:46 GMT" time="7.109" errors="0">
  <testcase name="RecomputePerformanceScoreGet" time="7.109" classname="com.arcapi.Common.RecomputePerformanceScoreGetTest"/>
</testsuite> <!-- com.arcapi.Common.RecomputePerformanceScoreGetTest -->
