<?xml version="1.0" encoding="UTF-8"?>
<!-- Generated by org.testng.reporters.JUnitReportReporter -->
<testsuite hostname="G10GGNLT052" name="com.arcapi.Common.V2.WaterScoreGetAPITest" tests="1" failures="0" timestamp="14 Oct 2019 08:54:23 GMT" time="2.003" errors="0">
  <testcase name="WaterScoreGetAPI" time="2.003" classname="com.arcapi.Common.V2.WaterScoreGetAPITest"/>
</testsuite> <!-- com.arcapi.Common.V2.WaterScoreGetAPITest -->
