<?xml version="1.0" encoding="UTF-8"?>
<!-- Generated by org.testng.reporters.JUnitReportReporter -->
<testsuite hostname="G10GGNLT052" name="com.arcapi.Buildingtestcases.RecomputePerformanceScoreBeforeTest" tests="1" failures="0" timestamp="7 Nov 2019 08:15:32 GMT" time="3.973" errors="0">
  <testcase name="RecomputePerformanceScoreGet" time="3.973" classname="com.arcapi.Buildingtestcases.RecomputePerformanceScoreBeforeTest"/>
</testsuite> <!-- com.arcapi.Buildingtestcases.RecomputePerformanceScoreBeforeTest -->
