<?xml version="1.0" encoding="UTF-8"?>
<!-- Generated by org.testng.reporters.JUnitReportReporter -->
<testsuite skipped="0" hostname="G10GNLT041" name="com.arcapi.Transittestcases.UserActivityListAPITest" tests="2" failures="0" timestamp="05 Dec 2018 10:48:04 GMT" time="37.188" errors="0">
  <testcase name="UserActivityListAPI" time="24.626" classname="com.arcapi.Transittestcases.UserActivityListAPITest"/>
  <testcase name="UserActivityListAPI" time="12.562" classname="com.arcapi.Transittestcases.UserActivityListAPITest"/>
</testsuite> <!-- com.arcapi.Transittestcases.UserActivityListAPITest -->
