<?xml version="1.0" encoding="UTF-8"?>
<!-- Generated by org.testng.reporters.JUnitReportReporter -->
<testsuite skipped="0" hostname="G10GNLT041" name="com.arcapi.Communitytestcases.VerifyAgreementPresentAPITest" tests="2" failures="0" timestamp="17 Jun 2019 09:30:41 GMT" time="8.991" errors="0">
  <testcase name="VerifyAgreementPresentAPI" time="4.849" classname="com.arcapi.Communitytestcases.VerifyAgreementPresentAPITest"/>
  <testcase name="VerifyAgreementPresentAPI" time="4.142" classname="com.arcapi.Communitytestcases.VerifyAgreementPresentAPITest"/>
</testsuite> <!-- com.arcapi.Communitytestcases.VerifyAgreementPresentAPITest -->
