<?xml version="1.0" encoding="UTF-8"?>
<!-- Generated by org.testng.reporters.JUnitReportReporter -->
<testsuite skipped="0" hostname="G10GNLT041" name="com.arcapi.Buildingtestcases.WasteUpdatePUTAPITest" tests="2" failures="0" timestamp="17 Jun 2019 07:27:40 GMT" time="14.063" errors="0">
  <testcase name="WasteUpdatePUTAPI" time="7.011" classname="com.arcapi.Buildingtestcases.WasteUpdatePUTAPITest"/>
  <testcase name="WasteUpdatePUTAPI" time="7.052" classname="com.arcapi.Buildingtestcases.WasteUpdatePUTAPITest"/>
</testsuite> <!-- com.arcapi.Buildingtestcases.WasteUpdatePUTAPITest -->
