<?xml version="1.0" encoding="UTF-8"?>
<!-- Generated by org.testng.reporters.JUnitReportReporter -->
<testsuite hostname="G10GGNLT052" name="com.arcapi.Buildingtestcases.PaymentOrderSubmitPOSTEmissionTest" tests="1" failures="0" timestamp="16 Aug 2019 13:09:11 GMT" time="11.973" errors="0">
  <testcase name="PaymentOrderSubmitPOSTAPI" time="11.973" classname="com.arcapi.Buildingtestcases.PaymentOrderSubmitPOSTEmissionTest"/>
</testsuite> <!-- com.arcapi.Buildingtestcases.PaymentOrderSubmitPOSTEmissionTest -->
