<?xml version="1.0" encoding="UTF-8"?>
<!-- Generated by org.testng.reporters.JUnitReportReporter -->
<testsuite skipped="0" hostname="G10GNLT041" name="com.arcapi.Communitytestcases.PaymentOrderSubmitPOSTAPITest" tests="2" failures="0" timestamp="17 Jun 2019 09:30:40 GMT" time="20.821" errors="0">
  <testcase name="PaymentOrderSubmitPOSTAPI" time="10.200" classname="com.arcapi.Communitytestcases.PaymentOrderSubmitPOSTAPITest"/>
  <testcase name="PaymentOrderSubmitPOSTAPI" time="10.621" classname="com.arcapi.Communitytestcases.PaymentOrderSubmitPOSTAPITest"/>
</testsuite> <!-- com.arcapi.Communitytestcases.PaymentOrderSubmitPOSTAPITest -->
