<?xml version="1.0" encoding="UTF-8"?>
<!-- Generated by org.testng.reporters.JUnitReportReporter -->
<testsuite hostname="G10GGNLT052" name="com.arcapi.Common.LoginAPITest" tests="3" failures="0" timestamp="20 Sep 2019 08:24:47 GMT" time="25.211" errors="0">
  <testcase name="LoginAPI" time="7.464" classname="com.arcapi.Common.LoginAPITest"/>
  <testcase name="LoginAPI" time="9.746" classname="com.arcapi.Common.LoginAPITest"/>
  <testcase name="LoginAPI" time="8.001" classname="com.arcapi.Common.LoginAPITest"/>
</testsuite> <!-- com.arcapi.Common.LoginAPITest -->
