<?xml version="1.0" encoding="UTF-8"?>
<!-- Generated by org.testng.reporters.JUnitReportReporter -->
<testsuite hostname="G10GGNLT052" name="com.arcapi.Buildingtestcases.SignAgreementRegistrationAPITest" tests="1" failures="0" timestamp="6 Aug 2019 09:33:06 GMT" time="5.955" errors="0">
  <testcase name="SignAgreementRegistrationAPI" time="5.955" classname="com.arcapi.Buildingtestcases.SignAgreementRegistrationAPITest"/>
</testsuite> <!-- com.arcapi.Buildingtestcases.SignAgreementRegistrationAPITest -->
