<?xml version="1.0" encoding="UTF-8"?>
<!-- Generated by org.testng.reporters.JUnitReportReporter -->
<testsuite skipped="0" hostname="G10GNLT041" name="com.arcapi.Buildingtestcases.CreditFormDownloadAPITest" tests="2" failures="0" timestamp="16 Aug 2018 10:36:25 GMT" time="11.376" errors="0">
  <testcase name="CreditFormDownloadAPI" time="5.494" classname="com.arcapi.Buildingtestcases.CreditFormDownloadAPITest"/>
  <testcase name="CreditFormDownloadAPI" time="5.882" classname="com.arcapi.Buildingtestcases.CreditFormDownloadAPITest"/>
</testsuite> <!-- com.arcapi.Buildingtestcases.CreditFormDownloadAPITest -->
