<?xml version="1.0" encoding="UTF-8"?>
<!-- Generated by org.testng.reporters.JUnitReportReporter -->
<testsuite skipped="0" hostname="G10GNLT041" name="com.arcapi.Citytestcases.AssetDataSnapshotAPITest" tests="2" failures="0" timestamp="17 Jun 2019 08:07:17 GMT" time="38.439" errors="0">
  <testcase name="AssetDataSnapshotAPI" time="22.565" classname="com.arcapi.Citytestcases.AssetDataSnapshotAPITest"/>
  <testcase name="AssetDataSnapshotAPI" time="15.874" classname="com.arcapi.Citytestcases.AssetDataSnapshotAPITest"/>
</testsuite> <!-- com.arcapi.Citytestcases.AssetDataSnapshotAPITest -->
