<?xml version="1.0" encoding="UTF-8"?>
<!-- Generated by org.testng.reporters.JUnitReportReporter -->
<testsuite skipped="0" hostname="G10GNLT041" name="com.arcapi.Buildingtestcases.MeterDeleteAPITest" tests="2" failures="0" timestamp="17 Jun 2019 07:27:40 GMT" time="14.088" errors="0">
  <testcase name="MeterDeleteAPI" time="7.009" classname="com.arcapi.Buildingtestcases.MeterDeleteAPITest"/>
  <testcase name="MeterDeleteAPI" time="7.079" classname="com.arcapi.Buildingtestcases.MeterDeleteAPITest"/>
</testsuite> <!-- com.arcapi.Buildingtestcases.MeterDeleteAPITest -->
