<?xml version="1.0" encoding="UTF-8"?>
<!-- Generated by org.testng.reporters.JUnitReportReporter -->
<testsuite hostname="G10GGNLT052" name="com.arcapi.Common.PerformanceComparablesGetAPITest" tests="1" failures="0" timestamp="26 Sep 2019 10:38:01 GMT" time="2.149" errors="0">
  <testcase name="PerformanceComparablesGetAPI" time="2.149" classname="com.arcapi.Common.PerformanceComparablesGetAPITest"/>
</testsuite> <!-- com.arcapi.Common.PerformanceComparablesGetAPITest -->
