<?xml version="1.0" encoding="UTF-8"?>
<!-- Generated by org.testng.reporters.JUnitReportReporter -->
<testsuite hostname="G10GGNLT052" name="com.arcapi.CompleteDataValidationNoPayloadTestcases.AssetTeamMemberRemoveAPITest" tests="1" failures="0" timestamp="20 Sep 2019 08:24:46 GMT" time="2.537" errors="0">
  <testcase name="AssetTeamMemberRemoveAPI" time="2.537" classname="com.arcapi.CompleteDataValidationNoPayloadTestcases.AssetTeamMemberRemoveAPITest"/>
</testsuite> <!-- com.arcapi.CompleteDataValidationNoPayloadTestcases.AssetTeamMemberRemoveAPITest -->
