<?xml version="1.0" encoding="UTF-8"?>
<!-- Generated by org.testng.reporters.JUnitReportReporter -->
<testsuite hostname="G10GGNLT052" name="com.arcapi.Buildingtestcases.WasteDetailDeleteAPITest" tests="1" failures="0" timestamp="10 Sep 2019 13:39:53 GMT" time="1.961" errors="0">
  <testcase name="WasteDetailDeleteAPI" time="1.961" classname="com.arcapi.Buildingtestcases.WasteDetailDeleteAPITest"/>
</testsuite> <!-- com.arcapi.Buildingtestcases.WasteDetailDeleteAPITest -->
