<?xml version="1.0" encoding="UTF-8"?>
<!-- Generated by org.testng.reporters.JUnitReportReporter -->
<testsuite hostname="G10GGNLT052" name="com.arcapi.Portfoliostestcases.PortfoliosTeamsPostAPITest" tests="1" failures="0" timestamp="3 Aug 2019 11:05:10 GMT" time="2.819" errors="0">
  <testcase name="PortfoliosTeamsPostAPI" time="2.819" classname="com.arcapi.Portfoliostestcases.PortfoliosTeamsPostAPITest"/>
</testsuite> <!-- com.arcapi.Portfoliostestcases.PortfoliosTeamsPostAPITest -->
