<?xml version="1.0" encoding="UTF-8"?>
<!-- Generated by org.testng.reporters.JUnitReportReporter -->
<testsuite hostname="G10GGNLT052" name="com.arcapi.Common.AssetSnapshotDownloadAPITest" tests="1" failures="0" timestamp="20 Sep 2019 07:00:23 GMT" time="15.420" errors="0">
  <testcase name="AssetSnapshotDownloadAPI" time="15.420" classname="com.arcapi.Common.AssetSnapshotDownloadAPITest"/>
</testsuite> <!-- com.arcapi.Common.AssetSnapshotDownloadAPITest -->
