<?xml version="1.0" encoding="UTF-8"?>
<!-- Generated by org.testng.reporters.JUnitReportReporter -->
<testsuite hostname="G10GGNLT052" name="com.arcapi.Buildingtestcases.VOCGetTest" tests="1" failures="0" timestamp="10 Oct 2019 08:21:46 GMT" time="1.822" errors="0">
  <testcase name="VOCGet" time="1.822" classname="com.arcapi.Buildingtestcases.VOCGetTest"/>
</testsuite> <!-- com.arcapi.Buildingtestcases.VOCGetTest -->
