<?xml version="1.0" encoding="UTF-8"?>
<!-- Generated by org.testng.reporters.JUnitReportReporter -->
<testsuite hostname="G10GGNLT052" name="com.arcapi.Common.AssetDataExportAPITest" tests="1" failures="0" timestamp="20 Sep 2019 07:00:23 GMT" time="2.776" errors="0">
  <testcase name="AssetDataExportAPI" time="2.776" classname="com.arcapi.Common.AssetDataExportAPITest"/>
</testsuite> <!-- com.arcapi.Common.AssetDataExportAPITest -->
