<?xml version="1.0" encoding="UTF-8"?>
<!-- Generated by org.testng.reporters.JUnitReportReporter -->
<testsuite hostname="G10GGNLT052" name="com.arcapi.Buildingtestcases.NotificationSubscriptionDetailPutTest" tests="1" failures="0" timestamp="4 Sep 2019 04:54:37 GMT" time="1.397" errors="0">
  <testcase name="NotificationSubscriptionDetail" time="1.397" classname="com.arcapi.Buildingtestcases.NotificationSubscriptionDetailPutTest"/>
</testsuite> <!-- com.arcapi.Buildingtestcases.NotificationSubscriptionDetailPutTest -->
