<?xml version="1.0" encoding="UTF-8"?>
<!-- Generated by org.testng.reporters.JUnitReportReporter -->
<testsuite hostname="G10GGNLT052" name="com.arcapi.Common.AssetDocumentAPITest" tests="1" failures="0" timestamp="10 Oct 2019 06:11:36 GMT" time="4.272" errors="0">
  <testcase name="AssetDocumentAPI" time="4.272" classname="com.arcapi.Common.AssetDocumentAPITest"/>
</testsuite> <!-- com.arcapi.Common.AssetDocumentAPITest -->
