<?xml version="1.0" encoding="UTF-8"?>
<!-- Generated by org.testng.reporters.JUnitReportReporter -->
<testsuite hostname="G10GGNLT052" name="com.arcapi.CompleteDataValidationNoPayloadTestcases.PortfoliosTeamsPostAPITest" tests="1" failures="0" timestamp="13 Aug 2019 09:34:18 GMT" time="1.764" errors="0">
  <testcase name="PortfoliosTeamsPostAPI" time="1.764" classname="com.arcapi.CompleteDataValidationNoPayloadTestcases.PortfoliosTeamsPostAPITest"/>
</testsuite> <!-- com.arcapi.CompleteDataValidationNoPayloadTestcases.PortfoliosTeamsPostAPITest -->
