<?xml version="1.0" encoding="UTF-8"?>
<!-- Generated by org.testng.reporters.JUnitReportReporter -->
<testsuite hostname="G10GGNLT052" name="com.arcapi.Citytestcases.SubmitReviewGetAPITest" tests="1" failures="0" timestamp="14 Aug 2019 08:09:03 GMT" time="3.504" errors="0">
  <testcase name="SubmitReviewGetAPI" time="3.504" classname="com.arcapi.Citytestcases.SubmitReviewGetAPITest"/>
</testsuite> <!-- com.arcapi.Citytestcases.SubmitReviewGetAPITest -->
