<?xml version="1.0" encoding="UTF-8"?>
<!-- Generated by org.testng.reporters.JUnitReportReporter -->
<testsuite hostname="G10GGNLT052" name="com.arcapi.Buildingtestcases.VOCMeterDeleteAPITest" tests="1" failures="0" timestamp="20 Sep 2019 07:34:02 GMT" time="1.727" errors="0">
  <testcase name="VOCMeterDeleteAPI" time="1.727" classname="com.arcapi.Buildingtestcases.VOCMeterDeleteAPITest"/>
</testsuite> <!-- com.arcapi.Buildingtestcases.VOCMeterDeleteAPITest -->
