<?xml version="1.0" encoding="UTF-8"?>
<!-- Generated by org.testng.reporters.JUnitReportReporter -->
<testsuite hostname="G10GGNLT052" name="com.arcapi.TrailFlowtestcasesComplete.VerifyAssetDetailAPITest" tests="1" failures="0" timestamp="20 Sep 2019 07:34:02 GMT" time="2.399" errors="0">
  <testcase name="VerifyAssetDetailAPI" time="2.399" classname="com.arcapi.TrailFlowtestcasesComplete.VerifyAssetDetailAPITest"/>
</testsuite> <!-- com.arcapi.TrailFlowtestcasesComplete.VerifyAssetDetailAPITest -->
