<?xml version="1.0" encoding="UTF-8"?>
<!-- Generated by org.testng.reporters.JUnitReportReporter -->
<testsuite skipped="0" hostname="G10GNLT041" name="com.arcapi.Buildingtestcases.CountryStatesJSONAPITest" tests="2" failures="0" timestamp="17 Jun 2019 07:27:39 GMT" time="16.141" errors="0">
  <testcase name="CountryStatesJSONAPI" time="7.678" classname="com.arcapi.Buildingtestcases.CountryStatesJSONAPITest"/>
  <testcase name="CountryStatesJSONAPI" time="8.463" classname="com.arcapi.Buildingtestcases.CountryStatesJSONAPITest"/>
</testsuite> <!-- com.arcapi.Buildingtestcases.CountryStatesJSONAPITest -->
