<?xml version="1.0" encoding="UTF-8"?>
<!-- Generated by org.testng.reporters.JUnitReportReporter -->
<testsuite skipped="0" hostname="G10GNLT041" name="com.arcapi.Communitytestcases.MeasuresDetailAPITest" tests="2" failures="0" timestamp="17 Jun 2019 09:30:41 GMT" time="8.031" errors="0">
  <testcase name="MeasuresDetailAPI" time="4.203" classname="com.arcapi.Communitytestcases.MeasuresDetailAPITest"/>
  <testcase name="MeasuresDetailAPI" time="3.828" classname="com.arcapi.Communitytestcases.MeasuresDetailAPITest"/>
</testsuite> <!-- com.arcapi.Communitytestcases.MeasuresDetailAPITest -->
