<?xml version="1.0" encoding="UTF-8"?>
<!-- Generated by org.testng.reporters.JUnitReportReporter -->
<testsuite hostname="G10GGNLT052" name="com.arcapi.Buildingtestcases.MeterCreatePOSTEmissionTest" tests="2" failures="0" timestamp="9 Oct 2019 04:36:42 GMT" time="6.746" errors="0">
  <testcase name="MeterCreatePOSTAPI" time="4.991" classname="com.arcapi.Buildingtestcases.MeterCreatePOSTEmissionTest"/>
  <testcase name="MeterCreatePOSTAPI" time="1.755" classname="com.arcapi.Buildingtestcases.MeterCreatePOSTEmissionTest"/>
</testsuite> <!-- com.arcapi.Buildingtestcases.MeterCreatePOSTEmissionTest -->
