<?xml version="1.0" encoding="UTF-8"?>
<!-- Generated by org.testng.reporters.JUnitReportReporter -->
<testsuite hostname="G10GGNLT052" name="com.arcapi.CompleteDataValidationNoPayloadTestcases.NotificationSubscriptionDetailDeleteTest" tests="1" failures="0" timestamp="13 Aug 2019 07:30:04 GMT" time="1.645" errors="0">
  <testcase name="NotificationSubscriptionDetailDelete" time="1.645" classname="com.arcapi.CompleteDataValidationNoPayloadTestcases.NotificationSubscriptionDetailDeleteTest"/>
</testsuite> <!-- com.arcapi.CompleteDataValidationNoPayloadTestcases.NotificationSubscriptionDetailDeleteTest -->
