<?xml version="1.0" encoding="UTF-8"?>
<!-- Generated by org.testng.reporters.JUnitReportReporter -->
<testsuite hostname="G10GGNLT052" name="com.arcapi.CompleteDataValidationNoPayloadTestcases.AssetTeamMemberRemoveAPITest" tests="1" failures="0" timestamp="10 Sep 2019 11:10:22 GMT" time="3.024" errors="0">
  <testcase name="AssetTeamMemberRemoveAPI" time="3.024" classname="com.arcapi.CompleteDataValidationNoPayloadTestcases.AssetTeamMemberRemoveAPITest"/>
</testsuite> <!-- com.arcapi.CompleteDataValidationNoPayloadTestcases.AssetTeamMemberRemoveAPITest -->
