<?xml version="1.0" encoding="UTF-8"?>
<!-- Generated by org.testng.reporters.JUnitReportReporter -->
<testsuite hostname="G10GGNLT052" name="com.arcapi.Common.Neg.SubmitReviewPOSTAPITest" tests="1" failures="0" timestamp="13 Sep 2019 09:56:32 GMT" time="2.728" errors="0">
  <testcase name="SubmitReviewPOSTAPI" time="2.728" classname="com.arcapi.Common.Neg.SubmitReviewPOSTAPITest"/>
</testsuite> <!-- com.arcapi.Common.Neg.SubmitReviewPOSTAPITest -->
