<?xml version="1.0" encoding="UTF-8"?>
<!-- Generated by org.testng.reporters.JUnitReportReporter -->
<testsuite skipped="0" hostname="G10GNLT041" name="com.arcapi.Buildingtestcases.ConsumptionDeleteAPITest" tests="2" failures="0" timestamp="17 Jun 2019 07:27:39 GMT" time="14.923" errors="0">
  <testcase name="ConsumptionDeleteAPI" time="6.994" classname="com.arcapi.Buildingtestcases.ConsumptionDeleteAPITest"/>
  <testcase name="ConsumptionDeleteAPI" time="7.929" classname="com.arcapi.Buildingtestcases.ConsumptionDeleteAPITest"/>
</testsuite> <!-- com.arcapi.Buildingtestcases.ConsumptionDeleteAPITest -->
