<?xml version="1.0" encoding="UTF-8"?>
<!-- Generated by org.testng.reporters.JUnitReportReporter -->
<testsuite skipped="0" hostname="G10GNLT041" name="com.arcapi.Communitytestcases.AppVersionDetailAPITest" tests="2" failures="0" timestamp="17 Jun 2019 09:30:40 GMT" time="7.688" errors="0">
  <testcase name="AppVersionDetailAPI" time="4.071" classname="com.arcapi.Communitytestcases.AppVersionDetailAPITest"/>
  <testcase name="AppVersionDetailAPI" time="3.617" classname="com.arcapi.Communitytestcases.AppVersionDetailAPITest"/>
</testsuite> <!-- com.arcapi.Communitytestcases.AppVersionDetailAPITest -->
