<?xml version="1.0" encoding="UTF-8"?>
<!-- Generated by org.testng.reporters.JUnitReportReporter -->
<testsuite hostname="G10GGNLT052" name="com.arcapi.Common.V2.ResampledTransportAnalysisDataGetAPITest" tests="1" failures="0" timestamp="10 Oct 2019 08:21:46 GMT" time="2.504" errors="0">
  <testcase name="ResampledTransportAnalysisDataGetAPI" time="2.504" classname="com.arcapi.Common.V2.ResampledTransportAnalysisDataGetAPITest"/>
</testsuite> <!-- com.arcapi.Common.V2.ResampledTransportAnalysisDataGetAPITest -->
