<?xml version="1.0" encoding="UTF-8"?>
<!-- Generated by org.testng.reporters.JUnitReportReporter -->
<testsuite skipped="0" hostname="G10GNLT041" name="com.arcapi.Scoretestcases.version2.CO2GetTest" tests="1" failures="0" timestamp="13 Sep 2018 07:45:30 GMT" time="75.163" errors="0">
  <testcase name="CO2GetTestAPI" time="75.163" classname="com.arcapi.Scoretestcases.version2.CO2GetTest"/>
</testsuite> <!-- com.arcapi.Scoretestcases.version2.CO2GetTest -->
