<?xml version="1.0" encoding="UTF-8"?>
<!-- Generated by org.testng.reporters.JUnitReportReporter -->
<testsuite skipped="0" hostname="G10GNLT041" name="com.arcapi.Citytestcases.AnalysisDataGetAPITest" tests="2" failures="0" timestamp="17 Jun 2019 08:07:16 GMT" time="7.033" errors="0">
  <testcase name="AnalysisDataGetAPI" time="3.378" classname="com.arcapi.Citytestcases.AnalysisDataGetAPITest"/>
  <testcase name="AnalysisDataGetAPI" time="3.655" classname="com.arcapi.Citytestcases.AnalysisDataGetAPITest"/>
</testsuite> <!-- com.arcapi.Citytestcases.AnalysisDataGetAPITest -->
