<?xml version="1.0" encoding="UTF-8"?>
<!-- Generated by org.testng.reporters.JUnitReportReporter -->
<testsuite hostname="G10GGNLT052" name="com.arcapi.Common.ReviewPaymentIntimationGetAPITest" tests="1" failures="0" timestamp="11 Oct 2019 04:08:59 GMT" time="1.423" errors="0">
  <testcase name="ReviewPaymentIntimationGetAPI" time="1.423" classname="com.arcapi.Common.ReviewPaymentIntimationGetAPITest"/>
</testsuite> <!-- com.arcapi.Common.ReviewPaymentIntimationGetAPITest -->
