<?xml version="1.0" encoding="UTF-8"?>
<!-- Generated by org.testng.reporters.JUnitReportReporter -->
<testsuite hostname="G10GGNLT052" name="com.arcapi.Buildingtestcases.AssetCertificationListAPITest" tests="1" failures="0" timestamp="4 Sep 2019 04:54:36 GMT" time="1.403" errors="0">
  <testcase name="AssetCertificationListAPI" time="1.403" classname="com.arcapi.Buildingtestcases.AssetCertificationListAPITest"/>
</testsuite> <!-- com.arcapi.Buildingtestcases.AssetCertificationListAPITest -->
