<?xml version="1.0" encoding="UTF-8"?>
<!-- Generated by org.testng.reporters.JUnitReportReporter -->
<testsuite hostname="G10GGNLT052" name="com.arcapi.Buildingtestcases.SurveyCreatePOSTAPITest" tests="1" failures="0" timestamp="8 Nov 2019 05:07:34 GMT" time="217.912" errors="0">
  <testcase name="SurveyCreatePOSTAPI" time="217.912" classname="com.arcapi.Buildingtestcases.SurveyCreatePOSTAPITest"/>
</testsuite> <!-- com.arcapi.Buildingtestcases.SurveyCreatePOSTAPITest -->
