<?xml version="1.0" encoding="UTF-8"?>
<!-- Generated by org.testng.reporters.JUnitReportReporter -->
<testsuite skipped="0" hostname="G10GNLT041" name="com.arcapi.CrossRatingSystemtestcases.EnvironmentSurveyGetAPITest" tests="2" failures="0" timestamp="21 Jun 2019 05:06:06 GMT" time="3.606" errors="0">
  <testcase name="EnvironmentSurveyGetAPI" time="2.054" classname="com.arcapi.CrossRatingSystemtestcases.EnvironmentSurveyGetAPITest"/>
  <testcase name="EnvironmentSurveyGetAPI" time="1.552" classname="com.arcapi.CrossRatingSystemtestcases.EnvironmentSurveyGetAPITest"/>
</testsuite> <!-- com.arcapi.CrossRatingSystemtestcases.EnvironmentSurveyGetAPITest -->
