<?xml version="1.0" encoding="UTF-8"?>
<!-- Generated by org.testng.reporters.JUnitReportReporter -->
<testsuite hostname="G10GGNLT052" name="com.arcapi.Buildingtestcases.ElectricityMeterDeleteAPITest" tests="1" failures="0" timestamp="7 Oct 2019 14:00:33 GMT" time="19.090" errors="0">
  <testcase name="MeterDeleteAPI" time="19.090" classname="com.arcapi.Buildingtestcases.ElectricityMeterDeleteAPITest"/>
</testsuite> <!-- com.arcapi.Buildingtestcases.ElectricityMeterDeleteAPITest -->
