<?xml version="1.0" encoding="UTF-8"?>
<!-- Generated by org.testng.reporters.JUnitReportReporter -->
<testsuite hostname="G10GGNLT052" name="com.arcapi.Common.MeasureCommentAddPostAPITest" tests="1" failures="0" timestamp="10 Oct 2019 08:21:45 GMT" time="2.391" errors="0">
  <testcase name="MeasureCommentAddPostAPI" time="2.391" classname="com.arcapi.Common.MeasureCommentAddPostAPITest"/>
</testsuite> <!-- com.arcapi.Common.MeasureCommentAddPostAPITest -->
