<?xml version="1.0" encoding="UTF-8"?>
<!-- Generated by org.testng.reporters.JUnitReportReporter -->
<testsuite skipped="0" hostname="G10GNLT041" name="com.arcapi.Buildingtestcases.AssetNotificationSubscriptionPostTest" tests="2" failures="0" timestamp="21 Jun 2019 06:10:22 GMT" time="6.301" errors="0">
  <testcase name="AssetNotificationSubscriptionPost" time="3.716" classname="com.arcapi.Buildingtestcases.AssetNotificationSubscriptionPostTest"/>
  <testcase name="AssetNotificationSubscriptionPost" time="2.585" classname="com.arcapi.Buildingtestcases.AssetNotificationSubscriptionPostTest"/>
</testsuite> <!-- com.arcapi.Buildingtestcases.AssetNotificationSubscriptionPostTest -->
