<?xml version="1.0" encoding="UTF-8"?>
<!-- Generated by org.testng.reporters.JUnitReportReporter -->
<testsuite hostname="G10GGNLT052" name="com.arcapi.Common.CityCom.AssetUpdateAPITest" tests="1" failures="0" timestamp="19 Sep 2019 09:17:17 GMT" time="2.667" errors="0">
  <testcase name="AssetUpdateforNewAssetPUTAPI" time="2.667" classname="com.arcapi.Common.CityCom.AssetUpdateAPITest"/>
</testsuite> <!-- com.arcapi.Common.CityCom.AssetUpdateAPITest -->
