<?xml version="1.0" encoding="UTF-8"?>
<!-- Generated by org.testng.reporters.JUnitReportReporter -->
<testsuite hostname="G10GGNLT052" name="com.arcapi.Common.ReviewPaymentIntimationGetAPITest" tests="1" failures="0" timestamp="10 Oct 2019 09:28:21 GMT" time="2.473" errors="0">
  <testcase name="ReviewPaymentIntimationGetAPI" time="2.473" classname="com.arcapi.Common.ReviewPaymentIntimationGetAPITest"/>
</testsuite> <!-- com.arcapi.Common.ReviewPaymentIntimationGetAPITest -->
