<?xml version="1.0" encoding="UTF-8"?>
<!-- Generated by org.testng.reporters.JUnitReportReporter -->
<testsuite hostname="G10GGNLT052" name="com.arcapi.Common.AnalysisDataSubmitPOSTAPITest" tests="1" failures="0" timestamp="5 Nov 2019 05:13:46 GMT" time="0.002" errors="0">
  <testcase name="AnalysisDataSubmitPOSTAPI" time="0.002" classname="com.arcapi.Common.AnalysisDataSubmitPOSTAPITest"/>
</testsuite> <!-- com.arcapi.Common.AnalysisDataSubmitPOSTAPITest -->
