<?xml version="1.0" encoding="UTF-8"?>
<!-- Generated by org.testng.reporters.JUnitReportReporter -->
<testsuite skipped="0" hostname="G10GNLT041" name="com.arcapi.Transittestcases.CreateAssetTransitBelowAPITest" tests="1" failures="0" timestamp="17 Jun 2019 09:30:39 GMT" time="9.842" errors="0">
  <testcase name="CreateAssetPOSTAPI" time="9.842" classname="com.arcapi.Transittestcases.CreateAssetTransitBelowAPITest"/>
</testsuite> <!-- com.arcapi.Transittestcases.CreateAssetTransitBelowAPITest -->
