<?xml version="1.0" encoding="UTF-8"?>
<!-- Generated by org.testng.reporters.JUnitReportReporter -->
<testsuite hostname="G10GGNLT052" name="com.arcapi.Portfoliostestcases.PortfoliosAssetDetailDELETEAPITest" tests="1" failures="0" timestamp="3 Aug 2019 11:05:10 GMT" time="3.855" errors="0">
  <testcase name="PortfoliosAssetDetailDELETEAPI" time="3.855" classname="com.arcapi.Portfoliostestcases.PortfoliosAssetDetailDELETEAPITest"/>
</testsuite> <!-- com.arcapi.Portfoliostestcases.PortfoliosAssetDetailDELETEAPITest -->
