<?xml version="1.0" encoding="UTF-8"?>
<!-- Generated by org.testng.reporters.JUnitReportReporter -->
<testsuite skipped="0" hostname="G10GNLT041" name="com.arcapi.Buildingtestcases.PaymentHistoryAPITest" tests="2" failures="0" timestamp="17 Jun 2019 07:27:40 GMT" time="15.070" errors="0">
  <testcase name="PaymentHistoryAPI" time="7.735" classname="com.arcapi.Buildingtestcases.PaymentHistoryAPITest"/>
  <testcase name="PaymentHistoryAPI" time="7.335" classname="com.arcapi.Buildingtestcases.PaymentHistoryAPITest"/>
</testsuite> <!-- com.arcapi.Buildingtestcases.PaymentHistoryAPITest -->
