<?xml version="1.0" encoding="UTF-8"?>
<!-- Generated by org.testng.reporters.JUnitReportReporter -->
<testsuite hostname="G10GGNLT052" name="com.arcapi.Transittestcases.CreateAssetTransitAPITest" tests="1" failures="0" timestamp="20 Sep 2019 07:00:23 GMT" time="7.263" errors="0">
  <testcase name="CreateAssetTransitAPI" time="7.263" classname="com.arcapi.Transittestcases.CreateAssetTransitAPITest"/>
</testsuite> <!-- com.arcapi.Transittestcases.CreateAssetTransitAPITest -->
