<?xml version="1.0" encoding="UTF-8"?>
<!-- Generated by org.testng.reporters.JUnitReportReporter -->
<testsuite hostname="G10GGNLT052" name="com.arcapi.Buildingtestcases.VerifyWasteDataExcelAPITest" tests="1" failures="0" timestamp="20 Sep 2019 07:34:02 GMT" time="3.382" errors="0">
  <testcase name="VerifyWasteDataExcelAPI" time="3.382" classname="com.arcapi.Buildingtestcases.VerifyWasteDataExcelAPITest"/>
</testsuite> <!-- com.arcapi.Buildingtestcases.VerifyWasteDataExcelAPITest -->
