<?xml version="1.0" encoding="UTF-8"?>
<!-- Generated by org.testng.reporters.JUnitReportReporter -->
<testsuite skipped="0" hostname="G10GNLT041" name="com.arcapi.Citytestcases.NotificationDeleteAPITest" tests="2" failures="0" timestamp="17 Jun 2019 08:07:17 GMT" time="6.475" errors="0">
  <testcase name="NotificationDeleteAPI" time="3.270" classname="com.arcapi.Citytestcases.NotificationDeleteAPITest"/>
  <testcase name="NotificationDeleteAPI" time="3.205" classname="com.arcapi.Citytestcases.NotificationDeleteAPITest"/>
</testsuite> <!-- com.arcapi.Citytestcases.NotificationDeleteAPITest -->
