<?xml version="1.0" encoding="UTF-8"?>
<!-- Generated by org.testng.reporters.JUnitReportReporter -->
<testsuite skipped="0" hostname="G10GNLT041" name="com.arcapi.Buildingtestcases.MeterUpdatePUTAPITest" tests="2" failures="0" timestamp="17 Jun 2019 07:27:40 GMT" time="13.550" errors="0">
  <testcase name="MeterUpdatePUTAPI" time="6.752" classname="com.arcapi.Buildingtestcases.MeterUpdatePUTAPITest"/>
  <testcase name="MeterUpdatePUTAPI" time="6.798" classname="com.arcapi.Buildingtestcases.MeterUpdatePUTAPITest"/>
</testsuite> <!-- com.arcapi.Buildingtestcases.MeterUpdatePUTAPITest -->
