<?xml version="1.0" encoding="UTF-8"?>
<!-- Generated by org.testng.reporters.JUnitReportReporter -->
<testsuite hostname="G10GGNLT052" name="com.arcapi.Buildingtestcases.WaterMeterDeleteAPITest" tests="1" failures="0" timestamp="11 Oct 2019 08:57:38 GMT" time="102.088" errors="0">
  <testcase name="WaterMeterDeleteAPI" time="102.088" classname="com.arcapi.Buildingtestcases.WaterMeterDeleteAPITest"/>
</testsuite> <!-- com.arcapi.Buildingtestcases.WaterMeterDeleteAPITest -->
