<?xml version="1.0" encoding="UTF-8"?>
<!-- Generated by org.testng.reporters.JUnitReportReporter -->
<testsuite hostname="G10GGNLT052" name="com.arcapi.Buildingtestcases.SurveyCreatePOSTAPITest" tests="1" failures="0" timestamp="5 Nov 2019 05:13:46 GMT" time="208.857" errors="0">
  <testcase name="SurveyCreatePOSTAPI" time="208.857" classname="com.arcapi.Buildingtestcases.SurveyCreatePOSTAPITest"/>
</testsuite> <!-- com.arcapi.Buildingtestcases.SurveyCreatePOSTAPITest -->
