<?xml version="1.0" encoding="UTF-8"?>
<!-- Generated by org.testng.reporters.JUnitReportReporter -->
<testsuite skipped="0" hostname="G10GNLT041" name="com.arcapi.Buildingtestcases.AssetRequiredFieldsAPITest" tests="2" failures="0" timestamp="17 Jun 2019 07:27:39 GMT" time="14.072" errors="0">
  <testcase name="AssetRequiredFieldsAPI" time="7.366" classname="com.arcapi.Buildingtestcases.AssetRequiredFieldsAPITest"/>
  <testcase name="AssetRequiredFieldsAPI" time="6.706" classname="com.arcapi.Buildingtestcases.AssetRequiredFieldsAPITest"/>
</testsuite> <!-- com.arcapi.Buildingtestcases.AssetRequiredFieldsAPITest -->
