<?xml version="1.0" encoding="UTF-8"?>
<!-- Generated by org.testng.reporters.JUnitReportReporter -->
<testsuite hostname="G10GGNLT052" name="com.arcapi.Buildingtestcases.CO2GetTest" tests="1" failures="0" timestamp="20 Sep 2019 07:34:02 GMT" time="1.869" errors="0">
  <testcase name="CO2GetTestAPI" time="1.869" classname="com.arcapi.Buildingtestcases.CO2GetTest"/>
</testsuite> <!-- com.arcapi.Buildingtestcases.CO2GetTest -->
