<?xml version="1.0" encoding="UTF-8"?>
<!-- Generated by org.testng.reporters.JUnitReportReporter -->
<testsuite hostname="G10GGNLT052" name="com.arcapi.Buildingtestcases.GhgMeanEmissionAfterUpdateTest" tests="2" failures="0" timestamp="7 Nov 2019 08:15:32 GMT" time="24.540" errors="0">
  <testcase name="GhgGetTestAPI" time="12.844" classname="com.arcapi.Buildingtestcases.GhgMeanEmissionAfterUpdateTest"/>
  <testcase name="GhgGetTestAPI" time="11.696" classname="com.arcapi.Buildingtestcases.GhgMeanEmissionAfterUpdateTest"/>
</testsuite> <!-- com.arcapi.Buildingtestcases.GhgMeanEmissionAfterUpdateTest -->
