<?xml version="1.0" encoding="UTF-8"?>
<!-- Generated by org.testng.reporters.JUnitReportReporter -->
<testsuite skipped="0" hostname="G10GNLT041" name="com.arcapi.Buildingtestcases.MetersListOccupancyTrackerTest" tests="1" failures="0" timestamp="17 Jun 2019 05:38:28 GMT" time="15.004" errors="0">
  <testcase name="MetersAPI" time="15.004" classname="com.arcapi.Buildingtestcases.MetersListOccupancyTrackerTest"/>
</testsuite> <!-- com.arcapi.Buildingtestcases.MetersListOccupancyTrackerTest -->
