<?xml version="1.0" encoding="UTF-8"?>
<!-- Generated by org.testng.reporters.JUnitReportReporter -->
<testsuite hostname="G10GGNLT052" name="com.arcapi.Buildingtestcases.ExcelUploadTemplatePOSTAPITest" tests="1" failures="0" timestamp="5 Nov 2019 05:13:45 GMT" time="4.507" errors="0">
  <testcase name="ExcelUploadTemplatePOSTAPI" time="4.507" classname="com.arcapi.Buildingtestcases.ExcelUploadTemplatePOSTAPITest"/>
</testsuite> <!-- com.arcapi.Buildingtestcases.ExcelUploadTemplatePOSTAPITest -->
