<?xml version="1.0" encoding="UTF-8"?>
<!-- Generated by org.testng.reporters.JUnitReportReporter -->
<testsuite hostname="G10GGNLT052" name="com.arcapi.Buildingtestcases.GhgMeanEmissionTest" tests="2" failures="0" timestamp="9 Oct 2019 04:36:42 GMT" time="5.090" errors="0">
  <testcase name="GhgGetTestAPI" time="2.429" classname="com.arcapi.Buildingtestcases.GhgMeanEmissionTest"/>
  <testcase name="GhgGetTestAPI" time="2.661" classname="com.arcapi.Buildingtestcases.GhgMeanEmissionTest"/>
</testsuite> <!-- com.arcapi.Buildingtestcases.GhgMeanEmissionTest -->
