<?xml version="1.0" encoding="UTF-8"?>
<!-- Generated by org.testng.reporters.JUnitReportReporter -->
<testsuite skipped="0" hostname="G10GNLT041" name="com.arcapi.Citytestcases.UserActivityListAPITest" tests="2" failures="0" timestamp="05 Dec 2018 07:53:26 GMT" time="20.280" errors="0">
  <testcase name="UserActivityListAPI" time="9.713" classname="com.arcapi.Citytestcases.UserActivityListAPITest"/>
  <testcase name="UserActivityListAPI" time="10.567" classname="com.arcapi.Citytestcases.UserActivityListAPITest"/>
</testsuite> <!-- com.arcapi.Citytestcases.UserActivityListAPITest -->
