<?xml version="1.0" encoding="UTF-8"?>
<!-- Generated by org.testng.reporters.JUnitReportReporter -->
<testsuite hostname="G10GGNLT052" name="com.arcapi.Portfoliostestcases.PortfoliosWasteGeneration5YearLBSDataVerifyGetAPITest" tests="1" failures="0" timestamp="20 Sep 2019 06:16:39 GMT" time="1.849" errors="0">
  <testcase name="PortfoliosWasteGeneration5YearLBSDataVerifyGetAPI" time="1.849" classname="com.arcapi.Portfoliostestcases.PortfoliosWasteGeneration5YearLBSDataVerifyGetAPITest"/>
</testsuite> <!-- com.arcapi.Portfoliostestcases.PortfoliosWasteGeneration5YearLBSDataVerifyGetAPITest -->
