<?xml version="1.0" encoding="UTF-8"?>
<!-- Generated by org.testng.reporters.JUnitReportReporter -->
<testsuite hostname="G10GGNLT052" name="com.arcapi.Buildingtestcases.CreditGetAPITest" tests="1" failures="0" timestamp="13 Aug 2019 07:30:05 GMT" time="10.727" errors="0">
  <testcase name="CreditGetAPI" time="10.727" classname="com.arcapi.Buildingtestcases.CreditGetAPITest"/>
</testsuite> <!-- com.arcapi.Buildingtestcases.CreditGetAPITest -->
