<?xml version="1.0" encoding="UTF-8"?>
<!-- Generated by org.testng.reporters.JUnitReportReporter -->
<testsuite hostname="G10GGNLT052" name="com.arcapi.Buildingtestcases.TVOCCreate5YearDataPostTest" tests="5" failures="0" timestamp="21 Sep 2019 09:20:04 GMT" time="14.121" errors="0">
  <testcase name="TVOCCreate5YearDataPost" time="3.073" classname="com.arcapi.Buildingtestcases.TVOCCreate5YearDataPostTest"/>
  <testcase name="TVOCCreate5YearDataPost" time="3.276" classname="com.arcapi.Buildingtestcases.TVOCCreate5YearDataPostTest"/>
  <testcase name="TVOCCreate5YearDataPost" time="2.251" classname="com.arcapi.Buildingtestcases.TVOCCreate5YearDataPostTest"/>
  <testcase name="TVOCCreate5YearDataPost" time="2.655" classname="com.arcapi.Buildingtestcases.TVOCCreate5YearDataPostTest"/>
  <testcase name="TVOCCreate5YearDataPost" time="2.866" classname="com.arcapi.Buildingtestcases.TVOCCreate5YearDataPostTest"/>
</testsuite> <!-- com.arcapi.Buildingtestcases.TVOCCreate5YearDataPostTest -->
