<?xml version="1.0" encoding="UTF-8"?>
<!-- Generated by org.testng.reporters.JUnitReportReporter -->
<testsuite skipped="0" hostname="G10GNLT041" name="com.arcapi.Buildingtestcases.AssetAppDeleteAPITest" tests="1" failures="0" timestamp="17 Jun 2019 07:27:40 GMT" time="6.652" errors="0">
  <testcase name="AssetAppDeleteAPI" time="6.652" classname="com.arcapi.Buildingtestcases.AssetAppDeleteAPITest"/>
</testsuite> <!-- com.arcapi.Buildingtestcases.AssetAppDeleteAPITest -->
