<?xml version="1.0" encoding="UTF-8"?>
<!-- Generated by org.testng.reporters.JUnitReportReporter -->
<testsuite skipped="0" hostname="G10GNLT041" name="com.arcapi.Citytestcases.CityCommConsumptionCustomCreateAPITest" tests="1" failures="0" timestamp="24 May 2019 05:16:58 GMT" time="7.886" errors="0">
  <testcase name="ConsumptionCreatePOSTAPI" time="7.886" classname="com.arcapi.Citytestcases.CityCommConsumptionCustomCreateAPITest"/>
</testsuite> <!-- com.arcapi.Citytestcases.CityCommConsumptionCustomCreateAPITest -->
