<?xml version="1.0" encoding="UTF-8"?>
<!-- Generated by org.testng.reporters.JUnitReportReporter -->
<testsuite hostname="G10GGNLT052" name="com.arcapi.Parksmarttestcases.UserActivityListAPITest" tests="1" failures="0" timestamp="1 Oct 2019 04:40:49 GMT" time="1.399" errors="0">
  <testcase name="UserActivityListAPI" time="1.399" classname="com.arcapi.Parksmarttestcases.UserActivityListAPITest"/>
</testsuite> <!-- com.arcapi.Parksmarttestcases.UserActivityListAPITest -->
