<?xml version="1.0" encoding="UTF-8"?>
<!-- Generated by org.testng.reporters.JUnitReportReporter -->
<testsuite hostname="G10GGNLT052" name="com.arcapi.Buildingtestcases.WaterConsumptionUpdateAPITest" tests="1" failures="0" timestamp="7 Nov 2019 06:53:23 GMT" time="73.644" errors="0">
  <testcase name="WaterConsumptionUpdateAPI" time="73.644" classname="com.arcapi.Buildingtestcases.WaterConsumptionUpdateAPITest"/>
</testsuite> <!-- com.arcapi.Buildingtestcases.WaterConsumptionUpdateAPITest -->
