<?xml version="1.0" encoding="UTF-8"?>
<!-- Generated by org.testng.reporters.JUnitReportReporter -->
<testsuite hostname="G10GGNLT052" name="com.arcapi.Buildingtestcases.RegistrationPaymentPricingGetAPITest" tests="1" failures="0" timestamp="26 Aug 2019 13:20:52 GMT" time="4.111" errors="0">
  <testcase name="RegistrationPaymentPricingGetAPI" time="4.111" classname="com.arcapi.Buildingtestcases.RegistrationPaymentPricingGetAPITest"/>
</testsuite> <!-- com.arcapi.Buildingtestcases.RegistrationPaymentPricingGetAPITest -->
