<?xml version="1.0" encoding="UTF-8"?>
<!-- Generated by org.testng.reporters.JUnitReportReporter -->
<testsuite hostname="G10GGNLT052" name="com.arcapi.Common.RegistrationPaymentPricingGetAPITest" tests="1" failures="0" timestamp="4 Oct 2019 06:02:57 GMT" time="2.332" errors="0">
  <testcase name="RegistrationPaymentPricingGetAPI" time="2.332" classname="com.arcapi.Common.RegistrationPaymentPricingGetAPITest"/>
</testsuite> <!-- com.arcapi.Common.RegistrationPaymentPricingGetAPITest -->
