<?xml version="1.0" encoding="UTF-8"?>
<!-- Generated by org.testng.reporters.JUnitReportReporter -->
<testsuite hostname="G10GGNLT052" name="com.arcapi.Buildingtestcase.SurveyWithAllRoutesCreatePOSTAPITest" tests="1" failures="0" timestamp="6 Aug 2019 05:22:07 GMT" time="2.762" errors="0">
  <testcase name="SurveyWithAllRoutesCreatePOSTAPI" time="2.762" classname="com.arcapi.Buildingtestcase.SurveyWithAllRoutesCreatePOSTAPITest"/>
</testsuite> <!-- com.arcapi.Buildingtestcase.SurveyWithAllRoutesCreatePOSTAPITest -->
