<?xml version="1.0" encoding="UTF-8"?>
<!-- Generated by org.testng.reporters.JUnitReportReporter -->
<testsuite skipped="0" hostname="G10GNLT041" name="com.arcapi.Communitytestcases.RegistrationPaymentPricingGetAPITest" tests="2" failures="0" timestamp="17 Jun 2019 09:30:41 GMT" time="10.127" errors="0">
  <testcase name="RegistrationPaymentPricingGetAPI" time="5.754" classname="com.arcapi.Communitytestcases.RegistrationPaymentPricingGetAPITest"/>
  <testcase name="RegistrationPaymentPricingGetAPI" time="4.373" classname="com.arcapi.Communitytestcases.RegistrationPaymentPricingGetAPITest"/>
</testsuite> <!-- com.arcapi.Communitytestcases.RegistrationPaymentPricingGetAPITest -->
