<?xml version="1.0" encoding="UTF-8"?>
<!-- Generated by org.testng.reporters.JUnitReportReporter -->
<testsuite skipped="0" hostname="G10GNLT041" name="com.arcapi.TrailFlowtestcases.NotificationDeleteAPITest" tests="1" failures="0" timestamp="05 Feb 2019 07:18:51 GMT" time="7.762" errors="0">
  <testcase name="NotificationDeleteAPI" time="7.762" classname="com.arcapi.TrailFlowtestcases.NotificationDeleteAPITest"/>
</testsuite> <!-- com.arcapi.TrailFlowtestcases.NotificationDeleteAPITest -->
