<?xml version="1.0" encoding="UTF-8"?>
<!-- Generated by org.testng.reporters.JUnitReportReporter -->
<testsuite hostname="G10GGNLT052" name="com.arcapi.Buildingtestcases.CreateAssetBuildingV3APITest" tests="1" failures="0" timestamp="19 Dec 2019 06:53:15 GMT" time="6.717" errors="0">
  <testcase name="CreateAssetPOSTAPI" time="6.717" classname="com.arcapi.Buildingtestcases.CreateAssetBuildingV3APITest"/>
</testsuite> <!-- com.arcapi.Buildingtestcases.CreateAssetBuildingV3APITest -->
