<?xml version="1.0" encoding="UTF-8"?>
<!-- Generated by org.testng.reporters.JUnitReportReporter -->
<testsuite hostname="G10GGNLT052" name="com.arcapi.Buildingtestcases.MeterUpdatePUTAPITest" tests="1" failures="0" timestamp="7 Oct 2019 08:53:31 GMT" time="1.951" errors="0">
  <testcase name="MeterUpdatePUTAPI" time="1.951" classname="com.arcapi.Buildingtestcases.MeterUpdatePUTAPITest"/>
</testsuite> <!-- com.arcapi.Buildingtestcases.MeterUpdatePUTAPITest -->
