<?xml version="1.0" encoding="UTF-8"?>
<!-- Generated by org.testng.reporters.JUnitReportReporter -->
<testsuite skipped="0" hostname="G10GNLT041" name="com.arcapi.Citytestcases.S3DocumentRemoveAPITest" tests="2" failures="0" timestamp="17 Jun 2019 08:07:17 GMT" time="6.764" errors="0">
  <testcase name="S3DocumentRemoveAPI" time="3.135" classname="com.arcapi.Citytestcases.S3DocumentRemoveAPITest"/>
  <testcase name="S3DocumentRemoveAPI" time="3.629" classname="com.arcapi.Citytestcases.S3DocumentRemoveAPITest"/>
</testsuite> <!-- com.arcapi.Citytestcases.S3DocumentRemoveAPITest -->
