<?xml version="1.0" encoding="UTF-8"?>
<!-- Generated by org.testng.reporters.JUnitReportReporter -->
<testsuite hostname="G10GGNLT052" name="com.arcapi.Citytestcases.LEEDV4CitiesPlanandDesign" tests="1" failures="0" timestamp="6 Nov 2019 05:37:25 GMT" time="7.683" errors="0">
  <testcase name="LEEDV4CitiesPlanand" time="7.683" classname="com.arcapi.Citytestcases.LEEDV4CitiesPlanandDesign"/>
</testsuite> <!-- com.arcapi.Citytestcases.LEEDV4CitiesPlanandDesign -->
