<?xml version="1.0" encoding="UTF-8"?>
<!-- Generated by org.testng.reporters.JUnitReportReporter -->
<testsuite skipped="0" hostname="G10GNLT041" name="com.arcapi.TrailFlowtestcasesComplete.AddAssestTimelinePOSTAPITest" tests="2" failures="0" timestamp="22 Feb 2019 05:49:40 GMT" time="13.438" errors="0">
  <testcase name="AddAssestTimeline" time="6.530" classname="com.arcapi.TrailFlowtestcasesComplete.AddAssestTimelinePOSTAPITest"/>
  <testcase name="AddAssestTimeline" time="6.908" classname="com.arcapi.TrailFlowtestcasesComplete.AddAssestTimelinePOSTAPITest"/>
</testsuite> <!-- com.arcapi.TrailFlowtestcasesComplete.AddAssestTimelinePOSTAPITest -->
