<?xml version="1.0" encoding="UTF-8"?>
<!-- Generated by org.testng.reporters.JUnitReportReporter -->
<testsuite skipped="0" hostname="G10GNLT041" name="com.arcapi.Buildingtestcases.S3DocumentUploadPOSTAPITest" tests="2" failures="0" timestamp="17 Jun 2019 07:27:39 GMT" time="55.059" errors="0">
  <testcase name="S3DocumentUploadPOSTAPI" time="26.771" classname="com.arcapi.Buildingtestcases.S3DocumentUploadPOSTAPITest"/>
  <testcase name="S3DocumentUploadPOSTAPI" time="28.288" classname="com.arcapi.Buildingtestcases.S3DocumentUploadPOSTAPITest"/>
</testsuite> <!-- com.arcapi.Buildingtestcases.S3DocumentUploadPOSTAPITest -->
