<?xml version="1.0" encoding="UTF-8"?>
<!-- Generated by org.testng.reporters.JUnitReportReporter -->
<testsuite hostname="G10GGNLT052" name="com.arcapi.Common.ReviewCertificationPricingAPITest" tests="1" failures="0" timestamp="17 Oct 2019 07:26:51 GMT" time="3.048" errors="0">
  <testcase name="ReviewCertificationPricingAPI" time="3.048" classname="com.arcapi.Common.ReviewCertificationPricingAPITest"/>
</testsuite> <!-- com.arcapi.Common.ReviewCertificationPricingAPITest -->
