<?xml version="1.0" encoding="UTF-8"?>
<!-- Generated by org.testng.reporters.JUnitReportReporter -->
<testsuite skipped="0" hostname="G10GNLT041" name="com.arcapi.Transittestcases.FuelCategoryAPITest" tests="2" failures="0" timestamp="17 Jun 2019 09:30:41 GMT" time="9.211" errors="0">
  <testcase name="FuelCategoryAPI" time="4.431" classname="com.arcapi.Transittestcases.FuelCategoryAPITest"/>
  <testcase name="FuelCategoryAPI" time="4.780" classname="com.arcapi.Transittestcases.FuelCategoryAPITest"/>
</testsuite> <!-- com.arcapi.Transittestcases.FuelCategoryAPITest -->
