<?xml version="1.0" encoding="UTF-8"?>
<!-- Generated by org.testng.reporters.JUnitReportReporter -->
<testsuite skipped="0" hostname="G10GNLT041" name="com.arcapi.release1_18testcases.AddAssestTimelinePOSTAPITest" tests="1" failures="0" timestamp="27 Jun 2019 06:27:43 GMT" time="9.048" errors="0">
  <testcase name="AddAssestTimeline" time="9.048" classname="com.arcapi.release1_18testcases.AddAssestTimelinePOSTAPITest"/>
</testsuite> <!-- com.arcapi.release1_18testcases.AddAssestTimelinePOSTAPITest -->
