<?xml version="1.0" encoding="UTF-8"?>
<!-- Generated by org.testng.reporters.JUnitReportReporter -->
<testsuite hostname="G10GGNLT052" name="com.arcapi.Buildingtestcases.AssetDetailAPITest" tests="1" failures="0" timestamp="16 Aug 2019 07:05:37 GMT" time="2.589" errors="0">
  <testcase name="AssetDetailAPI" time="2.589" classname="com.arcapi.Buildingtestcases.AssetDetailAPITest"/>
</testsuite> <!-- com.arcapi.Buildingtestcases.AssetDetailAPITest -->
