<?xml version="1.0" encoding="UTF-8"?>
<!-- Generated by org.testng.reporters.JUnitReportReporter -->
<testsuite hostname="G10GGNLT052" name="com.arcapi.CompleteDataValidationNoPayloadTestcases.AnalysisDataSubmitPOSTAPITest" tests="1" failures="0" timestamp="9 Oct 2019 05:37:53 GMT" time="1.814" errors="0">
  <testcase name="AnalysisDataSubmitPOSTAPI" time="1.814" classname="com.arcapi.CompleteDataValidationNoPayloadTestcases.AnalysisDataSubmitPOSTAPITest"/>
</testsuite> <!-- com.arcapi.CompleteDataValidationNoPayloadTestcases.AnalysisDataSubmitPOSTAPITest -->
