<?xml version="1.0" encoding="UTF-8"?>
<!-- Generated by org.testng.reporters.JUnitReportReporter -->
<testsuite hostname="G10GGNLT052" name="com.arcapi.Common.AssetTeamPermissionPostAPITest" tests="1" failures="0" timestamp="5 Nov 2019 05:13:46 GMT" time="1.403" errors="0">
  <testcase name="AssetTeamPermissionPostAPI" time="1.403" classname="com.arcapi.Common.AssetTeamPermissionPostAPITest"/>
</testsuite> <!-- com.arcapi.Common.AssetTeamPermissionPostAPITest -->
