<?xml version="1.0" encoding="UTF-8"?>
<!-- Generated by org.testng.reporters.JUnitReportReporter -->
<testsuite hostname="G10GGNLT052" name="com.arcapi.Common.AddAssestTimelinePOSTAPITest" tests="1" failures="0" timestamp="27 Sep 2019 05:35:20 GMT" time="75.796" errors="0">
  <testcase name="AddAssestTimeline" time="75.796" classname="com.arcapi.Common.AddAssestTimelinePOSTAPITest"/>
</testsuite> <!-- com.arcapi.Common.AddAssestTimelinePOSTAPITest -->
