<?xml version="1.0" encoding="UTF-8"?>
<!-- Generated by org.testng.reporters.JUnitReportReporter -->
<testsuite hostname="G10GGNLT052" name="com.arcapi.Buildingtestcase.SurveyWithAllRoutesOtherDeatailCreatePOSTAPITest" tests="1" failures="0" timestamp="6 Aug 2019 06:38:27 GMT" time="3.575" errors="0">
  <testcase name="SurveyWithAllRoutesCreatePOSTAPI" time="3.575" classname="com.arcapi.Buildingtestcase.SurveyWithAllRoutesOtherDeatailCreatePOSTAPITest"/>
</testsuite> <!-- com.arcapi.Buildingtestcase.SurveyWithAllRoutesOtherDeatailCreatePOSTAPITest -->
