<?xml version="1.0" encoding="UTF-8"?>
<!-- Generated by org.testng.reporters.JUnitReportReporter -->
<testsuite hostname="G10GGNLT052" name="com.arcapi.Buildingtestcases.LoginAPITest" tests="1" failures="0" timestamp="14 Aug 2019 10:04:05 GMT" time="7.579" errors="0">
  <testcase name="LoginAPI" time="7.579" classname="com.arcapi.Buildingtestcases.LoginAPITest"/>
</testsuite> <!-- com.arcapi.Buildingtestcases.LoginAPITest -->
