<?xml version="1.0" encoding="UTF-8"?>
<!-- Generated by org.testng.reporters.JUnitReportReporter -->
<testsuite hostname="G10GGNLT052" name="com.arcapi.Common.V2.SetUserprofileV1APITest" tests="1" failures="0" timestamp="19 Dec 2019 09:25:58 GMT" time="1.764" errors="0">
  <testcase name="SetUserprofileV1API" time="1.764" classname="com.arcapi.Common.V2.SetUserprofileV1APITest"/>
</testsuite> <!-- com.arcapi.Common.V2.SetUserprofileV1APITest -->
