<?xml version="1.0" encoding="UTF-8"?>
<!-- Generated by org.testng.reporters.JUnitReportReporter -->
<testsuite hostname="G10GGNLT052" name="com.arcapi.release1_18testcases.AssetUpdateExcludeSpacesTest" tests="1" failures="0" timestamp="7 Nov 2019 09:54:02 GMT" time="2.197" errors="0">
  <testcase name="AssetUpdateExcludeSpaces" time="2.197" classname="com.arcapi.release1_18testcases.AssetUpdateExcludeSpacesTest"/>
</testsuite> <!-- com.arcapi.release1_18testcases.AssetUpdateExcludeSpacesTest -->
