<?xml version="1.0" encoding="UTF-8"?>
<!-- Generated by org.testng.reporters.JUnitReportReporter -->
<testsuite skipped="0" hostname="G10GNLT041" name="com.arcapi.Scoretestcases.version2.TemperatureDataGetTest" tests="1" failures="0" timestamp="14 Sep 2018 09:36:55 GMT" time="69.393" errors="0">
  <testcase name="TemperatureDataGet" time="69.393" classname="com.arcapi.Scoretestcases.version2.TemperatureDataGetTest"/>
</testsuite> <!-- com.arcapi.Scoretestcases.version2.TemperatureDataGetTest -->
