<?xml version="1.0" encoding="UTF-8"?>
<!-- Generated by org.testng.reporters.JUnitReportReporter -->
<testsuite hostname="G10GGNLT052" name="com.arcapi.Transittestcases.ExcelTemplateMetersTransitAboveAPITest" tests="1" failures="0" timestamp="9 Sep 2019 15:05:12 GMT" time="3.287" errors="0">
  <testcase name="ExcelTemplateMetersTransitAbove" time="3.287" classname="com.arcapi.Transittestcases.ExcelTemplateMetersTransitAboveAPITest"/>
</testsuite> <!-- com.arcapi.Transittestcases.ExcelTemplateMetersTransitAboveAPITest -->
