<?xml version="1.0" encoding="UTF-8"?>
<!-- Generated by org.testng.reporters.JUnitReportReporter -->
<testsuite hostname="G10GGNLT052" name="com.arcapi.Common.V2.ResampledTotalScoreGetAPITest" tests="1" failures="0" timestamp="16 Oct 2019 11:41:51 GMT" time="4.809" errors="0">
  <testcase name="ResampledTotalScoreGetAPI" time="4.809" classname="com.arcapi.Common.V2.ResampledTotalScoreGetAPITest"/>
</testsuite> <!-- com.arcapi.Common.V2.ResampledTotalScoreGetAPITest -->
