<?xml version="1.0" encoding="UTF-8"?>
<!-- Generated by org.testng.reporters.JUnitReportReporter -->
<testsuite hostname="G10GGNLT052" name="com.arcapi.Portfoliostestcases.PortfoliosAssetDetailGetAPITest" tests="1" failures="0" timestamp="6 Aug 2019 11:29:31 GMT" time="2.002" errors="0">
  <testcase name="PortfoliosAssetDetailGetAPI" time="2.002" classname="com.arcapi.Portfoliostestcases.PortfoliosAssetDetailGetAPITest"/>
</testsuite> <!-- com.arcapi.Portfoliostestcases.PortfoliosAssetDetailGetAPITest -->
