<?xml version="1.0" encoding="UTF-8"?>
<!-- Generated by org.testng.reporters.JUnitReportReporter -->
<testsuite hostname="G10GGNLT052" name="com.arcapi.Common.DownloadDocumentsAPITest" tests="2" failures="0" timestamp="8 Nov 2019 07:29:52 GMT" time="12.567" errors="0">
  <testcase name="DownloadDocumentsAPI" time="6.098" classname="com.arcapi.Common.DownloadDocumentsAPITest"/>
  <testcase name="DownloadDocumentsAPI" time="6.469" classname="com.arcapi.Common.DownloadDocumentsAPITest"/>
</testsuite> <!-- com.arcapi.Common.DownloadDocumentsAPITest -->
