<?xml version="1.0" encoding="UTF-8"?>
<!-- Generated by org.testng.reporters.JUnitReportReporter -->
<testsuite hostname="G10GGNLT052" name="com.arcapi.InterRelatedFieldValidationTestcases.CreateAssetCityPOSTAPITest" tests="1" failures="0" timestamp="10 Oct 2019 06:48:24 GMT" time="14.949" errors="0">
  <testcase name="CreateAssetCityPOSTAPI" time="14.949" classname="com.arcapi.InterRelatedFieldValidationTestcases.CreateAssetCityPOSTAPITest"/>
</testsuite> <!-- com.arcapi.InterRelatedFieldValidationTestcases.CreateAssetCityPOSTAPITest -->
