<?xml version="1.0" encoding="UTF-8"?>
<!-- Generated by org.testng.reporters.JUnitReportReporter -->
<testsuite hostname="G10GGNLT052" name="com.arcapi.Common.AssetArcProjectAdminAddPOSTAPITest" tests="1" failures="0" timestamp="8 Nov 2019 07:29:52 GMT" time="9.498" errors="0">
  <testcase name="AssetTeamMemberAddPOSTAPI" time="9.498" classname="com.arcapi.Common.AssetArcProjectAdminAddPOSTAPITest"/>
</testsuite> <!-- com.arcapi.Common.AssetArcProjectAdminAddPOSTAPITest -->
