<?xml version="1.0" encoding="UTF-8"?>
<!-- Generated by org.testng.reporters.JUnitReportReporter -->
<testsuite hostname="G10GGNLT052" name="com.arcapi.Common.AssetSearchOwnerAPITest" tests="1" failures="0" timestamp="7 Oct 2019 08:53:31 GMT" time="1.385" errors="0">
  <testcase name="AssetSearchOwnerAPI" time="1.385" classname="com.arcapi.Common.AssetSearchOwnerAPITest"/>
</testsuite> <!-- com.arcapi.Common.AssetSearchOwnerAPITest -->
