<?xml version="1.0" encoding="UTF-8"?>
<!-- Generated by org.testng.reporters.JUnitReportReporter -->
<testsuite skipped="0" hostname="G10GNLT041" name="com.arcapi.Buildingtestcases.PaymentOrderGetAPITest" tests="2" failures="0" timestamp="17 Jun 2019 07:27:40 GMT" time="12.435" errors="0">
  <testcase name="PaymentOrderGetAPI" time="6.676" classname="com.arcapi.Buildingtestcases.PaymentOrderGetAPITest"/>
  <testcase name="PaymentOrderGetAPI" time="5.759" classname="com.arcapi.Buildingtestcases.PaymentOrderGetAPITest"/>
</testsuite> <!-- com.arcapi.Buildingtestcases.PaymentOrderGetAPITest -->
