<?xml version="1.0" encoding="UTF-8"?>
<!-- Generated by org.testng.reporters.JUnitReportReporter -->
<testsuite skipped="0" hostname="G10GNLT041" name="com.arcapi.Buildingtestcases.VerifyAgreementDeleteAPITest" tests="2" failures="0" timestamp="17 Jun 2019 07:27:40 GMT" time="11.458" errors="0">
  <testcase name="VerifyAgreementDeleteAPI" time="5.715" classname="com.arcapi.Buildingtestcases.VerifyAgreementDeleteAPITest"/>
  <testcase name="VerifyAgreementDeleteAPI" time="5.743" classname="com.arcapi.Buildingtestcases.VerifyAgreementDeleteAPITest"/>
</testsuite> <!-- com.arcapi.Buildingtestcases.VerifyAgreementDeleteAPITest -->
