<?xml version="1.0" encoding="UTF-8"?>
<!-- Generated by org.testng.reporters.JUnitReportReporter -->
<testsuite skipped="0" hostname="G10GNLT041" name="com.arcapi.Communitytestcases.MeasuresVersionPostAPITest" tests="2" failures="0" timestamp="17 Jun 2019 09:30:41 GMT" time="6.866" errors="0">
  <testcase name="MeasuresVersionPostAPI" time="3.580" classname="com.arcapi.Communitytestcases.MeasuresVersionPostAPITest"/>
  <testcase name="MeasuresVersionPostAPI" time="3.286" classname="com.arcapi.Communitytestcases.MeasuresVersionPostAPITest"/>
</testsuite> <!-- com.arcapi.Communitytestcases.MeasuresVersionPostAPITest -->
