<?xml version="1.0" encoding="UTF-8"?>
<!-- Generated by org.testng.reporters.JUnitReportReporter -->
<testsuite hostname="G10GGNLT052" name="com.arcapi.Common.VerifyAdminRemoveAPITest" tests="1" failures="0" timestamp="11 Oct 2019 09:12:46 GMT" time="2.677" errors="0">
  <testcase name="VerifyAdminRemoveAPI" time="2.677" classname="com.arcapi.Common.VerifyAdminRemoveAPITest"/>
</testsuite> <!-- com.arcapi.Common.VerifyAdminRemoveAPITest -->
