<?xml version="1.0" encoding="UTF-8"?>
<!-- Generated by org.testng.reporters.JUnitReportReporter -->
<testsuite hostname="G10GGNLT052" name="com.arcapi.CompleteDataValidationNoPayloadTestcases.SubmitReviewPOSTAPITest" tests="1" failures="0" timestamp="13 Aug 2019 07:30:04 GMT" time="1.741" errors="0">
  <testcase name="SubmitReviewPOSTAPI" time="1.741" classname="com.arcapi.CompleteDataValidationNoPayloadTestcases.SubmitReviewPOSTAPITest"/>
</testsuite> <!-- com.arcapi.CompleteDataValidationNoPayloadTestcases.SubmitReviewPOSTAPITest -->
