<?xml version="1.0" encoding="UTF-8"?>
<!-- Generated by org.testng.reporters.JUnitReportReporter -->
<testsuite skipped="0" hostname="G10GNLT041" name="com.arcapi.Citytestcases.SubmitReviewGetAPITest" tests="2" failures="0" timestamp="17 Jun 2019 08:07:16 GMT" time="6.336" errors="0">
  <testcase name="SubmitReviewGetAPI" time="3.189" classname="com.arcapi.Citytestcases.SubmitReviewGetAPITest"/>
  <testcase name="SubmitReviewGetAPI" time="3.147" classname="com.arcapi.Citytestcases.SubmitReviewGetAPITest"/>
</testsuite> <!-- com.arcapi.Citytestcases.SubmitReviewGetAPITest -->
