<?xml version="1.0" encoding="UTF-8"?>
<!-- Generated by org.testng.reporters.JUnitReportReporter -->
<testsuite skipped="0" hostname="G10GNLT041" name="com.arcapi.Communitytestcases.AssetDocumentAPITest" tests="2" failures="0" timestamp="17 Jun 2019 09:30:39 GMT" time="10.011" errors="0">
  <testcase name="AssetDocumentAPI" time="5.386" classname="com.arcapi.Communitytestcases.AssetDocumentAPITest"/>
  <testcase name="AssetDocumentAPI" time="4.625" classname="com.arcapi.Communitytestcases.AssetDocumentAPITest"/>
</testsuite> <!-- com.arcapi.Communitytestcases.AssetDocumentAPITest -->
