<?xml version="1.0" encoding="UTF-8"?>
<!-- Generated by org.testng.reporters.JUnitReportReporter -->
<testsuite hostname="G10GGNLT052" name="com.arcapi.Leedv4Testcases.LOAuthenticateAPITest" tests="2" failures="0" timestamp="8 Nov 2019 07:29:52 GMT" time="3.942" errors="0">
  <testcase name="LOAuthenticateAPI" time="1.761" classname="com.arcapi.Leedv4Testcases.LOAuthenticateAPITest"/>
  <testcase name="LOAuthenticateAPI" time="2.181" classname="com.arcapi.Leedv4Testcases.LOAuthenticateAPITest"/>
</testsuite> <!-- com.arcapi.Leedv4Testcases.LOAuthenticateAPITest -->
