<?xml version="1.0" encoding="UTF-8"?>
<!-- Generated by org.testng.reporters.JUnitReportReporter -->
<testsuite skipped="0" hostname="G10GNLT041" name="com.arcapi.ScenarioBasedTestcases.AssetTeamMemberRemoveAPITest" tests="2" failures="0" timestamp="21 Jun 2019 05:06:06 GMT" time="6.744" errors="0">
  <testcase name="AssetTeamMemberRemoveAPI" time="3.588" classname="com.arcapi.ScenarioBasedTestcases.AssetTeamMemberRemoveAPITest"/>
  <testcase name="AssetTeamMemberRemoveAPI" time="3.156" classname="com.arcapi.ScenarioBasedTestcases.AssetTeamMemberRemoveAPITest"/>
</testsuite> <!-- com.arcapi.ScenarioBasedTestcases.AssetTeamMemberRemoveAPITest -->
