<?xml version="1.0" encoding="UTF-8"?>
<!-- Generated by org.testng.reporters.JUnitReportReporter -->
<testsuite hostname="G10GGNLT052" name="com.arcapi.Common.V2.SetUserprofileV1APITest" tests="1" failures="0" timestamp="5 Mar 2020 04:50:37 GMT" time="1.728" errors="0">
  <testcase name="SetUserprofileV1API" time="1.728" classname="com.arcapi.Common.V2.SetUserprofileV1APITest"/>
</testsuite> <!-- com.arcapi.Common.V2.SetUserprofileV1APITest -->
