<?xml version="1.0" encoding="UTF-8"?>
<!-- Generated by org.testng.reporters.JUnitReportReporter -->
<testsuite hostname="G10GGNLT052" name="com.arcapi.Common.VerifyAgreementDeleteAPITest" tests="1" failures="0" timestamp="11 Oct 2019 09:12:46 GMT" time="1.954" errors="0">
  <testcase name="VerifyAgreementDeleteAPI" time="1.954" classname="com.arcapi.Common.VerifyAgreementDeleteAPITest"/>
</testsuite> <!-- com.arcapi.Common.VerifyAgreementDeleteAPITest -->
