<?xml version="1.0" encoding="UTF-8"?>
<!-- Generated by org.testng.reporters.JUnitReportReporter -->
<testsuite skipped="0" hostname="G10GNLT041" name="com.arcapi.Transittestcases.InstallAllAppsAfterDeleteAPITest" tests="2" failures="0" timestamp="17 Jun 2019 09:30:39 GMT" time="19.077" errors="0">
  <testcase name="InstallAllAppsAfterDeleteAPI" time="6.674" classname="com.arcapi.Transittestcases.InstallAllAppsAfterDeleteAPITest"/>
  <testcase name="InstallAllAppsAfterDeleteAPI" time="12.403" classname="com.arcapi.Transittestcases.InstallAllAppsAfterDeleteAPITest"/>
</testsuite> <!-- com.arcapi.Transittestcases.InstallAllAppsAfterDeleteAPITest -->
