<?xml version="1.0" encoding="UTF-8"?>
<!-- Generated by org.testng.reporters.JUnitReportReporter -->
<testsuite skipped="0" hostname="G10GNLT041" name="com.arcapi.Transittestcases.WasteCreatePOSTAPITest" tests="2" failures="0" timestamp="17 Jun 2019 09:30:41 GMT" time="11.750" errors="0">
  <testcase name="WasteCreatePOSTAPI" time="6.095" classname="com.arcapi.Transittestcases.WasteCreatePOSTAPITest"/>
  <testcase name="WasteCreatePOSTAPI" time="5.655" classname="com.arcapi.Transittestcases.WasteCreatePOSTAPITest"/>
</testsuite> <!-- com.arcapi.Transittestcases.WasteCreatePOSTAPITest -->
