<?xml version="1.0" encoding="UTF-8"?>
<!-- Generated by org.testng.reporters.JUnitReportReporter -->
<testsuite hostname="G10GGNLT052" name="com.arcapi.CompleteDataValidationNoPayloadTestcases.AssetAppaddPOSTAPITest" tests="1" failures="0" timestamp="9 Oct 2019 05:37:53 GMT" time="2.108" errors="0">
  <testcase name="AssetAppaddPOSTAPI" time="2.108" classname="com.arcapi.CompleteDataValidationNoPayloadTestcases.AssetAppaddPOSTAPITest"/>
</testsuite> <!-- com.arcapi.CompleteDataValidationNoPayloadTestcases.AssetAppaddPOSTAPITest -->
