<?xml version="1.0" encoding="UTF-8"?>
<!-- Generated by org.testng.reporters.JUnitReportReporter -->
<testsuite hostname="G10GGNLT052" name="com.arcapi.Common.V2.Waste_ScoreBasicAnalysisDataGetAPITest" tests="1" failures="0" timestamp="3 Oct 2019 06:11:50 GMT" time="1.593" errors="0">
  <testcase name="Waste_ScoreBasicAnalysisDataGetAPI" time="1.593" classname="com.arcapi.Common.V2.Waste_ScoreBasicAnalysisDataGetAPITest"/>
</testsuite> <!-- com.arcapi.Common.V2.Waste_ScoreBasicAnalysisDataGetAPITest -->
