<?xml version="1.0" encoding="UTF-8"?>
<!-- Generated by org.testng.reporters.JUnitReportReporter -->
<testsuite hostname="G10GGNLT052" name="com.arcapi.Buildingtestcases.OtherFuelConsumptionDeleteAPITest" tests="1" failures="0" timestamp="7 Nov 2019 06:53:23 GMT" time="26.388" errors="0">
  <testcase name="OtherFuelConsumptionDeleteAPI" time="26.388" classname="com.arcapi.Buildingtestcases.OtherFuelConsumptionDeleteAPITest"/>
</testsuite> <!-- com.arcapi.Buildingtestcases.OtherFuelConsumptionDeleteAPITest -->
