<?xml version="1.0" encoding="UTF-8"?>
<!-- Generated by org.testng.reporters.JUnitReportReporter -->
<testsuite hostname="G10GGNLT052" name="com.arcapi.Common.PaymentHistoryAPITest" tests="1" failures="0" timestamp="17 Oct 2019 07:26:52 GMT" time="2.022" errors="0">
  <testcase name="PaymentHistoryAPI" time="2.022" classname="com.arcapi.Common.PaymentHistoryAPITest"/>
</testsuite> <!-- com.arcapi.Common.PaymentHistoryAPITest -->
