<?xml version="1.0" encoding="UTF-8"?>
<!-- Generated by org.testng.reporters.JUnitReportReporter -->
<testsuite skipped="0" hostname="G10GNLT041" name="com.arcapi.Communitytestcases.AssetTeamMemberAddPOSTAPITest" tests="2" failures="0" timestamp="17 Jun 2019 09:30:40 GMT" time="9.793" errors="0">
  <testcase name="AssetTeamMemberAddPOSTAPI" time="4.908" classname="com.arcapi.Communitytestcases.AssetTeamMemberAddPOSTAPITest"/>
  <testcase name="AssetTeamMemberAddPOSTAPI" time="4.885" classname="com.arcapi.Communitytestcases.AssetTeamMemberAddPOSTAPITest"/>
</testsuite> <!-- com.arcapi.Communitytestcases.AssetTeamMemberAddPOSTAPITest -->
