<?xml version="1.0" encoding="UTF-8"?>
<!-- Generated by org.testng.reporters.JUnitReportReporter -->
<testsuite hostname="G10GGNLT052" name="com.arcapi.Portfoliostestcases.GresbAssetsDetailsGetAPITest" tests="1" failures="0" timestamp="4 Oct 2019 09:00:23 GMT" time="3.036" errors="0">
  <testcase name="GresbAssetsDetailsGetAPI" time="3.036" classname="com.arcapi.Portfoliostestcases.GresbAssetsDetailsGetAPITest"/>
</testsuite> <!-- com.arcapi.Portfoliostestcases.GresbAssetsDetailsGetAPITest -->
