<?xml version="1.0" encoding="UTF-8"?>
<!-- Generated by org.testng.reporters.JUnitReportReporter -->
<testsuite skipped="0" hostname="G10GNLT041" name="com.arcapi.Citytestcases.VerifyAssetDetailCityAPITest" tests="2" failures="0" timestamp="17 Jun 2019 08:07:17 GMT" time="6.312" errors="0">
  <testcase name="AssetDetailAPI" time="3.038" classname="com.arcapi.Citytestcases.VerifyAssetDetailCityAPITest"/>
  <testcase name="AssetDetailAPI" time="3.274" classname="com.arcapi.Citytestcases.VerifyAssetDetailCityAPITest"/>
</testsuite> <!-- com.arcapi.Citytestcases.VerifyAssetDetailCityAPITest -->
