<?xml version="1.0" encoding="UTF-8"?>
<!-- Generated by org.testng.reporters.JUnitReportReporter -->
<testsuite hostname="G10GGNLT052" name="com.arcapi.release1_18testcases.AddAssestTimelinePOSTAPITest" tests="1" failures="0" timestamp="14 Aug 2019 10:04:05 GMT" time="8.083" errors="0">
  <testcase name="AddAssestTimeline" time="8.083" classname="com.arcapi.release1_18testcases.AddAssestTimelinePOSTAPITest"/>
</testsuite> <!-- com.arcapi.release1_18testcases.AddAssestTimelinePOSTAPITest -->
