<?xml version="1.0" encoding="UTF-8"?>
<!-- Generated by org.testng.reporters.JUnitReportReporter -->
<testsuite skipped="0" hostname="G10GNLT041" name="com.arcapi.release1_18testcases.AssetDetailQueryParamTrackerDateAPITest" tests="1" failures="0" timestamp="03 Jul 2019 07:27:36 GMT" time="41.209" errors="0">
  <testcase name="AssetDetailQueryParamAPI" time="41.209" classname="com.arcapi.release1_18testcases.AssetDetailQueryParamTrackerDateAPITest"/>
</testsuite> <!-- com.arcapi.release1_18testcases.AssetDetailQueryParamTrackerDateAPITest -->
