<?xml version="1.0" encoding="UTF-8"?>
<!-- Generated by org.testng.reporters.JUnitReportReporter -->
<testsuite hostname="G10GGNLT052" name="com.arcapi.Buildingtestcases.CO2MeterCreateAPITest" tests="1" failures="0" timestamp="13 Sep 2019 09:56:32 GMT" time="3.411" errors="0">
  <testcase name="CO2MeterCreateAPI" time="3.411" classname="com.arcapi.Buildingtestcases.CO2MeterCreateAPITest"/>
</testsuite> <!-- com.arcapi.Buildingtestcases.CO2MeterCreateAPITest -->
