<?xml version="1.0" encoding="UTF-8"?>
<!-- Generated by org.testng.reporters.JUnitReportReporter -->
<testsuite skipped="0" hostname="G10GNLT041" name="com.arcapi.Buildingtestcases.AssetDataSnapshotAPITest" tests="2" failures="0" timestamp="17 Jun 2019 07:27:39 GMT" time="41.783" errors="0">
  <testcase name="AssetDataSnapshotAPI" time="21.836" classname="com.arcapi.Buildingtestcases.AssetDataSnapshotAPITest"/>
  <testcase name="AssetDataSnapshotAPI" time="19.947" classname="com.arcapi.Buildingtestcases.AssetDataSnapshotAPITest"/>
</testsuite> <!-- com.arcapi.Buildingtestcases.AssetDataSnapshotAPITest -->
