<?xml version="1.0" encoding="UTF-8"?>
<!-- Generated by org.testng.reporters.JUnitReportReporter -->
<testsuite skipped="0" hostname="G10GNLT041" name="com.arcapi.Transittestcases.AssetNotificationSubscriptionPostTest" tests="2" failures="0" timestamp="17 Jun 2019 09:30:40 GMT" time="8.144" errors="0">
  <testcase name="AssetNotificationSubscriptionPost" time="5.653" classname="com.arcapi.Transittestcases.AssetNotificationSubscriptionPostTest"/>
  <testcase name="AssetNotificationSubscriptionPost" time="2.491" classname="com.arcapi.Transittestcases.AssetNotificationSubscriptionPostTest"/>
</testsuite> <!-- com.arcapi.Transittestcases.AssetNotificationSubscriptionPostTest -->
