<?xml version="1.0" encoding="UTF-8"?>
<!-- Generated by org.testng.reporters.JUnitReportReporter -->
<testsuite hostname="G10GGNLT052" name="com.arcapi.Common.AssetTeamMemberAddPOSTAPITest" tests="1" failures="0" timestamp="20 Sep 2019 07:00:22 GMT" time="3.225" errors="0">
  <testcase name="AssetTeamMemberAddPOSTAPI" time="3.225" classname="com.arcapi.Common.AssetTeamMemberAddPOSTAPITest"/>
</testsuite> <!-- com.arcapi.Common.AssetTeamMemberAddPOSTAPITest -->
