<?xml version="1.0" encoding="UTF-8"?>
<!-- Generated by org.testng.reporters.JUnitReportReporter -->
<testsuite hostname="G10GGNLT052" name="com.arcapi.Common.InstallAllAppsAfterDeleteAPITest" tests="1" failures="0" timestamp="5 Nov 2019 05:13:46 GMT" time="4.859" errors="0">
  <testcase name="InstallAllAppsAfterDeleteAPI" time="4.859" classname="com.arcapi.Common.InstallAllAppsAfterDeleteAPITest"/>
</testsuite> <!-- com.arcapi.Common.InstallAllAppsAfterDeleteAPITest -->
