<?xml version="1.0" encoding="UTF-8"?>
<!-- Generated by org.testng.reporters.JUnitReportReporter -->
<testsuite hostname="G10GGNLT052" name="com.arcapi.Common.AssetValidationInfoPOSTAPITest" tests="1" failures="0" timestamp="7 Oct 2019 08:53:31 GMT" time="2.492" errors="0">
  <testcase name="AssetValidationInfoPOSTAPI" time="2.492" classname="com.arcapi.Common.AssetValidationInfoPOSTAPITest"/>
</testsuite> <!-- com.arcapi.Common.AssetValidationInfoPOSTAPITest -->
