<?xml version="1.0" encoding="UTF-8"?>
<!-- Generated by org.testng.reporters.JUnitReportReporter -->
<testsuite skipped="0" hostname="G10GNLT041" name="com.arcapi.Communitytestcases.S3DocumentListAPITest" tests="1" failures="0" timestamp="17 Jun 2019 09:30:41 GMT" time="4.047" errors="0">
  <testcase name="S3DocumentListAPI" time="4.047" classname="com.arcapi.Communitytestcases.S3DocumentListAPITest"/>
</testsuite> <!-- com.arcapi.Communitytestcases.S3DocumentListAPITest -->
