<?xml version="1.0" encoding="UTF-8"?>
<!-- Generated by org.testng.reporters.JUnitReportReporter -->
<testsuite hostname="G10GGNLT052" name="com.arcapi.Common.AssetSnapshotDownloadAPITest" tests="1" failures="0" timestamp="9 Sep 2019 14:17:22 GMT" time="11.984" errors="0">
  <testcase name="AssetSnapshotDownloadAPI" time="11.984" classname="com.arcapi.Common.AssetSnapshotDownloadAPITest"/>
</testsuite> <!-- com.arcapi.Common.AssetSnapshotDownloadAPITest -->
