<?xml version="1.0" encoding="UTF-8"?>
<!-- Generated by org.testng.reporters.JUnitReportReporter -->
<testsuite hostname="G10GGNLT052" name="com.arcapi.Common.AssetSearchOwnerAPITest" tests="1" failures="0" timestamp="20 Sep 2019 07:00:23 GMT" time="1.817" errors="0">
  <testcase name="AssetSearchOwnerAPI" time="1.817" classname="com.arcapi.Common.AssetSearchOwnerAPITest"/>
</testsuite> <!-- com.arcapi.Common.AssetSearchOwnerAPITest -->
