<?xml version="1.0" encoding="UTF-8"?>
<!-- Generated by org.testng.reporters.JUnitReportReporter -->
<testsuite skipped="0" hostname="G10GNLT041" name="com.arcapi.Citytestcases.AssetDataExportAPITest" tests="2" failures="0" timestamp="17 Jun 2019 08:07:17 GMT" time="7.259" errors="0">
  <testcase name="AssetDataExportAPI" time="3.966" classname="com.arcapi.Citytestcases.AssetDataExportAPITest"/>
  <testcase name="AssetDataExportAPI" time="3.293" classname="com.arcapi.Citytestcases.AssetDataExportAPITest"/>
</testsuite> <!-- com.arcapi.Citytestcases.AssetDataExportAPITest -->
