<?xml version="1.0" encoding="UTF-8"?>
<!-- Generated by org.testng.reporters.JUnitReportReporter -->
<testsuite skipped="0" hostname="G10GNLT041" name="com.arcapi.Transittestcases.ReviewCertificationPricingAPITest" tests="2" failures="0" timestamp="17 Jun 2019 09:30:40 GMT" time="12.229" errors="0">
  <testcase name="ReviewCertificationPricingAPI" time="4.113" classname="com.arcapi.Transittestcases.ReviewCertificationPricingAPITest"/>
  <testcase name="ReviewCertificationPricingAPI" time="8.116" classname="com.arcapi.Transittestcases.ReviewCertificationPricingAPITest"/>
</testsuite> <!-- com.arcapi.Transittestcases.ReviewCertificationPricingAPITest -->
