<?xml version="1.0" encoding="UTF-8"?>
<!-- Generated by org.testng.reporters.JUnitReportReporter -->
<testsuite skipped="0" hostname="G10GNLT041" name="com.arcapi.InterRelatedFieldValidationTestcases.ElectricityMeterCreatePOSTAPITest" tests="1" failures="0" timestamp="21 Jun 2019 05:34:13 GMT" time="68.714" errors="0">
  <testcase name="ElectricityMeterCreatePOSTAPI" time="68.714" classname="com.arcapi.InterRelatedFieldValidationTestcases.ElectricityMeterCreatePOSTAPITest"/>
</testsuite> <!-- com.arcapi.InterRelatedFieldValidationTestcases.ElectricityMeterCreatePOSTAPITest -->
