<?xml version="1.0" encoding="UTF-8"?>
<!-- Generated by org.testng.reporters.JUnitReportReporter -->
<testsuite hostname="G10GGNLT052" name="com.arcapi.Portfoliostestcases.PortfoliosAnalyticsCategoryDetailAPITest" tests="1" failures="0" timestamp="3 Aug 2019 11:05:09 GMT" time="2.451" errors="0">
  <testcase name="PortfoliosAnalyticsCategoryDetailAPI" time="2.451" classname="com.arcapi.Portfoliostestcases.PortfoliosAnalyticsCategoryDetailAPITest"/>
</testsuite> <!-- com.arcapi.Portfoliostestcases.PortfoliosAnalyticsCategoryDetailAPITest -->
