<?xml version="1.0" encoding="UTF-8"?>
<!-- Generated by org.testng.reporters.JUnitReportReporter -->
<testsuite hostname="G10GGNLT052" name="com.arcapi.Common.UserAccessLevelSAPGetTest" tests="1" failures="0" timestamp="27 Sep 2019 05:35:20 GMT" time="2.541" errors="0">
  <testcase name="UserAccessLevelSAPGet" time="2.541" classname="com.arcapi.Common.UserAccessLevelSAPGetTest"/>
</testsuite> <!-- com.arcapi.Common.UserAccessLevelSAPGetTest -->
