<?xml version="1.0" encoding="UTF-8"?>
<!-- Generated by org.testng.reporters.JUnitReportReporter -->
<testsuite hostname="G10GGNLT052" name="com.arcapi.Common.CityCom.MeasuresDetailAPITest" tests="1" failures="0" timestamp="5 Sep 2019 10:37:20 GMT" time="1.785" errors="0">
  <testcase name="MeasuresDetailAPI" time="1.785" classname="com.arcapi.Common.CityCom.MeasuresDetailAPITest"/>
</testsuite> <!-- com.arcapi.Common.CityCom.MeasuresDetailAPITest -->
