<?xml version="1.0" encoding="UTF-8"?>
<!-- Generated by org.testng.reporters.JUnitReportReporter -->
<testsuite skipped="0" hostname="G10GNLT041" name="com.arcapi.Citytestcases.PerformanceComparablesGetAPITest" tests="2" failures="0" timestamp="17 Jun 2019 08:07:16 GMT" time="6.241" errors="0">
  <testcase name="PerformanceComparablesGetAPI" time="3.053" classname="com.arcapi.Citytestcases.PerformanceComparablesGetAPITest"/>
  <testcase name="PerformanceComparablesGetAPI" time="3.188" classname="com.arcapi.Citytestcases.PerformanceComparablesGetAPITest"/>
</testsuite> <!-- com.arcapi.Citytestcases.PerformanceComparablesGetAPITest -->
