<?xml version="1.0" encoding="UTF-8"?>
<!-- Generated by org.testng.reporters.JUnitReportReporter -->
<testsuite skipped="0" hostname="G10GNLT041" name="com.arcapi.Citytestcases.AssetNotificationSubscriptionListTest" tests="2" failures="0" timestamp="17 Jun 2019 08:07:17 GMT" time="6.527" errors="0">
  <testcase name="AssetNotificationSubscriptionList" time="3.627" classname="com.arcapi.Citytestcases.AssetNotificationSubscriptionListTest"/>
  <testcase name="AssetNotificationSubscriptionList" time="2.900" classname="com.arcapi.Citytestcases.AssetNotificationSubscriptionListTest"/>
</testsuite> <!-- com.arcapi.Citytestcases.AssetNotificationSubscriptionListTest -->
