<?xml version="1.0" encoding="UTF-8"?>
<!-- Generated by org.testng.reporters.JUnitReportReporter -->
<testsuite hostname="G10GGNLT052" name="com.arcapi.Buildingtestcases.ElectricityConsumptionDeleteAPITest" tests="1" failures="0" timestamp="11 Oct 2019 08:57:39 GMT" time="22.668" errors="0">
  <testcase name="ElectricityConsumptionDeleteAPI" time="22.668" classname="com.arcapi.Buildingtestcases.ElectricityConsumptionDeleteAPITest"/>
</testsuite> <!-- com.arcapi.Buildingtestcases.ElectricityConsumptionDeleteAPITest -->
