<?xml version="1.0" encoding="UTF-8"?>
<!-- Generated by org.testng.reporters.JUnitReportReporter -->
<testsuite skipped="0" hostname="G10GNLT041" name="com.arcapi.Buildingtestcases.ThirdPartyListAppsAPITest" tests="2" failures="0" timestamp="17 Jun 2019 07:27:40 GMT" time="13.323" errors="0">
  <testcase name="ThirdPartyListAppsAPI" time="6.535" classname="com.arcapi.Buildingtestcases.ThirdPartyListAppsAPITest"/>
  <testcase name="ThirdPartyListAppsAPI" time="6.788" classname="com.arcapi.Buildingtestcases.ThirdPartyListAppsAPITest"/>
</testsuite> <!-- com.arcapi.Buildingtestcases.ThirdPartyListAppsAPITest -->
