<?xml version="1.0" encoding="UTF-8"?>
<!-- Generated by org.testng.reporters.JUnitReportReporter -->
<testsuite hostname="G10GGNLT052" name="com.arcapi.Portfoliostestcases.PortfoliosGoalsDetailAPITest" tests="1" failures="0" timestamp="5 Nov 2019 05:01:55 GMT" time="1.370" errors="0">
  <testcase name="PortfoliosGoalsDetailAPI" time="1.370" classname="com.arcapi.Portfoliostestcases.PortfoliosGoalsDetailAPITest"/>
</testsuite> <!-- com.arcapi.Portfoliostestcases.PortfoliosGoalsDetailAPITest -->
