<?xml version="1.0" encoding="UTF-8"?>
<!-- Generated by org.testng.reporters.JUnitReportReporter -->
<testsuite skipped="0" hostname="G10GNLT041" name="com.arcapi.TrailFlowtestcasesComplete.AssetUpdateBuildingAPITest" tests="2" failures="0" timestamp="22 Feb 2019 05:49:40 GMT" time="5.945" errors="0">
  <testcase name="AssetUpdateforNewAssetPUTAPI" time="3.424" classname="com.arcapi.TrailFlowtestcasesComplete.AssetUpdateBuildingAPITest"/>
  <testcase name="AssetUpdateforNewAssetPUTAPI" time="2.521" classname="com.arcapi.TrailFlowtestcasesComplete.AssetUpdateBuildingAPITest"/>
</testsuite> <!-- com.arcapi.TrailFlowtestcasesComplete.AssetUpdateBuildingAPITest -->
