<?xml version="1.0" encoding="UTF-8"?>
<!-- Generated by org.testng.reporters.JUnitReportReporter -->
<testsuite hostname="G10GGNLT052" name="com.arcapi.InterRelatedFieldValidationTestcases.HumanCreatePOSTAPITest" tests="1" failures="0" timestamp="10 Oct 2019 06:35:20 GMT" time="65.603" errors="0">
  <testcase name="HumanCreatePOSTAPI" time="65.603" classname="com.arcapi.InterRelatedFieldValidationTestcases.HumanCreatePOSTAPITest"/>
</testsuite> <!-- com.arcapi.InterRelatedFieldValidationTestcases.HumanCreatePOSTAPITest -->
