<?xml version="1.0" encoding="UTF-8"?>
<!-- Generated by org.testng.reporters.JUnitReportReporter -->
<testsuite hostname="G10GGNLT052" name="com.arcapi.Common.V2.ResampledTotalScoreGetAPITest" tests="1" failures="0" timestamp="5 Nov 2019 09:09:55 GMT" time="7.713" errors="0">
  <testcase name="ResampledTotalScoreGetAPI" time="7.713" classname="com.arcapi.Common.V2.ResampledTotalScoreGetAPITest"/>
</testsuite> <!-- com.arcapi.Common.V2.ResampledTotalScoreGetAPITest -->
