<?xml version="1.0" encoding="UTF-8"?>
<!-- Generated by org.testng.reporters.JUnitReportReporter -->
<testsuite skipped="0" hostname="G10GNLT041" name="com.arcapi.Transittestcases.WasteDivertedBulkDataPostTest" tests="1" failures="0" timestamp="10 Oct 2018 10:34:50 GMT" time="7.478" errors="0">
  <testcase name="WasteDivertedBulkDataPost" time="7.478" classname="com.arcapi.Transittestcases.WasteDivertedBulkDataPostTest"/>
</testsuite> <!-- com.arcapi.Transittestcases.WasteDivertedBulkDataPostTest -->
