<?xml version="1.0" encoding="UTF-8"?>
<!-- Generated by org.testng.reporters.JUnitReportReporter -->
<testsuite skipped="0" hostname="G10GNLT041" name="com.arcapi.Buildingtestcases.EnvironmentSurveySummarizeAPITest" tests="1" failures="0" timestamp="04 Dec 2018 04:59:02 GMT" time="7.691" errors="0">
  <testcase name="EnvironmentSurveySummarizeAPI" time="7.691" classname="com.arcapi.Buildingtestcases.EnvironmentSurveySummarizeAPITest"/>
</testsuite> <!-- com.arcapi.Buildingtestcases.EnvironmentSurveySummarizeAPITest -->
