<?xml version="1.0" encoding="UTF-8"?>
<!-- Generated by org.testng.reporters.JUnitReportReporter -->
<testsuite hostname="G10GGNLT052" name="com.arcapi.Common.FetchingAgreementDetailsAPITest" tests="1" failures="0" timestamp="27 Aug 2019 03:54:10 GMT" time="1.672" errors="0">
  <testcase name="FetchingAgreementDetailsAPI" time="1.672" classname="com.arcapi.Common.FetchingAgreementDetailsAPITest"/>
</testsuite> <!-- com.arcapi.Common.FetchingAgreementDetailsAPITest -->
