<?xml version="1.0" encoding="UTF-8"?>
<!-- Generated by org.testng.reporters.JUnitReportReporter -->
<testsuite hostname="G10GGNLT052" name="com.arcapi.ScenarioBasedTestcases.TeamManagerAddPOSTAPITest" tests="1" failures="0" timestamp="9 Oct 2019 09:03:48 GMT" time="9.371" errors="0">
  <testcase name="TeamManagerAddPOSTAPI" time="9.371" classname="com.arcapi.ScenarioBasedTestcases.TeamManagerAddPOSTAPITest"/>
</testsuite> <!-- com.arcapi.ScenarioBasedTestcases.TeamManagerAddPOSTAPITest -->
