<?xml version="1.0" encoding="UTF-8"?>
<!-- Generated by org.testng.reporters.JUnitReportReporter -->
<testsuite skipped="0" hostname="G10GNLT041" name="com.arcapi.CompleteDataValidationTestcases.S3DocumentUploadPOSTAPITest" tests="1" failures="0" timestamp="21 Jun 2019 06:10:22 GMT" time="23.230" errors="0">
  <testcase name="S3DocumentUploadPOSTAPI" time="23.230" classname="com.arcapi.CompleteDataValidationTestcases.S3DocumentUploadPOSTAPITest"/>
</testsuite> <!-- com.arcapi.CompleteDataValidationTestcases.S3DocumentUploadPOSTAPITest -->
