<?xml version="1.0" encoding="UTF-8"?>
<!-- Generated by org.testng.reporters.JUnitReportReporter -->
<testsuite skipped="0" hostname="G10GNLT041" name="com.arcapi.Citytestcases.ScoreWeightsAPITest" tests="2" failures="0" timestamp="17 Jun 2019 08:07:17 GMT" time="6.291" errors="0">
  <testcase name="ScoreWeightsAPI" time="3.129" classname="com.arcapi.Citytestcases.ScoreWeightsAPITest"/>
  <testcase name="ScoreWeightsAPI" time="3.162" classname="com.arcapi.Citytestcases.ScoreWeightsAPITest"/>
</testsuite> <!-- com.arcapi.Citytestcases.ScoreWeightsAPITest -->
