<?xml version="1.0" encoding="UTF-8"?>
<!-- Generated by org.testng.reporters.JUnitReportReporter -->
<testsuite skipped="0" hostname="G10GNLT041" name="com.arcapi.Communitytestcases.AssetTeamPermissionListAPITest" tests="2" failures="0" timestamp="17 Jun 2019 09:30:40 GMT" time="11.586" errors="0">
  <testcase name="AssetTeamPermissionListAPI" time="6.659" classname="com.arcapi.Communitytestcases.AssetTeamPermissionListAPITest"/>
  <testcase name="AssetTeamPermissionListAPI" time="4.927" classname="com.arcapi.Communitytestcases.AssetTeamPermissionListAPITest"/>
</testsuite> <!-- com.arcapi.Communitytestcases.AssetTeamPermissionListAPITest -->
