<?xml version="1.0" encoding="UTF-8"?>
<!-- Generated by org.testng.reporters.JUnitReportReporter -->
<testsuite skipped="0" hostname="G10GNLT041" name="com.arcapi.Transittestcases.WasteUpdatePUTAPITest" tests="2" failures="0" timestamp="17 Jun 2019 09:30:41 GMT" time="8.418" errors="0">
  <testcase name="WasteUpdatePUTAPI" time="3.795" classname="com.arcapi.Transittestcases.WasteUpdatePUTAPITest"/>
  <testcase name="WasteUpdatePUTAPI" time="4.623" classname="com.arcapi.Transittestcases.WasteUpdatePUTAPITest"/>
</testsuite> <!-- com.arcapi.Transittestcases.WasteUpdatePUTAPITest -->
