<?xml version="1.0" encoding="UTF-8"?>
<!-- Generated by org.testng.reporters.JUnitReportReporter -->
<testsuite hostname="G10GGNLT052" name="com.arcapi.Buildingtestcases.GhgCalcGetTest" tests="1" failures="0" timestamp="10 Oct 2019 08:21:46 GMT" time="2.447" errors="0">
  <testcase name="GhgCalcGet" time="2.447" classname="com.arcapi.Buildingtestcases.GhgCalcGetTest"/>
</testsuite> <!-- com.arcapi.Buildingtestcases.GhgCalcGetTest -->
