<?xml version="1.0" encoding="UTF-8"?>
<!-- Generated by org.testng.reporters.JUnitReportReporter -->
<testsuite skipped="0" hostname="G10GNLT041" name="com.arcapi.TrailFlowtestcases.Transit.AssetSnapshotKeysAPITest" tests="1" failures="0" timestamp="08 Feb 2019 07:19:25 GMT" time="2.123" errors="0">
  <testcase name="AssetSnapshotKeysAPI" time="2.123" classname="com.arcapi.TrailFlowtestcases.Transit.AssetSnapshotKeysAPITest"/>
</testsuite> <!-- com.arcapi.TrailFlowtestcases.Transit.AssetSnapshotKeysAPITest -->
