<?xml version="1.0" encoding="UTF-8"?>
<!-- Generated by org.testng.reporters.JUnitReportReporter -->
<testsuite hostname="G10GGNLT052" name="com.arcapi.Common.PaymentOrderSubmitPOSTAPITest" tests="1" failures="0" timestamp="21 Sep 2019 09:20:04 GMT" time="9.260" errors="0">
  <testcase name="PaymentOrderSubmitPOSTAPI" time="9.260" classname="com.arcapi.Common.PaymentOrderSubmitPOSTAPITest"/>
</testsuite> <!-- com.arcapi.Common.PaymentOrderSubmitPOSTAPITest -->
