<?xml version="1.0" encoding="UTF-8"?>
<!-- Generated by org.testng.reporters.JUnitReportReporter -->
<testsuite skipped="0" hostname="G10GNLT041" name="com.arcapi.Citytestcases.LOTokenAPITest" tests="2" failures="0" timestamp="17 Jun 2019 08:07:17 GMT" time="10.449" errors="0">
  <testcase name="LOTokenAPI" time="6.978" classname="com.arcapi.Citytestcases.LOTokenAPITest"/>
  <testcase name="LOTokenAPI" time="3.471" classname="com.arcapi.Citytestcases.LOTokenAPITest"/>
</testsuite> <!-- com.arcapi.Citytestcases.LOTokenAPITest -->
