<?xml version="1.0" encoding="UTF-8"?>
<!-- Generated by org.testng.reporters.JUnitReportReporter -->
<testsuite hostname="G10GGNLT052" name="com.arcapi.Citytestcases.MeasuresPostAPITest" tests="1" failures="0" timestamp="5 Sep 2019 06:00:27 GMT" time="17.103" errors="0">
  <testcase name="MeasuresPostAPI" time="17.103" classname="com.arcapi.Citytestcases.MeasuresPostAPITest"/>
</testsuite> <!-- com.arcapi.Citytestcases.MeasuresPostAPITest -->
