<?xml version="1.0" encoding="UTF-8"?>
<!-- Generated by org.testng.reporters.JUnitReportReporter -->
<testsuite hostname="G10GGNLT052" name="com.arcapi.Buildingtestcases.AnalysisDataEmissionAPITest" tests="1" failures="0" timestamp="10 Sep 2019 07:02:27 GMT" time="22.174" errors="0">
  <testcase name="AnalysisDataEmissionAPI" time="22.174" classname="com.arcapi.Buildingtestcases.AnalysisDataEmissionAPITest"/>
</testsuite> <!-- com.arcapi.Buildingtestcases.AnalysisDataEmissionAPITest -->
