<?xml version="1.0" encoding="UTF-8"?>
<!-- Generated by org.testng.reporters.JUnitReportReporter -->
<testsuite hostname="G10GGNLT052" name="com.arcapi.Common.CityCom.CreateNewProjectAPITest" tests="1" failures="0" timestamp="20 Sep 2019 08:24:46 GMT" time="6.631" errors="0">
  <testcase name="CreateAssetPOSTAPI" time="6.631" classname="com.arcapi.Common.CityCom.CreateNewProjectAPITest"/>
</testsuite> <!-- com.arcapi.Common.CityCom.CreateNewProjectAPITest -->
