<?xml version="1.0" encoding="UTF-8"?>
<!-- Generated by org.testng.reporters.JUnitReportReporter -->
<testsuite skipped="0" hostname="G10GNLT041" name="com.arcapi.Buildingtestcases.GhgMeanEmissionAfterDecreaseTest" tests="1" failures="0" timestamp="21 Jun 2019 04:40:32 GMT" time="6.077" errors="0">
  <testcase name="GhgGetTestAPI" time="6.077" classname="com.arcapi.Buildingtestcases.GhgMeanEmissionAfterDecreaseTest"/>
</testsuite> <!-- com.arcapi.Buildingtestcases.GhgMeanEmissionAfterDecreaseTest -->
