<?xml version="1.0" encoding="UTF-8"?>
<!-- Generated by org.testng.reporters.JUnitReportReporter -->
<testsuite hostname="G10GGNLT052" name="com.arcapi.Buildingtestcases.MetersListEmissionTest" tests="2" failures="0" timestamp="7 Nov 2019 08:15:32 GMT" time="3.923" errors="0">
  <testcase name="MetersAPI" time="1.836" classname="com.arcapi.Buildingtestcases.MetersListEmissionTest"/>
  <testcase name="MetersAPI" time="2.087" classname="com.arcapi.Buildingtestcases.MetersListEmissionTest"/>
</testsuite> <!-- com.arcapi.Buildingtestcases.MetersListEmissionTest -->
