<?xml version="1.0" encoding="UTF-8"?>
<!-- Generated by org.testng.reporters.JUnitReportReporter -->
<testsuite hostname="G10GGNLT052" name="com.arcapi.Buildingtestcases.VerifyExcelTemplateConsumptionAPITest" tests="1" failures="0" timestamp="10 Oct 2019 08:21:45 GMT" time="15.193" errors="0">
  <testcase name="VerifyExcelTemplateConsumptionAPI" time="15.193" classname="com.arcapi.Buildingtestcases.VerifyExcelTemplateConsumptionAPITest"/>
</testsuite> <!-- com.arcapi.Buildingtestcases.VerifyExcelTemplateConsumptionAPITest -->
