<?xml version="1.0" encoding="UTF-8"?>
<!-- Generated by org.testng.reporters.JUnitReportReporter -->
<testsuite hostname="G10GGNLT052" name="com.arcapi.Citytestcases.CreditGetAPITest" tests="1" failures="0" timestamp="5 Sep 2019 06:00:27 GMT" time="5.936" errors="0">
  <testcase name="CreditGetAPI" time="5.936" classname="com.arcapi.Citytestcases.CreditGetAPITest"/>
</testsuite> <!-- com.arcapi.Citytestcases.CreditGetAPITest -->
