<?xml version="1.0" encoding="UTF-8"?>
<!-- Generated by org.testng.reporters.JUnitReportReporter -->
<testsuite skipped="0" hostname="G10GNLT041" name="com.arcapi.Scoretestcases.version3.VOCGetTest" tests="1" failures="0" timestamp="13 Sep 2018 06:44:08 GMT" time="4.584" errors="0">
  <testcase name="VOCGet" time="4.584" classname="com.arcapi.Scoretestcases.version3.VOCGetTest"/>
</testsuite> <!-- com.arcapi.Scoretestcases.version3.VOCGetTest -->
