<?xml version="1.0" encoding="UTF-8"?>
<!-- Generated by org.testng.reporters.JUnitReportReporter -->
<testsuite skipped="0" hostname="G10GNLT041" name="com.arcapi.CompleteDataValidationNoPayloadTestcases.PortfoliosAssetPostAPITest" tests="1" failures="0" timestamp="21 Jun 2019 06:10:22 GMT" time="5.237" errors="0">
  <testcase name="PortfoliosAssetPostAPI" time="5.237" classname="com.arcapi.CompleteDataValidationNoPayloadTestcases.PortfoliosAssetPostAPITest"/>
</testsuite> <!-- com.arcapi.CompleteDataValidationNoPayloadTestcases.PortfoliosAssetPostAPITest -->
