<?xml version="1.0" encoding="UTF-8"?>
<!-- Generated by org.testng.reporters.JUnitReportReporter -->
<testsuite skipped="0" hostname="G10GNLT041" name="com.arcapi.Communitytestcases.DownloadDocumentsAPITest" tests="2" failures="0" timestamp="17 Jun 2019 09:30:41 GMT" time="10.093" errors="0">
  <testcase name="DownloadDocumentsAPI" time="4.388" classname="com.arcapi.Communitytestcases.DownloadDocumentsAPITest"/>
  <testcase name="DownloadDocumentsAPI" time="5.705" classname="com.arcapi.Communitytestcases.DownloadDocumentsAPITest"/>
</testsuite> <!-- com.arcapi.Communitytestcases.DownloadDocumentsAPITest -->
