<?xml version="1.0" encoding="UTF-8"?>
<!-- Generated by org.testng.reporters.JUnitReportReporter -->
<testsuite skipped="0" hostname="G10GNLT041" name="com.arcapi.Citytestcases.CreateAssetCityNoneAPITest" tests="1" failures="0" timestamp="17 Jun 2019 08:07:17 GMT" time="79.290" errors="0">
  <testcase name="CreateAssetPOSTAPI" time="79.290" classname="com.arcapi.Citytestcases.CreateAssetCityNoneAPITest"/>
</testsuite> <!-- com.arcapi.Citytestcases.CreateAssetCityNoneAPITest -->
