<?xml version="1.0" encoding="UTF-8"?>
<!-- Generated by org.testng.reporters.JUnitReportReporter -->
<testsuite skipped="0" hostname="G10GNLT041" name="com.arcapi.Communitytestcases.MeterCreateAPICityCommTest" tests="2" failures="0" timestamp="17 Jun 2019 09:30:41 GMT" time="151.018" errors="0">
  <testcase name="MeterCreatePOSTAPI" time="78.572" classname="com.arcapi.Communitytestcases.MeterCreateAPICityCommTest"/>
  <testcase name="MeterCreatePOSTAPI" time="72.446" classname="com.arcapi.Communitytestcases.MeterCreateAPICityCommTest"/>
</testsuite> <!-- com.arcapi.Communitytestcases.MeterCreateAPICityCommTest -->
