<?xml version="1.0" encoding="UTF-8"?>
<!-- Generated by org.testng.reporters.JUnitReportReporter -->
<testsuite skipped="0" hostname="G10GNLT041" name="com.arcapi.Transittestcases.ConsumptionDetailAPITest" tests="2" failures="0" timestamp="17 Jun 2019 09:30:41 GMT" time="6.860" errors="0">
  <testcase name="ConsumptionDetailAPI" time="4.562" classname="com.arcapi.Transittestcases.ConsumptionDetailAPITest"/>
  <testcase name="ConsumptionDetailAPI" time="2.298" classname="com.arcapi.Transittestcases.ConsumptionDetailAPITest"/>
</testsuite> <!-- com.arcapi.Transittestcases.ConsumptionDetailAPITest -->
