<?xml version="1.0" encoding="UTF-8"?>
<!-- Generated by org.testng.reporters.JUnitReportReporter -->
<testsuite skipped="0" hostname="G10GNLT041" name="com.arcapi.Transittestcases.NotificationDeleteAPITest" tests="2" failures="0" timestamp="17 Jun 2019 09:30:41 GMT" time="7.014" errors="0">
  <testcase name="NotificationDeleteAPI" time="2.791" classname="com.arcapi.Transittestcases.NotificationDeleteAPITest"/>
  <testcase name="NotificationDeleteAPI" time="4.223" classname="com.arcapi.Transittestcases.NotificationDeleteAPITest"/>
</testsuite> <!-- com.arcapi.Transittestcases.NotificationDeleteAPITest -->
