<?xml version="1.0" encoding="UTF-8"?>
<!-- Generated by org.testng.reporters.JUnitReportReporter -->
<testsuite hostname="G10GGNLT052" name="com.arcapi.Buildingtestcases.WasteGetAPITest" tests="1" failures="0" timestamp="20 Sep 2019 07:00:23 GMT" time="2.417" errors="0">
  <testcase name="WasteGetAPI" time="2.417" classname="com.arcapi.Buildingtestcases.WasteGetAPITest"/>
</testsuite> <!-- com.arcapi.Buildingtestcases.WasteGetAPITest -->
