<?xml version="1.0" encoding="UTF-8"?>
<!-- Generated by org.testng.reporters.JUnitReportReporter -->
<testsuite skipped="0" hostname="G10GNLT041" name="com.arcapi.Citytestcases.CityCommConsumptionCustom2CreateAPITest" tests="1" failures="0" timestamp="22 May 2019 08:34:17 GMT" time="7.274" errors="0">
  <testcase name="ConsumptionCreatePOSTAPI" time="7.274" classname="com.arcapi.Citytestcases.CityCommConsumptionCustom2CreateAPITest"/>
</testsuite> <!-- com.arcapi.Citytestcases.CityCommConsumptionCustom2CreateAPITest -->
