<?xml version="1.0" encoding="UTF-8"?>
<!-- Generated by org.testng.reporters.JUnitReportReporter -->
<testsuite hostname="G10GGNLT052" name="com.arcapi.Common.CityCom.MeasuresVersionDetailAPITest" tests="1" failures="0" timestamp="1 Oct 2019 07:10:21 GMT" time="2.057" errors="0">
  <testcase name="MeasuresVersionDetailAPI" time="2.057" classname="com.arcapi.Common.CityCom.MeasuresVersionDetailAPITest"/>
</testsuite> <!-- com.arcapi.Common.CityCom.MeasuresVersionDetailAPITest -->
