<?xml version="1.0" encoding="UTF-8"?>
<!-- Generated by org.testng.reporters.JUnitReportReporter -->
<testsuite hostname="G10GGNLT052" name="com.arcapi.Buildingtestcases.NotificationDeleteAPITest" tests="1" failures="0" timestamp="4 Sep 2019 04:54:36 GMT" time="1.416" errors="0">
  <testcase name="NotificationDeleteAPI" time="1.416" classname="com.arcapi.Buildingtestcases.NotificationDeleteAPITest"/>
</testsuite> <!-- com.arcapi.Buildingtestcases.NotificationDeleteAPITest -->
