<?xml version="1.0" encoding="UTF-8"?>
<!-- Generated by org.testng.reporters.JUnitReportReporter -->
<testsuite hostname="G10GGNLT052" name="com.arcapi.Buildingtestcases.S3DocumentRemoveAPITest" tests="1" failures="0" timestamp="4 Sep 2019 04:54:37 GMT" time="1.728" errors="0">
  <testcase name="S3DocumentRemoveAPI" time="1.728" classname="com.arcapi.Buildingtestcases.S3DocumentRemoveAPITest"/>
</testsuite> <!-- com.arcapi.Buildingtestcases.S3DocumentRemoveAPITest -->
