<?xml version="1.0" encoding="UTF-8"?>
<!-- Generated by org.testng.reporters.JUnitReportReporter -->
<testsuite hostname="G10GGNLT052" name="com.arcapi.ScenarioBasedTestcases.WaterCreate180DaysDataPostAPITest" tests="1" failures="0" timestamp="7 Nov 2019 09:54:02 GMT" time="1.624" errors="0">
  <testcase name="WaterCreate180DaysDataPostAPI" time="1.624" classname="com.arcapi.ScenarioBasedTestcases.WaterCreate180DaysDataPostAPITest"/>
</testsuite> <!-- com.arcapi.ScenarioBasedTestcases.WaterCreate180DaysDataPostAPITest -->
