<?xml version="1.0" encoding="UTF-8"?>
<!-- Generated by org.testng.reporters.JUnitReportReporter -->
<testsuite hostname="G10GGNLT052" name="com.arcapi.Common.SocreVersionUpdateQuerysetGetAPITest" tests="1" failures="0" timestamp="27 Sep 2019 05:35:21 GMT" time="1.411" errors="0">
  <testcase name="SocreVersionUpdateQuerysetGetAPI" time="1.411" classname="com.arcapi.Common.SocreVersionUpdateQuerysetGetAPITest"/>
</testsuite> <!-- com.arcapi.Common.SocreVersionUpdateQuerysetGetAPITest -->
