<?xml version="1.0" encoding="UTF-8"?>
<!-- Generated by org.testng.reporters.JUnitReportReporter -->
<testsuite hostname="G10GGNLT052" name="com.arcapi.Common.AssetSnapshotKeysAPITest" tests="1" failures="0" timestamp="20 Sep 2019 07:00:23 GMT" time="1.984" errors="0">
  <testcase name="AssetSnapshotKeysAPI" time="1.984" classname="com.arcapi.Common.AssetSnapshotKeysAPITest"/>
</testsuite> <!-- com.arcapi.Common.AssetSnapshotKeysAPITest -->
