<?xml version="1.0" encoding="UTF-8"?>
<!-- Generated by org.testng.reporters.JUnitReportReporter -->
<testsuite hostname="G10GGNLT052" name="com.arcapi.Common.V2.ResampledDiverted_wasteAnalysisDataGetAPITest" tests="1" failures="0" timestamp="5 Nov 2019 05:13:46 GMT" time="1.414" errors="0">
  <testcase name="ResampledDiverted_wasteAnalysisDataGetAPI" time="1.414" classname="com.arcapi.Common.V2.ResampledDiverted_wasteAnalysisDataGetAPITest"/>
</testsuite> <!-- com.arcapi.Common.V2.ResampledDiverted_wasteAnalysisDataGetAPITest -->
