<?xml version="1.0" encoding="UTF-8"?>
<!-- Generated by org.testng.reporters.JUnitReportReporter -->
<testsuite hostname="G10GGNLT052" name="com.arcapi.Common.ScoreVersionLogQuerySetGetAPITest" tests="1" failures="0" timestamp="7 Oct 2019 08:53:31 GMT" time="1.424" errors="0">
  <testcase name="ScoreVersionLogQuerySetGetAPI" time="1.424" classname="com.arcapi.Common.ScoreVersionLogQuerySetGetAPITest"/>
</testsuite> <!-- com.arcapi.Common.ScoreVersionLogQuerySetGetAPITest -->
