<?xml version="1.0" encoding="UTF-8"?>
<!-- Generated by org.testng.reporters.JUnitReportReporter -->
<testsuite skipped="0" hostname="G10GNLT041" name="com.arcapi.Citytestcases.SignAgreementRegistrationAPITest" tests="2" failures="0" timestamp="21 Jun 2019 06:10:21 GMT" time="9.048" errors="0">
  <testcase name="SignAgreementRegistrationAPI" time="4.166" classname="com.arcapi.Citytestcases.SignAgreementRegistrationAPITest"/>
  <testcase name="SignAgreementRegistrationAPI" time="4.882" classname="com.arcapi.Citytestcases.SignAgreementRegistrationAPITest"/>
</testsuite> <!-- com.arcapi.Citytestcases.SignAgreementRegistrationAPITest -->
