<?xml version="1.0" encoding="UTF-8"?>
<!-- Generated by org.testng.reporters.JUnitReportReporter -->
<testsuite hostname="G10GGNLT052" name="com.arcapi.Leedv4Testcases.LOAuthenticateAPITest" tests="2" failures="0" timestamp="18 Sep 2019 07:29:31 GMT" time="6.528" errors="0">
  <testcase name="LOAuthenticateAPI" time="4.516" classname="com.arcapi.Leedv4Testcases.LOAuthenticateAPITest"/>
  <testcase name="LOAuthenticateAPI" time="2.012" classname="com.arcapi.Leedv4Testcases.LOAuthenticateAPITest"/>
</testsuite> <!-- com.arcapi.Leedv4Testcases.LOAuthenticateAPITest -->
