<?xml version="1.0" encoding="UTF-8"?>
<!-- Generated by org.testng.reporters.JUnitReportReporter -->
<testsuite hostname="G10GGNLT052" name="com.arcapi.Transittestcases.CreateAssetTransitAPITest" tests="1" failures="0" timestamp="17 Oct 2019 07:26:52 GMT" time="9.623" errors="0">
  <testcase name="CreateAssetTransitAPI" time="9.623" classname="com.arcapi.Transittestcases.CreateAssetTransitAPITest"/>
</testsuite> <!-- com.arcapi.Transittestcases.CreateAssetTransitAPITest -->
