<?xml version="1.0" encoding="UTF-8"?>
<!-- Generated by org.testng.reporters.JUnitReportReporter -->
<testsuite hostname="G10GGNLT052" name="com.arcapi.Common.V2.ResampledWaste_ScoreDataGetAPITest" tests="1" failures="0" timestamp="10 Oct 2019 08:21:45 GMT" time="3.135" errors="0">
  <testcase name="ResampledWaste_ScoreDataGetAPI" time="3.135" classname="com.arcapi.Common.V2.ResampledWaste_ScoreDataGetAPITest"/>
</testsuite> <!-- com.arcapi.Common.V2.ResampledWaste_ScoreDataGetAPITest -->
