<?xml version="1.0" encoding="UTF-8"?>
<!-- Generated by org.testng.reporters.JUnitReportReporter -->
<testsuite skipped="0" hostname="G10GNLT041" name="com.arcapi.Buildingtestcases.NotificationSubscriptionDetailGetTest" tests="2" failures="0" timestamp="17 Jun 2019 07:27:39 GMT" time="11.776" errors="0">
  <testcase name="NotificationSubscriptionDetail" time="5.572" classname="com.arcapi.Buildingtestcases.NotificationSubscriptionDetailGetTest"/>
  <testcase name="NotificationSubscriptionDetail" time="6.204" classname="com.arcapi.Buildingtestcases.NotificationSubscriptionDetailGetTest"/>
</testsuite> <!-- com.arcapi.Buildingtestcases.NotificationSubscriptionDetailGetTest -->
