<?xml version="1.0" encoding="UTF-8"?>
<!-- Generated by org.testng.reporters.JUnitReportReporter -->
<testsuite hostname="G10GGNLT052" name="com.arcapi.Transittestcases.VerifyPM10GraphValuesAPITest" tests="1" failures="0" timestamp="17 Oct 2019 07:26:52 GMT" time="1.891" errors="0">
  <testcase name="VerifyPM10GraphValuesAPI" time="1.891" classname="com.arcapi.Transittestcases.VerifyPM10GraphValuesAPITest"/>
</testsuite> <!-- com.arcapi.Transittestcases.VerifyPM10GraphValuesAPITest -->
