<?xml version="1.0" encoding="UTF-8"?>
<!-- Generated by org.testng.reporters.JUnitReportReporter -->
<testsuite hostname="G10GGNLT052" name="com.arcapi.Common.AssetTeamMemberRoleAPITest" tests="1" failures="0" timestamp="22 Oct 2019 10:35:09 GMT" time="1.835" errors="0">
  <testcase name="AssetTeamMemberRoleAPI" time="1.835" classname="com.arcapi.Common.AssetTeamMemberRoleAPITest"/>
</testsuite> <!-- com.arcapi.Common.AssetTeamMemberRoleAPITest -->
