<?xml version="1.0" encoding="UTF-8"?>
<!-- Generated by org.testng.reporters.JUnitReportReporter -->
<testsuite hostname="G10GGNLT052" name="com.arcapi.Buildingtestcases.AssetDetailEmissionFactorTest" tests="2" failures="0" timestamp="7 Nov 2019 08:15:33 GMT" time="3.370" errors="0">
  <testcase name="AssetDetailAPI" time="1.795" classname="com.arcapi.Buildingtestcases.AssetDetailEmissionFactorTest"/>
  <testcase name="AssetDetailAPI" time="1.575" classname="com.arcapi.Buildingtestcases.AssetDetailEmissionFactorTest"/>
</testsuite> <!-- com.arcapi.Buildingtestcases.AssetDetailEmissionFactorTest -->
