<?xml version="1.0" encoding="UTF-8"?>
<!-- Generated by org.testng.reporters.JUnitReportReporter -->
<testsuite hostname="G10GGNLT052" name="com.arcapi.Common.AssetTeamMemberRoleAPITest" tests="1" failures="0" timestamp="5 Nov 2019 05:13:47 GMT" time="1.388" errors="0">
  <testcase name="AssetTeamMemberRoleAPI" time="1.388" classname="com.arcapi.Common.AssetTeamMemberRoleAPITest"/>
</testsuite> <!-- com.arcapi.Common.AssetTeamMemberRoleAPITest -->
