<?xml version="1.0" encoding="UTF-8"?>
<!-- Generated by org.testng.reporters.JUnitReportReporter -->
<testsuite hostname="G10GGNLT052" name="com.arcapi.Buildingtestcases.MunicipalitySuppliedPortableWaterCreatePOSTAPITest" tests="1" failures="0" timestamp="22 Oct 2019 08:12:10 GMT" time="1.742" errors="0">
  <testcase name="municipalitySuppliedPortableWaterCreatePOSTAPI" time="1.742" classname="com.arcapi.Buildingtestcases.MunicipalitySuppliedPortableWaterCreatePOSTAPITest"/>
</testsuite> <!-- com.arcapi.Buildingtestcases.MunicipalitySuppliedPortableWaterCreatePOSTAPITest -->
