<?xml version="1.0" encoding="UTF-8"?>
<!-- Generated by org.testng.reporters.JUnitReportReporter -->
<testsuite hostname="G10GGNLT052" name="com.arcapi.Buildingtestcases.CO2ConsumptionDeleteAPITest" tests="1" failures="0" timestamp="11 Oct 2019 08:57:39 GMT" time="2.157" errors="0">
  <testcase name="CO2ConsumptionDeleteAPI" time="2.157" classname="com.arcapi.Buildingtestcases.CO2ConsumptionDeleteAPITest"/>
</testsuite> <!-- com.arcapi.Buildingtestcases.CO2ConsumptionDeleteAPITest -->
