<?xml version="1.0" encoding="UTF-8"?>
<!-- Generated by org.testng.reporters.JUnitReportReporter -->
<testsuite hostname="G10GGNLT052" name="com.arcapi.CompleteDataValidationNoPayloadTestcases.PortfoliosTeamsPUTAPITest" tests="1" failures="0" timestamp="13 Aug 2019 09:34:18 GMT" time="1.734" errors="0">
  <testcase name="PortfoliosTeamsPUTAPI" time="1.734" classname="com.arcapi.CompleteDataValidationNoPayloadTestcases.PortfoliosTeamsPUTAPITest"/>
</testsuite> <!-- com.arcapi.CompleteDataValidationNoPayloadTestcases.PortfoliosTeamsPUTAPITest -->
