<?xml version="1.0" encoding="UTF-8"?>
<!-- Generated by org.testng.reporters.JUnitReportReporter -->
<testsuite skipped="0" hostname="G10GNLT041" name="com.arcapi.ScenarioBasedTestcases.AssetTeamMemberRemoveAdminAPITest" tests="2" failures="0" timestamp="21 Jun 2019 05:06:06 GMT" time="6.015" errors="0">
  <testcase name="AssetTeamMemberRemoveAdminAPI" time="2.671" classname="com.arcapi.ScenarioBasedTestcases.AssetTeamMemberRemoveAdminAPITest"/>
  <testcase name="AssetTeamMemberRemoveAdminAPI" time="3.344" classname="com.arcapi.ScenarioBasedTestcases.AssetTeamMemberRemoveAdminAPITest"/>
</testsuite> <!-- com.arcapi.ScenarioBasedTestcases.AssetTeamMemberRemoveAdminAPITest -->
