<?xml version="1.0" encoding="UTF-8"?>
<!-- Generated by org.testng.reporters.JUnitReportReporter -->
<testsuite skipped="0" hostname="G10GNLT041" name="com.arcapi.Citytestcases.RegistrationPaymentPricingGetAPITest" tests="2" failures="0" timestamp="21 Jun 2019 06:10:22 GMT" time="6.215" errors="0">
  <testcase name="RegistrationPaymentPricingGetAPI" time="3.096" classname="com.arcapi.Citytestcases.RegistrationPaymentPricingGetAPITest"/>
  <testcase name="RegistrationPaymentPricingGetAPI" time="3.119" classname="com.arcapi.Citytestcases.RegistrationPaymentPricingGetAPITest"/>
</testsuite> <!-- com.arcapi.Citytestcases.RegistrationPaymentPricingGetAPITest -->
