<?xml version="1.0" encoding="UTF-8"?>
<!-- Generated by org.testng.reporters.JUnitReportReporter -->
<testsuite skipped="0" hostname="G10GNLT041" name="com.arcapi.Transittestcases.ExcelTemplateMetersHEAPITest" tests="1" failures="0" timestamp="17 Jun 2019 09:30:41 GMT" time="15.096" errors="0">
  <testcase name="ExcelTemplateMetersHEAPI" time="15.096" classname="com.arcapi.Transittestcases.ExcelTemplateMetersHEAPITest"/>
</testsuite> <!-- com.arcapi.Transittestcases.ExcelTemplateMetersHEAPITest -->
