<?xml version="1.0" encoding="UTF-8"?>
<!-- Generated by org.testng.reporters.JUnitReportReporter -->
<testsuite hostname="G10GGNLT052" name="com.arcapi.Common.NotificationDeleteAPITest" tests="1" failures="0" timestamp="8 Nov 2019 07:29:52 GMT" time="1.773" errors="0">
  <testcase name="NotificationDeleteAPI" time="1.773" classname="com.arcapi.Common.NotificationDeleteAPITest"/>
</testsuite> <!-- com.arcapi.Common.NotificationDeleteAPITest -->
