<?xml version="1.0" encoding="UTF-8"?>
<!-- Generated by org.testng.reporters.JUnitReportReporter -->
<testsuite skipped="0" hostname="G10GNLT041" name="com.arcapi.Citytestcases.MeasuresListAPITest" tests="2" failures="0" timestamp="17 Jun 2019 08:07:16 GMT" time="7.401" errors="0">
  <testcase name="MeasuresListAPI" time="3.578" classname="com.arcapi.Citytestcases.MeasuresListAPITest"/>
  <testcase name="MeasuresListAPI" time="3.823" classname="com.arcapi.Citytestcases.MeasuresListAPITest"/>
</testsuite> <!-- com.arcapi.Citytestcases.MeasuresListAPITest -->
