<?xml version="1.0" encoding="UTF-8"?>
<!-- Generated by org.testng.reporters.JUnitReportReporter -->
<testsuite hostname="G10GGNLT052" name="com.arcapi.Common.AssetCertificationPOSTAPITest" tests="1" failures="0" timestamp="5 Nov 2019 05:13:46 GMT" time="1.496" errors="0">
  <testcase name="AssetCertificationPOSTAPI" time="1.496" classname="com.arcapi.Common.AssetCertificationPOSTAPITest"/>
</testsuite> <!-- com.arcapi.Common.AssetCertificationPOSTAPITest -->
