<?xml version="1.0" encoding="UTF-8"?>
<!-- Generated by org.testng.reporters.JUnitReportReporter -->
<testsuite hostname="G10GGNLT052" name="com.arcapi.Transittestcases.VerifyRidershipGraphValuesAPITest" tests="1" failures="0" timestamp="17 Oct 2019 07:26:51 GMT" time="27.734" errors="0">
  <testcase name="VerifyRidershipGraphValuesAPI" time="27.734" classname="com.arcapi.Transittestcases.VerifyRidershipGraphValuesAPITest"/>
</testsuite> <!-- com.arcapi.Transittestcases.VerifyRidershipGraphValuesAPITest -->
