<?xml version="1.0" encoding="UTF-8"?>
<!-- Generated by org.testng.reporters.JUnitReportReporter -->
<testsuite hostname="G10GGNLT052" name="com.arcapi.Common.CityCom.AllMeterConsumptionPUTAPITest" tests="1" failures="0" timestamp="4 Oct 2019 06:02:57 GMT" time="21.264" errors="0">
  <testcase name="AllMeterConsumptionPUTAPI" time="21.264" classname="com.arcapi.Common.CityCom.AllMeterConsumptionPUTAPITest"/>
</testsuite> <!-- com.arcapi.Common.CityCom.AllMeterConsumptionPUTAPITest -->
