<?xml version="1.0" encoding="UTF-8"?>
<!-- Generated by org.testng.reporters.JUnitReportReporter -->
<testsuite hostname="G10GGNLT052" name="com.arcapi.Leedv4Testcases.LEEDv4OMInteriorsBuildingsAPITest" tests="1" failures="0" timestamp="6 Nov 2019 05:37:25 GMT" time="8.950" errors="0">
  <testcase name="LEEDv4OMInteriorsBuildingsAPI" time="8.950" classname="com.arcapi.Leedv4Testcases.LEEDv4OMInteriorsBuildingsAPITest"/>
</testsuite> <!-- com.arcapi.Leedv4Testcases.LEEDv4OMInteriorsBuildingsAPITest -->
