<?xml version="1.0" encoding="UTF-8"?>
<!-- Generated by org.testng.reporters.JUnitReportReporter -->
<testsuite hostname="G10GGNLT052" name="com.arcapi.Common.RecomputePerformanceScoreGetTest" tests="1" failures="0" timestamp="5 Nov 2019 09:09:55 GMT" time="9.680" errors="0">
  <testcase name="RecomputePerformanceScoreGet" time="9.680" classname="com.arcapi.Common.RecomputePerformanceScoreGetTest"/>
</testsuite> <!-- com.arcapi.Common.RecomputePerformanceScoreGetTest -->
