<?xml version="1.0" encoding="UTF-8"?>
<!-- Generated by org.testng.reporters.JUnitReportReporter -->
<testsuite skipped="0" hostname="G10GNLT041" name="com.arcapi.Buildingtestcases.CO2MeterCreateAPITest" tests="1" failures="0" timestamp="20 Dec 2018 09:55:00 GMT" time="5.066" errors="0">
  <testcase name="CO2MeterCreateAPI" time="5.066" classname="com.arcapi.Buildingtestcases.CO2MeterCreateAPITest"/>
</testsuite> <!-- com.arcapi.Buildingtestcases.CO2MeterCreateAPITest -->
