<?xml version="1.0" encoding="UTF-8"?>
<!-- Generated by org.testng.reporters.JUnitReportReporter -->
<testsuite skipped="0" hostname="G10GNLT041" name="com.arcapi.Buildingtestcases.ConsumptionUpdatePUTAPITest" tests="2" failures="0" timestamp="17 Jun 2019 07:27:39 GMT" time="14.878" errors="0">
  <testcase name="ConsumptionUpdatePUTAPI" time="7.025" classname="com.arcapi.Buildingtestcases.ConsumptionUpdatePUTAPITest"/>
  <testcase name="ConsumptionUpdatePUTAPI" time="7.853" classname="com.arcapi.Buildingtestcases.ConsumptionUpdatePUTAPITest"/>
</testsuite> <!-- com.arcapi.Buildingtestcases.ConsumptionUpdatePUTAPITest -->
