<?xml version="1.0" encoding="UTF-8"?>
<!-- Generated by org.testng.reporters.JUnitReportReporter -->
<testsuite skipped="0" hostname="G10GNLT041" name="com.arcapi.TrailFlowtestcases.City.FeedbackSubmitPostAPITest" tests="1" failures="0" timestamp="06 Feb 2019 05:56:20 GMT" time="1.760" errors="0">
  <testcase name="FeedbackSubmitPostAPI" time="1.760" classname="com.arcapi.TrailFlowtestcases.City.FeedbackSubmitPostAPITest"/>
</testsuite> <!-- com.arcapi.TrailFlowtestcases.City.FeedbackSubmitPostAPITest -->
