<?xml version="1.0" encoding="UTF-8"?>
<!-- Generated by org.testng.reporters.JUnitReportReporter -->
<testsuite skipped="0" hostname="G10GNLT041" name="com.arcapi.CompleteDataValidationTestcases.MeasuresPostAPITest" tests="1" failures="0" timestamp="21 Jun 2019 06:10:21 GMT" time="25.448" errors="0">
  <testcase name="MeasuresPostAPI" time="25.448" classname="com.arcapi.CompleteDataValidationTestcases.MeasuresPostAPITest"/>
</testsuite> <!-- com.arcapi.CompleteDataValidationTestcases.MeasuresPostAPITest -->
