<?xml version="1.0" encoding="UTF-8"?>
<!-- Generated by org.testng.reporters.JUnitReportReporter -->
<testsuite hostname="G10GGNLT052" name="com.arcapi.Common.AddAssestTimelinePOSTAPITest" tests="1" failures="0" timestamp="9 Oct 2019 04:36:42 GMT" time="89.778" errors="0">
  <testcase name="AddAssestTimeline" time="89.778" classname="com.arcapi.Common.AddAssestTimelinePOSTAPITest"/>
</testsuite> <!-- com.arcapi.Common.AddAssestTimelinePOSTAPITest -->
