<?xml version="1.0" encoding="UTF-8"?>
<!-- Generated by org.testng.reporters.JUnitReportReporter -->
<testsuite hostname="G10GGNLT052" name="com.arcapi.Buildingtestcases.AnalysisDataEmissionAPITest" tests="2" failures="0" timestamp="9 Oct 2019 04:36:43 GMT" time="45.090" errors="0">
  <testcase name="AnalysisDataEmissionAPI" time="22.660" classname="com.arcapi.Buildingtestcases.AnalysisDataEmissionAPITest"/>
  <testcase name="AnalysisDataEmissionAPI" time="22.430" classname="com.arcapi.Buildingtestcases.AnalysisDataEmissionAPITest"/>
</testsuite> <!-- com.arcapi.Buildingtestcases.AnalysisDataEmissionAPITest -->
