<?xml version="1.0" encoding="UTF-8"?>
<!-- Generated by org.testng.reporters.JUnitReportReporter -->
<testsuite hostname="G10GGNLT052" name="com.arcapi.Common.EnvironmentSurveyExportAPITest" tests="1" failures="0" timestamp="10 Oct 2019 08:21:46 GMT" time="3.405" errors="0">
  <testcase name="EnvironmentSurveyExportAPI" time="3.405" classname="com.arcapi.Common.EnvironmentSurveyExportAPITest"/>
</testsuite> <!-- com.arcapi.Common.EnvironmentSurveyExportAPITest -->
