<?xml version="1.0" encoding="UTF-8"?>
<!-- Generated by org.testng.reporters.JUnitReportReporter -->
<testsuite hostname="G10GGNLT052" name="com.arcapi.Common.V2.SignAgreementRegistrationAPITest" tests="1" failures="0" timestamp="7 Oct 2019 08:53:30 GMT" time="2.628" errors="0">
  <testcase name="SignAgreementRegistrationAPI" time="2.628" classname="com.arcapi.Common.V2.SignAgreementRegistrationAPITest"/>
</testsuite> <!-- com.arcapi.Common.V2.SignAgreementRegistrationAPITest -->
