<?xml version="1.0" encoding="UTF-8"?>
<!-- Generated by org.testng.reporters.JUnitReportReporter -->
<testsuite hostname="G10GGNLT052" name="com.arcapi.Citytestcases.CreditAddTeamPOSTAPITest" tests="1" failures="0" timestamp="14 Aug 2019 08:09:03 GMT" time="32.194" errors="0">
  <testcase name="CreditAddTeamPOSTAPI" time="32.194" classname="com.arcapi.Citytestcases.CreditAddTeamPOSTAPITest"/>
</testsuite> <!-- com.arcapi.Citytestcases.CreditAddTeamPOSTAPITest -->
