<?xml version="1.0" encoding="UTF-8"?>
<!-- Generated by org.testng.reporters.JUnitReportReporter -->
<testsuite skipped="0" hostname="G10GNLT041" name="com.arcapi.Buildingtestcases.CO2GetTest" tests="2" failures="0" timestamp="17 Jun 2019 07:27:40 GMT" time="14.550" errors="0">
  <testcase name="CO2GetTestAPI" time="7.240" classname="com.arcapi.Buildingtestcases.CO2GetTest"/>
  <testcase name="CO2GetTestAPI" time="7.310" classname="com.arcapi.Buildingtestcases.CO2GetTest"/>
</testsuite> <!-- com.arcapi.Buildingtestcases.CO2GetTest -->
