<?xml version="1.0" encoding="UTF-8"?>
<!-- Generated by org.testng.reporters.JUnitReportReporter -->
<testsuite hostname="G10GGNLT052" name="com.arcapi.Common.RegistrationPaymentPricingGetAPITest" tests="1" failures="0" timestamp="22 Oct 2019 10:28:09 GMT" time="2.447" errors="0">
  <testcase name="RegistrationPaymentPricingGetAPI" time="2.447" classname="com.arcapi.Common.RegistrationPaymentPricingGetAPITest"/>
</testsuite> <!-- com.arcapi.Common.RegistrationPaymentPricingGetAPITest -->
