<?xml version="1.0" encoding="UTF-8"?>
<!-- Generated by org.testng.reporters.JUnitReportReporter -->
<testsuite hostname="G10GGNLT052" name="com.arcapi.Parksmarttestcases.CreateAssetParksmartManualReqTest" tests="1" failures="0" timestamp="19 Sep 2019 10:26:10 GMT" time="67.961" errors="0">
  <testcase name="CreateAssetPOSTAPI" time="67.961" classname="com.arcapi.Parksmarttestcases.CreateAssetParksmartManualReqTest"/>
</testsuite> <!-- com.arcapi.Parksmarttestcases.CreateAssetParksmartManualReqTest -->
