<?xml version="1.0" encoding="UTF-8"?>
<!-- Generated by org.testng.reporters.JUnitReportReporter -->
<testsuite skipped="0" hostname="G10GNLT041" name="com.arcapi.TrailFlowtestcases.Transit.PaymentReceiptAPITest" tests="1" failures="0" timestamp="08 Feb 2019 06:00:28 GMT" time="8.070" errors="0">
  <testcase name="PaymentReceiptAPI" time="8.070" classname="com.arcapi.TrailFlowtestcases.Transit.PaymentReceiptAPITest"/>
</testsuite> <!-- com.arcapi.TrailFlowtestcases.Transit.PaymentReceiptAPITest -->
