<?xml version="1.0" encoding="UTF-8"?>
<!-- Generated by org.testng.reporters.JUnitReportReporter -->
<testsuite hostname="G10GGNLT052" name="com.arcapi.CompleteDataValidationNoPayloadTestcases.WasteUpdatePUTAPITest" tests="1" failures="0" timestamp="13 Aug 2019 07:30:04 GMT" time="1.649" errors="0">
  <testcase name="WasteUpdatePUTAPI" time="1.649" classname="com.arcapi.CompleteDataValidationNoPayloadTestcases.WasteUpdatePUTAPITest"/>
</testsuite> <!-- com.arcapi.CompleteDataValidationNoPayloadTestcases.WasteUpdatePUTAPITest -->
