<?xml version="1.0" encoding="UTF-8"?>
<!-- Generated by org.testng.reporters.JUnitReportReporter -->
<testsuite skipped="0" hostname="G10GNLT041" name="com.arcapi.Communitytestcases.AddAssestTimelinePOSTAPITest" tests="2" failures="0" timestamp="17 Jun 2019 09:30:40 GMT" time="10.934" errors="0">
  <testcase name="AddAssestTimeline" time="5.187" classname="com.arcapi.Communitytestcases.AddAssestTimelinePOSTAPITest"/>
  <testcase name="AddAssestTimeline" time="5.747" classname="com.arcapi.Communitytestcases.AddAssestTimelinePOSTAPITest"/>
</testsuite> <!-- com.arcapi.Communitytestcases.AddAssestTimelinePOSTAPITest -->
