<?xml version="1.0" encoding="UTF-8"?>
<!-- Generated by org.testng.reporters.JUnitReportReporter -->
<testsuite hostname="G10GGNLT052" name="com.arcapi.Common.RatingSystemListAPITest" tests="1" failures="0" timestamp="8 Nov 2019 05:07:34 GMT" time="1.370" errors="0">
  <testcase name="RatingSystemListAPI" time="1.370" classname="com.arcapi.Common.RatingSystemListAPITest"/>
</testsuite> <!-- com.arcapi.Common.RatingSystemListAPITest -->
