<?xml version="1.0" encoding="UTF-8"?>
<!-- Generated by org.testng.reporters.JUnitReportReporter -->
<testsuite skipped="0" hostname="G10GNLT041" name="com.arcapi.Transittestcases.AssetTeamPermissionPostAPITest" tests="2" failures="0" timestamp="17 Jun 2019 09:30:40 GMT" time="8.462" errors="0">
  <testcase name="AssetTeamPermissionPostAPI" time="5.323" classname="com.arcapi.Transittestcases.AssetTeamPermissionPostAPITest"/>
  <testcase name="AssetTeamPermissionPostAPI" time="3.139" classname="com.arcapi.Transittestcases.AssetTeamPermissionPostAPITest"/>
</testsuite> <!-- com.arcapi.Transittestcases.AssetTeamPermissionPostAPITest -->
