<?xml version="1.0" encoding="UTF-8"?>
<!-- Generated by org.testng.reporters.JUnitReportReporter -->
<testsuite skipped="0" hostname="G10GNLT041" name="com.arcapi.CompleteDataValidationTestcases.AnalysisDataSubmitPOSTAPITest" tests="1" failures="0" timestamp="21 Jun 2019 06:10:22 GMT" time="16.777" errors="0">
  <testcase name="AnalysisDataSubmitPOSTAPI" time="16.777" classname="com.arcapi.CompleteDataValidationTestcases.AnalysisDataSubmitPOSTAPITest"/>
</testsuite> <!-- com.arcapi.CompleteDataValidationTestcases.AnalysisDataSubmitPOSTAPITest -->
