<?xml version="1.0" encoding="UTF-8"?>
<!-- Generated by org.testng.reporters.JUnitReportReporter -->
<testsuite hostname="G10GGNLT052" name="com.arcapi.Common.RatingSystemListAPITest" tests="1" failures="0" timestamp="20 Sep 2019 07:00:23 GMT" time="11.121" errors="0">
  <testcase name="RatingSystemListAPI" time="11.121" classname="com.arcapi.Common.RatingSystemListAPITest"/>
</testsuite> <!-- com.arcapi.Common.RatingSystemListAPITest -->
