<?xml version="1.0" encoding="UTF-8"?>
<!-- Generated by org.testng.reporters.JUnitReportReporter -->
<testsuite skipped="0" hostname="G10GNLT041" name="com.arcapi.Transittestcases.ConsumptionCreatePOSTAPITest" tests="2" failures="0" timestamp="17 Jun 2019 09:30:41 GMT" time="8.821" errors="0">
  <testcase name="ConsumptionCreatePOSTAPI" time="4.969" classname="com.arcapi.Transittestcases.ConsumptionCreatePOSTAPITest"/>
  <testcase name="ConsumptionCreatePOSTAPI" time="3.852" classname="com.arcapi.Transittestcases.ConsumptionCreatePOSTAPITest"/>
</testsuite> <!-- com.arcapi.Transittestcases.ConsumptionCreatePOSTAPITest -->
