<?xml version="1.0" encoding="UTF-8"?>
<!-- Generated by org.testng.reporters.JUnitReportReporter -->
<testsuite hostname="G10GGNLT052" name="com.arcapi.Buildingtestcases.ElectricityPurchasedFromGridCreatePOSTAPITest" tests="1" failures="0" timestamp="7 Nov 2019 09:54:02 GMT" time="1.726" errors="0">
  <testcase name="ElectricityPurchasedFromGridCreatePOST" time="1.726" classname="com.arcapi.Buildingtestcases.ElectricityPurchasedFromGridCreatePOSTAPITest"/>
</testsuite> <!-- com.arcapi.Buildingtestcases.ElectricityPurchasedFromGridCreatePOSTAPITest -->
