<?xml version="1.0" encoding="UTF-8"?>
<!-- Generated by org.testng.reporters.JUnitReportReporter -->
<testsuite skipped="0" hostname="G10GNLT041" name="com.arcapi.Citytestcases.AssetValidationInfoPOSTAPITest" tests="2" failures="0" timestamp="17 Jun 2019 08:07:17 GMT" time="7.275" errors="0">
  <testcase name="AssetValidationInfoPOSTAPI" time="4.092" classname="com.arcapi.Citytestcases.AssetValidationInfoPOSTAPITest"/>
  <testcase name="AssetValidationInfoPOSTAPI" time="3.183" classname="com.arcapi.Citytestcases.AssetValidationInfoPOSTAPITest"/>
</testsuite> <!-- com.arcapi.Citytestcases.AssetValidationInfoPOSTAPITest -->
