<?xml version="1.0" encoding="UTF-8"?>
<!-- Generated by org.testng.reporters.JUnitReportReporter -->
<testsuite skipped="0" hostname="G10GNLT041" name="com.arcapi.TrailFlowtestcases.Community.CreditAddTeamPOSTAPITest" tests="1" failures="0" timestamp="06 Feb 2019 11:33:55 GMT" time="1.184" errors="0">
  <testcase name="CreditAddTeamPOSTAPI" time="1.184" classname="com.arcapi.TrailFlowtestcases.Community.CreditAddTeamPOSTAPITest"/>
</testsuite> <!-- com.arcapi.TrailFlowtestcases.Community.CreditAddTeamPOSTAPITest -->
