<?xml version="1.0" encoding="UTF-8"?>
<!-- Generated by org.testng.reporters.JUnitReportReporter -->
<testsuite hostname="G10GGNLT052" name="com.arcapi.Common.NotificationSubscriptionDetailDeleteTest" tests="1" failures="0" timestamp="20 Sep 2019 07:00:22 GMT" time="1.973" errors="0">
  <testcase name="NotificationSubscriptionDetailDelete" time="1.973" classname="com.arcapi.Common.NotificationSubscriptionDetailDeleteTest"/>
</testsuite> <!-- com.arcapi.Common.NotificationSubscriptionDetailDeleteTest -->
