<?xml version="1.0" encoding="UTF-8"?>
<!-- Generated by org.testng.reporters.JUnitReportReporter -->
<testsuite skipped="0" hostname="G10GNLT041" name="com.arcapi.Transittestcases.AQIDataGetAPITest" tests="2" failures="0" timestamp="17 Jun 2019 09:30:40 GMT" time="9.053" errors="0">
  <testcase name="AQIDataGetAPI" time="4.813" classname="com.arcapi.Transittestcases.AQIDataGetAPITest"/>
  <testcase name="AQIDataGetAPI" time="4.240" classname="com.arcapi.Transittestcases.AQIDataGetAPITest"/>
</testsuite> <!-- com.arcapi.Transittestcases.AQIDataGetAPITest -->
