<?xml version="1.0" encoding="UTF-8"?>
<!-- Generated by org.testng.reporters.JUnitReportReporter -->
<testsuite hostname="G10GGNLT052" name="com.arcapi.Leedv4Testcases.LOAuthenticateAPITest" tests="6" failures="0" timestamp="6 Nov 2019 05:37:25 GMT" time="16.672" errors="0">
  <testcase name="LOAuthenticateAPI" time="2.417" classname="com.arcapi.Leedv4Testcases.LOAuthenticateAPITest"/>
  <testcase name="LOAuthenticateAPI" time="3.643" classname="com.arcapi.Leedv4Testcases.LOAuthenticateAPITest"/>
  <testcase name="LOAuthenticateAPI" time="2.605" classname="com.arcapi.Leedv4Testcases.LOAuthenticateAPITest"/>
  <testcase name="LOAuthenticateAPI" time="2.426" classname="com.arcapi.Leedv4Testcases.LOAuthenticateAPITest"/>
  <testcase name="LOAuthenticateAPI" time="3.068" classname="com.arcapi.Leedv4Testcases.LOAuthenticateAPITest"/>
  <testcase name="LOAuthenticateAPI" time="2.513" classname="com.arcapi.Leedv4Testcases.LOAuthenticateAPITest"/>
</testsuite> <!-- com.arcapi.Leedv4Testcases.LOAuthenticateAPITest -->
