<?xml version="1.0" encoding="UTF-8"?>
<!-- Generated by org.testng.reporters.JUnitReportReporter -->
<testsuite hostname="G10GGNLT052" name="com.arcapi.Transittestcases.VerifyOzoneGraphValuesAPITest" tests="1" failures="0" timestamp="9 Sep 2019 15:05:13 GMT" time="2.437" errors="0">
  <testcase name="VerifyOzoneGraphValuesAPI" time="2.437" classname="com.arcapi.Transittestcases.VerifyOzoneGraphValuesAPITest"/>
</testsuite> <!-- com.arcapi.Transittestcases.VerifyOzoneGraphValuesAPITest -->
