<?xml version="1.0" encoding="UTF-8"?>
<!-- Generated by org.testng.reporters.JUnitReportReporter -->
<testsuite hostname="G10GGNLT052" name="com.arcapi.Citytestcases.S3DocumentRemoveAPITest" tests="1" failures="0" timestamp="14 Aug 2019 08:09:03 GMT" time="2.711" errors="0">
  <testcase name="S3DocumentRemoveAPI" time="2.711" classname="com.arcapi.Citytestcases.S3DocumentRemoveAPITest"/>
</testsuite> <!-- com.arcapi.Citytestcases.S3DocumentRemoveAPITest -->
