<?xml version="1.0" encoding="UTF-8"?>
<!-- Generated by org.testng.reporters.JUnitReportReporter -->
<testsuite hostname="G10GGNLT052" name="com.arcapi.ScenarioBasedTestcases.AssetTeamMemberRemoveAPITest" tests="2" failures="0" timestamp="9 Oct 2019 09:03:48 GMT" time="6.173" errors="0">
  <testcase name="AssetTeamMemberRemoveAPI" time="4.422" classname="com.arcapi.ScenarioBasedTestcases.AssetTeamMemberRemoveAPITest"/>
  <testcase name="AssetTeamMemberRemoveAPI" time="1.751" classname="com.arcapi.ScenarioBasedTestcases.AssetTeamMemberRemoveAPITest"/>
</testsuite> <!-- com.arcapi.ScenarioBasedTestcases.AssetTeamMemberRemoveAPITest -->
