<?xml version="1.0" encoding="UTF-8"?>
<!-- Generated by org.testng.reporters.JUnitReportReporter -->
<testsuite hostname="G10GGNLT052" name="com.arcapi.Portfoliostestcases.PortfoliosAssetGetAPITest" tests="1" failures="0" timestamp="19 Sep 2019 10:47:47 GMT" time="0.009" errors="0">
  <testcase name="PortfoliosAssetGetAPI" time="0.009" classname="com.arcapi.Portfoliostestcases.PortfoliosAssetGetAPITest"/>
</testsuite> <!-- com.arcapi.Portfoliostestcases.PortfoliosAssetGetAPITest -->
