<?xml version="1.0" encoding="UTF-8"?>
<!-- Generated by org.testng.reporters.JUnitReportReporter -->
<testsuite hostname="G10GGNLT052" name="com.arcapi.ScenarioBasedTestcases.SetGeneralRegularOccupantPUTAPITest" tests="1" failures="0" timestamp="7 Nov 2019 09:54:02 GMT" time="2.084" errors="0">
  <testcase name="VerifyGeneralRegularOccupantDatacoverageAPI" time="2.084" classname="com.arcapi.ScenarioBasedTestcases.SetGeneralRegularOccupantPUTAPITest"/>
</testsuite> <!-- com.arcapi.ScenarioBasedTestcases.SetGeneralRegularOccupantPUTAPITest -->
