<?xml version="1.0" encoding="UTF-8"?>
<!-- Generated by org.testng.reporters.JUnitReportReporter -->
<testsuite skipped="0" hostname="G10GNLT041" name="com.arcapi.CrossRatingSystemtestcases.GhgCalcGetTest" tests="2" failures="0" timestamp="21 Jun 2019 05:06:06 GMT" time="3.837" errors="0">
  <testcase name="GhgCalcGet" time="1.693" classname="com.arcapi.CrossRatingSystemtestcases.GhgCalcGetTest"/>
  <testcase name="GhgCalcGet" time="2.144" classname="com.arcapi.CrossRatingSystemtestcases.GhgCalcGetTest"/>
</testsuite> <!-- com.arcapi.CrossRatingSystemtestcases.GhgCalcGetTest -->
