<?xml version="1.0" encoding="UTF-8"?>
<!-- Generated by org.testng.reporters.JUnitReportReporter -->
<testsuite hostname="G10GGNLT052" name="com.arcapi.Common.AssetTeamPermissionPutAPITest" tests="1" failures="0" timestamp="20 Sep 2019 07:00:22 GMT" time="2.168" errors="0">
  <testcase name="AssetTeamPermissionPutAPI" time="2.168" classname="com.arcapi.Common.AssetTeamPermissionPutAPITest"/>
</testsuite> <!-- com.arcapi.Common.AssetTeamPermissionPutAPITest -->
