<?xml version="1.0" encoding="UTF-8"?>
<!-- Generated by org.testng.reporters.JUnitReportReporter -->
<testsuite hostname="G10GGNLT052" name="com.arcapi.Portfoliostestcases.PortfoliosAssetDetailPUTAPITest" tests="1" failures="0" timestamp="6 Aug 2019 11:29:31 GMT" time="1.773" errors="0">
  <testcase name="PortfoliosAssetDetailPUTAPI" time="1.773" classname="com.arcapi.Portfoliostestcases.PortfoliosAssetDetailPUTAPITest"/>
</testsuite> <!-- com.arcapi.Portfoliostestcases.PortfoliosAssetDetailPUTAPITest -->
