<?xml version="1.0" encoding="UTF-8"?>
<!-- Generated by org.testng.reporters.JUnitReportReporter -->
<testsuite hostname="G10GGNLT052" name="com.arcapi.release1_18testcases.AssetDetailQueryParamTrackerDateAPITest" tests="1" failures="0" timestamp="7 Nov 2019 08:15:32 GMT" time="3.316" errors="0">
  <testcase name="AssetDetailQueryParamAPI" time="3.316" classname="com.arcapi.release1_18testcases.AssetDetailQueryParamTrackerDateAPITest"/>
</testsuite> <!-- com.arcapi.release1_18testcases.AssetDetailQueryParamTrackerDateAPITest -->
