<?xml version="1.0" encoding="UTF-8"?>
<!-- Generated by org.testng.reporters.JUnitReportReporter -->
<testsuite skipped="0" hostname="G10GNLT041" name="com.arcapi.Communitytestcases.AssetNotificationSubscriptionListTest" tests="2" failures="0" timestamp="17 Jun 2019 09:30:41 GMT" time="7.630" errors="0">
  <testcase name="AssetNotificationSubscriptionList" time="3.906" classname="com.arcapi.Communitytestcases.AssetNotificationSubscriptionListTest"/>
  <testcase name="AssetNotificationSubscriptionList" time="3.724" classname="com.arcapi.Communitytestcases.AssetNotificationSubscriptionListTest"/>
</testsuite> <!-- com.arcapi.Communitytestcases.AssetNotificationSubscriptionListTest -->
