<?xml version="1.0" encoding="UTF-8"?>
<!-- Generated by org.testng.reporters.JUnitReportReporter -->
<testsuite hostname="G10GGNLT052" name="com.arcapi.Buildingtestcases.CO2MeterDeleteAPITest" tests="1" failures="0" timestamp="11 Oct 2019 08:57:39 GMT" time="1.950" errors="0">
  <testcase name="CO2MeterDeleteAPI" time="1.950" classname="com.arcapi.Buildingtestcases.CO2MeterDeleteAPITest"/>
</testsuite> <!-- com.arcapi.Buildingtestcases.CO2MeterDeleteAPITest -->
