<?xml version="1.0" encoding="UTF-8"?>
<!-- Generated by org.testng.reporters.JUnitReportReporter -->
<testsuite hostname="G10GGNLT052" name="com.arcapi.Common.DeleteAllAppsAPITest" tests="1" failures="0" timestamp="5 Nov 2019 05:13:45 GMT" time="4.244" errors="0">
  <testcase name="DeleteAllAppsAPI" time="4.244" classname="com.arcapi.Common.DeleteAllAppsAPITest"/>
</testsuite> <!-- com.arcapi.Common.DeleteAllAppsAPITest -->
