<?xml version="1.0" encoding="UTF-8"?>
<!-- Generated by org.testng.reporters.JUnitReportReporter -->
<testsuite skipped="0" hostname="G10GNLT041" name="com.arcapi.Transittestcases.AssetValidationInfoPOSTAPITest" tests="2" failures="0" timestamp="17 Jun 2019 09:30:41 GMT" time="7.269" errors="0">
  <testcase name="AssetValidationInfoPOSTAPI" time="4.599" classname="com.arcapi.Transittestcases.AssetValidationInfoPOSTAPITest"/>
  <testcase name="AssetValidationInfoPOSTAPI" time="2.670" classname="com.arcapi.Transittestcases.AssetValidationInfoPOSTAPITest"/>
</testsuite> <!-- com.arcapi.Transittestcases.AssetValidationInfoPOSTAPITest -->
