<?xml version="1.0" encoding="UTF-8"?>
<!-- Generated by org.testng.reporters.JUnitReportReporter -->
<testsuite skipped="0" hostname="G10GNLT041" name="com.arcapi.TrailFlowtestcasesComplete.CreateAssetBuildingNoneAPITest" tests="1" failures="0" timestamp="22 Feb 2019 05:49:40 GMT" time="10.687" errors="0">
  <testcase name="CreateAssetPOSTAPI" time="10.687" classname="com.arcapi.TrailFlowtestcasesComplete.CreateAssetBuildingNoneAPITest"/>
</testsuite> <!-- com.arcapi.TrailFlowtestcasesComplete.CreateAssetBuildingNoneAPITest -->
