<?xml version="1.0" encoding="UTF-8"?>
<!-- Generated by org.testng.reporters.JUnitReportReporter -->
<testsuite skipped="0" hostname="G10GNLT041" name="com.arcapi.Buildingtestcases.S3DocumentRemoveAPITest" tests="2" failures="0" timestamp="17 Jun 2019 07:27:40 GMT" time="12.545" errors="0">
  <testcase name="S3DocumentRemoveAPI" time="6.466" classname="com.arcapi.Buildingtestcases.S3DocumentRemoveAPITest"/>
  <testcase name="S3DocumentRemoveAPI" time="6.079" classname="com.arcapi.Buildingtestcases.S3DocumentRemoveAPITest"/>
</testsuite> <!-- com.arcapi.Buildingtestcases.S3DocumentRemoveAPITest -->
