<?xml version="1.0" encoding="UTF-8"?>
<!-- Generated by org.testng.reporters.JUnitReportReporter -->
<testsuite skipped="0" hostname="G10GNLT041" name="com.arcapi.Buildingtestcases.TransitSurveyExportAPITest" tests="2" failures="0" timestamp="17 Jun 2019 07:27:40 GMT" time="17.740" errors="0">
  <testcase name="TransitSurveyExportAPI" time="9.636" classname="com.arcapi.Buildingtestcases.TransitSurveyExportAPITest"/>
  <testcase name="TransitSurveyExportAPI" time="8.104" classname="com.arcapi.Buildingtestcases.TransitSurveyExportAPITest"/>
</testsuite> <!-- com.arcapi.Buildingtestcases.TransitSurveyExportAPITest -->
