<?xml version="1.0" encoding="UTF-8"?>
<!-- Generated by org.testng.reporters.JUnitReportReporter -->
<testsuite hostname="G10GGNLT052" name="com.arcapi.Common.CityCom.AssetUpdateAPITest" tests="1" failures="0" timestamp="5 Sep 2019 10:37:20 GMT" time="2.431" errors="0">
  <testcase name="AssetUpdateforNewAssetPUTAPI" time="2.431" classname="com.arcapi.Common.CityCom.AssetUpdateAPITest"/>
</testsuite> <!-- com.arcapi.Common.CityCom.AssetUpdateAPITest -->
