<?xml version="1.0" encoding="UTF-8"?>
<!-- Generated by org.testng.reporters.JUnitReportReporter -->
<testsuite skipped="0" hostname="G10GNLT041" name="com.arcapi.Leedv4Testcases.VerifyActivityDataInputAPITest" tests="1" failures="0" timestamp="27 Sep 2018 05:34:00 GMT" time="16.235" errors="0">
  <testcase name="VerifyActivityDataInputAPI" time="16.235" classname="com.arcapi.Leedv4Testcases.VerifyActivityDataInputAPITest"/>
</testsuite> <!-- com.arcapi.Leedv4Testcases.VerifyActivityDataInputAPITest -->
