<?xml version="1.0" encoding="UTF-8"?>
<!-- Generated by org.testng.reporters.JUnitReportReporter -->
<testsuite skipped="0" hostname="G10GNLT041" name="com.arcapi.Transittestcases.AssetDocumentAPITest" tests="2" failures="0" timestamp="17 Jun 2019 09:30:40 GMT" time="11.026" errors="0">
  <testcase name="AssetDocumentAPI" time="6.900" classname="com.arcapi.Transittestcases.AssetDocumentAPITest"/>
  <testcase name="AssetDocumentAPI" time="4.126" classname="com.arcapi.Transittestcases.AssetDocumentAPITest"/>
</testsuite> <!-- com.arcapi.Transittestcases.AssetDocumentAPITest -->
