<?xml version="1.0" encoding="UTF-8"?>
<!-- Generated by org.testng.reporters.JUnitReportReporter -->
<testsuite hostname="G10GGNLT052" name="com.arcapi.Common.CityCom.CreditAddTeamPOSTAPITest" tests="1" failures="0" timestamp="5 Sep 2019 10:37:20 GMT" time="29.764" errors="0">
  <testcase name="CreditAddTeamPOSTAPI" time="29.764" classname="com.arcapi.Common.CityCom.CreditAddTeamPOSTAPITest"/>
</testsuite> <!-- com.arcapi.Common.CityCom.CreditAddTeamPOSTAPITest -->
