<?xml version="1.0" encoding="UTF-8"?>
<!-- Generated by org.testng.reporters.JUnitReportReporter -->
<testsuite skipped="0" hostname="G10GNLT041" name="com.arcapi.Citytestcases.S3DocumentListAPITest" tests="2" failures="0" timestamp="17 Jun 2019 08:07:17 GMT" time="17.193" errors="0">
  <testcase name="S3DocumentListAPI" time="13.496" classname="com.arcapi.Citytestcases.S3DocumentListAPITest"/>
  <testcase name="S3DocumentListAPI" time="3.697" classname="com.arcapi.Citytestcases.S3DocumentListAPITest"/>
</testsuite> <!-- com.arcapi.Citytestcases.S3DocumentListAPITest -->
