<?xml version="1.0" encoding="UTF-8"?>
<!-- Generated by org.testng.reporters.JUnitReportReporter -->
<testsuite skipped="0" hostname="G10GNLT041" name="com.arcapi.Communitytestcases.LOTokenAPITest" tests="2" failures="0" timestamp="17 Jun 2019 09:30:40 GMT" time="7.479" errors="0">
  <testcase name="LOTokenAPI" time="3.993" classname="com.arcapi.Communitytestcases.LOTokenAPITest"/>
  <testcase name="LOTokenAPI" time="3.486" classname="com.arcapi.Communitytestcases.LOTokenAPITest"/>
</testsuite> <!-- com.arcapi.Communitytestcases.LOTokenAPITest -->
