<?xml version="1.0" encoding="UTF-8"?>
<!-- Generated by org.testng.reporters.JUnitReportReporter -->
<testsuite hostname="G10GGNLT052" name="com.arcapi.Buildingtestcases.ConsumptionUpdateEmissionAPITest" tests="1" failures="0" timestamp="16 Aug 2019 13:09:11 GMT" time="3.396" errors="0">
  <testcase name="ConsumptionUpdatePUTAPI" time="3.396" classname="com.arcapi.Buildingtestcases.ConsumptionUpdateEmissionAPITest"/>
</testsuite> <!-- com.arcapi.Buildingtestcases.ConsumptionUpdateEmissionAPITest -->
