<?xml version="1.0" encoding="UTF-8"?>
<!-- Generated by org.testng.reporters.JUnitReportReporter -->
<testsuite hostname="G10GGNLT052" name="com.arcapi.Common.V2.ResampledElectricityAnalysisDataGetAPITest" tests="1" failures="0" timestamp="8 Nov 2019 05:07:33 GMT" time="1.382" errors="0">
  <testcase name="ResampledElectricityAnalysisDataGetAPI" time="1.382" classname="com.arcapi.Common.V2.ResampledElectricityAnalysisDataGetAPITest"/>
</testsuite> <!-- com.arcapi.Common.V2.ResampledElectricityAnalysisDataGetAPITest -->
