<?xml version="1.0" encoding="UTF-8"?>
<!-- Generated by org.testng.reporters.JUnitReportReporter -->
<testsuite skipped="0" hostname="G10GNLT041" name="com.arcapi.TrailFlowtestcases.InstallAllAppsAPITest" tests="1" failures="0" timestamp="05 Feb 2019 07:18:51 GMT" time="10.790" errors="0">
  <testcase name="InstallAllAppsAPI" time="10.790" classname="com.arcapi.TrailFlowtestcases.InstallAllAppsAPITest"/>
</testsuite> <!-- com.arcapi.TrailFlowtestcases.InstallAllAppsAPITest -->
