<?xml version="1.0" encoding="UTF-8"?>
<!-- Generated by org.testng.reporters.JUnitReportReporter -->
<testsuite hostname="G10GGNLT052" name="com.arcapi.Citytestcases.AssetSearchOwnerAPITest" tests="1" failures="0" timestamp="14 Aug 2019 08:09:03 GMT" time="2.535" errors="0">
  <testcase name="AssetSearchOwnerAPI" time="2.535" classname="com.arcapi.Citytestcases.AssetSearchOwnerAPITest"/>
</testsuite> <!-- com.arcapi.Citytestcases.AssetSearchOwnerAPITest -->
