<?xml version="1.0" encoding="UTF-8"?>
<!-- Generated by org.testng.reporters.JUnitReportReporter -->
<testsuite hostname="G10GGNLT052" name="com.arcapi.Buildingtestcases.UserDetailAPITest" tests="1" failures="0" timestamp="23 Aug 2019 04:56:48 GMT" time="2.210" errors="0">
  <testcase name="UserDetailAPI" time="2.210" classname="com.arcapi.Buildingtestcases.UserDetailAPITest"/>
</testsuite> <!-- com.arcapi.Buildingtestcases.UserDetailAPITest -->
