<?xml version="1.0" encoding="UTF-8"?>
<!-- Generated by org.testng.reporters.JUnitReportReporter -->
<testsuite hostname="G10GGNLT052" name="com.arcapi.Common.V2.EnergBasicAnalysisDataGetAPITest" tests="1" failures="0" timestamp="5 Nov 2019 09:09:55 GMT" time="1.886" errors="0">
  <testcase name="EnergBasicAnalysisDataGetAPI" time="1.886" classname="com.arcapi.Common.V2.EnergBasicAnalysisDataGetAPITest"/>
</testsuite> <!-- com.arcapi.Common.V2.EnergBasicAnalysisDataGetAPITest -->
