<?xml version="1.0" encoding="UTF-8"?>
<!-- Generated by org.testng.reporters.JUnitReportReporter -->
<testsuite hostname="G10GGNLT052" name="com.arcapi.Buildingtestcases.WasteGeneratedBulkDataPostTest" tests="1" failures="0" timestamp="20 Sep 2019 07:00:22 GMT" time="2.185" errors="0">
  <testcase name="WasteGeneratedBulkDataPost" time="2.185" classname="com.arcapi.Buildingtestcases.WasteGeneratedBulkDataPostTest"/>
</testsuite> <!-- com.arcapi.Buildingtestcases.WasteGeneratedBulkDataPostTest -->
