<?xml version="1.0" encoding="UTF-8"?>
<!-- Generated by org.testng.reporters.JUnitReportReporter -->
<testsuite hostname="G10GGNLT052" name="com.arcapi.Buildingtestcases.MeterBulkConsumptionPOSTAPITest" tests="1" failures="0" timestamp="10 Sep 2019 13:39:52 GMT" time="2.422" errors="0">
  <testcase name="MeterBulkConsumptionPOSTAPI" time="2.422" classname="com.arcapi.Buildingtestcases.MeterBulkConsumptionPOSTAPITest"/>
</testsuite> <!-- com.arcapi.Buildingtestcases.MeterBulkConsumptionPOSTAPITest -->
