<?xml version="1.0" encoding="UTF-8"?>
<!-- Generated by org.testng.reporters.JUnitReportReporter -->
<testsuite hostname="G10GGNLT052" name="com.arcapi.CompleteDataValidationNoPayloadTestcases.PortfoliosDetailPUTAPITest" tests="1" failures="0" timestamp="20 Sep 2019 08:24:46 GMT" time="0.001" errors="0">
  <testcase name="PortfoliosDetailPUTAPI" time="0.001" classname="com.arcapi.CompleteDataValidationNoPayloadTestcases.PortfoliosDetailPUTAPITest"/>
</testsuite> <!-- com.arcapi.CompleteDataValidationNoPayloadTestcases.PortfoliosDetailPUTAPITest -->
