<?xml version="1.0" encoding="UTF-8"?>
<!-- Generated by org.testng.reporters.JUnitReportReporter -->
<testsuite hostname="G10GGNLT052" name="com.arcapi.InterRelatedFieldValidationTestcases.WaterCreatePOSTAPITest" tests="1" failures="0" timestamp="10 Oct 2019 06:35:20 GMT" time="64.370" errors="0">
  <testcase name="WaterCreatePOSTAPI" time="64.370" classname="com.arcapi.InterRelatedFieldValidationTestcases.WaterCreatePOSTAPITest"/>
</testsuite> <!-- com.arcapi.InterRelatedFieldValidationTestcases.WaterCreatePOSTAPITest -->
