<?xml version="1.0" encoding="UTF-8"?>
<!-- Generated by org.testng.reporters.JUnitReportReporter -->
<testsuite hostname="G10GGNLT052" name="com.arcapi.Leedv4Testcases.LEEDv4OMExistingBuildings" tests="1" failures="0" timestamp="18 Sep 2019 07:16:44 GMT" time="9.443" errors="0">
  <testcase name="LeedExistingCityCreateAssetAPI" time="9.443" classname="com.arcapi.Leedv4Testcases.LEEDv4OMExistingBuildings"/>
</testsuite> <!-- com.arcapi.Leedv4Testcases.LEEDv4OMExistingBuildings -->
