<?xml version="1.0" encoding="UTF-8"?>
<!-- Generated by org.testng.reporters.JUnitReportReporter -->
<testsuite hostname="G10GGNLT052" name="com.arcapi.Transittestcases.ExcelTemplateMetersTransitAboveAPITest" tests="1" failures="0" timestamp="17 Oct 2019 07:26:51 GMT" time="3.530" errors="0">
  <testcase name="ExcelTemplateMetersTransitAbove" time="3.530" classname="com.arcapi.Transittestcases.ExcelTemplateMetersTransitAboveAPITest"/>
</testsuite> <!-- com.arcapi.Transittestcases.ExcelTemplateMetersTransitAboveAPITest -->
