<?xml version="1.0" encoding="UTF-8"?>
<!-- Generated by org.testng.reporters.JUnitReportReporter -->
<testsuite hostname="G10GGNLT052" name="com.arcapi.Buildingtestcases.AnalysisDataEmissionAfterIncreaseTest" tests="2" failures="0" timestamp="7 Nov 2019 08:15:32 GMT" time="64.457" errors="0">
  <testcase name="AnalysisDataEmissionAfterIncrease" time="32.256" classname="com.arcapi.Buildingtestcases.AnalysisDataEmissionAfterIncreaseTest"/>
  <testcase name="AnalysisDataEmissionAfterIncrease" time="32.201" classname="com.arcapi.Buildingtestcases.AnalysisDataEmissionAfterIncreaseTest"/>
</testsuite> <!-- com.arcapi.Buildingtestcases.AnalysisDataEmissionAfterIncreaseTest -->
