<?xml version="1.0" encoding="UTF-8"?>
<!-- Generated by org.testng.reporters.JUnitReportReporter -->
<testsuite skipped="0" hostname="G10GNLT041" name="com.arcapi.Scoretestcases.version2.TemperatureDataPostTest" tests="1" failures="0" timestamp="14 Sep 2018 08:53:28 GMT" time="7.067" errors="0">
  <testcase name="TemperatureDataPost" time="7.067" classname="com.arcapi.Scoretestcases.version2.TemperatureDataPostTest"/>
</testsuite> <!-- com.arcapi.Scoretestcases.version2.TemperatureDataPostTest -->
