<?xml version="1.0" encoding="UTF-8"?>
<!-- Generated by org.testng.reporters.JUnitReportReporter -->
<testsuite hostname="G10GGNLT052" name="com.arcapi.Common.CityCom.MeasuresVersionPostAPITest" tests="1" failures="0" timestamp="1 Oct 2019 07:10:22 GMT" time="1.897" errors="0">
  <testcase name="MeasuresVersionPostAPI" time="1.897" classname="com.arcapi.Common.CityCom.MeasuresVersionPostAPITest"/>
</testsuite> <!-- com.arcapi.Common.CityCom.MeasuresVersionPostAPITest -->
