<?xml version="1.0" encoding="UTF-8"?>
<!-- Generated by org.testng.reporters.JUnitReportReporter -->
<testsuite hostname="G10GGNLT052" name="com.arcapi.ScenarioBasedTestcases.ExcludeSpacesTransportOccupantPOSTAPITest" tests="1" failures="0" timestamp="22 Oct 2019 08:00:56 GMT" time="1.621" errors="0">
  <testcase name="ExcludeSpacesTransportOccupantPOSTAPI" time="1.621" classname="com.arcapi.ScenarioBasedTestcases.ExcludeSpacesTransportOccupantPOSTAPITest"/>
</testsuite> <!-- com.arcapi.ScenarioBasedTestcases.ExcludeSpacesTransportOccupantPOSTAPITest -->
