<?xml version="1.0" encoding="UTF-8"?>
<!-- Generated by org.testng.reporters.JUnitReportReporter -->
<testsuite skipped="0" hostname="G10GNLT041" name="com.arcapi.Communitytestcases.AssetSearchAPITest" tests="2" failures="0" timestamp="17 Jun 2019 09:30:40 GMT" time="7.063" errors="0">
  <testcase name="AssetSearchAPI" time="3.577" classname="com.arcapi.Communitytestcases.AssetSearchAPITest"/>
  <testcase name="AssetSearchAPI" time="3.486" classname="com.arcapi.Communitytestcases.AssetSearchAPITest"/>
</testsuite> <!-- com.arcapi.Communitytestcases.AssetSearchAPITest -->
