<?xml version="1.0" encoding="UTF-8"?>
<!-- Generated by org.testng.reporters.JUnitReportReporter -->
<testsuite hostname="G10GGNLT052" name="com.arcapi.Buildingtestcases.WaterGetTest" tests="1" failures="0" timestamp="10 Sep 2019 13:39:53 GMT" time="2.586" errors="0">
  <testcase name="WaterGet" time="2.586" classname="com.arcapi.Buildingtestcases.WaterGetTest"/>
</testsuite> <!-- com.arcapi.Buildingtestcases.WaterGetTest -->
