<?xml version="1.0" encoding="UTF-8"?>
<!-- Generated by org.testng.reporters.JUnitReportReporter -->
<testsuite skipped="0" hostname="G10GNLT041" name="com.arcapi.Buildingtestcases.AssetUpdateforNewAssetPUTAPITest" tests="2" failures="0" timestamp="16 Aug 2018 10:36:25 GMT" time="22.755" errors="0">
  <testcase name="AssetUpdateforNewAssetPUTAPI" time="13.553" classname="com.arcapi.Buildingtestcases.AssetUpdateforNewAssetPUTAPITest"/>
  <testcase name="AssetUpdateforNewAssetPUTAPI" time="9.202" classname="com.arcapi.Buildingtestcases.AssetUpdateforNewAssetPUTAPITest"/>
</testsuite> <!-- com.arcapi.Buildingtestcases.AssetUpdateforNewAssetPUTAPITest -->
