<?xml version="1.0" encoding="UTF-8"?>
<!-- Generated by org.testng.reporters.JUnitReportReporter -->
<testsuite hostname="G10GGNLT052" name="com.arcapi.Portfoliostestcases.PortfoliosPostAPITest" tests="1" failures="0" timestamp="19 Sep 2019 10:47:47 GMT" time="0.603" errors="0">
  <testcase name="PortfoliosPostAPI" time="0.603" classname="com.arcapi.Portfoliostestcases.PortfoliosPostAPITest"/>
</testsuite> <!-- com.arcapi.Portfoliostestcases.PortfoliosPostAPITest -->
