<?xml version="1.0" encoding="UTF-8"?>
<!-- Generated by org.testng.reporters.JUnitReportReporter -->
<testsuite skipped="0" hostname="G10GNLT041" name="com.arcapi.Communitytestcases.UserDetailAPITest" tests="2" failures="0" timestamp="17 Jun 2019 09:30:41 GMT" time="9.041" errors="0">
  <testcase name="UserDetailAPI" time="5.048" classname="com.arcapi.Communitytestcases.UserDetailAPITest"/>
  <testcase name="UserDetailAPI" time="3.993" classname="com.arcapi.Communitytestcases.UserDetailAPITest"/>
</testsuite> <!-- com.arcapi.Communitytestcases.UserDetailAPITest -->
