<?xml version="1.0" encoding="UTF-8"?>
<!-- Generated by org.testng.reporters.JUnitReportReporter -->
<testsuite hostname="G10GGNLT052" name="com.arcapi.Common.AppVersionDetailAPITest" tests="1" failures="0" timestamp="26 Sep 2019 10:38:00 GMT" time="2.163" errors="0">
  <testcase name="AppVersionDetailAPI" time="2.163" classname="com.arcapi.Common.AppVersionDetailAPITest"/>
</testsuite> <!-- com.arcapi.Common.AppVersionDetailAPITest -->
