<?xml version="1.0" encoding="UTF-8"?>
<!-- Generated by org.testng.reporters.JUnitReportReporter -->
<testsuite skipped="0" hostname="G10GNLT041" name="com.arcapi.InterRelatedFieldValidationTestcases.Co2CreatePOSTAPITest" tests="1" failures="0" timestamp="21 Jun 2019 05:34:13 GMT" time="63.087" errors="0">
  <testcase name="Co2CreatePOSTAPI" time="63.087" classname="com.arcapi.InterRelatedFieldValidationTestcases.Co2CreatePOSTAPITest"/>
</testsuite> <!-- com.arcapi.InterRelatedFieldValidationTestcases.Co2CreatePOSTAPITest -->
