<?xml version="1.0" encoding="UTF-8"?>
<!-- Generated by org.testng.reporters.JUnitReportReporter -->
<testsuite hostname="G10GGNLT052" name="com.arcapi.Leedv4Testcases.LOProjectSyncAPITest" tests="1" failures="0" timestamp="18 Sep 2019 07:29:31 GMT" time="3.853" errors="0">
  <testcase name="LOProjectSyncAPI" time="3.853" classname="com.arcapi.Leedv4Testcases.LOProjectSyncAPITest"/>
</testsuite> <!-- com.arcapi.Leedv4Testcases.LOProjectSyncAPITest -->
