<?xml version="1.0" encoding="UTF-8"?>
<!-- Generated by org.testng.reporters.JUnitReportReporter -->
<testsuite hostname="G10GGNLT052" name="com.arcapi.Portfoliostestcases.PortfoliosGoalsDetailAPITest" tests="1" failures="0" timestamp="17 Oct 2019 08:56:42 GMT" time="1.921" errors="0">
  <testcase name="PortfoliosGoalsDetailAPI" time="1.921" classname="com.arcapi.Portfoliostestcases.PortfoliosGoalsDetailAPITest"/>
</testsuite> <!-- com.arcapi.Portfoliostestcases.PortfoliosGoalsDetailAPITest -->
