<?xml version="1.0" encoding="UTF-8"?>
<!-- Generated by org.testng.reporters.JUnitReportReporter -->
<testsuite hostname="G10GGNLT052" name="com.arcapi.Common.AssetRequiredFieldsAPITest" tests="1" failures="0" timestamp="11 Oct 2019 09:12:46 GMT" time="1.985" errors="0">
  <testcase name="AssetRequiredFieldsAPI" time="1.985" classname="com.arcapi.Common.AssetRequiredFieldsAPITest"/>
</testsuite> <!-- com.arcapi.Common.AssetRequiredFieldsAPITest -->
