<?xml version="1.0" encoding="UTF-8"?>
<!-- Generated by org.testng.reporters.JUnitReportReporter -->
<testsuite hostname="G10GGNLT052" name="com.arcapi.CompleteDataValidationNoPayloadTestcases.WasteDivertedBulkDataPostTest" tests="1" failures="0" timestamp="10 Sep 2019 11:10:22 GMT" time="4.358" errors="0">
  <testcase name="WasteDivertedBulkDataPost" time="4.358" classname="com.arcapi.CompleteDataValidationNoPayloadTestcases.WasteDivertedBulkDataPostTest"/>
</testsuite> <!-- com.arcapi.CompleteDataValidationNoPayloadTestcases.WasteDivertedBulkDataPostTest -->
