<?xml version="1.0" encoding="UTF-8"?>
<!-- Generated by org.testng.reporters.JUnitReportReporter -->
<testsuite skipped="0" hostname="G10GNLT041" name="com.arcapi.Communitytestcases.NotificationSubscriptionDetailDeleteTest" tests="2" failures="0" timestamp="17 Jun 2019 09:30:41 GMT" time="7.892" errors="0">
  <testcase name="NotificationSubscriptionDetailDelete" time="4.304" classname="com.arcapi.Communitytestcases.NotificationSubscriptionDetailDeleteTest"/>
  <testcase name="NotificationSubscriptionDetailDelete" time="3.588" classname="com.arcapi.Communitytestcases.NotificationSubscriptionDetailDeleteTest"/>
</testsuite> <!-- com.arcapi.Communitytestcases.NotificationSubscriptionDetailDeleteTest -->
