<?xml version="1.0" encoding="UTF-8"?>
<!-- Generated by org.testng.reporters.JUnitReportReporter -->
<testsuite hostname="G10GGNLT052" name="com.arcapi.TrailFlowtestcasesComplete.AssetUpdateBuildingTrailActAPITest" tests="1" failures="0" timestamp="20 Sep 2019 07:34:02 GMT" time="2.479" errors="0">
  <testcase name="AssetUpdateforNewAssetPUTAPI" time="2.479" classname="com.arcapi.TrailFlowtestcasesComplete.AssetUpdateBuildingTrailActAPITest"/>
</testsuite> <!-- com.arcapi.TrailFlowtestcasesComplete.AssetUpdateBuildingTrailActAPITest -->
