<?xml version="1.0" encoding="UTF-8"?>
<!-- Generated by org.testng.reporters.JUnitReportReporter -->
<testsuite skipped="0" hostname="G10GNLT041" name="com.arcapi.TrailFlowtestcases.WasteGetAPITest" tests="1" failures="0" timestamp="05 Feb 2019 07:18:51 GMT" time="8.317" errors="0">
  <testcase name="WasteGetAPI" time="8.317" classname="com.arcapi.TrailFlowtestcases.WasteGetAPITest"/>
</testsuite> <!-- com.arcapi.TrailFlowtestcases.WasteGetAPITest -->
