<?xml version="1.0" encoding="UTF-8"?>
<!-- Generated by org.testng.reporters.JUnitReportReporter -->
<testsuite skipped="0" hostname="G10GNLT041" name="com.arcapi.Transittestcases.NotificationGetAPITest" tests="2" failures="0" timestamp="17 Jun 2019 09:30:40 GMT" time="7.045" errors="0">
  <testcase name="NotificationGetAPI" time="4.444" classname="com.arcapi.Transittestcases.NotificationGetAPITest"/>
  <testcase name="NotificationGetAPI" time="2.601" classname="com.arcapi.Transittestcases.NotificationGetAPITest"/>
</testsuite> <!-- com.arcapi.Transittestcases.NotificationGetAPITest -->
