<?xml version="1.0" encoding="UTF-8"?>
<!-- Generated by org.testng.reporters.JUnitReportReporter -->
<testsuite skipped="0" hostname="G10GNLT041" name="com.arcapi.Transittestcases.TransitSurveySummarizeSurveyAPITest" tests="2" failures="0" timestamp="17 Jun 2019 09:30:41 GMT" time="6.976" errors="0">
  <testcase name="TransitSurveySummarizeSurveyAPI" time="2.785" classname="com.arcapi.Transittestcases.TransitSurveySummarizeSurveyAPITest"/>
  <testcase name="TransitSurveySummarizeSurveyAPI" time="4.191" classname="com.arcapi.Transittestcases.TransitSurveySummarizeSurveyAPITest"/>
</testsuite> <!-- com.arcapi.Transittestcases.TransitSurveySummarizeSurveyAPITest -->
