<?xml version="1.0" encoding="UTF-8"?>
<!-- Generated by org.testng.reporters.JUnitReportReporter -->
<testsuite hostname="G10GGNLT052" name="com.arcapi.Common.LoginAPITest" tests="2" failures="0" timestamp="22 Oct 2019 08:12:10 GMT" time="12.206" errors="0">
  <testcase name="LoginAPI" time="4.157" classname="com.arcapi.Common.LoginAPITest"/>
  <testcase name="LoginAPI" time="8.049" classname="com.arcapi.Common.LoginAPITest"/>
</testsuite> <!-- com.arcapi.Common.LoginAPITest -->
