<?xml version="1.0" encoding="UTF-8"?>
<!-- Generated by org.testng.reporters.JUnitReportReporter -->
<testsuite hostname="G10GGNLT052" name="com.arcapi.Common.AssetDocumentAPITest" tests="1" failures="0" timestamp="5 Nov 2019 05:13:45 GMT" time="2.174" errors="0">
  <testcase name="AssetDocumentAPI" time="2.174" classname="com.arcapi.Common.AssetDocumentAPITest"/>
</testsuite> <!-- com.arcapi.Common.AssetDocumentAPITest -->
