<?xml version="1.0" encoding="UTF-8"?>
<!-- Generated by org.testng.reporters.JUnitReportReporter -->
<testsuite hostname="G10GGNLT052" name="com.arcapi.Buildingtestcases.VerifyAgreementDeleteAPITest" tests="1" failures="0" timestamp="10 Oct 2019 06:11:36 GMT" time="2.165" errors="0">
  <testcase name="VerifyAgreementDeleteAPI" time="2.165" classname="com.arcapi.Buildingtestcases.VerifyAgreementDeleteAPITest"/>
</testsuite> <!-- com.arcapi.Buildingtestcases.VerifyAgreementDeleteAPITest -->
