<?xml version="1.0" encoding="UTF-8"?>
<!-- Generated by org.testng.reporters.JUnitReportReporter -->
<testsuite hostname="G10GGNLT052" name="com.arcapi.Common.PaymentReceiptAPITest" tests="1" failures="0" timestamp="11 Oct 2019 09:12:46 GMT" time="6.165" errors="0">
  <testcase name="PaymentReceiptAPI" time="6.165" classname="com.arcapi.Common.PaymentReceiptAPITest"/>
</testsuite> <!-- com.arcapi.Common.PaymentReceiptAPITest -->
