<?xml version="1.0" encoding="UTF-8"?>
<!-- Generated by org.testng.reporters.JUnitReportReporter -->
<testsuite hostname="G10GGNLT052" name="com.arcapi.CompleteDataValidationNoPayloadTestcases.FeedbackSubmitPostAPITest" tests="1" failures="0" timestamp="13 Aug 2019 07:30:04 GMT" time="1.841" errors="0">
  <testcase name="FeedbackSubmitPostAPI" time="1.841" classname="com.arcapi.CompleteDataValidationNoPayloadTestcases.FeedbackSubmitPostAPITest"/>
</testsuite> <!-- com.arcapi.CompleteDataValidationNoPayloadTestcases.FeedbackSubmitPostAPITest -->
