<?xml version="1.0" encoding="UTF-8"?>
<!-- Generated by org.testng.reporters.JUnitReportReporter -->
<testsuite skipped="0" hostname="G10GNLT041" name="com.arcapi.Buildingtestcases.AssociatedCategoriesAPITest" tests="2" failures="0" timestamp="17 Jun 2019 07:27:39 GMT" time="13.953" errors="0">
  <testcase name="AssociatedCategoriesAPI" time="6.884" classname="com.arcapi.Buildingtestcases.AssociatedCategoriesAPITest"/>
  <testcase name="AssociatedCategoriesAPI" time="7.069" classname="com.arcapi.Buildingtestcases.AssociatedCategoriesAPITest"/>
</testsuite> <!-- com.arcapi.Buildingtestcases.AssociatedCategoriesAPITest -->
