<?xml version="1.0" encoding="UTF-8"?>
<!-- Generated by org.testng.reporters.JUnitReportReporter -->
<testsuite skipped="0" hostname="G10GNLT041" name="com.arcapi.Citytestcases.CountryStatesJSONAPITest" tests="2" failures="0" timestamp="17 Jun 2019 08:07:16 GMT" time="6.609" errors="0">
  <testcase name="CountryStatesJSONAPI" time="3.641" classname="com.arcapi.Citytestcases.CountryStatesJSONAPITest"/>
  <testcase name="CountryStatesJSONAPI" time="2.968" classname="com.arcapi.Citytestcases.CountryStatesJSONAPITest"/>
</testsuite> <!-- com.arcapi.Citytestcases.CountryStatesJSONAPITest -->
