<?xml version="1.0" encoding="UTF-8"?>
<!-- Generated by org.testng.reporters.JUnitReportReporter -->
<testsuite hostname="G10GGNLT052" name="com.arcapi.Common.Neg.ReturnReviewGetAPITest" tests="1" failures="0" timestamp="26 Sep 2019 08:49:01 GMT" time="1.397" errors="0">
  <testcase name="ReturnReviewGetAPI" time="1.397" classname="com.arcapi.Common.Neg.ReturnReviewGetAPITest"/>
</testsuite> <!-- com.arcapi.Common.Neg.ReturnReviewGetAPITest -->
