<?xml version="1.0" encoding="UTF-8"?>
<!-- Generated by org.testng.reporters.JUnitReportReporter -->
<testsuite skipped="0" hostname="G10GNLT041" name="com.arcapi.Citytestcases.FetchingAgreementDetailsAPITest" tests="2" failures="0" timestamp="17 Jun 2019 08:07:17 GMT" time="9.822" errors="0">
  <testcase name="FetchingAgreementDetailsAPI" time="5.049" classname="com.arcapi.Citytestcases.FetchingAgreementDetailsAPITest"/>
  <testcase name="FetchingAgreementDetailsAPI" time="4.773" classname="com.arcapi.Citytestcases.FetchingAgreementDetailsAPITest"/>
</testsuite> <!-- com.arcapi.Citytestcases.FetchingAgreementDetailsAPITest -->
