<?xml version="1.0" encoding="UTF-8"?>
<!-- Generated by org.testng.reporters.JUnitReportReporter -->
<testsuite skipped="0" hostname="G10GNLT041" name="com.arcapi.TrailFlowtestcases.Building.WasteGetAPITest" tests="2" failures="0" timestamp="22 Feb 2019 05:49:40 GMT" time="4.154" errors="0">
  <testcase name="WasteGetAPI" time="2.284" classname="com.arcapi.TrailFlowtestcases.Building.WasteGetAPITest"/>
  <testcase name="WasteGetAPI" time="1.870" classname="com.arcapi.TrailFlowtestcases.Building.WasteGetAPITest"/>
</testsuite> <!-- com.arcapi.TrailFlowtestcases.Building.WasteGetAPITest -->
