<?xml version="1.0" encoding="UTF-8"?>
<!-- Generated by org.testng.reporters.JUnitReportReporter -->
<testsuite hostname="G10GGNLT052" name="com.arcapi.ScenarioBasedTestcases.AddProjectNullValueAPITest" tests="1" failures="0" timestamp="22 Oct 2019 08:00:56 GMT" time="5.539" errors="0">
  <testcase name="AddProjectNullValueAPI" time="5.539" classname="com.arcapi.ScenarioBasedTestcases.AddProjectNullValueAPITest"/>
</testsuite> <!-- com.arcapi.ScenarioBasedTestcases.AddProjectNullValueAPITest -->
