<?xml version="1.0" encoding="UTF-8"?>
<!-- Generated by org.testng.reporters.JUnitReportReporter -->
<testsuite hostname="G10GGNLT052" name="com.arcapi.ScenarioBasedTestcases.OLDExcelUploadTemplatePOSTAPITest" tests="1" failures="0" timestamp="7 Nov 2019 09:54:02 GMT" time="6.815" errors="0">
  <testcase name="OLDExcelUploadTemplatePOSTAPI" time="6.815" classname="com.arcapi.ScenarioBasedTestcases.OLDExcelUploadTemplatePOSTAPITest"/>
</testsuite> <!-- com.arcapi.ScenarioBasedTestcases.OLDExcelUploadTemplatePOSTAPITest -->
