<?xml version="1.0" encoding="UTF-8"?>
<!-- Generated by org.testng.reporters.JUnitReportReporter -->
<testsuite hostname="G10GGNLT052" name="com.arcapi.Portfoliostestcases.PortfoliosGoalsUpdateAPITest" tests="1" failures="0" timestamp="5 Nov 2019 05:01:55 GMT" time="1.412" errors="0">
  <testcase name="PortfoliosGoalsUpdateAPI" time="1.412" classname="com.arcapi.Portfoliostestcases.PortfoliosGoalsUpdateAPITest"/>
</testsuite> <!-- com.arcapi.Portfoliostestcases.PortfoliosGoalsUpdateAPITest -->
