<?xml version="1.0" encoding="UTF-8"?>
<!-- Generated by org.testng.reporters.JUnitReportReporter -->
<testsuite hostname="G10GGNLT052" name="com.arcapi.Buildingtestcases.RecomputePerformanceScoreBeforeTest" tests="1" failures="0" timestamp="9 Oct 2019 04:36:42 GMT" time="8.141" errors="0">
  <testcase name="RecomputePerformanceScoreGet" time="8.141" classname="com.arcapi.Buildingtestcases.RecomputePerformanceScoreBeforeTest"/>
</testsuite> <!-- com.arcapi.Buildingtestcases.RecomputePerformanceScoreBeforeTest -->
