<?xml version="1.0" encoding="UTF-8"?>
<!-- Generated by org.testng.reporters.JUnitReportReporter -->
<testsuite skipped="0" hostname="G10GNLT041" name="com.arcapi.Buildingtestcases.RatingSystemListAPITest" tests="2" failures="0" timestamp="17 Jun 2019 07:27:40 GMT" time="15.742" errors="0">
  <testcase name="RatingSystemListAPI" time="6.343" classname="com.arcapi.Buildingtestcases.RatingSystemListAPITest"/>
  <testcase name="RatingSystemListAPI" time="9.399" classname="com.arcapi.Buildingtestcases.RatingSystemListAPITest"/>
</testsuite> <!-- com.arcapi.Buildingtestcases.RatingSystemListAPITest -->
