<?xml version="1.0" encoding="UTF-8"?>
<!-- Generated by org.testng.reporters.JUnitReportReporter -->
<testsuite hostname="G10GGNLT052" name="com.arcapi.Buildingtestcases.NotificationGetAPITest" tests="1" failures="0" timestamp="4 Sep 2019 04:54:36 GMT" time="1.400" errors="0">
  <testcase name="NotificationGetAPI" time="1.400" classname="com.arcapi.Buildingtestcases.NotificationGetAPITest"/>
</testsuite> <!-- com.arcapi.Buildingtestcases.NotificationGetAPITest -->
