<?xml version="1.0" encoding="UTF-8"?>
<!-- Generated by org.testng.reporters.JUnitReportReporter -->
<testsuite hostname="G10GGNLT052" name="com.arcapi.Portfoliostestcases.GresbAssetsExsitingIDPostAPITest" tests="1" failures="0" timestamp="4 Oct 2019 08:45:38 GMT" time="24.574" errors="0">
  <testcase name="GresbAssetsExsitingIDPostAPI" time="24.574" classname="com.arcapi.Portfoliostestcases.GresbAssetsExsitingIDPostAPITest"/>
</testsuite> <!-- com.arcapi.Portfoliostestcases.GresbAssetsExsitingIDPostAPITest -->
