<?xml version="1.0" encoding="UTF-8"?>
<!-- Generated by org.testng.reporters.JUnitReportReporter -->
<testsuite hostname="G10GGNLT052" name="com.arcapi.Common.PaymentReceiptAPITest" tests="1" failures="0" timestamp="10 Sep 2019 13:39:53 GMT" time="4.940" errors="0">
  <testcase name="PaymentReceiptAPI" time="4.940" classname="com.arcapi.Common.PaymentReceiptAPITest"/>
</testsuite> <!-- com.arcapi.Common.PaymentReceiptAPITest -->
