<?xml version="1.0" encoding="UTF-8"?>
<!-- Generated by org.testng.reporters.JUnitReportReporter -->
<testsuite skipped="0" hostname="G10GNLT041" name="com.arcapi.Transittestcases.GhgCalcGetTest" tests="2" failures="0" timestamp="17 Jun 2019 09:30:40 GMT" time="7.267" errors="0">
  <testcase name="GhgCalcGet" time="4.601" classname="com.arcapi.Transittestcases.GhgCalcGetTest"/>
  <testcase name="GhgCalcGet" time="2.666" classname="com.arcapi.Transittestcases.GhgCalcGetTest"/>
</testsuite> <!-- com.arcapi.Transittestcases.GhgCalcGetTest -->
