<?xml version="1.0" encoding="UTF-8"?>
<!-- Generated by org.testng.reporters.JUnitReportReporter -->
<testsuite hostname="G10GGNLT052" name="com.arcapi.Buildingtestcases.WaterCreate60MonthMeterDataPostTest" tests="62" failures="0" timestamp="20 Sep 2019 04:55:35 GMT" time="160.364" errors="0">
  <testcase name="WaterCreate60MonthMeterDataPost" time="1.931" classname="com.arcapi.Buildingtestcases.WaterCreate60MonthMeterDataPostTest"/>
  <testcase name="WaterCreate60MonthMeterDataPost" time="1.705" classname="com.arcapi.Buildingtestcases.WaterCreate60MonthMeterDataPostTest"/>
  <testcase name="WaterCreate60MonthMeterDataPost" time="2.197" classname="com.arcapi.Buildingtestcases.WaterCreate60MonthMeterDataPostTest"/>
  <testcase name="WaterCreate60MonthMeterDataPost" time="1.922" classname="com.arcapi.Buildingtestcases.WaterCreate60MonthMeterDataPostTest"/>
  <testcase name="WaterCreate60MonthMeterDataPost" time="1.642" classname="com.arcapi.Buildingtestcases.WaterCreate60MonthMeterDataPostTest"/>
  <testcase name="WaterCreate60MonthMeterDataPost" time="1.981" classname="com.arcapi.Buildingtestcases.WaterCreate60MonthMeterDataPostTest"/>
  <testcase name="WaterCreate60MonthMeterDataPost" time="2.254" classname="com.arcapi.Buildingtestcases.WaterCreate60MonthMeterDataPostTest"/>
  <testcase name="WaterCreate60MonthMeterDataPost" time="2.215" classname="com.arcapi.Buildingtestcases.WaterCreate60MonthMeterDataPostTest"/>
  <testcase name="WaterCreate60MonthMeterDataPost" time="2.159" classname="com.arcapi.Buildingtestcases.WaterCreate60MonthMeterDataPostTest"/>
  <testcase name="WaterCreate60MonthMeterDataPost" time="1.865" classname="com.arcapi.Buildingtestcases.WaterCreate60MonthMeterDataPostTest"/>
  <testcase name="WaterCreate60MonthMeterDataPost" time="2.046" classname="com.arcapi.Buildingtestcases.WaterCreate60MonthMeterDataPostTest"/>
  <testcase name="WaterCreate60MonthMeterDataPost" time="1.991" classname="com.arcapi.Buildingtestcases.WaterCreate60MonthMeterDataPostTest"/>
  <testcase name="WaterCreate60MonthMeterDataPost" time="2.329" classname="com.arcapi.Buildingtestcases.WaterCreate60MonthMeterDataPostTest"/>
  <testcase name="WaterCreate60MonthMeterDataPost" time="1.846" classname="com.arcapi.Buildingtestcases.WaterCreate60MonthMeterDataPostTest"/>
  <testcase name="WaterCreate60MonthMeterDataPost" time="1.896" classname="com.arcapi.Buildingtestcases.WaterCreate60MonthMeterDataPostTest"/>
  <testcase name="WaterCreate60MonthMeterDataPost" time="3.166" classname="com.arcapi.Buildingtestcases.WaterCreate60MonthMeterDataPostTest"/>
  <testcase name="WaterCreate60MonthMeterDataPost" time="1.756" classname="com.arcapi.Buildingtestcases.WaterCreate60MonthMeterDataPostTest"/>
  <testcase name="WaterCreate60MonthMeterDataPost" time="2.739" classname="com.arcapi.Buildingtestcases.WaterCreate60MonthMeterDataPostTest"/>
  <testcase name="WaterCreate60MonthMeterDataPost" time="2.173" classname="com.arcapi.Buildingtestcases.WaterCreate60MonthMeterDataPostTest"/>
  <testcase name="WaterCreate60MonthMeterDataPost" time="2.073" classname="com.arcapi.Buildingtestcases.WaterCreate60MonthMeterDataPostTest"/>
  <testcase name="WaterCreate60MonthMeterDataPost" time="1.767" classname="com.arcapi.Buildingtestcases.WaterCreate60MonthMeterDataPostTest"/>
  <testcase name="WaterCreate60MonthMeterDataPost" time="2.070" classname="com.arcapi.Buildingtestcases.WaterCreate60MonthMeterDataPostTest"/>
  <testcase name="WaterCreate60MonthMeterDataPost" time="1.846" classname="com.arcapi.Buildingtestcases.WaterCreate60MonthMeterDataPostTest"/>
  <testcase name="WaterCreate60MonthMeterDataPost" time="1.914" classname="com.arcapi.Buildingtestcases.WaterCreate60MonthMeterDataPostTest"/>
  <testcase name="WaterCreate60MonthMeterDataPost" time="1.697" classname="com.arcapi.Buildingtestcases.WaterCreate60MonthMeterDataPostTest"/>
  <testcase name="WaterCreate60MonthMeterDataPost" time="1.833" classname="com.arcapi.Buildingtestcases.WaterCreate60MonthMeterDataPostTest"/>
  <testcase name="WaterCreate60MonthMeterDataPost" time="10.738" classname="com.arcapi.Buildingtestcases.WaterCreate60MonthMeterDataPostTest"/>
  <testcase name="WaterCreate60MonthMeterDataPost" time="1.913" classname="com.arcapi.Buildingtestcases.WaterCreate60MonthMeterDataPostTest"/>
  <testcase name="WaterCreate60MonthMeterDataPost" time="1.939" classname="com.arcapi.Buildingtestcases.WaterCreate60MonthMeterDataPostTest"/>
  <testcase name="WaterCreate60MonthMeterDataPost" time="1.652" classname="com.arcapi.Buildingtestcases.WaterCreate60MonthMeterDataPostTest"/>
  <testcase name="WaterCreate60MonthMeterDataPost" time="2.016" classname="com.arcapi.Buildingtestcases.WaterCreate60MonthMeterDataPostTest"/>
  <testcase name="WaterCreate60MonthMeterDataPost" time="2.871" classname="com.arcapi.Buildingtestcases.WaterCreate60MonthMeterDataPostTest"/>
  <testcase name="WaterCreate60MonthMeterDataPost" time="2.352" classname="com.arcapi.Buildingtestcases.WaterCreate60MonthMeterDataPostTest"/>
  <testcase name="WaterCreate60MonthMeterDataPost" time="1.984" classname="com.arcapi.Buildingtestcases.WaterCreate60MonthMeterDataPostTest"/>
  <testcase name="WaterCreate60MonthMeterDataPost" time="2.208" classname="com.arcapi.Buildingtestcases.WaterCreate60MonthMeterDataPostTest"/>
  <testcase name="WaterCreate60MonthMeterDataPost" time="3.873" classname="com.arcapi.Buildingtestcases.WaterCreate60MonthMeterDataPostTest"/>
  <testcase name="WaterCreate60MonthMeterDataPost" time="1.834" classname="com.arcapi.Buildingtestcases.WaterCreate60MonthMeterDataPostTest"/>
  <testcase name="WaterCreate60MonthMeterDataPost" time="2.058" classname="com.arcapi.Buildingtestcases.WaterCreate60MonthMeterDataPostTest"/>
  <testcase name="WaterCreate60MonthMeterDataPost" time="2.048" classname="com.arcapi.Buildingtestcases.WaterCreate60MonthMeterDataPostTest"/>
  <testcase name="WaterCreate60MonthMeterDataPost" time="2.083" classname="com.arcapi.Buildingtestcases.WaterCreate60MonthMeterDataPostTest"/>
  <testcase name="WaterCreate60MonthMeterDataPost" time="1.725" classname="com.arcapi.Buildingtestcases.WaterCreate60MonthMeterDataPostTest"/>
  <testcase name="WaterCreate60MonthMeterDataPost" time="2.173" classname="com.arcapi.Buildingtestcases.WaterCreate60MonthMeterDataPostTest"/>
  <testcase name="WaterCreate60MonthMeterDataPost" time="2.190" classname="com.arcapi.Buildingtestcases.WaterCreate60MonthMeterDataPostTest"/>
  <testcase name="WaterCreate60MonthMeterDataPost" time="2.409" classname="com.arcapi.Buildingtestcases.WaterCreate60MonthMeterDataPostTest"/>
  <testcase name="WaterCreate60MonthMeterDataPost" time="2.022" classname="com.arcapi.Buildingtestcases.WaterCreate60MonthMeterDataPostTest"/>
  <testcase name="WaterCreate60MonthMeterDataPost" time="2.233" classname="com.arcapi.Buildingtestcases.WaterCreate60MonthMeterDataPostTest"/>
  <testcase name="WaterCreate60MonthMeterDataPost" time="1.976" classname="com.arcapi.Buildingtestcases.WaterCreate60MonthMeterDataPostTest"/>
  <testcase name="WaterCreate60MonthMeterDataPost" time="26.195" classname="com.arcapi.Buildingtestcases.WaterCreate60MonthMeterDataPostTest"/>
  <testcase name="WaterCreate60MonthMeterDataPost" time="2.044" classname="com.arcapi.Buildingtestcases.WaterCreate60MonthMeterDataPostTest"/>
  <testcase name="WaterCreate60MonthMeterDataPost" time="1.990" classname="com.arcapi.Buildingtestcases.WaterCreate60MonthMeterDataPostTest"/>
  <testcase name="WaterCreate60MonthMeterDataPost" time="1.803" classname="com.arcapi.Buildingtestcases.WaterCreate60MonthMeterDataPostTest"/>
  <testcase name="WaterCreate60MonthMeterDataPost" time="1.685" classname="com.arcapi.Buildingtestcases.WaterCreate60MonthMeterDataPostTest"/>
  <testcase name="WaterCreate60MonthMeterDataPost" time="2.007" classname="com.arcapi.Buildingtestcases.WaterCreate60MonthMeterDataPostTest"/>
  <testcase name="WaterCreate60MonthMeterDataPost" time="2.266" classname="com.arcapi.Buildingtestcases.WaterCreate60MonthMeterDataPostTest"/>
  <testcase name="WaterCreate60MonthMeterDataPost" time="1.669" classname="com.arcapi.Buildingtestcases.WaterCreate60MonthMeterDataPostTest"/>
  <testcase name="WaterCreate60MonthMeterDataPost" time="2.270" classname="com.arcapi.Buildingtestcases.WaterCreate60MonthMeterDataPostTest"/>
  <testcase name="WaterCreate60MonthMeterDataPost" time="2.031" classname="com.arcapi.Buildingtestcases.WaterCreate60MonthMeterDataPostTest"/>
  <testcase name="WaterCreate60MonthMeterDataPost" time="1.713" classname="com.arcapi.Buildingtestcases.WaterCreate60MonthMeterDataPostTest"/>
  <testcase name="WaterCreate60MonthMeterDataPost" time="1.720" classname="com.arcapi.Buildingtestcases.WaterCreate60MonthMeterDataPostTest"/>
  <testcase name="WaterCreate60MonthMeterDataPost" time="1.953" classname="com.arcapi.Buildingtestcases.WaterCreate60MonthMeterDataPostTest"/>
  <testcase name="WaterCreate60MonthMeterDataPost" time="1.961" classname="com.arcapi.Buildingtestcases.WaterCreate60MonthMeterDataPostTest"/>
  <testcase name="WaterCreate60MonthMeterDataPost" time="1.747" classname="com.arcapi.Buildingtestcases.WaterCreate60MonthMeterDataPostTest"/>
</testsuite> <!-- com.arcapi.Buildingtestcases.WaterCreate60MonthMeterDataPostTest -->
