<?xml version="1.0" encoding="UTF-8"?>
<!-- Generated by org.testng.reporters.JUnitReportReporter -->
<testsuite hostname="G10GGNLT052" name="com.arcapi.Common.V2.BasicAnalysisDataGetAPITest" tests="1" failures="0" timestamp="22 Oct 2019 08:44:42 GMT" time="4.908" errors="0">
  <testcase name="BasicAnalysisDataGetAPI" time="4.908" classname="com.arcapi.Common.V2.BasicAnalysisDataGetAPITest"/>
</testsuite> <!-- com.arcapi.Common.V2.BasicAnalysisDataGetAPITest -->
