<?xml version="1.0" encoding="UTF-8"?>
<!-- Generated by org.testng.reporters.JUnitReportReporter -->
<testsuite hostname="G10GGNLT052" name="com.arcapi.Common.S3DocumentUploadPOSTAPITest" tests="1" failures="0" timestamp="20 Sep 2019 07:00:23 GMT" time="25.436" errors="0">
  <testcase name="S3DocumentUploadPOSTAPI" time="25.436" classname="com.arcapi.Common.S3DocumentUploadPOSTAPITest"/>
</testsuite> <!-- com.arcapi.Common.S3DocumentUploadPOSTAPITest -->
