<?xml version="1.0" encoding="UTF-8"?>
<!-- Generated by org.testng.reporters.JUnitReportReporter -->
<testsuite hostname="G10GGNLT052" name="com.arcapi.Portfoliostestcases.GresbAssetsExsitingIDPostAPITest" tests="1" failures="0" timestamp="17 Oct 2019 08:56:42 GMT" time="32.154" errors="0">
  <testcase name="GresbAssetsExsitingIDPostAPI" time="32.154" classname="com.arcapi.Portfoliostestcases.GresbAssetsExsitingIDPostAPITest"/>
</testsuite> <!-- com.arcapi.Portfoliostestcases.GresbAssetsExsitingIDPostAPITest -->
