<?xml version="1.0" encoding="UTF-8"?>
<!-- Generated by org.testng.reporters.JUnitReportReporter -->
<testsuite skipped="0" hostname="G10GNLT041" name="com.arcapi.Buildingtestcases.FeedbackSubmitPostAPITest" tests="2" failures="0" timestamp="17 Jun 2019 07:27:39 GMT" time="12.512" errors="0">
  <testcase name="FeedbackSubmitPostAPI" time="6.080" classname="com.arcapi.Buildingtestcases.FeedbackSubmitPostAPITest"/>
  <testcase name="FeedbackSubmitPostAPI" time="6.432" classname="com.arcapi.Buildingtestcases.FeedbackSubmitPostAPITest"/>
</testsuite> <!-- com.arcapi.Buildingtestcases.FeedbackSubmitPostAPITest -->
