<?xml version="1.0" encoding="UTF-8"?>
<!-- Generated by org.testng.reporters.JUnitReportReporter -->
<testsuite skipped="0" hostname="G10GNLT041" name="com.arcapi.Buildingtestcases.RegistrationPaymentPricingGetAPITest" tests="2" failures="0" timestamp="21 Jun 2019 06:10:22 GMT" time="7.036" errors="0">
  <testcase name="RegistrationPaymentPricingGetAPI" time="3.708" classname="com.arcapi.Buildingtestcases.RegistrationPaymentPricingGetAPITest"/>
  <testcase name="RegistrationPaymentPricingGetAPI" time="3.328" classname="com.arcapi.Buildingtestcases.RegistrationPaymentPricingGetAPITest"/>
</testsuite> <!-- com.arcapi.Buildingtestcases.RegistrationPaymentPricingGetAPITest -->
