<?xml version="1.0" encoding="UTF-8"?>
<!-- Generated by org.testng.reporters.JUnitReportReporter -->
<testsuite hostname="G10GGNLT052" name="com.arcapi.Citytestcases.PaymentReceiptAPITest" tests="1" failures="0" timestamp="14 Aug 2019 08:09:03 GMT" time="8.264" errors="0">
  <testcase name="PaymentReceiptAPI" time="8.264" classname="com.arcapi.Citytestcases.PaymentReceiptAPITest"/>
</testsuite> <!-- com.arcapi.Citytestcases.PaymentReceiptAPITest -->
