<?xml version="1.0" encoding="UTF-8"?>
<!-- Generated by org.testng.reporters.JUnitReportReporter -->
<testsuite skipped="0" hostname="G10GNLT041" name="com.arcapi.Buildingtestcases.VOCConsumptionDeleteAPITest" tests="1" failures="0" timestamp="20 Dec 2018 09:55:01 GMT" time="3.766" errors="0">
  <testcase name="VOCConsumptionDeleteAPI" time="3.766" classname="com.arcapi.Buildingtestcases.VOCConsumptionDeleteAPITest"/>
</testsuite> <!-- com.arcapi.Buildingtestcases.VOCConsumptionDeleteAPITest -->
