<?xml version="1.0" encoding="UTF-8"?>
<!-- Generated by org.testng.reporters.JUnitReportReporter -->
<testsuite skipped="0" hostname="G10GNLT041" name="com.arcapi.Leedv4Testcases.LOProjectRegistrationEB" tests="1" failures="0" timestamp="27 Sep 2018 07:05:19 GMT" time="36.444" errors="0">
  <testcase name="CreateAssetPOSTAPI" time="36.444" classname="com.arcapi.Leedv4Testcases.LOProjectRegistrationEB"/>
</testsuite> <!-- com.arcapi.Leedv4Testcases.LOProjectRegistrationEB -->
