<?xml version="1.0" encoding="UTF-8"?>
<!-- Generated by org.testng.reporters.JUnitReportReporter -->
<testsuite hostname="G10GGNLT052" name="com.arcapi.InterRelatedFieldValidationTestcases.TransportCreatePOSTAPITest" tests="1" failures="0" timestamp="10 Oct 2019 06:35:20 GMT" time="67.201" errors="0">
  <testcase name="TransportCreatePOSTAPI" time="67.201" classname="com.arcapi.InterRelatedFieldValidationTestcases.TransportCreatePOSTAPITest"/>
</testsuite> <!-- com.arcapi.InterRelatedFieldValidationTestcases.TransportCreatePOSTAPITest -->
