<?xml version="1.0" encoding="UTF-8"?>
<!-- Generated by org.testng.reporters.JUnitReportReporter -->
<testsuite hostname="G10GGNLT052" name="com.arcapi.Common.RatingSystemListAPITest" tests="1" failures="0" timestamp="10 Sep 2019 13:39:52 GMT" time="2.815" errors="0">
  <testcase name="RatingSystemListAPI" time="2.815" classname="com.arcapi.Common.RatingSystemListAPITest"/>
</testsuite> <!-- com.arcapi.Common.RatingSystemListAPITest -->
