<?xml version="1.0" encoding="UTF-8"?>
<!-- Generated by org.testng.reporters.JUnitReportReporter -->
<testsuite skipped="0" hostname="G10GNLT041" name="com.arcapi.Transittestcases.PaymentReceiptAPITest" tests="2" failures="0" timestamp="17 Jun 2019 09:30:39 GMT" time="22.208" errors="0">
  <testcase name="PaymentReceiptAPI" time="8.991" classname="com.arcapi.Transittestcases.PaymentReceiptAPITest"/>
  <testcase name="PaymentReceiptAPI" time="13.217" classname="com.arcapi.Transittestcases.PaymentReceiptAPITest"/>
</testsuite> <!-- com.arcapi.Transittestcases.PaymentReceiptAPITest -->
