<?xml version="1.0" encoding="UTF-8"?>
<!-- Generated by org.testng.reporters.JUnitReportReporter -->
<testsuite skipped="0" hostname="G10GNLT041" name="com.arcapi.Citytestcases.PaymentOrderGetAPITest" tests="2" failures="0" timestamp="17 Jun 2019 08:07:17 GMT" time="6.997" errors="0">
  <testcase name="PaymentOrderGetAPI" time="3.272" classname="com.arcapi.Citytestcases.PaymentOrderGetAPITest"/>
  <testcase name="PaymentOrderGetAPI" time="3.725" classname="com.arcapi.Citytestcases.PaymentOrderGetAPITest"/>
</testsuite> <!-- com.arcapi.Citytestcases.PaymentOrderGetAPITest -->
