<?xml version="1.0" encoding="UTF-8"?>
<!-- Generated by org.testng.reporters.JUnitReportReporter -->
<testsuite skipped="0" hostname="G10GNLT041" name="com.arcapi.Buildingtestcases.TemperatureDataGetTest" tests="2" failures="0" timestamp="17 Jun 2019 07:27:40 GMT" time="13.760" errors="0">
  <testcase name="TemperatureDataGet" time="7.584" classname="com.arcapi.Buildingtestcases.TemperatureDataGetTest"/>
  <testcase name="TemperatureDataGet" time="6.176" classname="com.arcapi.Buildingtestcases.TemperatureDataGetTest"/>
</testsuite> <!-- com.arcapi.Buildingtestcases.TemperatureDataGetTest -->
