<?xml version="1.0" encoding="UTF-8"?>
<!-- Generated by org.testng.reporters.JUnitReportReporter -->
<testsuite hostname="G10GGNLT052" name="com.arcapi.TrailFlowtestcasesComplete.SyncSAPTrailProjectAPITest" tests="1" failures="0" timestamp="13 Sep 2019 09:56:32 GMT" time="6.375" errors="0">
  <testcase name="CreateAssetPOSTAPI" time="6.375" classname="com.arcapi.TrailFlowtestcasesComplete.SyncSAPTrailProjectAPITest"/>
</testsuite> <!-- com.arcapi.TrailFlowtestcasesComplete.SyncSAPTrailProjectAPITest -->
