<?xml version="1.0" encoding="UTF-8"?>
<!-- Generated by org.testng.reporters.JUnitReportReporter -->
<testsuite hostname="G10GGNLT052" name="com.arcapi.Leedv4Testcases.NotSyncLOProjectAPITest" tests="2" failures="0" timestamp="6 Nov 2019 05:37:25 GMT" time="5.037" errors="0">
  <testcase name="LOProjectSyncAPI" time="2.542" classname="com.arcapi.Leedv4Testcases.NotSyncLOProjectAPITest"/>
  <testcase name="LOProjectSyncAPI" time="2.495" classname="com.arcapi.Leedv4Testcases.NotSyncLOProjectAPITest"/>
</testsuite> <!-- com.arcapi.Leedv4Testcases.NotSyncLOProjectAPITest -->
