<?xml version="1.0" encoding="UTF-8"?>
<!-- Generated by org.testng.reporters.JUnitReportReporter -->
<testsuite hostname="G10GGNLT052" name="com.arcapi.Transittestcases.ExcelUploadTemplateTransitAboveAPITest" tests="1" failures="0" timestamp="9 Sep 2019 15:05:12 GMT" time="6.559" errors="0">
  <testcase name="ExcelUploadTemplateTransitAboveAP" time="6.559" classname="com.arcapi.Transittestcases.ExcelUploadTemplateTransitAboveAPITest"/>
</testsuite> <!-- com.arcapi.Transittestcases.ExcelUploadTemplateTransitAboveAPITest -->
