<?xml version="1.0" encoding="UTF-8"?>
<!-- Generated by org.testng.reporters.JUnitReportReporter -->
<testsuite hostname="G10GGNLT052" name="com.arcapi.Common.SignAgreementRegistrationAPITest" tests="1" failures="0" timestamp="11 Oct 2019 09:12:47 GMT" time="5.720" errors="0">
  <testcase name="SignAgreementRegistrationAPI" time="5.720" classname="com.arcapi.Common.SignAgreementRegistrationAPITest"/>
</testsuite> <!-- com.arcapi.Common.SignAgreementRegistrationAPITest -->
