<?xml version="1.0" encoding="UTF-8"?>
<!-- Generated by org.testng.reporters.JUnitReportReporter -->
<testsuite hostname="G10GGNLT052" name="com.arcapi.Common.S3DocumentRemoveAPITest" tests="1" failures="0" timestamp="22 Oct 2019 10:35:10 GMT" time="1.851" errors="0">
  <testcase name="S3DocumentRemoveAPI" time="1.851" classname="com.arcapi.Common.S3DocumentRemoveAPITest"/>
</testsuite> <!-- com.arcapi.Common.S3DocumentRemoveAPITest -->
