<?xml version="1.0" encoding="UTF-8"?>
<!-- Generated by org.testng.reporters.JUnitReportReporter -->
<testsuite hostname="G10GGNLT052" name="com.arcapi.Common.AssetCertificationPOSTAPITest" tests="1" failures="0" timestamp="10 Sep 2019 13:39:52 GMT" time="2.770" errors="0">
  <testcase name="AssetCertificationPOSTAPI" time="2.770" classname="com.arcapi.Common.AssetCertificationPOSTAPITest"/>
</testsuite> <!-- com.arcapi.Common.AssetCertificationPOSTAPITest -->
