<?xml version="1.0" encoding="UTF-8"?>
<!-- Generated by org.testng.reporters.JUnitReportReporter -->
<testsuite skipped="0" hostname="G10GNLT041" name="com.arcapi.Citytestcases.UserAccessLevelSAPGetTest" tests="2" failures="0" timestamp="17 Jun 2019 08:07:17 GMT" time="7.583" errors="0">
  <testcase name="UserAccessLevelSAPGet" time="3.591" classname="com.arcapi.Citytestcases.UserAccessLevelSAPGetTest"/>
  <testcase name="UserAccessLevelSAPGet" time="3.992" classname="com.arcapi.Citytestcases.UserAccessLevelSAPGetTest"/>
</testsuite> <!-- com.arcapi.Citytestcases.UserAccessLevelSAPGetTest -->
