<?xml version="1.0" encoding="UTF-8"?>
<!-- Generated by org.testng.reporters.JUnitReportReporter -->
<testsuite skipped="0" hostname="G10GNLT041" name="com.arcapi.Buildingtestcases.FetchingAgreementDetailsAPITest" tests="2" failures="0" timestamp="17 Jun 2019 07:27:39 GMT" time="14.806" errors="0">
  <testcase name="FetchingAgreementDetailsAPI" time="7.355" classname="com.arcapi.Buildingtestcases.FetchingAgreementDetailsAPITest"/>
  <testcase name="FetchingAgreementDetailsAPI" time="7.451" classname="com.arcapi.Buildingtestcases.FetchingAgreementDetailsAPITest"/>
</testsuite> <!-- com.arcapi.Buildingtestcases.FetchingAgreementDetailsAPITest -->
