<?xml version="1.0" encoding="UTF-8"?>
<!-- Generated by org.testng.reporters.JUnitReportReporter -->
<testsuite hostname="G10GGNLT052" name="com.arcapi.Citytestcases.LeedExistingCityCreateAssetAPITest" tests="1" failures="0" timestamp="6 Nov 2019 05:37:25 GMT" time="8.049" errors="0">
  <testcase name="LeedExistingCityCreateAssetAPI" time="8.049" classname="com.arcapi.Citytestcases.LeedExistingCityCreateAssetAPITest"/>
</testsuite> <!-- com.arcapi.Citytestcases.LeedExistingCityCreateAssetAPITest -->
