<?xml version="1.0" encoding="UTF-8"?>
<!-- Generated by org.testng.reporters.JUnitReportReporter -->
<testsuite hostname="G10GGNLT052" name="com.arcapi.Common.AssetNotificationSubscriptionPostTest" tests="1" failures="0" timestamp="10 Sep 2019 13:39:53 GMT" time="2.761" errors="0">
  <testcase name="AssetNotificationSubscriptionPost" time="2.761" classname="com.arcapi.Common.AssetNotificationSubscriptionPostTest"/>
</testsuite> <!-- com.arcapi.Common.AssetNotificationSubscriptionPostTest -->
