<?xml version="1.0" encoding="UTF-8"?>
<!-- Generated by org.testng.reporters.JUnitReportReporter -->
<testsuite skipped="0" hostname="G10GNLT041" name="com.arcapi.Buildingtestcases.VerifyTVOCGraphValuesAPITest" tests="1" failures="0" timestamp="31 Oct 2018 08:56:47 GMT" time="8.656" errors="0">
  <testcase name="VerifyTVOCGraphValuesAPI" time="8.656" classname="com.arcapi.Buildingtestcases.VerifyTVOCGraphValuesAPITest"/>
</testsuite> <!-- com.arcapi.Buildingtestcases.VerifyTVOCGraphValuesAPITest -->
