<?xml version="1.0" encoding="UTF-8"?>
<!-- Generated by org.testng.reporters.JUnitReportReporter -->
<testsuite hostname="G10GGNLT052" name="com.arcapi.Portfoliostestcases.PortfoliosAnalyticsCategoryDetailAPITest" tests="1" failures="0" timestamp="5 Nov 2019 05:01:55 GMT" time="1.391" errors="0">
  <testcase name="PortfoliosAnalyticsCategoryDetailAPI" time="1.391" classname="com.arcapi.Portfoliostestcases.PortfoliosAnalyticsCategoryDetailAPITest"/>
</testsuite> <!-- com.arcapi.Portfoliostestcases.PortfoliosAnalyticsCategoryDetailAPITest -->
