<?xml version="1.0" encoding="UTF-8"?>
<!-- Generated by org.testng.reporters.JUnitReportReporter -->
<testsuite skipped="0" hostname="G10GNLT041" name="com.arcapi.TrailFlowtestcases.Community.GetAllDocumentListAPITest" tests="1" failures="0" timestamp="08 Feb 2019 07:12:11 GMT" time="1.679" errors="0">
  <testcase name="GetAllDocumentListAPI" time="1.679" classname="com.arcapi.TrailFlowtestcases.Community.GetAllDocumentListAPITest"/>
</testsuite> <!-- com.arcapi.TrailFlowtestcases.Community.GetAllDocumentListAPITest -->
