<?xml version="1.0" encoding="UTF-8"?>
<!-- Generated by org.testng.reporters.JUnitReportReporter -->
<testsuite skipped="0" hostname="G10GNLT041" name="com.arcapi.Portfoliostestcases.LoginAPITest" tests="2" failures="0" timestamp="21 Jun 2019 06:10:22 GMT" time="17.200" errors="0">
  <testcase name="LoginAPI" time="8.821" classname="com.arcapi.Portfoliostestcases.LoginAPITest"/>
  <testcase name="LoginAPI" time="8.379" classname="com.arcapi.Portfoliostestcases.LoginAPITest"/>
</testsuite> <!-- com.arcapi.Portfoliostestcases.LoginAPITest -->
