<?xml version="1.0" encoding="UTF-8"?>
<!-- Generated by org.testng.reporters.JUnitReportReporter -->
<testsuite hostname="G10GGNLT052" name="com.arcapi.Transittestcases.VerifyCarbonMonoxideGraphValuesAPITest" tests="1" failures="0" timestamp="17 Oct 2019 07:26:51 GMT" time="2.066" errors="0">
  <testcase name="VerifyCarbonMonoxideGraphValuesAPI" time="2.066" classname="com.arcapi.Transittestcases.VerifyCarbonMonoxideGraphValuesAPITest"/>
</testsuite> <!-- com.arcapi.Transittestcases.VerifyCarbonMonoxideGraphValuesAPITest -->
