<?xml version="1.0" encoding="UTF-8"?>
<!-- Generated by org.testng.reporters.JUnitReportReporter -->
<testsuite hostname="G10GGNLT052" name="com.arcapi.Buildingtestcases.VOCMeterDeleteAPITest" tests="1" failures="0" timestamp="11 Oct 2019 08:57:38 GMT" time="2.331" errors="0">
  <testcase name="VOCMeterDeleteAPI" time="2.331" classname="com.arcapi.Buildingtestcases.VOCMeterDeleteAPITest"/>
</testsuite> <!-- com.arcapi.Buildingtestcases.VOCMeterDeleteAPITest -->
