<?xml version="1.0" encoding="UTF-8"?>
<!-- Generated by org.testng.reporters.JUnitReportReporter -->
<testsuite skipped="0" hostname="G10GNLT041" name="com.arcapi.Transittestcases.WasteDetailAPITest" tests="2" failures="0" timestamp="17 Jun 2019 09:30:39 GMT" time="7.419" errors="0">
  <testcase name="WasteDetailAPI" time="3.257" classname="com.arcapi.Transittestcases.WasteDetailAPITest"/>
  <testcase name="WasteDetailAPI" time="4.162" classname="com.arcapi.Transittestcases.WasteDetailAPITest"/>
</testsuite> <!-- com.arcapi.Transittestcases.WasteDetailAPITest -->
