<?xml version="1.0" encoding="UTF-8"?>
<!-- Generated by org.testng.reporters.JUnitReportReporter -->
<testsuite hostname="G10GGNLT052" name="com.arcapi.Common.V2.Waste_AnalysisDataGetAPITest" tests="1" failures="0" timestamp="8 Nov 2019 05:07:34 GMT" time="3.032" errors="0">
  <testcase name="Waste_AnalysisDataGetAPI" time="3.032" classname="com.arcapi.Common.V2.Waste_AnalysisDataGetAPITest"/>
</testsuite> <!-- com.arcapi.Common.V2.Waste_AnalysisDataGetAPITest -->
