<?xml version="1.0" encoding="UTF-8"?>
<!-- Generated by org.testng.reporters.JUnitReportReporter -->
<testsuite skipped="0" hostname="G10GNLT041" name="com.arcapi.Transittestcases.DownloadDocumentsAPITest" tests="2" failures="0" timestamp="17 Jun 2019 09:30:40 GMT" time="9.486" errors="0">
  <testcase name="DownloadDocumentsAPI" time="3.282" classname="com.arcapi.Transittestcases.DownloadDocumentsAPITest"/>
  <testcase name="DownloadDocumentsAPI" time="6.204" classname="com.arcapi.Transittestcases.DownloadDocumentsAPITest"/>
</testsuite> <!-- com.arcapi.Transittestcases.DownloadDocumentsAPITest -->
