<?xml version="1.0" encoding="UTF-8"?>
<!-- Generated by org.testng.reporters.JUnitReportReporter -->
<testsuite hostname="G10GGNLT052" name="com.arcapi.Common.V2.BasicAnalysisDataGetAPITest" tests="1" failures="0" timestamp="5 Nov 2019 09:09:55 GMT" time="4.786" errors="0">
  <testcase name="BasicAnalysisDataGetAPI" time="4.786" classname="com.arcapi.Common.V2.BasicAnalysisDataGetAPITest"/>
</testsuite> <!-- com.arcapi.Common.V2.BasicAnalysisDataGetAPITest -->
