<?xml version="1.0" encoding="UTF-8"?>
<!-- Generated by org.testng.reporters.JUnitReportReporter -->
<testsuite hostname="G10GGNLT052" name="com.arcapi.Portfoliostestcases.PortfoliosTeamsDELETEAPITest" tests="1" failures="0" timestamp="3 Aug 2019 11:05:10 GMT" time="3.497" errors="0">
  <testcase name="PortfoliosTeamsDELETEAPI" time="3.497" classname="com.arcapi.Portfoliostestcases.PortfoliosTeamsDELETEAPITest"/>
</testsuite> <!-- com.arcapi.Portfoliostestcases.PortfoliosTeamsDELETEAPITest -->
