<?xml version="1.0" encoding="UTF-8"?>
<!-- Generated by org.testng.reporters.JUnitReportReporter -->
<testsuite hostname="G10GGNLT052" name="com.arcapi.Portfoliostestcases.PortfoliosDetailPUTAPITest" tests="1" failures="0" timestamp="5 Nov 2019 05:01:56 GMT" time="1.336" errors="0">
  <testcase name="PortfoliosDetailPUTAPI" time="1.336" classname="com.arcapi.Portfoliostestcases.PortfoliosDetailPUTAPITest"/>
</testsuite> <!-- com.arcapi.Portfoliostestcases.PortfoliosDetailPUTAPITest -->
