<?xml version="1.0" encoding="UTF-8"?>
<!-- Generated by org.testng.reporters.JUnitReportReporter -->
<testsuite skipped="0" hostname="G10GNLT041" name="com.arcapi.Transittestcases.AssetOwnerOrgPOSTAPITest" tests="2" failures="0" timestamp="17 Jun 2019 09:30:41 GMT" time="9.207" errors="0">
  <testcase name="AssetOwnerOrgPOSTAPI" time="5.339" classname="com.arcapi.Transittestcases.AssetOwnerOrgPOSTAPITest"/>
  <testcase name="AssetOwnerOrgPOSTAPI" time="3.868" classname="com.arcapi.Transittestcases.AssetOwnerOrgPOSTAPITest"/>
</testsuite> <!-- com.arcapi.Transittestcases.AssetOwnerOrgPOSTAPITest -->
