<?xml version="1.0" encoding="UTF-8"?>
<!-- Generated by org.testng.reporters.JUnitReportReporter -->
<testsuite skipped="0" hostname="G10GNLT041" name="com.arcapi.Transittestcases.LOTokenAPITest" tests="2" failures="0" timestamp="17 Jun 2019 09:30:40 GMT" time="6.519" errors="0">
  <testcase name="LOTokenAPI" time="2.448" classname="com.arcapi.Transittestcases.LOTokenAPITest"/>
  <testcase name="LOTokenAPI" time="4.071" classname="com.arcapi.Transittestcases.LOTokenAPITest"/>
</testsuite> <!-- com.arcapi.Transittestcases.LOTokenAPITest -->
