<?xml version="1.0" encoding="UTF-8"?>
<!-- Generated by org.testng.reporters.JUnitReportReporter -->
<testsuite hostname="G10GGNLT052" name="com.arcapi.Citytestcases.UserAccessLevelSAPGetTest" tests="1" failures="0" timestamp="14 Aug 2019 08:09:03 GMT" time="2.617" errors="0">
  <testcase name="UserAccessLevelSAPGet" time="2.617" classname="com.arcapi.Citytestcases.UserAccessLevelSAPGetTest"/>
</testsuite> <!-- com.arcapi.Citytestcases.UserAccessLevelSAPGetTest -->
