<?xml version="1.0" encoding="UTF-8"?>
<!-- Generated by org.testng.reporters.JUnitReportReporter -->
<testsuite hostname="G10GGNLT052" name="com.arcapi.Common.AssetListAPITest" tests="1" failures="0" timestamp="20 Sep 2019 07:00:22 GMT" time="2.458" errors="0">
  <testcase name="AssetListAPI" time="2.458" classname="com.arcapi.Common.AssetListAPITest"/>
</testsuite> <!-- com.arcapi.Common.AssetListAPITest -->
