<?xml version="1.0" encoding="UTF-8"?>
<!-- Generated by org.testng.reporters.JUnitReportReporter -->
<testsuite skipped="0" hostname="G10GNLT041" name="com.arcapi.Citytestcases.PaymentHistoryAPITest" tests="2" failures="0" timestamp="17 Jun 2019 08:07:16 GMT" time="7.345" errors="0">
  <testcase name="PaymentHistoryAPI" time="3.244" classname="com.arcapi.Citytestcases.PaymentHistoryAPITest"/>
  <testcase name="PaymentHistoryAPI" time="4.101" classname="com.arcapi.Citytestcases.PaymentHistoryAPITest"/>
</testsuite> <!-- com.arcapi.Citytestcases.PaymentHistoryAPITest -->
