<?xml version="1.0" encoding="UTF-8"?>
<!-- Generated by org.testng.reporters.JUnitReportReporter -->
<testsuite skipped="0" hostname="G10GNLT041" name="com.arcapi.Communitytestcases.VerifyProjectRegisteredAssetListTest" tests="2" failures="0" timestamp="17 Jun 2019 09:30:41 GMT" time="8.739" errors="0">
  <testcase name="VerifyProjectRegisteredAssetList" time="4.415" classname="com.arcapi.Communitytestcases.VerifyProjectRegisteredAssetListTest"/>
  <testcase name="VerifyProjectRegisteredAssetList" time="4.324" classname="com.arcapi.Communitytestcases.VerifyProjectRegisteredAssetListTest"/>
</testsuite> <!-- com.arcapi.Communitytestcases.VerifyProjectRegisteredAssetListTest -->
