<?xml version="1.0" encoding="UTF-8"?>
<!-- Generated by org.testng.reporters.JUnitReportReporter -->
<testsuite hostname="G10GGNLT052" name="com.arcapi.Transittestcases.VerifyAgreementDeleteAPITest" tests="1" failures="0" timestamp="17 Oct 2019 07:26:51 GMT" time="2.096" errors="0">
  <testcase name="VerifyAgreementDeleteAPI" time="2.096" classname="com.arcapi.Transittestcases.VerifyAgreementDeleteAPITest"/>
</testsuite> <!-- com.arcapi.Transittestcases.VerifyAgreementDeleteAPITest -->
