<?xml version="1.0" encoding="UTF-8"?>
<!-- Generated by org.testng.reporters.JUnitReportReporter -->
<testsuite hostname="G10GGNLT052" name="com.arcapi.Common.SignAgreementRegistrationAPITest" tests="2" failures="0" timestamp="20 Sep 2019 08:24:47 GMT" time="10.064" errors="0">
  <testcase name="SignAgreementRegistrationAPI" time="4.520" classname="com.arcapi.Common.SignAgreementRegistrationAPITest"/>
  <testcase name="SignAgreementRegistrationAPI" time="5.544" classname="com.arcapi.Common.SignAgreementRegistrationAPITest"/>
</testsuite> <!-- com.arcapi.Common.SignAgreementRegistrationAPITest -->
