<?xml version="1.0" encoding="UTF-8"?>
<!-- Generated by org.testng.reporters.JUnitReportReporter -->
<testsuite hostname="G10GGNLT052" name="com.arcapi.ScenarioBasedTestcases.OccupatGeneralRegularVisitorUpdateAPITest" tests="1" failures="0" timestamp="7 Nov 2019 09:54:02 GMT" time="1.708" errors="0">
  <testcase name="OccupatGeneralRegularVisitorUpdateAPI" time="1.708" classname="com.arcapi.ScenarioBasedTestcases.OccupatGeneralRegularVisitorUpdateAPITest"/>
</testsuite> <!-- com.arcapi.ScenarioBasedTestcases.OccupatGeneralRegularVisitorUpdateAPITest -->
