<?xml version="1.0" encoding="UTF-8"?>
<!-- Generated by org.testng.reporters.JUnitReportReporter -->
<testsuite hostname="G10GGNLT052" name="com.arcapi.Buildingtestcases.VOCMeterCreateAPITest" tests="1" failures="0" timestamp="13 Sep 2019 09:56:32 GMT" time="3.119" errors="0">
  <testcase name="VOCMeterCreateAPI" time="3.119" classname="com.arcapi.Buildingtestcases.VOCMeterCreateAPITest"/>
</testsuite> <!-- com.arcapi.Buildingtestcases.VOCMeterCreateAPITest -->
