<?xml version="1.0" encoding="UTF-8"?>
<!-- Generated by org.testng.reporters.JUnitReportReporter -->
<testsuite skipped="0" hostname="G10GNLT041" name="com.arcapi.Communitytestcases.AssetUpdateCommunityNoneAPITest" tests="1" failures="0" timestamp="17 Jun 2019 09:30:40 GMT" time="4.387" errors="0">
  <testcase name="AssetUpdateforNewAssetPUTAPI" time="4.387" classname="com.arcapi.Communitytestcases.AssetUpdateCommunityNoneAPITest"/>
</testsuite> <!-- com.arcapi.Communitytestcases.AssetUpdateCommunityNoneAPITest -->
