<?xml version="1.0" encoding="UTF-8"?>
<!-- Generated by org.testng.reporters.JUnitReportReporter -->
<testsuite hostname="G10GGNLT052" name="com.arcapi.Buildingtestcases.GhgMeanEmissionAfterUpdateTest" tests="1" failures="0" timestamp="10 Sep 2019 07:02:27 GMT" time="11.779" errors="0">
  <testcase name="GhgGetTestAPI" time="11.779" classname="com.arcapi.Buildingtestcases.GhgMeanEmissionAfterUpdateTest"/>
</testsuite> <!-- com.arcapi.Buildingtestcases.GhgMeanEmissionAfterUpdateTest -->
