<?xml version="1.0" encoding="UTF-8"?>
<!-- Generated by org.testng.reporters.JUnitReportReporter -->
<testsuite hostname="G10GGNLT052" name="com.arcapi.Portfoliostestcases.PortfoliosTeamsPUTAPITest" tests="1" failures="0" timestamp="17 Oct 2019 08:56:42 GMT" time="2.172" errors="0">
  <testcase name="PortfoliosTeamsPUTAPI" time="2.172" classname="com.arcapi.Portfoliostestcases.PortfoliosTeamsPUTAPITest"/>
</testsuite> <!-- com.arcapi.Portfoliostestcases.PortfoliosTeamsPUTAPITest -->
