<?xml version="1.0" encoding="UTF-8"?>
<!-- Generated by org.testng.reporters.JUnitReportReporter -->
<testsuite hostname="G10GGNLT052" name="com.arcapi.ScenarioBasedTestcases.AssetTeamMemberUpdateAPITest" tests="2" failures="0" timestamp="9 Oct 2019 09:03:48 GMT" time="12.689" errors="0">
  <testcase name="AssetTeamMemberUpdateAPI" time="3.460" classname="com.arcapi.ScenarioBasedTestcases.AssetTeamMemberUpdateAPITest"/>
  <testcase name="AssetTeamMemberUpdateAPI" time="9.229" classname="com.arcapi.ScenarioBasedTestcases.AssetTeamMemberUpdateAPITest"/>
</testsuite> <!-- com.arcapi.ScenarioBasedTestcases.AssetTeamMemberUpdateAPITest -->
