<?xml version="1.0" encoding="UTF-8"?>
<!-- Generated by org.testng.reporters.JUnitReportReporter -->
<testsuite skipped="0" hostname="G10GNLT041" name="com.arcapi.CompleteDataValidationTestcases.AssetValidationInfoPOSTAPITest" tests="1" failures="0" timestamp="21 Jun 2019 06:10:22 GMT" time="24.226" errors="0">
  <testcase name="AssetValidationInfoPOSTAPI" time="24.226" classname="com.arcapi.CompleteDataValidationTestcases.AssetValidationInfoPOSTAPITest"/>
</testsuite> <!-- com.arcapi.CompleteDataValidationTestcases.AssetValidationInfoPOSTAPITest -->
