<?xml version="1.0" encoding="UTF-8"?>
<!-- Generated by org.testng.reporters.JUnitReportReporter -->
<testsuite hostname="G10GGNLT052" name="com.arcapi.Buildingtestcases.OtherFuelConsumptionDeleteAPITest" tests="1" failures="0" timestamp="7 Oct 2019 14:00:34 GMT" time="0.004" errors="0">
  <testcase name="OtherFuelConsumptionDeleteAPI" time="0.004" classname="com.arcapi.Buildingtestcases.OtherFuelConsumptionDeleteAPITest"/>
</testsuite> <!-- com.arcapi.Buildingtestcases.OtherFuelConsumptionDeleteAPITest -->
