<?xml version="1.0" encoding="UTF-8"?>
<!-- Generated by org.testng.reporters.JUnitReportReporter -->
<testsuite hostname="G10GGNLT052" name="com.arcapi.Leedv4Testcases.LEEDv4OMExistingBuildingsAPITest" tests="1" failures="0" timestamp="6 Nov 2019 05:37:25 GMT" time="10.767" errors="0">
  <testcase name="LEEDv4OMExistingBuildingsAPI" time="10.767" classname="com.arcapi.Leedv4Testcases.LEEDv4OMExistingBuildingsAPITest"/>
</testsuite> <!-- com.arcapi.Leedv4Testcases.LEEDv4OMExistingBuildingsAPITest -->
