<?xml version="1.0" encoding="UTF-8"?>
<!-- Generated by org.testng.reporters.JUnitReportReporter -->
<testsuite skipped="0" hostname="G10GNLT041" name="com.arcapi.Citytestcases.MeasuresVersionListAPITest" tests="2" failures="0" timestamp="17 Jun 2019 08:07:16 GMT" time="6.494" errors="0">
  <testcase name="MeasuresVersionListAPI" time="3.280" classname="com.arcapi.Citytestcases.MeasuresVersionListAPITest"/>
  <testcase name="MeasuresVersionListAPI" time="3.214" classname="com.arcapi.Citytestcases.MeasuresVersionListAPITest"/>
</testsuite> <!-- com.arcapi.Citytestcases.MeasuresVersionListAPITest -->
