<?xml version="1.0" encoding="UTF-8"?>
<!-- Generated by org.testng.reporters.JUnitReportReporter -->
<testsuite skipped="0" hostname="G10GNLT041" name="com.arcapi.Transittestcases.AnalysisDataGetAPITest" tests="2" failures="0" timestamp="17 Jun 2019 09:30:41 GMT" time="7.637" errors="0">
  <testcase name="AnalysisDataGetAPI" time="2.575" classname="com.arcapi.Transittestcases.AnalysisDataGetAPITest"/>
  <testcase name="AnalysisDataGetAPI" time="5.062" classname="com.arcapi.Transittestcases.AnalysisDataGetAPITest"/>
</testsuite> <!-- com.arcapi.Transittestcases.AnalysisDataGetAPITest -->
