<?xml version="1.0" encoding="UTF-8"?>
<!-- Generated by org.testng.reporters.JUnitReportReporter -->
<testsuite hostname="G10GGNLT052" name="com.arcapi.Common.NotificationDeleteAPITest" tests="1" failures="0" timestamp="20 Sep 2019 07:00:23 GMT" time="1.885" errors="0">
  <testcase name="NotificationDeleteAPI" time="1.885" classname="com.arcapi.Common.NotificationDeleteAPITest"/>
</testsuite> <!-- com.arcapi.Common.NotificationDeleteAPITest -->
