<?xml version="1.0" encoding="UTF-8"?>
<!-- Generated by org.testng.reporters.JUnitReportReporter -->
<testsuite hostname="G10GGNLT052" name="com.arcapi.Common.V2.ResampledSource_energyAnalysisDataGetAPITest" tests="1" failures="0" timestamp="5 Nov 2019 05:13:46 GMT" time="1.389" errors="0">
  <testcase name="ResampledSource_energyAnalysisDataGetAPI" time="1.389" classname="com.arcapi.Common.V2.ResampledSource_energyAnalysisDataGetAPITest"/>
</testsuite> <!-- com.arcapi.Common.V2.ResampledSource_energyAnalysisDataGetAPITest -->
