<?xml version="1.0" encoding="UTF-8"?>
<!-- Generated by org.testng.reporters.JUnitReportReporter -->
<testsuite hostname="G10GGNLT052" name="com.arcapi.CompleteDataValidationNoPayloadTestcases.MeterCreatePOSTAPITest" tests="1" failures="0" timestamp="20 Sep 2019 08:24:47 GMT" time="1.839" errors="0">
  <testcase name="MeterCreatePOSTAPI" time="1.839" classname="com.arcapi.CompleteDataValidationNoPayloadTestcases.MeterCreatePOSTAPITest"/>
</testsuite> <!-- com.arcapi.CompleteDataValidationNoPayloadTestcases.MeterCreatePOSTAPITest -->
