<?xml version="1.0" encoding="UTF-8"?>
<!-- Generated by org.testng.reporters.JUnitReportReporter -->
<testsuite hostname="G10GGNLT052" name="com.arcapi.InterRelatedFieldValidationTestcases.CreateAssetCityPOSTAPITest" tests="1" failures="0" timestamp="18 Sep 2019 09:11:10 GMT" time="9.512" errors="0">
  <testcase name="CreateAssetPOSTAPI" time="9.512" classname="com.arcapi.InterRelatedFieldValidationTestcases.CreateAssetCityPOSTAPITest"/>
</testsuite> <!-- com.arcapi.InterRelatedFieldValidationTestcases.CreateAssetCityPOSTAPITest -->
