<?xml version="1.0" encoding="UTF-8"?>
<!-- Generated by org.testng.reporters.JUnitReportReporter -->
<testsuite skipped="0" hostname="G10GNLT041" name="com.arcapi.Buildingtestcases.NotificationDeleteAPITest" tests="2" failures="0" timestamp="17 Jun 2019 07:27:39 GMT" time="14.223" errors="0">
  <testcase name="NotificationDeleteAPI" time="7.802" classname="com.arcapi.Buildingtestcases.NotificationDeleteAPITest"/>
  <testcase name="NotificationDeleteAPI" time="6.421" classname="com.arcapi.Buildingtestcases.NotificationDeleteAPITest"/>
</testsuite> <!-- com.arcapi.Buildingtestcases.NotificationDeleteAPITest -->
