<?xml version="1.0" encoding="UTF-8"?>
<!-- Generated by org.testng.reporters.JUnitReportReporter -->
<testsuite hostname="G10GGNLT052" name="com.arcapi.Common.UserDetailAPITest" tests="1" failures="0" timestamp="4 Oct 2019 06:02:57 GMT" time="1.712" errors="0">
  <testcase name="UserDetailAPI" time="1.712" classname="com.arcapi.Common.UserDetailAPITest"/>
</testsuite> <!-- com.arcapi.Common.UserDetailAPITest -->
