<?xml version="1.0" encoding="UTF-8"?>
<!-- Generated by org.testng.reporters.JUnitReportReporter -->
<testsuite hostname="G10GGNLT052" name="com.arcapi.Common.RegistrationPaymentPricingGetAPITest" tests="1" failures="0" timestamp="20 Sep 2019 08:24:46 GMT" time="3.165" errors="0">
  <testcase name="RegistrationPaymentPricingGetAPI" time="3.165" classname="com.arcapi.Common.RegistrationPaymentPricingGetAPITest"/>
</testsuite> <!-- com.arcapi.Common.RegistrationPaymentPricingGetAPITest -->
