<?xml version="1.0" encoding="UTF-8"?>
<!-- Generated by org.testng.reporters.JUnitReportReporter -->
<testsuite skipped="0" hostname="G10GNLT041" name="com.arcapi.Buildingtestcases.ConsumptionDetailAPITest" tests="2" failures="0" timestamp="17 Jun 2019 07:27:40 GMT" time="12.741" errors="0">
  <testcase name="ConsumptionDetailAPI" time="6.194" classname="com.arcapi.Buildingtestcases.ConsumptionDetailAPITest"/>
  <testcase name="ConsumptionDetailAPI" time="6.547" classname="com.arcapi.Buildingtestcases.ConsumptionDetailAPITest"/>
</testsuite> <!-- com.arcapi.Buildingtestcases.ConsumptionDetailAPITest -->
