<?xml version="1.0" encoding="UTF-8"?>
<!-- Generated by org.testng.reporters.JUnitReportReporter -->
<testsuite hostname="G10GGNLT052" name="com.arcapi.Citytestcases.AssetDataSnapshotAPITest" tests="1" failures="0" timestamp="14 Aug 2019 08:09:03 GMT" time="19.136" errors="0">
  <testcase name="AssetDataSnapshotAPI" time="19.136" classname="com.arcapi.Citytestcases.AssetDataSnapshotAPITest"/>
</testsuite> <!-- com.arcapi.Citytestcases.AssetDataSnapshotAPITest -->
