<?xml version="1.0" encoding="UTF-8"?>
<!-- Generated by org.testng.reporters.JUnitReportReporter -->
<testsuite skipped="0" hostname="G10GNLT041" name="com.arcapi.TrailFlowtestcases.AssetCertificationPOSTAPITest" tests="1" failures="0" timestamp="05 Feb 2019 07:18:51 GMT" time="9.322" errors="0">
  <testcase name="AssetCertificationPOSTAPI" time="9.322" classname="com.arcapi.TrailFlowtestcases.AssetCertificationPOSTAPITest"/>
</testsuite> <!-- com.arcapi.TrailFlowtestcases.AssetCertificationPOSTAPITest -->
