<?xml version="1.0" encoding="UTF-8"?>
<!-- Generated by org.testng.reporters.JUnitReportReporter -->
<testsuite hostname="G10GGNLT052" name="com.arcapi.Buildingtestcases.AnalysisDataEmissionAfterIncreaseTest" tests="1" failures="0" timestamp="10 Sep 2019 07:02:27 GMT" time="32.684" errors="0">
  <testcase name="AnalysisDataEmissionAfterIncrease" time="32.684" classname="com.arcapi.Buildingtestcases.AnalysisDataEmissionAfterIncreaseTest"/>
</testsuite> <!-- com.arcapi.Buildingtestcases.AnalysisDataEmissionAfterIncreaseTest -->
