<?xml version="1.0" encoding="UTF-8"?>
<!-- Generated by org.testng.reporters.JUnitReportReporter -->
<testsuite hostname="G10GGNLT052" name="com.arcapi.Common.WasteDivertedResampleGETAPITest" tests="1" failures="0" timestamp="10 Oct 2019 08:21:45 GMT" time="2.086" errors="0">
  <testcase name="WasteDivertedResampleGETAPI" time="2.086" classname="com.arcapi.Common.WasteDivertedResampleGETAPITest"/>
</testsuite> <!-- com.arcapi.Common.WasteDivertedResampleGETAPITest -->
