<?xml version="1.0" encoding="UTF-8"?>
<!-- Generated by org.testng.reporters.JUnitReportReporter -->
<testsuite skipped="0" hostname="G10GNLT041" name="com.arcapi.Buildingtestcases.GhgGetTest" tests="2" failures="0" timestamp="17 Jun 2019 07:27:40 GMT" time="12.860" errors="0">
  <testcase name="GhgGetTestAPI" time="6.891" classname="com.arcapi.Buildingtestcases.GhgGetTest"/>
  <testcase name="GhgGetTestAPI" time="5.969" classname="com.arcapi.Buildingtestcases.GhgGetTest"/>
</testsuite> <!-- com.arcapi.Buildingtestcases.GhgGetTest -->
