<?xml version="1.0" encoding="UTF-8"?>
<!-- Generated by org.testng.reporters.JUnitReportReporter -->
<testsuite hostname="G10GGNLT052" name="com.arcapi.CompleteDataValidationNoPayloadTestcases.NotificationDeleteAPITest" tests="1" failures="0" timestamp="9 Oct 2019 05:37:55 GMT" time="1.930" errors="0">
  <testcase name="NotificationDeleteAPI" time="1.930" classname="com.arcapi.CompleteDataValidationNoPayloadTestcases.NotificationDeleteAPITest"/>
</testsuite> <!-- com.arcapi.CompleteDataValidationNoPayloadTestcases.NotificationDeleteAPITest -->
