<?xml version="1.0" encoding="UTF-8"?>
<!-- Generated by org.testng.reporters.JUnitReportReporter -->
<testsuite hostname="G10GGNLT052" name="com.arcapi.Common.ScoreVersionExtensionRequestQuerySetGetAPITest" tests="1" failures="0" timestamp="22 Oct 2019 08:00:56 GMT" time="1.329" errors="0">
  <testcase name="ScoreVersionExtensionRequestQuerySetGetAPI" time="1.329" classname="com.arcapi.Common.ScoreVersionExtensionRequestQuerySetGetAPITest"/>
</testsuite> <!-- com.arcapi.Common.ScoreVersionExtensionRequestQuerySetGetAPITest -->
