<?xml version="1.0" encoding="UTF-8"?>
<!-- Generated by org.testng.reporters.JUnitReportReporter -->
<testsuite skipped="0" hostname="G10GNLT041" name="com.arcapi.Communitytestcases.MeasuresPostAPITest" tests="2" failures="0" timestamp="17 Jun 2019 09:30:41 GMT" time="44.691" errors="0">
  <testcase name="MeasuresPostAPI" time="21.560" classname="com.arcapi.Communitytestcases.MeasuresPostAPITest"/>
  <testcase name="MeasuresPostAPI" time="23.131" classname="com.arcapi.Communitytestcases.MeasuresPostAPITest"/>
</testsuite> <!-- com.arcapi.Communitytestcases.MeasuresPostAPITest -->
