<?xml version="1.0" encoding="UTF-8"?>
<!-- Generated by org.testng.reporters.JUnitReportReporter -->
<testsuite skipped="0" hostname="G10GNLT041" name="com.arcapi.Transittestcases.MetersAPITest" tests="2" failures="0" timestamp="17 Jun 2019 09:30:41 GMT" time="7.687" errors="0">
  <testcase name="MetersAPI" time="4.976" classname="com.arcapi.Transittestcases.MetersAPITest"/>
  <testcase name="MetersAPI" time="2.711" classname="com.arcapi.Transittestcases.MetersAPITest"/>
</testsuite> <!-- com.arcapi.Transittestcases.MetersAPITest -->
