<?xml version="1.0" encoding="UTF-8"?>
<!-- Generated by org.testng.reporters.JUnitReportReporter -->
<testsuite skipped="0" hostname="G10GNLT041" name="com.arcapi.Buildingtestcases.AssetCertificationPOSTAPITest" tests="2" failures="0" timestamp="17 Jun 2019 07:27:39 GMT" time="19.224" errors="0">
  <testcase name="AssetCertificationPOSTAPI" time="9.658" classname="com.arcapi.Buildingtestcases.AssetCertificationPOSTAPITest"/>
  <testcase name="AssetCertificationPOSTAPI" time="9.566" classname="com.arcapi.Buildingtestcases.AssetCertificationPOSTAPITest"/>
</testsuite> <!-- com.arcapi.Buildingtestcases.AssetCertificationPOSTAPITest -->
