<?xml version="1.0" encoding="UTF-8"?>
<!-- Generated by org.testng.reporters.JUnitReportReporter -->
<testsuite hostname="G10GGNLT052" name="com.arcapi.Buildingtestcases.ConsumptionCreatePOSTAPITest" tests="1" failures="0" timestamp="8 Nov 2019 05:07:33 GMT" time="1.701" errors="0">
  <testcase name="ConsumptionCreatePOSTAPI" time="1.701" classname="com.arcapi.Buildingtestcases.ConsumptionCreatePOSTAPITest"/>
</testsuite> <!-- com.arcapi.Buildingtestcases.ConsumptionCreatePOSTAPITest -->
