<?xml version="1.0" encoding="UTF-8"?>
<!-- Generated by org.testng.reporters.JUnitReportReporter -->
<testsuite skipped="0" hostname="G10GNLT041" name="com.arcapi.Buildingtestcases.RecomputePerformanceScoreBeforeTest" tests="1" failures="0" timestamp="17 Jun 2019 05:38:28 GMT" time="10.648" errors="0">
  <testcase name="RecomputePerformanceScoreGet" time="10.648" classname="com.arcapi.Buildingtestcases.RecomputePerformanceScoreBeforeTest"/>
</testsuite> <!-- com.arcapi.Buildingtestcases.RecomputePerformanceScoreBeforeTest -->
