<?xml version="1.0" encoding="UTF-8"?>
<!-- Generated by org.testng.reporters.JUnitReportReporter -->
<testsuite hostname="G10GGNLT052" name="com.arcapi.Buildingtestcases.GhgMeanEmissionAfterIncreaseTest" tests="2" failures="0" timestamp="9 Oct 2019 04:36:42 GMT" time="24.229" errors="0">
  <testcase name="GhgMeanEmissionAfterIncrease" time="12.256" classname="com.arcapi.Buildingtestcases.GhgMeanEmissionAfterIncreaseTest"/>
  <testcase name="GhgMeanEmissionAfterIncrease" time="11.973" classname="com.arcapi.Buildingtestcases.GhgMeanEmissionAfterIncreaseTest"/>
</testsuite> <!-- com.arcapi.Buildingtestcases.GhgMeanEmissionAfterIncreaseTest -->
