<?xml version="1.0" encoding="UTF-8"?>
<!-- Generated by org.testng.reporters.JUnitReportReporter -->
<testsuite skipped="0" hostname="G10GNLT041" name="com.arcapi.Transittestcases.ExcelUploadTemplateTransitAboveAPITest" tests="1" failures="0" timestamp="17 Jun 2019 09:30:40 GMT" time="6.629" errors="0">
  <testcase name="ExcelUploadTemplatePOSTAPI" time="6.629" classname="com.arcapi.Transittestcases.ExcelUploadTemplateTransitAboveAPITest"/>
</testsuite> <!-- com.arcapi.Transittestcases.ExcelUploadTemplateTransitAboveAPITest -->
