<?xml version="1.0" encoding="UTF-8"?>
<!-- Generated by org.testng.reporters.JUnitReportReporter -->
<testsuite hostname="G10GGNLT052" name="com.arcapi.CompleteDataValidationNoPayloadTestcases.NotificationSubscriptionDetailPutTest" tests="1" failures="0" timestamp="9 Oct 2019 05:37:55 GMT" time="1.939" errors="0">
  <testcase name="NotificationSubscriptionDetail" time="1.939" classname="com.arcapi.CompleteDataValidationNoPayloadTestcases.NotificationSubscriptionDetailPutTest"/>
</testsuite> <!-- com.arcapi.CompleteDataValidationNoPayloadTestcases.NotificationSubscriptionDetailPutTest -->
