<?xml version="1.0" encoding="UTF-8"?>
<!-- Generated by org.testng.reporters.JUnitReportReporter -->
<testsuite skipped="0" hostname="G10GNLT041" name="com.arcapi.Transittestcases.LoginAPITest" tests="2" failures="0" timestamp="17 Jun 2019 09:30:41 GMT" time="36.826" errors="0">
  <testcase name="LoginAPI" time="19.031" classname="com.arcapi.Transittestcases.LoginAPITest"/>
  <testcase name="LoginAPI" time="17.795" classname="com.arcapi.Transittestcases.LoginAPITest"/>
</testsuite> <!-- com.arcapi.Transittestcases.LoginAPITest -->
