<?xml version="1.0" encoding="UTF-8"?>
<!-- Generated by org.testng.reporters.JUnitReportReporter -->
<testsuite hostname="G10GGNLT052" name="com.arcapi.Common.NotificationDeleteAPITest" tests="1" failures="0" timestamp="22 Oct 2019 10:35:10 GMT" time="1.389" errors="0">
  <testcase name="NotificationDeleteAPI" time="1.389" classname="com.arcapi.Common.NotificationDeleteAPITest"/>
</testsuite> <!-- com.arcapi.Common.NotificationDeleteAPITest -->
