<?xml version="1.0" encoding="UTF-8"?>
<!-- Generated by org.testng.reporters.JUnitReportReporter -->
<testsuite hostname="G10GGNLT052" name="com.arcapi.Scoretestcases.version3.CityMedianIncomeGetTest" tests="1" failures="0" timestamp="1 Oct 2019 07:53:07 GMT" time="1.951" errors="0">
  <testcase name="CityMedianIncomeGet" time="1.951" classname="com.arcapi.Scoretestcases.version3.CityMedianIncomeGetTest"/>
</testsuite> <!-- com.arcapi.Scoretestcases.version3.CityMedianIncomeGetTest -->
