<?xml version="1.0" encoding="UTF-8"?>
<!-- Generated by org.testng.reporters.JUnitReportReporter -->
<testsuite skipped="0" hostname="G10GNLT041" name="com.arcapi.CompleteDataValidationNoPayloadTestcases.AssetTeamPermissionPutAPITest" tests="1" failures="0" timestamp="21 Jun 2019 06:10:22 GMT" time="1.999" errors="0">
  <testcase name="AssetTeamPermissionPutAPI" time="1.999" classname="com.arcapi.CompleteDataValidationNoPayloadTestcases.AssetTeamPermissionPutAPITest"/>
</testsuite> <!-- com.arcapi.CompleteDataValidationNoPayloadTestcases.AssetTeamPermissionPutAPITest -->
