<?xml version="1.0" encoding="UTF-8"?>
<!-- Generated by org.testng.reporters.JUnitReportReporter -->
<testsuite hostname="G10GGNLT052" name="com.arcapi.Common.V2.ResampledImprovement_ScoreGetAPITest" tests="1" failures="0" timestamp="7 Oct 2019 08:53:31 GMT" time="3.060" errors="0">
  <testcase name="ResampledImprovement_ScoreGetAPI" time="3.060" classname="com.arcapi.Common.V2.ResampledImprovement_ScoreGetAPITest"/>
</testsuite> <!-- com.arcapi.Common.V2.ResampledImprovement_ScoreGetAPITest -->
