<?xml version="1.0" encoding="UTF-8"?>
<!-- Generated by org.testng.reporters.JUnitReportReporter -->
<testsuite hostname="G10GGNLT052" name="com.arcapi.InterRelatedFieldValidationTestcases.CreateAssetTransitPOSTAPITest" tests="1" failures="0" timestamp="18 Sep 2019 09:11:10 GMT" time="11.419" errors="0">
  <testcase name="CreateAssetTransitPOSTAPI" time="11.419" classname="com.arcapi.InterRelatedFieldValidationTestcases.CreateAssetTransitPOSTAPITest"/>
</testsuite> <!-- com.arcapi.InterRelatedFieldValidationTestcases.CreateAssetTransitPOSTAPITest -->
