<?xml version="1.0" encoding="UTF-8"?>
<!-- Generated by org.testng.reporters.JUnitReportReporter -->
<testsuite hostname="G10GGNLT052" name="com.arcapi.Portfoliostestcases.PortfoliosTeamsGetAPITest" tests="1" failures="0" timestamp="17 Oct 2019 08:56:42 GMT" time="1.960" errors="0">
  <testcase name="PortfoliosTeamsGetAPI" time="1.960" classname="com.arcapi.Portfoliostestcases.PortfoliosTeamsGetAPITest"/>
</testsuite> <!-- com.arcapi.Portfoliostestcases.PortfoliosTeamsGetAPITest -->
