<?xml version="1.0" encoding="UTF-8"?>
<!-- Generated by org.testng.reporters.JUnitReportReporter -->
<testsuite hostname="G10GGNLT052" name="com.arcapi.CompleteDataValidationNoPayloadTestcases.ExcelUploadTemplatePOSTAPITest" tests="1" failures="0" timestamp="10 Sep 2019 11:10:22 GMT" time="1.395" errors="0">
  <testcase name="ExcelUploadTemplatePOSTAPI" time="1.395" classname="com.arcapi.CompleteDataValidationNoPayloadTestcases.ExcelUploadTemplatePOSTAPITest"/>
</testsuite> <!-- com.arcapi.CompleteDataValidationNoPayloadTestcases.ExcelUploadTemplatePOSTAPITest -->
