<?xml version="1.0" encoding="UTF-8"?>
<!-- Generated by org.testng.reporters.JUnitReportReporter -->
<testsuite skipped="0" hostname="G10GNLT041" name="com.arcapi.Citytestcases.MeasuresPostAPITest" tests="2" failures="0" timestamp="17 Jun 2019 08:07:17 GMT" time="52.285" errors="0">
  <testcase name="MeasuresPostAPI" time="27.991" classname="com.arcapi.Citytestcases.MeasuresPostAPITest"/>
  <testcase name="MeasuresPostAPI" time="24.294" classname="com.arcapi.Citytestcases.MeasuresPostAPITest"/>
</testsuite> <!-- com.arcapi.Citytestcases.MeasuresPostAPITest -->
