<?xml version="1.0" encoding="UTF-8"?>
<!-- Generated by org.testng.reporters.JUnitReportReporter -->
<testsuite skipped="0" hostname="G10GNLT041" name="com.arcapi.Citytestcases.NotificationCreatePOSTAPITest" tests="2" failures="0" timestamp="17 Jun 2019 08:07:17 GMT" time="5.792" errors="0">
  <testcase name="NotificationCreatePOSTAPI" time="3.193" classname="com.arcapi.Citytestcases.NotificationCreatePOSTAPITest"/>
  <testcase name="NotificationCreatePOSTAPI" time="2.599" classname="com.arcapi.Citytestcases.NotificationCreatePOSTAPITest"/>
</testsuite> <!-- com.arcapi.Citytestcases.NotificationCreatePOSTAPITest -->
