<?xml version="1.0" encoding="UTF-8"?>
<!-- Generated by org.testng.reporters.JUnitReportReporter -->
<testsuite hostname="G10GGNLT052" name="com.arcapi.Buildingtestcases.CreateAssetBuildingV3APITest" tests="1" failures="0" timestamp="11 Oct 2019 08:57:38 GMT" time="5.269" errors="0">
  <testcase name="CreateAssetPOSTAPI" time="5.269" classname="com.arcapi.Buildingtestcases.CreateAssetBuildingV3APITest"/>
</testsuite> <!-- com.arcapi.Buildingtestcases.CreateAssetBuildingV3APITest -->
