<?xml version="1.0" encoding="UTF-8"?>
<!-- Generated by org.testng.reporters.JUnitReportReporter -->
<testsuite skipped="0" hostname="G10GNLT041" name="com.arcapi.Citytestcases.NotificationSubscriptionDetailDeleteTest" tests="2" failures="0" timestamp="17 Jun 2019 08:07:17 GMT" time="6.196" errors="0">
  <testcase name="NotificationSubscriptionDetailDelete" time="3.083" classname="com.arcapi.Citytestcases.NotificationSubscriptionDetailDeleteTest"/>
  <testcase name="NotificationSubscriptionDetailDelete" time="3.113" classname="com.arcapi.Citytestcases.NotificationSubscriptionDetailDeleteTest"/>
</testsuite> <!-- com.arcapi.Citytestcases.NotificationSubscriptionDetailDeleteTest -->
