<?xml version="1.0" encoding="UTF-8"?>
<!-- Generated by org.testng.reporters.JUnitReportReporter -->
<testsuite hostname="G10GGNLT052" name="com.arcapi.Buildingtestcase.TVOCCreate5YearDataPostTest" tests="5" failures="0" timestamp="6 Aug 2019 09:33:06 GMT" time="10.898" errors="0">
  <testcase name="TVOCCreate5YearDataPost" time="2.120" classname="com.arcapi.Buildingtestcase.TVOCCreate5YearDataPostTest"/>
  <testcase name="TVOCCreate5YearDataPost" time="2.128" classname="com.arcapi.Buildingtestcase.TVOCCreate5YearDataPostTest"/>
  <testcase name="TVOCCreate5YearDataPost" time="2.115" classname="com.arcapi.Buildingtestcase.TVOCCreate5YearDataPostTest"/>
  <testcase name="TVOCCreate5YearDataPost" time="1.943" classname="com.arcapi.Buildingtestcase.TVOCCreate5YearDataPostTest"/>
  <testcase name="TVOCCreate5YearDataPost" time="2.592" classname="com.arcapi.Buildingtestcase.TVOCCreate5YearDataPostTest"/>
</testsuite> <!-- com.arcapi.Buildingtestcase.TVOCCreate5YearDataPostTest -->
