<?xml version="1.0" encoding="UTF-8"?>
<!-- Generated by org.testng.reporters.JUnitReportReporter -->
<testsuite hostname="G10GGNLT052" name="com.arcapi.Buildingtestcases.VerifyWasteDataExcelAPITest" tests="1" failures="0" timestamp="8 Nov 2019 07:29:52 GMT" time="2.835" errors="0">
  <testcase name="VerifyWasteDataExcelAPI" time="2.835" classname="com.arcapi.Buildingtestcases.VerifyWasteDataExcelAPITest"/>
</testsuite> <!-- com.arcapi.Buildingtestcases.VerifyWasteDataExcelAPITest -->
