<?xml version="1.0" encoding="UTF-8"?>
<!-- Generated by org.testng.reporters.JUnitReportReporter -->
<testsuite hostname="G10GGNLT052" name="com.arcapi.Citytestcases.ConsumptionCreateAPITest" tests="1" failures="0" timestamp="5 Sep 2019 06:00:27 GMT" time="22.095" errors="0">
  <testcase name="ConsumptionCreatePOSTAPI" time="22.095" classname="com.arcapi.Citytestcases.ConsumptionCreateAPITest"/>
</testsuite> <!-- com.arcapi.Citytestcases.ConsumptionCreateAPITest -->
