<?xml version="1.0" encoding="UTF-8"?>
<!-- Generated by org.testng.reporters.JUnitReportReporter -->
<testsuite hostname="G10GGNLT052" name="com.arcapi.ScenarioBasedTestcases.SetGeneralVisitorOccupantPUTAPITest" tests="1" failures="0" timestamp="22 Oct 2019 08:41:24 GMT" time="2.456" errors="0">
  <testcase name="SetGeneralVisitorOccupantPUTAPI" time="2.456" classname="com.arcapi.ScenarioBasedTestcases.SetGeneralVisitorOccupantPUTAPITest"/>
</testsuite> <!-- com.arcapi.ScenarioBasedTestcases.SetGeneralVisitorOccupantPUTAPITest -->
