<?xml version="1.0" encoding="UTF-8"?>
<!-- Generated by org.testng.reporters.JUnitReportReporter -->
<testsuite skipped="0" hostname="G10GNLT041" name="com.arcapi.Parksmarttestcases.CreateAssetParksmartManualReqTest" tests="3" failures="0" timestamp="19 Sep 2018 09:47:26 GMT" time="138.703" errors="0">
  <testcase name="CreateAssetPOSTAPI" time="43.803" classname="com.arcapi.Parksmarttestcases.CreateAssetParksmartManualReqTest"/>
  <testcase name="CreateAssetPOSTAPI" time="45.005" classname="com.arcapi.Parksmarttestcases.CreateAssetParksmartManualReqTest"/>
  <testcase name="CreateAssetPOSTAPI" time="49.895" classname="com.arcapi.Parksmarttestcases.CreateAssetParksmartManualReqTest"/>
</testsuite> <!-- com.arcapi.Parksmarttestcases.CreateAssetParksmartManualReqTest -->
