<?xml version="1.0" encoding="UTF-8"?>
<!-- Generated by org.testng.reporters.JUnitReportReporter -->
<testsuite skipped="0" hostname="G10GNLT041" name="com.arcapi.Buildingtestcases.AssetOwnerOrgPOSTAPITest" tests="2" failures="0" timestamp="17 Jun 2019 07:27:40 GMT" time="14.438" errors="0">
  <testcase name="AssetOwnerOrgPOSTAPI" time="7.158" classname="com.arcapi.Buildingtestcases.AssetOwnerOrgPOSTAPITest"/>
  <testcase name="AssetOwnerOrgPOSTAPI" time="7.280" classname="com.arcapi.Buildingtestcases.AssetOwnerOrgPOSTAPITest"/>
</testsuite> <!-- com.arcapi.Buildingtestcases.AssetOwnerOrgPOSTAPITest -->
