<?xml version="1.0" encoding="UTF-8"?>
<!-- Generated by org.testng.reporters.JUnitReportReporter -->
<testsuite hostname="G10GGNLT052" name="com.arcapi.Buildingtestcases.WasteDetailAPITest" tests="1" failures="0" timestamp="10 Sep 2019 13:39:53 GMT" time="2.647" errors="0">
  <testcase name="WasteDetailAPI" time="2.647" classname="com.arcapi.Buildingtestcases.WasteDetailAPITest"/>
</testsuite> <!-- com.arcapi.Buildingtestcases.WasteDetailAPITest -->
