<?xml version="1.0" encoding="UTF-8"?>
<!-- Generated by org.testng.reporters.JUnitReportReporter -->
<testsuite skipped="0" hostname="G10GNLT041" name="com.arcapi.ScenarioBasedTestcases.LoginAPITest" tests="2" failures="0" timestamp="21 Jun 2019 05:06:06 GMT" time="12.222" errors="0">
  <testcase name="LoginAPI" time="7.763" classname="com.arcapi.ScenarioBasedTestcases.LoginAPITest"/>
  <testcase name="LoginAPI" time="4.459" classname="com.arcapi.ScenarioBasedTestcases.LoginAPITest"/>
</testsuite> <!-- com.arcapi.ScenarioBasedTestcases.LoginAPITest -->
