<?xml version="1.0" encoding="UTF-8"?>
<!-- Generated by org.testng.reporters.JUnitReportReporter -->
<testsuite hostname="G10GGNLT052" name="com.arcapi.Common.PaymentOrderSubmitPOSTAPITest" tests="2" failures="0" timestamp="20 Sep 2019 08:24:47 GMT" time="22.506" errors="0">
  <testcase name="PaymentOrderSubmitPOSTAPI" time="11.298" classname="com.arcapi.Common.PaymentOrderSubmitPOSTAPITest"/>
  <testcase name="PaymentOrderSubmitPOSTAPI" time="11.208" classname="com.arcapi.Common.PaymentOrderSubmitPOSTAPITest"/>
</testsuite> <!-- com.arcapi.Common.PaymentOrderSubmitPOSTAPITest -->
