<?xml version="1.0" encoding="UTF-8"?>
<!-- Generated by org.testng.reporters.JUnitReportReporter -->
<testsuite hostname="G10GGNLT052" name="com.arcapi.Transittestcases.ExcelTemplateMetersHEAPITest" tests="1" failures="0" timestamp="17 Oct 2019 07:26:51 GMT" time="5.160" errors="0">
  <testcase name="ExcelTemplateMetersHEAPI" time="5.160" classname="com.arcapi.Transittestcases.ExcelTemplateMetersHEAPITest"/>
</testsuite> <!-- com.arcapi.Transittestcases.ExcelTemplateMetersHEAPITest -->
