<?xml version="1.0" encoding="UTF-8"?>
<!-- Generated by org.testng.reporters.JUnitReportReporter -->
<testsuite hostname="G10GGNLT052" name="com.arcapi.ScenarioBasedTestcases.AssetTeamMemberRemoveAdminAPITest" tests="2" failures="0" timestamp="7 Nov 2019 09:54:02 GMT" time="5.753" errors="0">
  <testcase name="AssetTeamMemberRemoveAdminAPI" time="1.381" classname="com.arcapi.ScenarioBasedTestcases.AssetTeamMemberRemoveAdminAPITest"/>
  <testcase name="AssetTeamMemberRemoveAdminAPI" time="4.372" classname="com.arcapi.ScenarioBasedTestcases.AssetTeamMemberRemoveAdminAPITest"/>
</testsuite> <!-- com.arcapi.ScenarioBasedTestcases.AssetTeamMemberRemoveAdminAPITest -->
