<?xml version="1.0" encoding="UTF-8"?>
<!-- Generated by org.testng.reporters.JUnitReportReporter -->
<testsuite hostname="G10GGNLT052" name="com.arcapi.Common.ScoreVersionCompareGetAPITest" tests="1" failures="0" timestamp="27 Sep 2019 05:35:20 GMT" time="15.990" errors="0">
  <testcase name="ScoreVersionCompareGetAPI" time="15.990" classname="com.arcapi.Common.ScoreVersionCompareGetAPITest"/>
</testsuite> <!-- com.arcapi.Common.ScoreVersionCompareGetAPITest -->
