<?xml version="1.0" encoding="UTF-8"?>
<!-- Generated by org.testng.reporters.JUnitReportReporter -->
<testsuite skipped="0" hostname="G10GNLT041" name="com.arcapi.ScenarioBasedTestcases.CheckOwnerTypeBuildingOtherAPITest" tests="1" failures="0" timestamp="21 Jun 2019 05:06:06 GMT" time="151.215" errors="0">
  <testcase name="CreateAssetPOSTAPI" time="151.215" classname="com.arcapi.ScenarioBasedTestcases.CheckOwnerTypeBuildingOtherAPITest"/>
</testsuite> <!-- com.arcapi.ScenarioBasedTestcases.CheckOwnerTypeBuildingOtherAPITest -->
