<?xml version="1.0" encoding="UTF-8"?>
<!-- Generated by org.testng.reporters.JUnitReportReporter -->
<testsuite hostname="G10GGNLT052" name="com.arcapi.Buildingtestcases.CO2MeterCreateAPITest" tests="1" failures="0" timestamp="7 Nov 2019 07:39:40 GMT" time="1.481" errors="0">
  <testcase name="CO2MeterCreateAPI" time="1.481" classname="com.arcapi.Buildingtestcases.CO2MeterCreateAPITest"/>
</testsuite> <!-- com.arcapi.Buildingtestcases.CO2MeterCreateAPITest -->
