<?xml version="1.0" encoding="UTF-8"?>
<!-- Generated by org.testng.reporters.JUnitReportReporter -->
<testsuite hostname="G10GGNLT052" name="com.arcapi.release1_18testcases.PaymentOrderSubmitPOSTAPITest" tests="1" failures="0" timestamp="14 Aug 2019 10:04:05 GMT" time="11.828" errors="0">
  <testcase name="PaymentOrderSubmitPOSTAPI" time="11.828" classname="com.arcapi.release1_18testcases.PaymentOrderSubmitPOSTAPITest"/>
</testsuite> <!-- com.arcapi.release1_18testcases.PaymentOrderSubmitPOSTAPITest -->
