<?xml version="1.0" encoding="UTF-8"?>
<!-- Generated by org.testng.reporters.JUnitReportReporter -->
<testsuite hostname="G10GGNLT052" name="com.arcapi.Buildingtestcases.SurveyCreatePOSTAPITest" tests="1" failures="0" timestamp="7 Oct 2019 06:53:51 GMT" time="230.245" errors="0">
  <testcase name="SurveyCreatePOSTAPI" time="230.245" classname="com.arcapi.Buildingtestcases.SurveyCreatePOSTAPITest"/>
</testsuite> <!-- com.arcapi.Buildingtestcases.SurveyCreatePOSTAPITest -->
