<?xml version="1.0" encoding="UTF-8"?>
<!-- Generated by org.testng.reporters.JUnitReportReporter -->
<testsuite skipped="0" hostname="G10GNLT041" name="com.arcapi.Transittestcases.ConsumptionListAPITest" tests="2" failures="0" timestamp="17 Jun 2019 09:30:41 GMT" time="7.244" errors="0">
  <testcase name="ConsumptionListAPI" time="3.182" classname="com.arcapi.Transittestcases.ConsumptionListAPITest"/>
  <testcase name="ConsumptionListAPI" time="4.062" classname="com.arcapi.Transittestcases.ConsumptionListAPITest"/>
</testsuite> <!-- com.arcapi.Transittestcases.ConsumptionListAPITest -->
