<?xml version="1.0" encoding="UTF-8"?>
<!-- Generated by org.testng.reporters.JUnitReportReporter -->
<testsuite hostname="G10GGNLT052" name="com.arcapi.Common.DeleteAllAppsAPITest" tests="1" failures="0" timestamp="7 Oct 2019 08:53:31 GMT" time="4.222" errors="0">
  <testcase name="DeleteAllAppsAPI" time="4.222" classname="com.arcapi.Common.DeleteAllAppsAPITest"/>
</testsuite> <!-- com.arcapi.Common.DeleteAllAppsAPITest -->
