<?xml version="1.0" encoding="UTF-8"?>
<!-- Generated by org.testng.reporters.JUnitReportReporter -->
<testsuite hostname="G10GGNLT052" name="com.arcapi.CompleteDataValidationNoPayloadTestcases.MeterUpdatePUTAPITest" tests="1" failures="0" timestamp="10 Sep 2019 11:10:22 GMT" time="1.892" errors="0">
  <testcase name="MeterUpdatePUTAPI" time="1.892" classname="com.arcapi.CompleteDataValidationNoPayloadTestcases.MeterUpdatePUTAPITest"/>
</testsuite> <!-- com.arcapi.CompleteDataValidationNoPayloadTestcases.MeterUpdatePUTAPITest -->
