<?xml version="1.0" encoding="UTF-8"?>
<!-- Generated by org.testng.reporters.JUnitReportReporter -->
<testsuite skipped="0" hostname="G10GNLT041" name="com.arcapi.Transittestcases.TransitSurveyExportAPITest" tests="2" failures="0" timestamp="17 Jun 2019 09:30:39 GMT" time="9.186" errors="0">
  <testcase name="TransitSurveyExportAPI" time="4.230" classname="com.arcapi.Transittestcases.TransitSurveyExportAPITest"/>
  <testcase name="TransitSurveyExportAPI" time="4.956" classname="com.arcapi.Transittestcases.TransitSurveyExportAPITest"/>
</testsuite> <!-- com.arcapi.Transittestcases.TransitSurveyExportAPITest -->
