<?xml version="1.0" encoding="UTF-8"?>
<!-- Generated by org.testng.reporters.JUnitReportReporter -->
<testsuite skipped="1" hostname="G10GNLT041" name="com.arcapi.Transittestcases.VerifyPM10GraphValuesAPITest" tests="1" failures="0" timestamp="11 May 2019 05:12:37 GMT" time="0.000" errors="0">
  <testcase name="VerifyPM10GraphValuesAPI" time="0.000" classname="com.arcapi.Transittestcases.VerifyPM10GraphValuesAPITest">
    <skipped/>
  </testcase> <!-- VerifyPM10GraphValuesAPI -->
</testsuite> <!-- com.arcapi.Transittestcases.VerifyPM10GraphValuesAPITest -->
