<?xml version="1.0" encoding="UTF-8"?>
<!-- Generated by org.testng.reporters.JUnitReportReporter -->
<testsuite hostname="G10GGNLT052" name="com.arcapi.CompleteDataValidationNoPayloadTestcases.S3DocumentRemoveAPITest" tests="1" failures="0" timestamp="13 Aug 2019 07:30:04 GMT" time="1.653" errors="0">
  <testcase name="S3DocumentRemoveAPI" time="1.653" classname="com.arcapi.CompleteDataValidationNoPayloadTestcases.S3DocumentRemoveAPITest"/>
</testsuite> <!-- com.arcapi.CompleteDataValidationNoPayloadTestcases.S3DocumentRemoveAPITest -->
