<?xml version="1.0" encoding="UTF-8"?>
<!-- Generated by org.testng.reporters.JUnitReportReporter -->
<testsuite hostname="G10GGNLT052" name="com.arcapi.Common.FetchingAgreementDetailsAPITest" tests="2" failures="0" timestamp="22 Oct 2019 10:35:10 GMT" time="5.864" errors="0">
  <testcase name="FetchingAgreementDetailsAPI" time="2.734" classname="com.arcapi.Common.FetchingAgreementDetailsAPITest"/>
  <testcase name="FetchingAgreementDetailsAPI" time="3.130" classname="com.arcapi.Common.FetchingAgreementDetailsAPITest"/>
</testsuite> <!-- com.arcapi.Common.FetchingAgreementDetailsAPITest -->
