<?xml version="1.0" encoding="UTF-8"?>
<!-- Generated by org.testng.reporters.JUnitReportReporter -->
<testsuite hostname="G10GGNLT052" name="com.arcapi.ScenarioBasedTestcases.AssetTeamMemberUpdateAdminAPITest" tests="2" failures="0" timestamp="9 Oct 2019 09:03:48 GMT" time="13.020" errors="0">
  <testcase name="AssetTeamMemberUpdateAdminAPI" time="3.944" classname="com.arcapi.ScenarioBasedTestcases.AssetTeamMemberUpdateAdminAPITest"/>
  <testcase name="AssetTeamMemberUpdateAdminAPI" time="9.076" classname="com.arcapi.ScenarioBasedTestcases.AssetTeamMemberUpdateAdminAPITest"/>
</testsuite> <!-- com.arcapi.ScenarioBasedTestcases.AssetTeamMemberUpdateAdminAPITest -->
