<?xml version="1.0" encoding="UTF-8"?>
<!-- Generated by org.testng.reporters.JUnitReportReporter -->
<testsuite hostname="G10GGNLT052" name="com.arcapi.Buildingtestcases.WasteCreatePOSTAPITest" tests="1" failures="0" timestamp="7 Oct 2019 08:53:30 GMT" time="1.649" errors="0">
  <testcase name="WasteCreatePOSTAPI" time="1.649" classname="com.arcapi.Buildingtestcases.WasteCreatePOSTAPITest"/>
</testsuite> <!-- com.arcapi.Buildingtestcases.WasteCreatePOSTAPITest -->
