<?xml version="1.0" encoding="UTF-8"?>
<!-- Generated by org.testng.reporters.JUnitReportReporter -->
<testsuite hostname="G10GGNLT052" name="com.arcapi.Buildingtestcases.CO2ConsumptionCreateAPITest" tests="1" failures="0" timestamp="18 Oct 2019 05:55:22 GMT" time="1.724" errors="0">
  <testcase name="CO2ConsumptionCreateAPI" time="1.724" classname="com.arcapi.Buildingtestcases.CO2ConsumptionCreateAPITest"/>
</testsuite> <!-- com.arcapi.Buildingtestcases.CO2ConsumptionCreateAPITest -->
