<?xml version="1.0" encoding="UTF-8"?>
<!-- Generated by org.testng.reporters.JUnitReportReporter -->
<testsuite hostname="G10GGNLT052" name="com.arcapi.Common.CityCom.MeasuresUpdateAPITest" tests="1" failures="0" timestamp="11 Oct 2019 09:12:46 GMT" time="1.923" errors="0">
  <testcase name="MeasuresUpdateAPI" time="1.923" classname="com.arcapi.Common.CityCom.MeasuresUpdateAPITest"/>
</testsuite> <!-- com.arcapi.Common.CityCom.MeasuresUpdateAPITest -->
