<?xml version="1.0" encoding="UTF-8"?>
<!-- Generated by org.testng.reporters.JUnitReportReporter -->
<testsuite hostname="G10GGNLT052" name="com.arcapi.Common.AssetNotificationSubscriptionListTest" tests="1" failures="0" timestamp="11 Oct 2019 09:12:46 GMT" time="1.939" errors="0">
  <testcase name="AssetNotificationSubscriptionList" time="1.939" classname="com.arcapi.Common.AssetNotificationSubscriptionListTest"/>
</testsuite> <!-- com.arcapi.Common.AssetNotificationSubscriptionListTest -->
