<?xml version="1.0" encoding="UTF-8"?>
<!-- Generated by org.testng.reporters.JUnitReportReporter -->
<testsuite hostname="G10GGNLT052" name="com.arcapi.Common.PaymentOrderGetAPITest" tests="1" failures="0" timestamp="26 Sep 2019 10:38:00 GMT" time="3.231" errors="0">
  <testcase name="PaymentOrderGetAPI" time="3.231" classname="com.arcapi.Common.PaymentOrderGetAPITest"/>
</testsuite> <!-- com.arcapi.Common.PaymentOrderGetAPITest -->
