<?xml version="1.0" encoding="UTF-8"?>
<!-- Generated by org.testng.reporters.JUnitReportReporter -->
<testsuite hostname="G10GGNLT052" name="com.arcapi.Buildingtestcases.AssetDetailEmissionFactorTest" tests="1" failures="0" timestamp="16 Aug 2019 13:09:11 GMT" time="2.750" errors="0">
  <testcase name="AssetDetailAPI" time="2.750" classname="com.arcapi.Buildingtestcases.AssetDetailEmissionFactorTest"/>
</testsuite> <!-- com.arcapi.Buildingtestcases.AssetDetailEmissionFactorTest -->
