<?xml version="1.0" encoding="UTF-8"?>
<!-- Generated by org.testng.reporters.JUnitReportReporter -->
<testsuite skipped="0" hostname="G10GNLT041" name="com.arcapi.Buildingtestcases.InstallAllAppsAfterDeleteAPITest" tests="2" failures="0" timestamp="17 Jun 2019 07:27:39 GMT" time="21.597" errors="0">
  <testcase name="InstallAllAppsAfterDeleteAPI" time="11.056" classname="com.arcapi.Buildingtestcases.InstallAllAppsAfterDeleteAPITest"/>
  <testcase name="InstallAllAppsAfterDeleteAPI" time="10.541" classname="com.arcapi.Buildingtestcases.InstallAllAppsAfterDeleteAPITest"/>
</testsuite> <!-- com.arcapi.Buildingtestcases.InstallAllAppsAfterDeleteAPITest -->
