<?xml version="1.0" encoding="UTF-8"?>
<!-- Generated by org.testng.reporters.JUnitReportReporter -->
<testsuite skipped="0" hostname="G10GNLT041" name="com.arcapi.Parksmarttestcases.AddAssestTimelinePOSTAPITest" tests="1" failures="0" timestamp="21 Jun 2019 05:06:06 GMT" time="2.613" errors="0">
  <testcase name="AddAssestTimeline" time="2.613" classname="com.arcapi.Parksmarttestcases.AddAssestTimelinePOSTAPITest"/>
</testsuite> <!-- com.arcapi.Parksmarttestcases.AddAssestTimelinePOSTAPITest -->
