<?xml version="1.0" encoding="UTF-8"?>
<!-- Generated by org.testng.reporters.JUnitReportReporter -->
<testsuite skipped="0" hostname="G10GNLT041" name="com.arcapi.Buildingtestcases.AssetMeterDetailAPITest" tests="2" failures="0" timestamp="17 Jun 2019 07:27:40 GMT" time="11.507" errors="0">
  <testcase name="AssetMeterDetailAPI" time="5.411" classname="com.arcapi.Buildingtestcases.AssetMeterDetailAPITest"/>
  <testcase name="AssetMeterDetailAPI" time="6.096" classname="com.arcapi.Buildingtestcases.AssetMeterDetailAPITest"/>
</testsuite> <!-- com.arcapi.Buildingtestcases.AssetMeterDetailAPITest -->
