<?xml version="1.0" encoding="UTF-8"?>
<!-- Generated by org.testng.reporters.JUnitReportReporter -->
<testsuite skipped="0" hostname="G10GNLT041" name="com.arcapi.Communitytestcases.VerifyAssetDetailAPITest" tests="2" failures="0" timestamp="17 Jun 2019 09:30:41 GMT" time="7.871" errors="0">
  <testcase name="AssetDetailAPI" time="3.917" classname="com.arcapi.Communitytestcases.VerifyAssetDetailAPITest"/>
  <testcase name="AssetDetailAPI" time="3.954" classname="com.arcapi.Communitytestcases.VerifyAssetDetailAPITest"/>
</testsuite> <!-- com.arcapi.Communitytestcases.VerifyAssetDetailAPITest -->
