<?xml version="1.0" encoding="UTF-8"?>
<!-- Generated by org.testng.reporters.JUnitReportReporter -->
<testsuite hostname="G10GGNLT052" name="com.arcapi.CompleteDataValidationNoPayloadTestcases.WasteUpdatePUTAPITest" tests="1" failures="0" timestamp="20 Sep 2019 08:24:46 GMT" time="2.029" errors="0">
  <testcase name="WasteUpdatePUTAPI" time="2.029" classname="com.arcapi.CompleteDataValidationNoPayloadTestcases.WasteUpdatePUTAPITest"/>
</testsuite> <!-- com.arcapi.CompleteDataValidationNoPayloadTestcases.WasteUpdatePUTAPITest -->
