<?xml version="1.0" encoding="UTF-8"?>
<!-- Generated by org.testng.reporters.JUnitReportReporter -->
<testsuite skipped="0" hostname="G10GNLT041" name="com.arcapi.Buildingtestcases.S3DocumentListAPITest" tests="2" failures="0" timestamp="17 Jun 2019 07:27:40 GMT" time="13.855" errors="0">
  <testcase name="S3DocumentListAPI" time="6.828" classname="com.arcapi.Buildingtestcases.S3DocumentListAPITest"/>
  <testcase name="S3DocumentListAPI" time="7.027" classname="com.arcapi.Buildingtestcases.S3DocumentListAPITest"/>
</testsuite> <!-- com.arcapi.Buildingtestcases.S3DocumentListAPITest -->
