<?xml version="1.0" encoding="UTF-8"?>
<!-- Generated by org.testng.reporters.JUnitReportReporter -->
<testsuite hostname="G10GGNLT052" name="com.arcapi.Buildingtestcases.VOCConsumptionUpdateAPITest" tests="1" failures="0" timestamp="11 Oct 2019 08:57:39 GMT" time="1.710" errors="0">
  <testcase name="VOCConsumptionUpdateAPI" time="1.710" classname="com.arcapi.Buildingtestcases.VOCConsumptionUpdateAPITest"/>
</testsuite> <!-- com.arcapi.Buildingtestcases.VOCConsumptionUpdateAPITest -->
