<?xml version="1.0" encoding="UTF-8"?>
<!-- Generated by org.testng.reporters.JUnitReportReporter -->
<testsuite hostname="G10GGNLT052" name="com.arcapi.Buildingtestcases.WasteCreate60MonthMeterDataBulkPostTest" tests="1" failures="0" timestamp="21 Sep 2019 09:20:04 GMT" time="166.055" errors="0">
  <testcase name="CreateWasteMeterDataPost" time="166.055" classname="com.arcapi.Buildingtestcases.WasteCreate60MonthMeterDataBulkPostTest"/>
</testsuite> <!-- com.arcapi.Buildingtestcases.WasteCreate60MonthMeterDataBulkPostTest -->
