<?xml version="1.0" encoding="UTF-8"?>
<!-- Generated by org.testng.reporters.JUnitReportReporter -->
<testsuite hostname="G10GGNLT052" name="com.arcapi.Common.V2.Improvement_ScoreBasicAnalysisDataGetAPITest" tests="1" failures="0" timestamp="5 Mar 2020 04:54:47 GMT" time="1.436" errors="0">
  <testcase name="Improvement_ScoreBasicAnalysisDataGetAPI" time="1.436" classname="com.arcapi.Common.V2.Improvement_ScoreBasicAnalysisDataGetAPITest"/>
</testsuite> <!-- com.arcapi.Common.V2.Improvement_ScoreBasicAnalysisDataGetAPITest -->
