<?xml version="1.0" encoding="UTF-8"?>
<!-- Generated by org.testng.reporters.JUnitReportReporter -->
<testsuite hostname="G10GGNLT052" name="com.arcapi.Buildingtestcases.AssetTeamMemberAddPOSTAPITest" tests="1" failures="0" timestamp="4 Sep 2019 04:54:36 GMT" time="2.281" errors="0">
  <testcase name="AssetTeamMemberAddPOSTAPI" time="2.281" classname="com.arcapi.Buildingtestcases.AssetTeamMemberAddPOSTAPITest"/>
</testsuite> <!-- com.arcapi.Buildingtestcases.AssetTeamMemberAddPOSTAPITest -->
