<?xml version="1.0" encoding="UTF-8"?>
<!-- Generated by org.testng.reporters.JUnitReportReporter -->
<testsuite skipped="0" hostname="G10GNLT041" name="com.arcapi.CompleteDataValidationTestcases.MeterCreatePOSTAPITest" tests="1" failures="0" timestamp="21 Jun 2019 06:10:22 GMT" time="24.416" errors="0">
  <testcase name="MeterCreatePOSTAPI" time="24.416" classname="com.arcapi.CompleteDataValidationTestcases.MeterCreatePOSTAPITest"/>
</testsuite> <!-- com.arcapi.CompleteDataValidationTestcases.MeterCreatePOSTAPITest -->
