<?xml version="1.0" encoding="UTF-8"?>
<!-- Generated by org.testng.reporters.JUnitReportReporter -->
<testsuite skipped="0" hostname="G10GNLT041" name="com.arcapi.TrailFlowtestcasesComplete.PaymentOrderSubmitPOSTAPITest" tests="2" failures="0" timestamp="22 Feb 2019 05:49:40 GMT" time="15.659" errors="0">
  <testcase name="PaymentOrderSubmitPOSTAPI" time="7.948" classname="com.arcapi.TrailFlowtestcasesComplete.PaymentOrderSubmitPOSTAPITest"/>
  <testcase name="PaymentOrderSubmitPOSTAPI" time="7.711" classname="com.arcapi.TrailFlowtestcasesComplete.PaymentOrderSubmitPOSTAPITest"/>
</testsuite> <!-- com.arcapi.TrailFlowtestcasesComplete.PaymentOrderSubmitPOSTAPITest -->
