<?xml version="1.0" encoding="UTF-8"?>
<!-- Generated by org.testng.reporters.JUnitReportReporter -->
<testsuite skipped="0" hostname="G10GNLT041" name="com.arcapi.Citytestcases.AssetUpdateCityLeedAPITest" tests="1" failures="0" timestamp="05 Dec 2018 07:10:13 GMT" time="10.899" errors="0">
  <testcase name="AssetUpdateforNewAssetPUTAPI" time="10.899" classname="com.arcapi.Citytestcases.AssetUpdateCityLeedAPITest"/>
</testsuite> <!-- com.arcapi.Citytestcases.AssetUpdateCityLeedAPITest -->
