<?xml version="1.0" encoding="UTF-8"?>
<!-- Generated by org.testng.reporters.JUnitReportReporter -->
<testsuite hostname="G10GGNLT052" name="com.arcapi.Buildingtestcases.MeterCreatePOSTAPITest" tests="1" failures="0" timestamp="11 Sep 2019 10:39:59 GMT" time="1.628" errors="0">
  <testcase name="MeterCreatePOSTAPI" time="1.628" classname="com.arcapi.Buildingtestcases.MeterCreatePOSTAPITest"/>
</testsuite> <!-- com.arcapi.Buildingtestcases.MeterCreatePOSTAPITest -->
