<?xml version="1.0" encoding="UTF-8"?>
<!-- Generated by org.testng.reporters.JUnitReportReporter -->
<testsuite hostname="G10GGNLT052" name="com.arcapi.Buildingtestcases.VerifyExcelTemplateConsumptionAPITest" tests="1" failures="0" timestamp="7 Oct 2019 08:53:31 GMT" time="8.481" errors="0">
  <testcase name="VerifyExcelTemplateConsumptionAPI" time="8.481" classname="com.arcapi.Buildingtestcases.VerifyExcelTemplateConsumptionAPITest"/>
</testsuite> <!-- com.arcapi.Buildingtestcases.VerifyExcelTemplateConsumptionAPITest -->
