<?xml version="1.0" encoding="UTF-8"?>
<!-- Generated by org.testng.reporters.JUnitReportReporter -->
<testsuite skipped="0" hostname="G10GNLT041" name="com.arcapi.Transittestcases.ConsumptionDeleteAPITest" tests="2" failures="0" timestamp="17 Jun 2019 09:30:39 GMT" time="7.796" errors="0">
  <testcase name="ConsumptionDeleteAPI" time="3.430" classname="com.arcapi.Transittestcases.ConsumptionDeleteAPITest"/>
  <testcase name="ConsumptionDeleteAPI" time="4.366" classname="com.arcapi.Transittestcases.ConsumptionDeleteAPITest"/>
</testsuite> <!-- com.arcapi.Transittestcases.ConsumptionDeleteAPITest -->
