<?xml version="1.0" encoding="UTF-8"?>
<!-- Generated by org.testng.reporters.JUnitReportReporter -->
<testsuite hostname="G10GGNLT052" name="com.arcapi.Portfoliostestcases.PortfoliosAnalyticsSummaryDetailAPITest" tests="1" failures="0" timestamp="5 Nov 2019 05:01:55 GMT" time="1.427" errors="0">
  <testcase name="PortfoliosAnalyticsSummaryDetailAPI" time="1.427" classname="com.arcapi.Portfoliostestcases.PortfoliosAnalyticsSummaryDetailAPITest"/>
</testsuite> <!-- com.arcapi.Portfoliostestcases.PortfoliosAnalyticsSummaryDetailAPITest -->
