<?xml version="1.0" encoding="UTF-8"?>
<!-- Generated by org.testng.reporters.JUnitReportReporter -->
<testsuite skipped="0" hostname="G10GNLT041" name="com.arcapi.Communitytestcases.S3DocumentUploadPOSTAPITest" tests="2" failures="0" timestamp="17 Jun 2019 09:30:40 GMT" time="49.725" errors="0">
  <testcase name="S3DocumentUploadPOSTAPI" time="23.199" classname="com.arcapi.Communitytestcases.S3DocumentUploadPOSTAPITest"/>
  <testcase name="S3DocumentUploadPOSTAPI" time="26.526" classname="com.arcapi.Communitytestcases.S3DocumentUploadPOSTAPITest"/>
</testsuite> <!-- com.arcapi.Communitytestcases.S3DocumentUploadPOSTAPITest -->
