<?xml version="1.0" encoding="UTF-8"?>
<!-- Generated by org.testng.reporters.JUnitReportReporter -->
<testsuite skipped="0" hostname="G10GNLT041" name="com.arcapi.Citytestcases.FeedbackSubmitPostAPITest" tests="2" failures="0" timestamp="17 Jun 2019 08:07:17 GMT" time="6.082" errors="0">
  <testcase name="FeedbackSubmitPostAPI" time="3.297" classname="com.arcapi.Citytestcases.FeedbackSubmitPostAPITest"/>
  <testcase name="FeedbackSubmitPostAPI" time="2.785" classname="com.arcapi.Citytestcases.FeedbackSubmitPostAPITest"/>
</testsuite> <!-- com.arcapi.Citytestcases.FeedbackSubmitPostAPITest -->
