<?xml version="1.0" encoding="UTF-8"?>
<!-- Generated by org.testng.reporters.JUnitReportReporter -->
<testsuite skipped="0" hostname="G10GNLT041" name="com.arcapi.Buildingtestcases.ConsumptionListOccupancyTrackerTest" tests="1" failures="0" timestamp="17 Jun 2019 05:38:28 GMT" time="23.546" errors="0">
  <testcase name="ConsumptionListAPI" time="23.546" classname="com.arcapi.Buildingtestcases.ConsumptionListOccupancyTrackerTest"/>
</testsuite> <!-- com.arcapi.Buildingtestcases.ConsumptionListOccupancyTrackerTest -->
