<?xml version="1.0" encoding="UTF-8"?>
<!-- Generated by org.testng.reporters.JUnitReportReporter -->
<testsuite skipped="0" hostname="G10GNLT041" name="com.arcapi.CompleteDataValidationNoPayloadTestcases.AssetPerformanceScorePostAPITest" tests="1" failures="0" timestamp="21 Jun 2019 06:10:23 GMT" time="2.237" errors="0">
  <testcase name="AssetPerformanceScorePostAPI" time="2.237" classname="com.arcapi.CompleteDataValidationNoPayloadTestcases.AssetPerformanceScorePostAPITest"/>
</testsuite> <!-- com.arcapi.CompleteDataValidationNoPayloadTestcases.AssetPerformanceScorePostAPITest -->
