<?xml version="1.0" encoding="UTF-8"?>
<!-- Generated by org.testng.reporters.JUnitReportReporter -->
<testsuite hostname="G10GGNLT052" name="com.arcapi.Buildingtestcases.AssetUpdateBuildingAPITest" tests="2" failures="0" timestamp="8 Nov 2019 07:29:52 GMT" time="21.772" errors="0">
  <testcase name="AssetUpdateforNewAssetPUTAPI" time="11.227" classname="com.arcapi.Buildingtestcases.AssetUpdateBuildingAPITest"/>
  <testcase name="AssetUpdateforNewAssetPUTAPI" time="10.545" classname="com.arcapi.Buildingtestcases.AssetUpdateBuildingAPITest"/>
</testsuite> <!-- com.arcapi.Buildingtestcases.AssetUpdateBuildingAPITest -->
