<?xml version="1.0" encoding="UTF-8"?>
<!-- Generated by org.testng.reporters.JUnitReportReporter -->
<testsuite hostname="G10GGNLT052" name="com.arcapi.Buildingtestcases.VOCMeterDeleteAPITest" tests="1" failures="0" timestamp="13 Sep 2019 09:56:32 GMT" time="2.729" errors="0">
  <testcase name="VOCMeterDeleteAPI" time="2.729" classname="com.arcapi.Buildingtestcases.VOCMeterDeleteAPITest"/>
</testsuite> <!-- com.arcapi.Buildingtestcases.VOCMeterDeleteAPITest -->
