<?xml version="1.0" encoding="UTF-8"?>
<!-- Generated by org.testng.reporters.JUnitReportReporter -->
<testsuite hostname="G10GGNLT052" name="com.arcapi.CompleteDataValidationNoPayloadTestcases.NotificationDeleteAPITest" tests="1" failures="0" timestamp="10 Sep 2019 11:10:22 GMT" time="1.545" errors="0">
  <testcase name="NotificationDeleteAPI" time="1.545" classname="com.arcapi.CompleteDataValidationNoPayloadTestcases.NotificationDeleteAPITest"/>
</testsuite> <!-- com.arcapi.CompleteDataValidationNoPayloadTestcases.NotificationDeleteAPITest -->
