<?xml version="1.0" encoding="UTF-8"?>
<!-- Generated by org.testng.reporters.JUnitReportReporter -->
<testsuite hostname="G10GGNLT052" name="com.arcapi.Buildingtestcases.ElectricityConsumptionDeleteAPITest" tests="1" failures="0" timestamp="7 Oct 2019 14:00:33 GMT" time="16.991" errors="0">
  <testcase name="ElectricityConsumptionDeleteAPI" time="16.991" classname="com.arcapi.Buildingtestcases.ElectricityConsumptionDeleteAPITest"/>
</testsuite> <!-- com.arcapi.Buildingtestcases.ElectricityConsumptionDeleteAPITest -->
