<?xml version="1.0" encoding="UTF-8"?>
<!-- Generated by org.testng.reporters.JUnitReportReporter -->
<testsuite hostname="G10GGNLT052" name="com.arcapi.Common.RecomputePerformanceScoreGetTest" tests="1" failures="0" timestamp="10 Sep 2019 13:39:52 GMT" time="10.301" errors="0">
  <testcase name="RecomputePerformanceScoreGet" time="10.301" classname="com.arcapi.Common.RecomputePerformanceScoreGetTest"/>
</testsuite> <!-- com.arcapi.Common.RecomputePerformanceScoreGetTest -->
