<?xml version="1.0" encoding="UTF-8"?>
<!-- Generated by org.testng.reporters.JUnitReportReporter -->
<testsuite skipped="0" hostname="G10GNLT041" name="com.arcapi.TrailFlowtestcases.City.RatingSystemListAPITest" tests="1" failures="0" timestamp="06 Feb 2019 05:56:20 GMT" time="1.346" errors="0">
  <testcase name="RatingSystemListAPI" time="1.346" classname="com.arcapi.TrailFlowtestcases.City.RatingSystemListAPITest"/>
</testsuite> <!-- com.arcapi.TrailFlowtestcases.City.RatingSystemListAPITest -->
