<?xml version="1.0" encoding="UTF-8"?>
<!-- Generated by org.testng.reporters.JUnitReportReporter -->
<testsuite hostname="G10GGNLT052" name="com.arcapi.Buildingtestcases.EnergyMeterBulkConsumptionPOSTEmissionTest" tests="2" failures="0" timestamp="7 Nov 2019 08:15:32 GMT" time="2.958" errors="0">
  <testcase name="MeterBulkConsumptionPOSTAPI" time="1.461" classname="com.arcapi.Buildingtestcases.EnergyMeterBulkConsumptionPOSTEmissionTest"/>
  <testcase name="MeterBulkConsumptionPOSTAPI" time="1.497" classname="com.arcapi.Buildingtestcases.EnergyMeterBulkConsumptionPOSTEmissionTest"/>
</testsuite> <!-- com.arcapi.Buildingtestcases.EnergyMeterBulkConsumptionPOSTEmissionTest -->
