<?xml version="1.0" encoding="UTF-8"?>
<!-- Generated by org.testng.reporters.JUnitReportReporter -->
<testsuite hostname="G10GGNLT052" name="com.arcapi.Common.AnalysisDataSubmitPOSTAPITest" tests="1" failures="0" timestamp="20 Sep 2019 07:00:23 GMT" time="0.004" errors="0">
  <testcase name="AnalysisDataSubmitPOSTAPI" time="0.004" classname="com.arcapi.Common.AnalysisDataSubmitPOSTAPITest"/>
</testsuite> <!-- com.arcapi.Common.AnalysisDataSubmitPOSTAPITest -->
