<?xml version="1.0" encoding="UTF-8"?>
<!-- Generated by org.testng.reporters.JUnitReportReporter -->
<testsuite hostname="G10GGNLT052" name="com.arcapi.CompleteDataValidationNoPayloadTestcases.AssetCertificationPOSTAPITest" tests="1" failures="0" timestamp="10 Sep 2019 11:10:22 GMT" time="3.475" errors="0">
  <testcase name="AssetCertificationPOSTAPI" time="3.475" classname="com.arcapi.CompleteDataValidationNoPayloadTestcases.AssetCertificationPOSTAPITest"/>
</testsuite> <!-- com.arcapi.CompleteDataValidationNoPayloadTestcases.AssetCertificationPOSTAPITest -->
