<?xml version="1.0" encoding="UTF-8"?>
<!-- Generated by org.testng.reporters.JUnitReportReporter -->
<testsuite hostname="G10GGNLT052" name="com.arcapi.ScenarioBasedTestcases.VerifyDatacoverage2108DataGetAPITest" tests="1" failures="0" timestamp="22 Oct 2019 08:44:42 GMT" time="1.569" errors="0">
  <testcase name="VerifyDatacoverage2108DataGetAPI" time="1.569" classname="com.arcapi.ScenarioBasedTestcases.VerifyDatacoverage2108DataGetAPITest"/>
</testsuite> <!-- com.arcapi.ScenarioBasedTestcases.VerifyDatacoverage2108DataGetAPITest -->
