<?xml version="1.0" encoding="UTF-8"?>
<!-- Generated by org.testng.reporters.JUnitReportReporter -->
<testsuite hostname="G10GGNLT052" name="com.arcapi.Common.FetchingAgreementDetailsAPITest" tests="1" failures="0" timestamp="11 Oct 2019 09:12:46 GMT" time="4.060" errors="0">
  <testcase name="FetchingAgreementDetailsAPI" time="4.060" classname="com.arcapi.Common.FetchingAgreementDetailsAPITest"/>
</testsuite> <!-- com.arcapi.Common.FetchingAgreementDetailsAPITest -->
