<?xml version="1.0" encoding="UTF-8"?>
<!-- Generated by org.testng.reporters.JUnitReportReporter -->
<testsuite hostname="G10GGNLT052" name="com.arcapi.Buildingtestcases.OtherFuelMeterDeleteAPITest" tests="1" failures="0" timestamp="7 Nov 2019 06:53:22 GMT" time="25.719" errors="0">
  <testcase name="OtherFuelMeterDeleteAPI" time="25.719" classname="com.arcapi.Buildingtestcases.OtherFuelMeterDeleteAPITest"/>
</testsuite> <!-- com.arcapi.Buildingtestcases.OtherFuelMeterDeleteAPITest -->
