<?xml version="1.0" encoding="UTF-8"?>
<!-- Generated by org.testng.reporters.JUnitReportReporter -->
<testsuite hostname="G10GGNLT052" name="com.arcapi.Buildingtestcases.GhgMeanEmissionTest" tests="2" failures="0" timestamp="7 Nov 2019 08:15:32 GMT" time="4.823" errors="0">
  <testcase name="GhgGetTestAPI" time="2.699" classname="com.arcapi.Buildingtestcases.GhgMeanEmissionTest"/>
  <testcase name="GhgGetTestAPI" time="2.124" classname="com.arcapi.Buildingtestcases.GhgMeanEmissionTest"/>
</testsuite> <!-- com.arcapi.Buildingtestcases.GhgMeanEmissionTest -->
