<?xml version="1.0" encoding="UTF-8"?>
<!-- Generated by org.testng.reporters.JUnitReportReporter -->
<testsuite skipped="0" hostname="G10GNLT041" name="com.arcapi.Transittestcases.PerformanceComparablesGetAPITest" tests="2" failures="0" timestamp="17 Jun 2019 09:30:40 GMT" time="8.554" errors="0">
  <testcase name="PerformanceComparablesGetAPI" time="3.905" classname="com.arcapi.Transittestcases.PerformanceComparablesGetAPITest"/>
  <testcase name="PerformanceComparablesGetAPI" time="4.649" classname="com.arcapi.Transittestcases.PerformanceComparablesGetAPITest"/>
</testsuite> <!-- com.arcapi.Transittestcases.PerformanceComparablesGetAPITest -->
