<?xml version="1.0" encoding="UTF-8"?>
<!-- Generated by org.testng.reporters.JUnitReportReporter -->
<testsuite skipped="0" hostname="G10GNLT041" name="com.arcapi.Communitytestcases.LoginAPITest" tests="2" failures="0" timestamp="17 Jun 2019 09:30:41 GMT" time="35.842" errors="0">
  <testcase name="LoginAPI" time="23.585" classname="com.arcapi.Communitytestcases.LoginAPITest"/>
  <testcase name="LoginAPI" time="12.257" classname="com.arcapi.Communitytestcases.LoginAPITest"/>
</testsuite> <!-- com.arcapi.Communitytestcases.LoginAPITest -->
