<?xml version="1.0" encoding="UTF-8"?>
<!-- Generated by org.testng.reporters.JUnitReportReporter -->
<testsuite hostname="G10GGNLT052" name="com.arcapi.CompleteDataValidationNoPayloadTestcases.AssetTeamPermissionPutAPITest" tests="1" failures="0" timestamp="13 Aug 2019 07:30:04 GMT" time="1.696" errors="0">
  <testcase name="AssetTeamPermissionPutAPI" time="1.696" classname="com.arcapi.CompleteDataValidationNoPayloadTestcases.AssetTeamPermissionPutAPITest"/>
</testsuite> <!-- com.arcapi.CompleteDataValidationNoPayloadTestcases.AssetTeamPermissionPutAPITest -->
