<?xml version="1.0" encoding="UTF-8"?>
<!-- Generated by org.testng.reporters.JUnitReportReporter -->
<testsuite hostname="G10GGNLT052" name="com.arcapi.Buildingtestcases.OtherFuelConsumptionCreateAPITest" tests="1" failures="0" timestamp="7 Nov 2019 06:53:23 GMT" time="29.336" errors="0">
  <testcase name="OtherFuelConsumptionCreateAPI" time="29.336" classname="com.arcapi.Buildingtestcases.OtherFuelConsumptionCreateAPITest"/>
</testsuite> <!-- com.arcapi.Buildingtestcases.OtherFuelConsumptionCreateAPITest -->
