<?xml version="1.0" encoding="UTF-8"?>
<!-- Generated by org.testng.reporters.JUnitReportReporter -->
<testsuite skipped="0" hostname="G10GNLT041" name="com.arcapi.Scoretestcases.version2.WasteGeneratedDataGetTest" tests="1" failures="0" timestamp="13 Sep 2018 09:17:56 GMT" time="59.116" errors="0">
  <testcase name="WasteGeneratedDataGet" time="59.116" classname="com.arcapi.Scoretestcases.version2.WasteGeneratedDataGetTest"/>
</testsuite> <!-- com.arcapi.Scoretestcases.version2.WasteGeneratedDataGetTest -->
