<?xml version="1.0" encoding="UTF-8"?>
<!-- Generated by org.testng.reporters.JUnitReportReporter -->
<testsuite hostname="G10GGNLT052" name="com.arcapi.Common.Neg.SubmitReviewPOSTAPITest" tests="1" failures="0" timestamp="8 Nov 2019 05:07:34 GMT" time="4.733" errors="0">
  <testcase name="SubmitReviewPOSTAPI" time="4.733" classname="com.arcapi.Common.Neg.SubmitReviewPOSTAPITest"/>
</testsuite> <!-- com.arcapi.Common.Neg.SubmitReviewPOSTAPITest -->
