<?xml version="1.0" encoding="UTF-8"?>
<!-- Generated by org.testng.reporters.JUnitReportReporter -->
<testsuite hostname="G10GGNLT052" name="com.arcapi.Portfoliostestcases.GresbAssetsExsitingIDPostAPITest" tests="1" failures="0" timestamp="5 Nov 2019 05:01:56 GMT" time="15.529" errors="0">
  <testcase name="GresbAssetsExsitingIDPostAPI" time="15.529" classname="com.arcapi.Portfoliostestcases.GresbAssetsExsitingIDPostAPITest"/>
</testsuite> <!-- com.arcapi.Portfoliostestcases.GresbAssetsExsitingIDPostAPITest -->
