<?xml version="1.0" encoding="UTF-8"?>
<!-- Generated by org.testng.reporters.JUnitReportReporter -->
<testsuite hostname="G10GGNLT052" name="com.arcapi.Buildingtestcases.MetersAPITest" tests="1" failures="0" timestamp="10 Oct 2019 08:21:46 GMT" time="2.172" errors="0">
  <testcase name="MetersAPI" time="2.172" classname="com.arcapi.Buildingtestcases.MetersAPITest"/>
</testsuite> <!-- com.arcapi.Buildingtestcases.MetersAPITest -->
