<?xml version="1.0" encoding="UTF-8"?>
<!-- Generated by org.testng.reporters.JUnitReportReporter -->
<testsuite skipped="0" hostname="G10GNLT041" name="com.arcapi.CrossRatingSystemtestcases.AssetDataSnapshotAPITest" tests="1" failures="0" timestamp="21 Jun 2019 05:06:06 GMT" time="1.636" errors="0">
  <testcase name="AssetDataSnapshotAPI" time="1.636" classname="com.arcapi.CrossRatingSystemtestcases.AssetDataSnapshotAPITest"/>
</testsuite> <!-- com.arcapi.CrossRatingSystemtestcases.AssetDataSnapshotAPITest -->
