<?xml version="1.0" encoding="UTF-8"?>
<!-- Generated by org.testng.reporters.JUnitReportReporter -->
<testsuite hostname="G10GGNLT052" name="com.arcapi.Buildingtestcases.VerifyExcelTemplateConsumptionAPITest" tests="1" failures="0" timestamp="22 Oct 2019 10:35:10 GMT" time="8.769" errors="0">
  <testcase name="VerifyExcelTemplateConsumptionAPI" time="8.769" classname="com.arcapi.Buildingtestcases.VerifyExcelTemplateConsumptionAPITest"/>
</testsuite> <!-- com.arcapi.Buildingtestcases.VerifyExcelTemplateConsumptionAPITest -->
