<?xml version="1.0" encoding="UTF-8"?>
<!-- Generated by org.testng.reporters.JUnitReportReporter -->
<testsuite hostname="G10GGNLT052" name="com.arcapi.Transittestcases.RidershipDataGetAPITest" tests="1" failures="0" timestamp="1 Oct 2019 05:50:29 GMT" time="1.935" errors="0">
  <testcase name="RidershipDataGetAPI" time="1.935" classname="com.arcapi.Transittestcases.RidershipDataGetAPITest"/>
</testsuite> <!-- com.arcapi.Transittestcases.RidershipDataGetAPITest -->
