<?xml version="1.0" encoding="UTF-8"?>
<!-- Generated by org.testng.reporters.JUnitReportReporter -->
<testsuite hostname="G10GGNLT052" name="com.arcapi.Common.PaymentReceiptAPITest" tests="1" failures="0" timestamp="16 Sep 2019 05:02:27 GMT" time="16.815" errors="0">
  <testcase name="PaymentReceiptAPI" time="16.815" classname="com.arcapi.Common.PaymentReceiptAPITest"/>
</testsuite> <!-- com.arcapi.Common.PaymentReceiptAPITest -->
