<?xml version="1.0" encoding="UTF-8"?>
<!-- Generated by org.testng.reporters.JUnitReportReporter -->
<testsuite hostname="G10GGNLT052" name="com.arcapi.Citytestcases.MeasuresPostAPITest" tests="1" failures="0" timestamp="14 Aug 2019 08:09:03 GMT" time="23.955" errors="0">
  <testcase name="MeasuresPostAPI" time="23.955" classname="com.arcapi.Citytestcases.MeasuresPostAPITest"/>
</testsuite> <!-- com.arcapi.Citytestcases.MeasuresPostAPITest -->
