<?xml version="1.0" encoding="UTF-8"?>
<!-- Generated by org.testng.reporters.JUnitReportReporter -->
<testsuite skipped="0" hostname="G10GNLT041" name="com.arcapi.Transittestcases.VerifyExcelTemplateConsumptionAPITest" tests="1" failures="0" timestamp="17 Jun 2019 09:30:40 GMT" time="13.600" errors="0">
  <testcase name="VerifyExcelTemplateConsumptionAPI" time="13.600" classname="com.arcapi.Transittestcases.VerifyExcelTemplateConsumptionAPITest"/>
</testsuite> <!-- com.arcapi.Transittestcases.VerifyExcelTemplateConsumptionAPITest -->
