<?xml version="1.0" encoding="UTF-8"?>
<!-- Generated by org.testng.reporters.JUnitReportReporter -->
<testsuite hostname="G10GGNLT052" name="com.arcapi.Buildingtestcases.V4ExcelUploadTemplatePOSTAPITest" tests="1" failures="0" timestamp="8 Nov 2019 07:29:52 GMT" time="5.362" errors="0">
  <testcase name="V4ExcelUploadTemplatePOSTAPI" time="5.362" classname="com.arcapi.Buildingtestcases.V4ExcelUploadTemplatePOSTAPITest"/>
</testsuite> <!-- com.arcapi.Buildingtestcases.V4ExcelUploadTemplatePOSTAPITest -->
