<?xml version="1.0" encoding="UTF-8"?>
<!-- Generated by org.testng.reporters.JUnitReportReporter -->
<testsuite hostname="G10GGNLT052" name="com.arcapi.Common.DataSnapshotBeforeReviewGETAPITest" tests="1" failures="0" timestamp="27 Sep 2019 05:59:06 GMT" time="1.974" errors="0">
  <testcase name="DataSnapshotBeforeReviewGETAPI" time="1.974" classname="com.arcapi.Common.DataSnapshotBeforeReviewGETAPITest"/>
</testsuite> <!-- com.arcapi.Common.DataSnapshotBeforeReviewGETAPITest -->
