<?xml version="1.0" encoding="UTF-8"?>
<!-- Generated by org.testng.reporters.JUnitReportReporter -->
<testsuite hostname="G10GGNLT052" name="com.arcapi.Buildingtestcases.ConsumptionDetailAPITest" tests="1" failures="0" timestamp="11 Sep 2019 10:39:58 GMT" time="1.922" errors="0">
  <testcase name="ConsumptionDetailAPI" time="1.922" classname="com.arcapi.Buildingtestcases.ConsumptionDetailAPITest"/>
</testsuite> <!-- com.arcapi.Buildingtestcases.ConsumptionDetailAPITest -->
