<?xml version="1.0" encoding="UTF-8"?>
<!-- Generated by org.testng.reporters.JUnitReportReporter -->
<testsuite hostname="G10GGNLT052" name="com.arcapi.CompleteDataValidationNoPayloadTestcases.AssetTeamPermissionPutAPITest" tests="1" failures="0" timestamp="9 Oct 2019 05:37:53 GMT" time="1.749" errors="0">
  <testcase name="AssetTeamPermissionPutAPI" time="1.749" classname="com.arcapi.CompleteDataValidationNoPayloadTestcases.AssetTeamPermissionPutAPITest"/>
</testsuite> <!-- com.arcapi.CompleteDataValidationNoPayloadTestcases.AssetTeamPermissionPutAPITest -->
