<?xml version="1.0" encoding="UTF-8"?>
<!-- Generated by org.testng.reporters.JUnitReportReporter -->
<testsuite hostname="G10GGNLT052" name="com.arcapi.Common.NotificationSubscriptionDetailDeleteTest" tests="1" failures="0" timestamp="5 Nov 2019 05:13:46 GMT" time="1.393" errors="0">
  <testcase name="NotificationSubscriptionDetailDelete" time="1.393" classname="com.arcapi.Common.NotificationSubscriptionDetailDeleteTest"/>
</testsuite> <!-- com.arcapi.Common.NotificationSubscriptionDetailDeleteTest -->
