<?xml version="1.0" encoding="UTF-8"?>
<!-- Generated by org.testng.reporters.JUnitReportReporter -->
<testsuite hostname="G10GGNLT052" name="com.arcapi.Buildingtestcases.ConsumptionDetailAPITest" tests="1" failures="0" timestamp="10 Oct 2019 08:21:46 GMT" time="2.178" errors="0">
  <testcase name="ConsumptionDetailAPI" time="2.178" classname="com.arcapi.Buildingtestcases.ConsumptionDetailAPITest"/>
</testsuite> <!-- com.arcapi.Buildingtestcases.ConsumptionDetailAPITest -->
