<?xml version="1.0" encoding="UTF-8"?>
<!-- Generated by org.testng.reporters.JUnitReportReporter -->
<testsuite hostname="G10GGNLT052" name="com.arcapi.Portfoliostestcases.PortfoliosAnalyticsDetailAPITest" tests="1" failures="0" timestamp="17 Oct 2019 08:56:42 GMT" time="1.770" errors="0">
  <testcase name="PortfoliosAnalyticsDetailAPI" time="1.770" classname="com.arcapi.Portfoliostestcases.PortfoliosAnalyticsDetailAPITest"/>
</testsuite> <!-- com.arcapi.Portfoliostestcases.PortfoliosAnalyticsDetailAPITest -->
