<?xml version="1.0" encoding="UTF-8"?>
<!-- Generated by org.testng.reporters.JUnitReportReporter -->
<testsuite hostname="G10GGNLT052" name="com.arcapi.Common.V2.ResampledWaste_ScoreDataGetAPITest" tests="1" failures="0" timestamp="8 Nov 2019 05:07:33 GMT" time="1.426" errors="0">
  <testcase name="ResampledWaste_ScoreDataGetAPI" time="1.426" classname="com.arcapi.Common.V2.ResampledWaste_ScoreDataGetAPITest"/>
</testsuite> <!-- com.arcapi.Common.V2.ResampledWaste_ScoreDataGetAPITest -->
