<?xml version="1.0" encoding="UTF-8"?>
<!-- Generated by org.testng.reporters.JUnitReportReporter -->
<testsuite hostname="G10GGNLT052" name="com.arcapi.Leedv4Testcases.LOProjectSyncAPITest" tests="2" failures="0" timestamp="8 Nov 2019 07:29:52 GMT" time="25.406" errors="0">
  <testcase name="LOProjectSyncAPI" time="12.684" classname="com.arcapi.Leedv4Testcases.LOProjectSyncAPITest"/>
  <testcase name="LOProjectSyncAPI" time="12.722" classname="com.arcapi.Leedv4Testcases.LOProjectSyncAPITest"/>
</testsuite> <!-- com.arcapi.Leedv4Testcases.LOProjectSyncAPITest -->
