<?xml version="1.0" encoding="UTF-8"?>
<!-- Generated by org.testng.reporters.JUnitReportReporter -->
<testsuite skipped="0" hostname="G10GNLT041" name="com.arcapi.Communitytestcases.AssetOwnerOrgPOSTAPITest" tests="2" failures="0" timestamp="17 Jun 2019 09:30:39 GMT" time="9.734" errors="0">
  <testcase name="AssetOwnerOrgPOSTAPI" time="4.586" classname="com.arcapi.Communitytestcases.AssetOwnerOrgPOSTAPITest"/>
  <testcase name="AssetOwnerOrgPOSTAPI" time="5.148" classname="com.arcapi.Communitytestcases.AssetOwnerOrgPOSTAPITest"/>
</testsuite> <!-- com.arcapi.Communitytestcases.AssetOwnerOrgPOSTAPITest -->
