<?xml version="1.0" encoding="UTF-8"?>
<!-- Generated by org.testng.reporters.JUnitReportReporter -->
<testsuite hostname="G10GGNLT052" name="com.arcapi.Common.PerformanceComparablesGetAPITest" tests="1" failures="0" timestamp="7 Oct 2019 08:08:24 GMT" time="1.504" errors="0">
  <testcase name="PerformanceComparablesGetAPI" time="1.504" classname="com.arcapi.Common.PerformanceComparablesGetAPITest"/>
</testsuite> <!-- com.arcapi.Common.PerformanceComparablesGetAPITest -->
