<?xml version="1.0" encoding="UTF-8"?>
<!-- Generated by org.testng.reporters.JUnitReportReporter -->
<testsuite skipped="0" hostname="G10GNLT041" name="com.arcapi.CompleteDataValidationTestcases.SubmitReviewPOSTAPITest" tests="1" failures="0" timestamp="21 Jun 2019 06:10:23 GMT" time="29.983" errors="0">
  <testcase name="SubmitReviewPOSTAPI" time="29.983" classname="com.arcapi.CompleteDataValidationTestcases.SubmitReviewPOSTAPITest"/>
</testsuite> <!-- com.arcapi.CompleteDataValidationTestcases.SubmitReviewPOSTAPITest -->
