<?xml version="1.0" encoding="UTF-8"?>
<!-- Generated by org.testng.reporters.JUnitReportReporter -->
<testsuite hostname="G10GGNLT052" name="com.arcapi.Buildingtestcases.AvgPerformaceListGetTest" tests="1" failures="0" timestamp="4 Sep 2019 04:54:37 GMT" time="1.435" errors="0">
  <testcase name="AvgPerformaceList" time="1.435" classname="com.arcapi.Buildingtestcases.AvgPerformaceListGetTest"/>
</testsuite> <!-- com.arcapi.Buildingtestcases.AvgPerformaceListGetTest -->
