<?xml version="1.0" encoding="UTF-8"?>
<!-- Generated by org.testng.reporters.JUnitReportReporter -->
<testsuite hostname="G10GGNLT052" name="com.arcapi.Buildingtestcases.ExcelUploadTemplatePOSTAPITest" tests="1" failures="0" timestamp="10 Sep 2019 13:39:52 GMT" time="0.008" errors="0">
  <testcase name="ExcelUploadTemplatePOSTAPI" time="0.008" classname="com.arcapi.Buildingtestcases.ExcelUploadTemplatePOSTAPITest"/>
</testsuite> <!-- com.arcapi.Buildingtestcases.ExcelUploadTemplatePOSTAPITest -->
