<?xml version="1.0" encoding="UTF-8"?>
<!-- Generated by org.testng.reporters.JUnitReportReporter -->
<testsuite hostname="G10GGNLT052" name="com.arcapi.Buildingtestcases.AssetCertificationPreviewAPITest" tests="1" failures="0" timestamp="19 Dec 2019 05:50:27 GMT" time="2.362" errors="0">
  <testcase name="AssetCertificationPreviewAPI" time="2.362" classname="com.arcapi.Buildingtestcases.AssetCertificationPreviewAPITest"/>
</testsuite> <!-- com.arcapi.Buildingtestcases.AssetCertificationPreviewAPITest -->
