<?xml version="1.0" encoding="UTF-8"?>
<!-- Generated by org.testng.reporters.JUnitReportReporter -->
<testsuite skipped="0" hostname="G10GNLT041" name="com.arcapi.TrailFlowtestcases.Community.AvgPerformaceListGetTest" tests="1" failures="0" timestamp="06 Feb 2019 06:31:33 GMT" time="1.646" errors="0">
  <testcase name="AvgPerformaceList" time="1.646" classname="com.arcapi.TrailFlowtestcases.Community.AvgPerformaceListGetTest"/>
</testsuite> <!-- com.arcapi.TrailFlowtestcases.Community.AvgPerformaceListGetTest -->
