<?xml version="1.0" encoding="UTF-8"?>
<!-- Generated by org.testng.reporters.JUnitReportReporter -->
<testsuite hostname="G10GGNLT052" name="com.arcapi.Citytestcases.AssetDataExportAPITest" tests="1" failures="0" timestamp="14 Aug 2019 08:09:03 GMT" time="5.210" errors="0">
  <testcase name="AssetDataExportAPI" time="5.210" classname="com.arcapi.Citytestcases.AssetDataExportAPITest"/>
</testsuite> <!-- com.arcapi.Citytestcases.AssetDataExportAPITest -->
