<?xml version="1.0" encoding="UTF-8"?>
<!-- Generated by org.testng.reporters.JUnitReportReporter -->
<testsuite hostname="G10GGNLT052" name="com.arcapi.Scoretestcases.version3.TemperatureDataGetTest" tests="1" failures="0" timestamp="19 Sep 2019 08:28:16 GMT" time="2.001" errors="0">
  <testcase name="TemperatureDataGet" time="2.001" classname="com.arcapi.Scoretestcases.version3.TemperatureDataGetTest"/>
</testsuite> <!-- com.arcapi.Scoretestcases.version3.TemperatureDataGetTest -->
