<?xml version="1.0" encoding="UTF-8"?>
<!-- Generated by org.testng.reporters.JUnitReportReporter -->
<testsuite hostname="G10GGNLT052" name="com.arcapi.ScenarioBasedTestcases.AssetTeamMemberUpdateAdminAPITest" tests="2" failures="0" timestamp="13 Sep 2019 06:16:11 GMT" time="11.169" errors="0">
  <testcase name="AssetTeamMemberUpdateAdminAPI" time="5.709" classname="com.arcapi.ScenarioBasedTestcases.AssetTeamMemberUpdateAdminAPITest"/>
  <testcase name="AssetTeamMemberUpdateAdminAPI" time="5.460" classname="com.arcapi.ScenarioBasedTestcases.AssetTeamMemberUpdateAdminAPITest"/>
</testsuite> <!-- com.arcapi.ScenarioBasedTestcases.AssetTeamMemberUpdateAdminAPITest -->
