<?xml version="1.0" encoding="UTF-8"?>
<!-- Generated by org.testng.reporters.JUnitReportReporter -->
<testsuite hostname="G10GGNLT052" name="com.arcapi.Buildingtestcases.AnalysisDataEmissionAfterDecreaseTest" tests="2" failures="0" timestamp="9 Oct 2019 04:36:42 GMT" time="68.160" errors="0">
  <testcase name="AnalysisDataEmissionAfterDecrease" time="35.589" classname="com.arcapi.Buildingtestcases.AnalysisDataEmissionAfterDecreaseTest"/>
  <testcase name="AnalysisDataEmissionAfterDecrease" time="32.571" classname="com.arcapi.Buildingtestcases.AnalysisDataEmissionAfterDecreaseTest"/>
</testsuite> <!-- com.arcapi.Buildingtestcases.AnalysisDataEmissionAfterDecreaseTest -->
