<?xml version="1.0" encoding="UTF-8"?>
<!-- Generated by org.testng.reporters.JUnitReportReporter -->
<testsuite hostname="G10GGNLT052" name="com.arcapi.Buildingtestcases.GhgMeanEmissionAfterDecreaseTest" tests="2" failures="0" timestamp="9 Oct 2019 04:36:43 GMT" time="8.247" errors="0">
  <testcase name="GhgMeanEmissionAfterDecrease" time="3.660" classname="com.arcapi.Buildingtestcases.GhgMeanEmissionAfterDecreaseTest"/>
  <testcase name="GhgMeanEmissionAfterDecrease" time="4.587" classname="com.arcapi.Buildingtestcases.GhgMeanEmissionAfterDecreaseTest"/>
</testsuite> <!-- com.arcapi.Buildingtestcases.GhgMeanEmissionAfterDecreaseTest -->
