<?xml version="1.0" encoding="UTF-8"?>
<!-- Generated by org.testng.reporters.JUnitReportReporter -->
<testsuite skipped="0" hostname="G10GNLT041" name="com.arcapi.Buildingtestcases.AppVersionDetailAPITest" tests="2" failures="0" timestamp="17 Jun 2019 07:27:39 GMT" time="13.473" errors="0">
  <testcase name="AppVersionDetailAPI" time="6.738" classname="com.arcapi.Buildingtestcases.AppVersionDetailAPITest"/>
  <testcase name="AppVersionDetailAPI" time="6.735" classname="com.arcapi.Buildingtestcases.AppVersionDetailAPITest"/>
</testsuite> <!-- com.arcapi.Buildingtestcases.AppVersionDetailAPITest -->
