<?xml version="1.0" encoding="UTF-8"?>
<!-- Generated by org.testng.reporters.JUnitReportReporter -->
<testsuite skipped="0" hostname="G10GNLT041" name="com.arcapi.Citytestcases.CreateAssetCityOtherAPITest" tests="1" failures="0" timestamp="17 Jun 2019 08:07:16 GMT" time="11.701" errors="0">
  <testcase name="CreateAssetPOSTAPI" time="11.701" classname="com.arcapi.Citytestcases.CreateAssetCityOtherAPITest"/>
</testsuite> <!-- com.arcapi.Citytestcases.CreateAssetCityOtherAPITest -->
