<?xml version="1.0" encoding="UTF-8"?>
<!-- Generated by org.testng.reporters.JUnitReportReporter -->
<testsuite hostname="G10GGNLT052" name="com.arcapi.Buildingtestcases.WaterConsumptionDeleteAPITest" tests="1" failures="0" timestamp="7 Nov 2019 06:53:23 GMT" time="85.252" errors="0">
  <testcase name="WaterConsumptionDeleteAPI" time="85.252" classname="com.arcapi.Buildingtestcases.WaterConsumptionDeleteAPITest"/>
</testsuite> <!-- com.arcapi.Buildingtestcases.WaterConsumptionDeleteAPITest -->
