<?xml version="1.0" encoding="UTF-8"?>
<!-- Generated by org.testng.reporters.JUnitReportReporter -->
<testsuite skipped="0" hostname="G10GNLT041" name="com.arcapi.Communitytestcases.ScoreWeightsAPITest" tests="2" failures="0" timestamp="17 Jun 2019 09:30:41 GMT" time="11.920" errors="0">
  <testcase name="ScoreWeightsAPI" time="3.647" classname="com.arcapi.Communitytestcases.ScoreWeightsAPITest"/>
  <testcase name="ScoreWeightsAPI" time="8.273" classname="com.arcapi.Communitytestcases.ScoreWeightsAPITest"/>
</testsuite> <!-- com.arcapi.Communitytestcases.ScoreWeightsAPITest -->
