<?xml version="1.0" encoding="UTF-8"?>
<!-- Generated by org.testng.reporters.JUnitReportReporter -->
<testsuite hostname="G10GGNLT052" name="com.arcapi.TrailFlowtestcasesComplete.TrialCreateAssetPOSTAPIV3APITest" tests="1" failures="0" timestamp="20 Sep 2019 07:34:02 GMT" time="6.470" errors="0">
  <testcase name="TrialCreateAssetPOSTAPIV3" time="6.470" classname="com.arcapi.TrailFlowtestcasesComplete.TrialCreateAssetPOSTAPIV3APITest"/>
</testsuite> <!-- com.arcapi.TrailFlowtestcasesComplete.TrialCreateAssetPOSTAPIV3APITest -->
