<?xml version="1.0" encoding="UTF-8"?>
<!-- Generated by org.testng.reporters.JUnitReportReporter -->
<testsuite skipped="0" hostname="G10GNLT041" name="com.arcapi.Buildingtestcases.VerifyCO2GraphValuesAPITest" tests="1" failures="0" timestamp="31 Oct 2018 09:02:35 GMT" time="9.596" errors="0">
  <testcase name="VerifyCO2GraphValuesAPI" time="9.596" classname="com.arcapi.Buildingtestcases.VerifyCO2GraphValuesAPITest"/>
</testsuite> <!-- com.arcapi.Buildingtestcases.VerifyCO2GraphValuesAPITest -->
