<?xml version="1.0" encoding="UTF-8"?>
<!-- Generated by org.testng.reporters.JUnitReportReporter -->
<testsuite hostname="G10GGNLT052" name="com.arcapi.Portfoliostestcases.PortfoliosWasteDiversion5YearLBSDataVerifyGetAPITest" tests="1" failures="0" timestamp="20 Sep 2019 06:16:39 GMT" time="2.046" errors="0">
  <testcase name="PortfoliosWasteDiversion3YearLBSDataVerifyGetAPI" time="2.046" classname="com.arcapi.Portfoliostestcases.PortfoliosWasteDiversion5YearLBSDataVerifyGetAPITest"/>
</testsuite> <!-- com.arcapi.Portfoliostestcases.PortfoliosWasteDiversion5YearLBSDataVerifyGetAPITest -->
