<?xml version="1.0" encoding="UTF-8"?>
<!-- Generated by org.testng.reporters.JUnitReportReporter -->
<testsuite skipped="0" hostname="G10GNLT041" name="com.arcapi.Buildingtestcases.SubmitReviewPOSTAPITest" tests="2" failures="0" timestamp="17 Jun 2019 07:27:40 GMT" time="13.741" errors="0">
  <testcase name="SubmitReviewPOSTAPI" time="6.666" classname="com.arcapi.Buildingtestcases.SubmitReviewPOSTAPITest"/>
  <testcase name="SubmitReviewPOSTAPI" time="7.075" classname="com.arcapi.Buildingtestcases.SubmitReviewPOSTAPITest"/>
</testsuite> <!-- com.arcapi.Buildingtestcases.SubmitReviewPOSTAPITest -->
