<?xml version="1.0" encoding="UTF-8"?>
<!-- Generated by org.testng.reporters.JUnitReportReporter -->
<testsuite hostname="G10GGNLT052" name="com.arcapi.Common.AssetTeamPermissionPostAPITest" tests="1" failures="0" timestamp="20 Sep 2019 07:00:23 GMT" time="2.966" errors="0">
  <testcase name="AssetTeamPermissionPostAPI" time="2.966" classname="com.arcapi.Common.AssetTeamPermissionPostAPITest"/>
</testsuite> <!-- com.arcapi.Common.AssetTeamPermissionPostAPITest -->
