<?xml version="1.0" encoding="UTF-8"?>
<!-- Generated by org.testng.reporters.JUnitReportReporter -->
<testsuite hostname="G10GGNLT052" name="com.arcapi.Buildingtestcases.OtherFuelConsumptionUpdateAPITest" tests="1" failures="0" timestamp="7 Oct 2019 14:00:33 GMT" time="0.014" errors="0">
  <testcase name="OtherFuelConsumptionUpdateAPI" time="0.014" classname="com.arcapi.Buildingtestcases.OtherFuelConsumptionUpdateAPITest"/>
</testsuite> <!-- com.arcapi.Buildingtestcases.OtherFuelConsumptionUpdateAPITest -->
