<?xml version="1.0" encoding="UTF-8"?>
<!-- Generated by org.testng.reporters.JUnitReportReporter -->
<testsuite hostname="G10GGNLT052" name="com.arcapi.CompleteDataValidationNoPayloadTestcases.AssetValidationInfoPOSTAPITest" tests="1" failures="0" timestamp="9 Oct 2019 05:37:53 GMT" time="1.666" errors="0">
  <testcase name="AssetValidationInfoPOSTAPI" time="1.666" classname="com.arcapi.CompleteDataValidationNoPayloadTestcases.AssetValidationInfoPOSTAPITest"/>
</testsuite> <!-- com.arcapi.CompleteDataValidationNoPayloadTestcases.AssetValidationInfoPOSTAPITest -->
