<?xml version="1.0" encoding="UTF-8"?>
<!-- Generated by org.testng.reporters.JUnitReportReporter -->
<testsuite hostname="G10GGNLT052" name="com.arcapi.CompleteDataValidationNoPayloadTestcases.AssetCertificationPOSTAPITest" tests="1" failures="0" timestamp="13 Aug 2019 07:30:04 GMT" time="3.136" errors="0">
  <testcase name="AssetCertificationPOSTAPI" time="3.136" classname="com.arcapi.CompleteDataValidationNoPayloadTestcases.AssetCertificationPOSTAPITest"/>
</testsuite> <!-- com.arcapi.CompleteDataValidationNoPayloadTestcases.AssetCertificationPOSTAPITest -->
