<?xml version="1.0" encoding="UTF-8"?>
<!-- Generated by org.testng.reporters.JUnitReportReporter -->
<testsuite hostname="G10GGNLT052" name="com.arcapi.Portfoliostestcases.PortfoliosAssetPostAPITest" tests="2" failures="0" timestamp="20 Sep 2019 08:24:46 GMT" time="5.256" errors="0">
  <testcase name="PortfoliosAssetPostAPI" time="2.820" classname="com.arcapi.Portfoliostestcases.PortfoliosAssetPostAPITest"/>
  <testcase name="CreatePortfoliosAsset2PostAPI" time="2.436" classname="com.arcapi.Portfoliostestcases.PortfoliosAssetPostAPITest"/>
</testsuite> <!-- com.arcapi.Portfoliostestcases.PortfoliosAssetPostAPITest -->
