<?xml version="1.0" encoding="UTF-8"?>
<!-- Generated by org.testng.reporters.JUnitReportReporter -->
<testsuite hostname="G10GGNLT052" name="com.arcapi.Common.S3DocumentUploadPOSTAPITest" tests="1" failures="0" timestamp="10 Oct 2019 08:21:46 GMT" time="23.622" errors="0">
  <testcase name="S3DocumentUploadPOSTAPI" time="23.622" classname="com.arcapi.Common.S3DocumentUploadPOSTAPITest"/>
</testsuite> <!-- com.arcapi.Common.S3DocumentUploadPOSTAPITest -->
