<?xml version="1.0" encoding="UTF-8"?>
<!-- Generated by org.testng.reporters.JUnitReportReporter -->
<testsuite hostname="G10GGNLT052" name="com.arcapi.Common.V2.PaymentOrderSubmitPOSTAPITest" tests="1" failures="0" timestamp="7 Oct 2019 08:53:31 GMT" time="1.980" errors="0">
  <testcase name="PaymentOrderSubmitPOSTAPI" time="1.980" classname="com.arcapi.Common.V2.PaymentOrderSubmitPOSTAPITest"/>
</testsuite> <!-- com.arcapi.Common.V2.PaymentOrderSubmitPOSTAPITest -->
