<?xml version="1.0" encoding="UTF-8"?>
<!-- Generated by org.testng.reporters.JUnitReportReporter -->
<testsuite hostname="G10GGNLT052" name="com.arcapi.Transittestcases.EnvironmentSurveyCreatePOSTAPITest" tests="1" failures="0" timestamp="17 Oct 2019 07:26:52 GMT" time="1.868" errors="0">
  <testcase name="EnvironmentSurveyCreatePOSTAPI" time="1.868" classname="com.arcapi.Transittestcases.EnvironmentSurveyCreatePOSTAPITest"/>
</testsuite> <!-- com.arcapi.Transittestcases.EnvironmentSurveyCreatePOSTAPITest -->
