<?xml version="1.0" encoding="UTF-8"?>
<!-- Generated by org.testng.reporters.JUnitReportReporter -->
<testsuite hostname="G10GGNLT052" name="com.arcapi.Buildingtestcases.S3DocumentUploadPOSTAPITest" tests="1" failures="0" timestamp="4 Sep 2019 04:54:37 GMT" time="14.668" errors="0">
  <testcase name="S3DocumentUploadPOSTAPI" time="14.668" classname="com.arcapi.Buildingtestcases.S3DocumentUploadPOSTAPITest"/>
</testsuite> <!-- com.arcapi.Buildingtestcases.S3DocumentUploadPOSTAPITest -->
