<?xml version="1.0" encoding="UTF-8"?>
<!-- Generated by org.testng.reporters.JUnitReportReporter -->
<testsuite hostname="G10GGNLT052" name="com.arcapi.Leedv4Testcases.LOProjectSyncAPITest" tests="1" failures="0" timestamp="6 Nov 2019 05:37:25 GMT" time="3.723" errors="0">
  <testcase name="LOProjectSyncAPI" time="3.723" classname="com.arcapi.Leedv4Testcases.LOProjectSyncAPITest"/>
</testsuite> <!-- com.arcapi.Leedv4Testcases.LOProjectSyncAPITest -->
