<?xml version="1.0" encoding="UTF-8"?>
<!-- Generated by org.testng.reporters.JUnitReportReporter -->
<testsuite hostname="G10GGNLT052" name="com.arcapi.Buildingtestcase.CarbonDioxideCreateMeterConsumptionTest" tests="1" failures="0" timestamp="6 Aug 2019 09:33:06 GMT" time="2.362" errors="0">
  <testcase name="CarbonDioxideCreateMeterConsumption" time="2.362" classname="com.arcapi.Buildingtestcase.CarbonDioxideCreateMeterConsumptionTest"/>
</testsuite> <!-- com.arcapi.Buildingtestcase.CarbonDioxideCreateMeterConsumptionTest -->
