<?xml version="1.0" encoding="UTF-8"?>
<!-- Generated by org.testng.reporters.JUnitReportReporter -->
<testsuite skipped="0" hostname="G10GNLT041" name="com.arcapi.Buildingtestcases.VerifyAssetDetailAPITest" tests="2" failures="0" timestamp="17 Jun 2019 07:27:40 GMT" time="13.962" errors="0">
  <testcase name="VerifyAssetDetailAPI" time="7.223" classname="com.arcapi.Buildingtestcases.VerifyAssetDetailAPITest"/>
  <testcase name="VerifyAssetDetailAPI" time="6.739" classname="com.arcapi.Buildingtestcases.VerifyAssetDetailAPITest"/>
</testsuite> <!-- com.arcapi.Buildingtestcases.VerifyAssetDetailAPITest -->
