<?xml version="1.0" encoding="UTF-8"?>
<!-- Generated by org.testng.reporters.JUnitReportReporter -->
<testsuite hostname="G10GGNLT052" name="com.arcapi.CompleteDataValidationNoPayloadTestcases.AssetPerformanceScorePostAPITest" tests="1" failures="0" timestamp="10 Sep 2019 11:10:22 GMT" time="4.315" errors="0">
  <testcase name="AssetPerformanceScorePostAPI" time="4.315" classname="com.arcapi.CompleteDataValidationNoPayloadTestcases.AssetPerformanceScorePostAPITest"/>
</testsuite> <!-- com.arcapi.CompleteDataValidationNoPayloadTestcases.AssetPerformanceScorePostAPITest -->
