<?xml version="1.0" encoding="UTF-8"?>
<!-- Generated by org.testng.reporters.JUnitReportReporter -->
<testsuite hostname="G10GGNLT052" name="com.arcapi.CompleteDataValidationNoPayloadTestcases.MeterCreatePOSTAPITest" tests="1" failures="0" timestamp="13 Aug 2019 07:30:04 GMT" time="2.041" errors="0">
  <testcase name="MeterCreatePOSTAPI" time="2.041" classname="com.arcapi.CompleteDataValidationNoPayloadTestcases.MeterCreatePOSTAPITest"/>
</testsuite> <!-- com.arcapi.CompleteDataValidationNoPayloadTestcases.MeterCreatePOSTAPITest -->
