<?xml version="1.0" encoding="UTF-8"?>
<!-- Generated by org.testng.reporters.JUnitReportReporter -->
<testsuite skipped="0" hostname="G10GNLT041" name="com.arcapi.Buildingtestcases.AssetDataExportAPITest" tests="2" failures="0" timestamp="17 Jun 2019 07:27:39 GMT" time="21.168" errors="0">
  <testcase name="AssetDataExportAPI" time="10.169" classname="com.arcapi.Buildingtestcases.AssetDataExportAPITest"/>
  <testcase name="AssetDataExportAPI" time="10.999" classname="com.arcapi.Buildingtestcases.AssetDataExportAPITest"/>
</testsuite> <!-- com.arcapi.Buildingtestcases.AssetDataExportAPITest -->
