<?xml version="1.0" encoding="UTF-8"?>
<!-- Generated by org.testng.reporters.JUnitReportReporter -->
<testsuite skipped="0" hostname="G10GNLT041" name="com.arcapi.Buildingtestcases.WaterConsumptionDeleteAPITest" tests="1" failures="0" timestamp="31 Jul 2018 05:04:52 GMT" time="221.732" errors="0">
  <testcase name="WaterConsumptionDeleteAPI" time="221.732" classname="com.arcapi.Buildingtestcases.WaterConsumptionDeleteAPITest"/>
</testsuite> <!-- com.arcapi.Buildingtestcases.WaterConsumptionDeleteAPITest -->
