<?xml version="1.0" encoding="UTF-8"?>
<!-- Generated by org.testng.reporters.JUnitReportReporter -->
<testsuite hostname="G10GGNLT052" name="com.arcapi.Buildingtestcases.ConsumptionUpdateEmissionAPITest" tests="2" failures="0" timestamp="9 Oct 2019 04:36:43 GMT" time="13.948" errors="0">
  <testcase name="ConsumptionUpdateEmissionAPI" time="1.496" classname="com.arcapi.Buildingtestcases.ConsumptionUpdateEmissionAPITest"/>
  <testcase name="ConsumptionUpdateEmissionAPI" time="12.452" classname="com.arcapi.Buildingtestcases.ConsumptionUpdateEmissionAPITest"/>
</testsuite> <!-- com.arcapi.Buildingtestcases.ConsumptionUpdateEmissionAPITest -->
