<?xml version="1.0" encoding="UTF-8"?>
<!-- Generated by org.testng.reporters.JUnitReportReporter -->
<testsuite hostname="G10GGNLT052" name="com.arcapi.TrailFlowtestcasesComplete.VerifyAssetDetailAPITest" tests="1" failures="0" timestamp="13 Sep 2019 09:56:32 GMT" time="2.952" errors="0">
  <testcase name="VerifyAssetDetailAPI" time="2.952" classname="com.arcapi.TrailFlowtestcasesComplete.VerifyAssetDetailAPITest"/>
</testsuite> <!-- com.arcapi.TrailFlowtestcasesComplete.VerifyAssetDetailAPITest -->
