<?xml version="1.0" encoding="UTF-8"?>
<!-- Generated by org.testng.reporters.JUnitReportReporter -->
<testsuite hostname="G10GGNLT052" name="com.arcapi.Leedv4Testcases.VerifyActivityWasteDataInputAPITest" tests="1" failures="0" timestamp="8 Nov 2019 07:29:52 GMT" time="1.931" errors="0">
  <testcase name="VerifyActivityWasteDataInputAPI" time="1.931" classname="com.arcapi.Leedv4Testcases.VerifyActivityWasteDataInputAPITest"/>
</testsuite> <!-- com.arcapi.Leedv4Testcases.VerifyActivityWasteDataInputAPITest -->
