<?xml version="1.0" encoding="UTF-8"?>
<!-- Generated by org.testng.reporters.JUnitReportReporter -->
<testsuite hostname="G10GGNLT052" name="com.arcapi.Common.ReviewPaymentIntimationGetAPITest" tests="1" failures="0" timestamp="5 Mar 2020 04:50:37 GMT" time="1.559" errors="0">
  <testcase name="ReviewPaymentIntimationGetAPI" time="1.559" classname="com.arcapi.Common.ReviewPaymentIntimationGetAPITest"/>
</testsuite> <!-- com.arcapi.Common.ReviewPaymentIntimationGetAPITest -->
