<?xml version="1.0" encoding="UTF-8"?>
<!-- Generated by org.testng.reporters.JUnitReportReporter -->
<testsuite hostname="G10GGNLT052" name="com.arcapi.Leedv4Testcases.LOProjectSyncAPITest" tests="2" failures="0" timestamp="22 Oct 2019 10:35:10 GMT" time="5.665" errors="0">
  <testcase name="LOProjectSyncAPI" time="2.886" classname="com.arcapi.Leedv4Testcases.LOProjectSyncAPITest"/>
  <testcase name="LOProjectSyncAPI" time="2.779" classname="com.arcapi.Leedv4Testcases.LOProjectSyncAPITest"/>
</testsuite> <!-- com.arcapi.Leedv4Testcases.LOProjectSyncAPITest -->
