<?xml version="1.0" encoding="UTF-8"?>
<!-- Generated by org.testng.reporters.JUnitReportReporter -->
<testsuite skipped="0" hostname="G10GNLT041" name="com.arcapi.Buildingtestcases.UserAccessLevelSAPGetTest" tests="2" failures="0" timestamp="17 Jun 2019 07:27:39 GMT" time="12.371" errors="0">
  <testcase name="UserAccessLevelSAPGet" time="6.682" classname="com.arcapi.Buildingtestcases.UserAccessLevelSAPGetTest"/>
  <testcase name="UserAccessLevelSAPGet" time="5.689" classname="com.arcapi.Buildingtestcases.UserAccessLevelSAPGetTest"/>
</testsuite> <!-- com.arcapi.Buildingtestcases.UserAccessLevelSAPGetTest -->
