<?xml version="1.0" encoding="UTF-8"?>
<!-- Generated by org.testng.reporters.JUnitReportReporter -->
<testsuite hostname="G10GGNLT052" name="com.arcapi.Buildingtestcases.AssetDataSnapshotAPITest" tests="1" failures="0" timestamp="4 Sep 2019 04:54:36 GMT" time="5.907" errors="0">
  <testcase name="AssetDataSnapshotAPI" time="5.907" classname="com.arcapi.Buildingtestcases.AssetDataSnapshotAPITest"/>
</testsuite> <!-- com.arcapi.Buildingtestcases.AssetDataSnapshotAPITest -->
