<?xml version="1.0" encoding="UTF-8"?>
<!-- Generated by org.testng.reporters.JUnitReportReporter -->
<testsuite hostname="G10GGNLT052" name="com.arcapi.Buildingtestcases.SurveyCreatePOSTAPITest" tests="1" failures="0" timestamp="10 Oct 2019 08:21:46 GMT" time="303.630" errors="0">
  <testcase name="SurveyCreatePOSTAPI" time="303.630" classname="com.arcapi.Buildingtestcases.SurveyCreatePOSTAPITest"/>
</testsuite> <!-- com.arcapi.Buildingtestcases.SurveyCreatePOSTAPITest -->
