<?xml version="1.0" encoding="UTF-8"?>
<!-- Generated by org.testng.reporters.JUnitReportReporter -->
<testsuite skipped="0" hostname="G10GNLT041" name="com.arcapi.Buildingtestcases.EnergyMeterBulkConsumptionPOSTEmissionTest" tests="1" failures="0" timestamp="21 Jun 2019 04:40:32 GMT" time="5.771" errors="0">
  <testcase name="MeterBulkConsumptionPOSTAPI" time="5.771" classname="com.arcapi.Buildingtestcases.EnergyMeterBulkConsumptionPOSTEmissionTest"/>
</testsuite> <!-- com.arcapi.Buildingtestcases.EnergyMeterBulkConsumptionPOSTEmissionTest -->
