<?xml version="1.0" encoding="UTF-8"?>
<!-- Generated by org.testng.reporters.JUnitReportReporter -->
<testsuite hostname="G10GGNLT052" name="com.arcapi.Common.V2.RegistrationPaymentPricingGetAPITest" tests="1" failures="0" timestamp="10 Oct 2019 08:21:46 GMT" time="1.916" errors="0">
  <testcase name="RegistrationPaymentPricingGetAPI" time="1.916" classname="com.arcapi.Common.V2.RegistrationPaymentPricingGetAPITest"/>
</testsuite> <!-- com.arcapi.Common.V2.RegistrationPaymentPricingGetAPITest -->
