<?xml version="1.0" encoding="UTF-8"?>
<!-- Generated by org.testng.reporters.JUnitReportReporter -->
<testsuite hostname="G10GGNLT052" name="com.arcapi.Common.MeasureCommentAddPostAPITest" tests="1" failures="0" timestamp="7 Oct 2019 08:53:31 GMT" time="1.442" errors="0">
  <testcase name="MeasureCommentAddPostAPI" time="1.442" classname="com.arcapi.Common.MeasureCommentAddPostAPITest"/>
</testsuite> <!-- com.arcapi.Common.MeasureCommentAddPostAPITest -->
