<?xml version="1.0" encoding="UTF-8"?>
<!-- Generated by org.testng.reporters.JUnitReportReporter -->
<testsuite skipped="0" hostname="G10GNLT041" name="com.arcapi.TrailFlowtestcasesComplete.ExcelUploadTemplatePOSTAPITest" tests="2" failures="0" timestamp="22 Feb 2019 05:49:40 GMT" time="17.826" errors="0">
  <testcase name="ExcelUploadTemplatePOSTAPI" time="8.822" classname="com.arcapi.TrailFlowtestcasesComplete.ExcelUploadTemplatePOSTAPITest"/>
  <testcase name="ExcelUploadTemplatePOSTAPI" time="9.004" classname="com.arcapi.TrailFlowtestcasesComplete.ExcelUploadTemplatePOSTAPITest"/>
</testsuite> <!-- com.arcapi.TrailFlowtestcasesComplete.ExcelUploadTemplatePOSTAPITest -->
