<?xml version="1.0" encoding="UTF-8"?>
<!-- Generated by org.testng.reporters.JUnitReportReporter -->
<testsuite skipped="0" hostname="G10GNLT041" name="com.arcapi.Citytestcases.MeterCreateAPICityCommTest" tests="2" failures="0" timestamp="17 Jun 2019 08:07:17 GMT" time="186.534" errors="0">
  <testcase name="MeterCreatePOSTAPI" time="86.966" classname="com.arcapi.Citytestcases.MeterCreateAPICityCommTest"/>
  <testcase name="MeterCreatePOSTAPI" time="99.568" classname="com.arcapi.Citytestcases.MeterCreateAPICityCommTest"/>
</testsuite> <!-- com.arcapi.Citytestcases.MeterCreateAPICityCommTest -->
