<?xml version="1.0" encoding="UTF-8"?>
<!-- Generated by org.testng.reporters.JUnitReportReporter -->
<testsuite hostname="G10GGNLT052" name="com.arcapi.CompleteDataValidationNoPayloadTestcases.AssetTeamMemberUpdateAPITest" tests="1" failures="0" timestamp="9 Oct 2019 05:37:53 GMT" time="2.017" errors="0">
  <testcase name="AssetTeamMemberUpdateAPI" time="2.017" classname="com.arcapi.CompleteDataValidationNoPayloadTestcases.AssetTeamMemberUpdateAPITest"/>
</testsuite> <!-- com.arcapi.CompleteDataValidationNoPayloadTestcases.AssetTeamMemberUpdateAPITest -->
