<?xml version="1.0" encoding="UTF-8"?>
<!-- Generated by org.testng.reporters.JUnitReportReporter -->
<testsuite skipped="0" hostname="G10GNLT041" name="com.arcapi.Leedv4Testcases.LOProjectRegistrationTest" tests="1" failures="0" timestamp="27 Sep 2018 11:36:56 GMT" time="39.284" errors="0">
  <testcase name="LOProjectRegistration" time="39.284" classname="com.arcapi.Leedv4Testcases.LOProjectRegistrationTest"/>
</testsuite> <!-- com.arcapi.Leedv4Testcases.LOProjectRegistrationTest -->
