<?xml version="1.0" encoding="UTF-8"?>
<!-- Generated by org.testng.reporters.JUnitReportReporter -->
<testsuite skipped="0" hostname="G10GNLT041" name="com.arcapi.Transittestcases.AssetMeterDetailAPITest" tests="2" failures="0" timestamp="17 Jun 2019 09:30:40 GMT" time="8.356" errors="0">
  <testcase name="AssetMeterDetailAPI" time="3.556" classname="com.arcapi.Transittestcases.AssetMeterDetailAPITest"/>
  <testcase name="AssetMeterDetailAPI" time="4.800" classname="com.arcapi.Transittestcases.AssetMeterDetailAPITest"/>
</testsuite> <!-- com.arcapi.Transittestcases.AssetMeterDetailAPITest -->
