<?xml version="1.0" encoding="UTF-8"?>
<!-- Generated by org.testng.reporters.JUnitReportReporter -->
<testsuite hostname="G10GGNLT052" name="com.arcapi.Transittestcases.EnvironmentSurveySummarizeAPITest" tests="1" failures="0" timestamp="20 Sep 2019 07:00:22 GMT" time="1.986" errors="0">
  <testcase name="EnvironmentSurveySummarizeAPI" time="1.986" classname="com.arcapi.Transittestcases.EnvironmentSurveySummarizeAPITest"/>
</testsuite> <!-- com.arcapi.Transittestcases.EnvironmentSurveySummarizeAPITest -->
