<?xml version="1.0" encoding="UTF-8"?>
<!-- Generated by org.testng.reporters.JUnitReportReporter -->
<testsuite hostname="G10GGNLT052" name="com.arcapi.Buildingtestcases.ConsumptionDeleteAPITest" tests="1" failures="0" timestamp="8 Nov 2019 05:07:33 GMT" time="1.447" errors="0">
  <testcase name="ConsumptionDeleteAPI" time="1.447" classname="com.arcapi.Buildingtestcases.ConsumptionDeleteAPITest"/>
</testsuite> <!-- com.arcapi.Buildingtestcases.ConsumptionDeleteAPITest -->
