<?xml version="1.0" encoding="UTF-8"?>
<!-- Generated by org.testng.reporters.JUnitReportReporter -->
<testsuite skipped="0" hostname="G10GNLT041" name="com.arcapi.CompleteDataValidationNoPayloadTestcases.ExcelUploadTemplatePOSTAPITest" tests="1" failures="0" timestamp="21 Jun 2019 06:10:22 GMT" time="2.148" errors="0">
  <testcase name="ExcelUploadTemplatePOSTAPI" time="2.148" classname="com.arcapi.CompleteDataValidationNoPayloadTestcases.ExcelUploadTemplatePOSTAPITest"/>
</testsuite> <!-- com.arcapi.CompleteDataValidationNoPayloadTestcases.ExcelUploadTemplatePOSTAPITest -->
