<?xml version="1.0" encoding="UTF-8"?>
<!-- Generated by org.testng.reporters.JUnitReportReporter -->
<testsuite hostname="G10GGNLT052" name="com.arcapi.Common.PaymentOrderSubmitPOSTAPITest" tests="1" failures="0" timestamp="27 Sep 2019 05:35:20 GMT" time="72.150" errors="0">
  <testcase name="PaymentOrderSubmitPOSTAPI" time="72.150" classname="com.arcapi.Common.PaymentOrderSubmitPOSTAPITest"/>
</testsuite> <!-- com.arcapi.Common.PaymentOrderSubmitPOSTAPITest -->
