<?xml version="1.0" encoding="UTF-8"?>
<!-- Generated by org.testng.reporters.JUnitReportReporter -->
<testsuite skipped="0" hostname="G10GNLT041" name="com.arcapi.Transittestcases.NotificationSubscriptionDetailPutTest" tests="2" failures="0" timestamp="17 Jun 2019 09:30:41 GMT" time="7.340" errors="0">
  <testcase name="NotificationSubscriptionDetail" time="2.572" classname="com.arcapi.Transittestcases.NotificationSubscriptionDetailPutTest"/>
  <testcase name="NotificationSubscriptionDetail" time="4.768" classname="com.arcapi.Transittestcases.NotificationSubscriptionDetailPutTest"/>
</testsuite> <!-- com.arcapi.Transittestcases.NotificationSubscriptionDetailPutTest -->
