<?xml version="1.0" encoding="UTF-8"?>
<!-- Generated by org.testng.reporters.JUnitReportReporter -->
<testsuite skipped="0" hostname="G10GNLT041" name="com.arcapi.Transittestcases.FetchingAgreementDetailsAPITest" tests="2" failures="0" timestamp="17 Jun 2019 09:30:40 GMT" time="11.567" errors="0">
  <testcase name="FetchingAgreementDetailsAPI" time="7.725" classname="com.arcapi.Transittestcases.FetchingAgreementDetailsAPITest"/>
  <testcase name="FetchingAgreementDetailsAPI" time="3.842" classname="com.arcapi.Transittestcases.FetchingAgreementDetailsAPITest"/>
</testsuite> <!-- com.arcapi.Transittestcases.FetchingAgreementDetailsAPITest -->
