<?xml version="1.0" encoding="UTF-8"?>
<!-- Generated by org.testng.reporters.JUnitReportReporter -->
<testsuite hostname="G10GGNLT052" name="com.arcapi.Buildingtestcases.ConsumptionUpdatePUTAPITest" tests="1" failures="0" timestamp="10 Sep 2019 13:39:53 GMT" time="1.973" errors="0">
  <testcase name="ConsumptionUpdatePUTAPI" time="1.973" classname="com.arcapi.Buildingtestcases.ConsumptionUpdatePUTAPITest"/>
</testsuite> <!-- com.arcapi.Buildingtestcases.ConsumptionUpdatePUTAPITest -->
