<?xml version="1.0" encoding="UTF-8"?>
<!-- Generated by org.testng.reporters.JUnitReportReporter -->
<testsuite hostname="G10GGNLT052" name="com.arcapi.Portfoliostestcases.PortfoliosAssetGetAPITest" tests="1" failures="0" timestamp="6 Aug 2019 11:29:31 GMT" time="2.132" errors="0">
  <testcase name="PortfoliosAssetGetAPI" time="2.132" classname="com.arcapi.Portfoliostestcases.PortfoliosAssetGetAPITest"/>
</testsuite> <!-- com.arcapi.Portfoliostestcases.PortfoliosAssetGetAPITest -->
