<?xml version="1.0" encoding="UTF-8"?>
<!-- Generated by org.testng.reporters.JUnitReportReporter -->
<testsuite hostname="G10GGNLT052" name="com.arcapi.Parksmarttestcases.PaymentOrderSubmitManualTest" tests="1" failures="0" timestamp="19 Sep 2019 10:26:10 GMT" time="116.276" errors="0">
  <testcase name="PaymentOrderSubmitPOSTAPI" time="116.276" classname="com.arcapi.Parksmarttestcases.PaymentOrderSubmitManualTest"/>
</testsuite> <!-- com.arcapi.Parksmarttestcases.PaymentOrderSubmitManualTest -->
