<?xml version="1.0" encoding="UTF-8"?>
<!-- Generated by org.testng.reporters.JUnitReportReporter -->
<testsuite hostname="G10GGNLT052" name="com.arcapi.Parksmarttestcases.CreateAssetParksmartPOSTAPITest" tests="1" failures="0" timestamp="22 Oct 2019 10:18:51 GMT" time="6.441" errors="0">
  <testcase name="CreateAssetParksmartPOST" time="6.441" classname="com.arcapi.Parksmarttestcases.CreateAssetParksmartPOSTAPITest"/>
</testsuite> <!-- com.arcapi.Parksmarttestcases.CreateAssetParksmartPOSTAPITest -->
