<?xml version="1.0" encoding="UTF-8"?>
<!-- Generated by org.testng.reporters.JUnitReportReporter -->
<testsuite skipped="0" hostname="G10GNLT041" name="com.arcapi.CompleteDataValidationTestcases.TransitSurveyCreatePOSTAPITest" tests="1" failures="0" timestamp="21 Jun 2019 06:10:22 GMT" time="24.233" errors="0">
  <testcase name="TransitSurveyCreatePOSTAPI" time="24.233" classname="com.arcapi.CompleteDataValidationTestcases.TransitSurveyCreatePOSTAPITest"/>
</testsuite> <!-- com.arcapi.CompleteDataValidationTestcases.TransitSurveyCreatePOSTAPITest -->
