<?xml version="1.0" encoding="UTF-8"?>
<!-- Generated by org.testng.reporters.JUnitReportReporter -->
<testsuite hostname="G10GGNLT052" name="com.arcapi.Portfoliostestcases.PortfoliosAssetDetailPUTAPITest" tests="1" failures="0" timestamp="5 Nov 2019 05:01:55 GMT" time="1.675" errors="0">
  <testcase name="PortfoliosAssetDetailPUTAPI" time="1.675" classname="com.arcapi.Portfoliostestcases.PortfoliosAssetDetailPUTAPITest"/>
</testsuite> <!-- com.arcapi.Portfoliostestcases.PortfoliosAssetDetailPUTAPITest -->
