<?xml version="1.0" encoding="UTF-8"?>
<!-- Generated by org.testng.reporters.JUnitReportReporter -->
<testsuite skipped="0" hostname="G10GNLT041" name="com.arcapi.Citytestcases.AssetTeamMemberListAPITest" tests="2" failures="0" timestamp="17 Jun 2019 08:07:17 GMT" time="9.210" errors="0">
  <testcase name="AssetTeamMemberListAPI" time="4.288" classname="com.arcapi.Citytestcases.AssetTeamMemberListAPITest"/>
  <testcase name="AssetTeamMemberListAPI" time="4.922" classname="com.arcapi.Citytestcases.AssetTeamMemberListAPITest"/>
</testsuite> <!-- com.arcapi.Citytestcases.AssetTeamMemberListAPITest -->
