<?xml version="1.0" encoding="UTF-8"?>
<!-- Generated by org.testng.reporters.JUnitReportReporter -->
<testsuite hostname="G10GGNLT052" name="com.arcapi.Common.SubmitReviewGetAPITest" tests="1" failures="0" timestamp="9 Sep 2019 14:17:21 GMT" time="2.646" errors="0">
  <testcase name="SubmitReviewGetAPI" time="2.646" classname="com.arcapi.Common.SubmitReviewGetAPITest"/>
</testsuite> <!-- com.arcapi.Common.SubmitReviewGetAPITest -->
