<?xml version="1.0" encoding="UTF-8"?>
<!-- Generated by org.testng.reporters.JUnitReportReporter -->
<testsuite hostname="G10GGNLT052" name="com.arcapi.Portfoliostestcases.PortfoliosWasteDiversion5YearLBSDataVerifyGetAPITest" tests="1" failures="0" timestamp="6 Aug 2019 11:29:31 GMT" time="1.894" errors="0">
  <testcase name="PortfoliosWasteDiversion3YearLBSDataVerifyGetAPI" time="1.894" classname="com.arcapi.Portfoliostestcases.PortfoliosWasteDiversion5YearLBSDataVerifyGetAPITest"/>
</testsuite> <!-- com.arcapi.Portfoliostestcases.PortfoliosWasteDiversion5YearLBSDataVerifyGetAPITest -->
