<?xml version="1.0" encoding="UTF-8"?>
<!-- Generated by org.testng.reporters.JUnitReportReporter -->
<testsuite hostname="G10GGNLT052" name="com.arcapi.Portfoliostestcases.PortfoliosGetAPITest" tests="1" failures="0" timestamp="7 Aug 2019 07:04:50 GMT" time="2.114" errors="0">
  <testcase name="PortfoliosGetAPI" time="2.114" classname="com.arcapi.Portfoliostestcases.PortfoliosGetAPITest"/>
</testsuite> <!-- com.arcapi.Portfoliostestcases.PortfoliosGetAPITest -->
