<?xml version="1.0" encoding="UTF-8"?>
<!-- Generated by org.testng.reporters.JUnitReportReporter -->
<testsuite hostname="G10GGNLT052" name="com.arcapi.Common.V2.WaterScoreGetAPITest" tests="1" failures="0" timestamp="5 Mar 2020 04:54:47 GMT" time="1.458" errors="0">
  <testcase name="WaterScoreGetAPI" time="1.458" classname="com.arcapi.Common.V2.WaterScoreGetAPITest"/>
</testsuite> <!-- com.arcapi.Common.V2.WaterScoreGetAPITest -->
