<?xml version="1.0" encoding="UTF-8"?>
<!-- Generated by org.testng.reporters.JUnitReportReporter -->
<testsuite skipped="0" hostname="G10GNLT041" name="com.arcapi.Scoretestcases.version2.AssetPerformanceScoreListAPITest" tests="1" failures="0" timestamp="13 Sep 2018 10:34:53 GMT" time="2.607" errors="0">
  <testcase name="AssetPerformanceScoreListAPI" time="2.607" classname="com.arcapi.Scoretestcases.version2.AssetPerformanceScoreListAPITest"/>
</testsuite> <!-- com.arcapi.Scoretestcases.version2.AssetPerformanceScoreListAPITest -->
