<?xml version="1.0" encoding="UTF-8"?>
<!-- Generated by org.testng.reporters.JUnitReportReporter -->
<testsuite hostname="G10GGNLT052" name="com.arcapi.Buildingtestcases.AssetTeamMemberUpdateAPITest" tests="1" failures="0" timestamp="4 Sep 2019 04:54:37 GMT" time="2.203" errors="0">
  <testcase name="AssetTeamMemberUpdateAPI" time="2.203" classname="com.arcapi.Buildingtestcases.AssetTeamMemberUpdateAPITest"/>
</testsuite> <!-- com.arcapi.Buildingtestcases.AssetTeamMemberUpdateAPITest -->
