<?xml version="1.0" encoding="UTF-8"?>
<!-- Generated by org.testng.reporters.JUnitReportReporter -->
<testsuite skipped="0" hostname="G10GNLT041" name="com.arcapi.Parksmarttestcases.SignAgreementRegistrationAPITest" tests="1" failures="0" timestamp="21 Jun 2019 05:06:06 GMT" time="3.759" errors="0">
  <testcase name="SignAgreementRegistrationAPI" time="3.759" classname="com.arcapi.Parksmarttestcases.SignAgreementRegistrationAPITest"/>
</testsuite> <!-- com.arcapi.Parksmarttestcases.SignAgreementRegistrationAPITest -->
