<?xml version="1.0" encoding="UTF-8"?>
<!-- Generated by org.testng.reporters.JUnitReportReporter -->
<testsuite hostname="G10GGNLT052" name="com.arcapi.Common.SocreVersionUpdatePostAPITest" tests="1" failures="0" timestamp="26 Sep 2019 08:49:01 GMT" time="1.350" errors="0">
  <testcase name="SocreVersionUpdatePostAPI" time="1.350" classname="com.arcapi.Common.SocreVersionUpdatePostAPITest"/>
</testsuite> <!-- com.arcapi.Common.SocreVersionUpdatePostAPITest -->
