<?xml version="1.0" encoding="UTF-8"?>
<!-- Generated by org.testng.reporters.JUnitReportReporter -->
<testsuite hostname="G10GGNLT052" name="com.arcapi.Common.UserAccessLevelSAPGetTest" tests="1" failures="0" timestamp="10 Sep 2019 13:39:53 GMT" time="2.569" errors="0">
  <testcase name="UserAccessLevelSAPGet" time="2.569" classname="com.arcapi.Common.UserAccessLevelSAPGetTest"/>
</testsuite> <!-- com.arcapi.Common.UserAccessLevelSAPGetTest -->
