<?xml version="1.0" encoding="UTF-8"?>
<!-- Generated by org.testng.reporters.JUnitReportReporter -->
<testsuite hostname="G10GGNLT052" name="com.arcapi.Buildingtestcases.AssetUpdateBuildingEmissionTest" tests="1" failures="0" timestamp="10 Sep 2019 07:02:27 GMT" time="3.403" errors="0">
  <testcase name="AssetUpdateforNewAssetPUTAPI" time="3.403" classname="com.arcapi.Buildingtestcases.AssetUpdateBuildingEmissionTest"/>
</testsuite> <!-- com.arcapi.Buildingtestcases.AssetUpdateBuildingEmissionTest -->
