<?xml version="1.0" encoding="UTF-8"?>
<!-- Generated by org.testng.reporters.JUnitReportReporter -->
<testsuite skipped="0" hostname="G10GNLT041" name="com.arcapi.Citytestcases.InstallAllAppsAPITest" tests="2" failures="0" timestamp="05 Dec 2018 07:53:26 GMT" time="27.436" errors="0">
  <testcase name="InstallAllAppsAPI" time="13.712" classname="com.arcapi.Citytestcases.InstallAllAppsAPITest"/>
  <testcase name="InstallAllAppsAPI" time="13.724" classname="com.arcapi.Citytestcases.InstallAllAppsAPITest"/>
</testsuite> <!-- com.arcapi.Citytestcases.InstallAllAppsAPITest -->
