<?xml version="1.0" encoding="UTF-8"?>
<!-- Generated by org.testng.reporters.JUnitReportReporter -->
<testsuite skipped="0" hostname="G10GNLT041" name="com.arcapi.Transittestcases.InstallAllAppsAPITest" tests="2" failures="0" timestamp="05 Dec 2018 10:48:04 GMT" time="48.596" errors="0">
  <testcase name="InstallAllAppsAPI" time="16.028" classname="com.arcapi.Transittestcases.InstallAllAppsAPITest"/>
  <testcase name="InstallAllAppsAPI" time="32.568" classname="com.arcapi.Transittestcases.InstallAllAppsAPITest"/>
</testsuite> <!-- com.arcapi.Transittestcases.InstallAllAppsAPITest -->
