<?xml version="1.0" encoding="UTF-8"?>
<!-- Generated by org.testng.reporters.JUnitReportReporter -->
<testsuite hostname="G10GGNLT052" name="com.arcapi.Parksmarttestcases.RegistrationPaymentPricingGetAPITest" tests="1" failures="0" timestamp="19 Sep 2019 10:26:10 GMT" time="22.611" errors="0">
  <testcase name="RegistrationPaymentPricingGetAPI" time="22.611" classname="com.arcapi.Parksmarttestcases.RegistrationPaymentPricingGetAPITest"/>
</testsuite> <!-- com.arcapi.Parksmarttestcases.RegistrationPaymentPricingGetAPITest -->
