<?xml version="1.0" encoding="UTF-8"?>
<!-- Generated by org.testng.reporters.JUnitReportReporter -->
<testsuite skipped="0" hostname="G10GNLT041" name="com.arcapi.Buildingtestcases.VerifyAgreementPresentAPITest" tests="2" failures="0" timestamp="17 Jun 2019 07:27:39 GMT" time="13.852" errors="0">
  <testcase name="VerifyAgreementPresentAPI" time="7.096" classname="com.arcapi.Buildingtestcases.VerifyAgreementPresentAPITest"/>
  <testcase name="VerifyAgreementPresentAPI" time="6.756" classname="com.arcapi.Buildingtestcases.VerifyAgreementPresentAPITest"/>
</testsuite> <!-- com.arcapi.Buildingtestcases.VerifyAgreementPresentAPITest -->
