<?xml version="1.0" encoding="UTF-8"?>
<!-- Generated by org.testng.reporters.JUnitReportReporter -->
<testsuite skipped="0" hostname="G10GNLT041" name="com.arcapi.Transittestcases.MeterUpdatePUTAPITest" tests="2" failures="0" timestamp="17 Jun 2019 09:30:40 GMT" time="7.326" errors="0">
  <testcase name="MeterUpdatePUTAPI" time="2.968" classname="com.arcapi.Transittestcases.MeterUpdatePUTAPITest"/>
  <testcase name="MeterUpdatePUTAPI" time="4.358" classname="com.arcapi.Transittestcases.MeterUpdatePUTAPITest"/>
</testsuite> <!-- com.arcapi.Transittestcases.MeterUpdatePUTAPITest -->
