<?xml version="1.0" encoding="UTF-8"?>
<!-- Generated by org.testng.reporters.JUnitReportReporter -->
<testsuite hostname="G10GGNLT052" name="com.arcapi.Portfoliostestcases.PortfoliosAssetPostAPITest" tests="2" failures="0" timestamp="7 Aug 2019 07:04:50 GMT" time="4.936" errors="0">
  <testcase name="CreatePortfoliosAsset2PostAPI" time="1.777" classname="com.arcapi.Portfoliostestcases.PortfoliosAssetPostAPITest"/>
  <testcase name="PortfoliosAssetPostAPI" time="3.159" classname="com.arcapi.Portfoliostestcases.PortfoliosAssetPostAPITest"/>
</testsuite> <!-- com.arcapi.Portfoliostestcases.PortfoliosAssetPostAPITest -->
