<?xml version="1.0" encoding="UTF-8"?>
<!-- Generated by org.testng.reporters.JUnitReportReporter -->
<testsuite skipped="0" hostname="G10GNLT041" name="com.arcapi.Citytestcases.MeasuresVersionDetailAPITest" tests="2" failures="0" timestamp="17 Jun 2019 08:07:16 GMT" time="6.762" errors="0">
  <testcase name="MeasuresVersionDetailAPI" time="3.615" classname="com.arcapi.Citytestcases.MeasuresVersionDetailAPITest"/>
  <testcase name="MeasuresVersionDetailAPI" time="3.147" classname="com.arcapi.Citytestcases.MeasuresVersionDetailAPITest"/>
</testsuite> <!-- com.arcapi.Citytestcases.MeasuresVersionDetailAPITest -->
