<?xml version="1.0" encoding="UTF-8"?>
<!-- Generated by org.testng.reporters.JUnitReportReporter -->
<testsuite skipped="0" hostname="G10GNLT041" name="com.arcapi.CrossRatingSystemtestcases.AssetPerformanceScoreListAPITest" tests="1" failures="0" timestamp="21 Jun 2019 05:06:06 GMT" time="1.549" errors="0">
  <testcase name="AssetPerformanceScoreListAPI" time="1.549" classname="com.arcapi.CrossRatingSystemtestcases.AssetPerformanceScoreListAPITest"/>
</testsuite> <!-- com.arcapi.CrossRatingSystemtestcases.AssetPerformanceScoreListAPITest -->
