<?xml version="1.0" encoding="UTF-8"?>
<!-- Generated by org.testng.reporters.JUnitReportReporter -->
<testsuite hostname="G10GGNLT052" name="com.arcapi.Buildingtestcases.AnalysisDataEmissionAfterIncreaseTest" tests="1" failures="0" timestamp="16 Aug 2019 13:00:35 GMT" time="24.533" errors="0">
  <testcase name="AnalysisDataGetAPI" time="24.533" classname="com.arcapi.Buildingtestcases.AnalysisDataEmissionAfterIncreaseTest"/>
</testsuite> <!-- com.arcapi.Buildingtestcases.AnalysisDataEmissionAfterIncreaseTest -->
