<?xml version="1.0" encoding="UTF-8"?>
<!-- Generated by org.testng.reporters.JUnitReportReporter -->
<testsuite hostname="G10GGNLT052" name="com.arcapi.CompleteDataValidationNoPayloadTestcases.AssetValidationInfoPOSTAPITest" tests="1" failures="0" timestamp="13 Aug 2019 07:30:04 GMT" time="1.925" errors="0">
  <testcase name="AssetValidationInfoPOSTAPI" time="1.925" classname="com.arcapi.CompleteDataValidationNoPayloadTestcases.AssetValidationInfoPOSTAPITest"/>
</testsuite> <!-- com.arcapi.CompleteDataValidationNoPayloadTestcases.AssetValidationInfoPOSTAPITest -->
