<?xml version="1.0" encoding="UTF-8"?>
<!-- Generated by org.testng.reporters.JUnitReportReporter -->
<testsuite skipped="0" hostname="G10GNLT041" name="com.arcapi.Buildingtestcases.ElectricityMeterCreateAPITest" tests="1" failures="0" timestamp="20 Dec 2018 09:55:00 GMT" time="31.255" errors="0">
  <testcase name="ElectricityMeterCreateAPI" time="31.255" classname="com.arcapi.Buildingtestcases.ElectricityMeterCreateAPITest"/>
</testsuite> <!-- com.arcapi.Buildingtestcases.ElectricityMeterCreateAPITest -->
