<?xml version="1.0" encoding="UTF-8"?>
<!-- Generated by org.testng.reporters.JUnitReportReporter -->
<testsuite hostname="G10GGNLT052" name="com.arcapi.Common.V2.BasicAnalysisDataGetAPITest" tests="1" failures="0" timestamp="7 Oct 2019 10:18:54 GMT" time="0.012" errors="0">
  <testcase name="BasicAnalysisDataGetAPI" time="0.012" classname="com.arcapi.Common.V2.BasicAnalysisDataGetAPITest"/>
</testsuite> <!-- com.arcapi.Common.V2.BasicAnalysisDataGetAPITest -->
