<?xml version="1.0" encoding="UTF-8"?>
<!-- Generated by org.testng.reporters.JUnitReportReporter -->
<testsuite hostname="G10GGNLT052" name="com.arcapi.Common.GetAllDocumentListAPITest" tests="1" failures="0" timestamp="11 Oct 2019 09:12:46 GMT" time="3.275" errors="0">
  <testcase name="GetAllDocumentListAPI" time="3.275" classname="com.arcapi.Common.GetAllDocumentListAPITest"/>
</testsuite> <!-- com.arcapi.Common.GetAllDocumentListAPITest -->
