<?xml version="1.0" encoding="UTF-8"?>
<!-- Generated by org.testng.reporters.JUnitReportReporter -->
<testsuite skipped="0" hostname="G10GNLT041" name="com.arcapi.ScenarioBasedTestcases.AssetTeamMemberUpdateAdminAPITest" tests="2" failures="0" timestamp="21 Jun 2019 05:06:06 GMT" time="12.392" errors="0">
  <testcase name="AssetTeamMemberUpdateAdminAPI" time="6.530" classname="com.arcapi.ScenarioBasedTestcases.AssetTeamMemberUpdateAdminAPITest"/>
  <testcase name="AssetTeamMemberUpdateAdminAPI" time="5.862" classname="com.arcapi.ScenarioBasedTestcases.AssetTeamMemberUpdateAdminAPITest"/>
</testsuite> <!-- com.arcapi.ScenarioBasedTestcases.AssetTeamMemberUpdateAdminAPITest -->
