<?xml version="1.0" encoding="UTF-8"?>
<!-- Generated by org.testng.reporters.JUnitReportReporter -->
<testsuite hostname="G10GGNLT052" name="com.arcapi.Buildingtestcases.AssetUpdateBuildingEmissionTest" tests="2" failures="0" timestamp="9 Oct 2019 04:36:42 GMT" time="25.782" errors="0">
  <testcase name="AssetUpdateforNewAssetPUTAPI" time="2.797" classname="com.arcapi.Buildingtestcases.AssetUpdateBuildingEmissionTest"/>
  <testcase name="AssetUpdateforNewAssetPUTAPI" time="22.985" classname="com.arcapi.Buildingtestcases.AssetUpdateBuildingEmissionTest"/>
</testsuite> <!-- com.arcapi.Buildingtestcases.AssetUpdateBuildingEmissionTest -->
