<?xml version="1.0" encoding="UTF-8"?>
<!-- Generated by org.testng.reporters.JUnitReportReporter -->
<testsuite hostname="G10GGNLT052" name="com.arcapi.InterRelatedFieldValidationTestcases.FuelCreatePOSTAPITest" tests="1" failures="0" timestamp="10 Oct 2019 06:35:20 GMT" time="66.051" errors="0">
  <testcase name="FuelCreatePOSTAPI" time="66.051" classname="com.arcapi.InterRelatedFieldValidationTestcases.FuelCreatePOSTAPITest"/>
</testsuite> <!-- com.arcapi.InterRelatedFieldValidationTestcases.FuelCreatePOSTAPITest -->
