<?xml version="1.0" encoding="UTF-8"?>
<!-- Generated by org.testng.reporters.JUnitReportReporter -->
<testsuite hostname="G10GGNLT052" name="com.arcapi.Buildingtestcases.RecomputePerformanceScoreGetTest" tests="1" failures="0" timestamp="4 Sep 2019 04:54:36 GMT" time="9.359" errors="0">
  <testcase name="RecomputePerformanceScoreGet" time="9.359" classname="com.arcapi.Buildingtestcases.RecomputePerformanceScoreGetTest"/>
</testsuite> <!-- com.arcapi.Buildingtestcases.RecomputePerformanceScoreGetTest -->
