<?xml version="1.0" encoding="UTF-8"?>
<!-- Generated by org.testng.reporters.JUnitReportReporter -->
<testsuite hostname="G10GGNLT052" name="com.arcapi.Buildingtestcases.TemperatureDataGetTest" tests="1" failures="0" timestamp="4 Sep 2019 04:54:36 GMT" time="1.398" errors="0">
  <testcase name="TemperatureDataGet" time="1.398" classname="com.arcapi.Buildingtestcases.TemperatureDataGetTest"/>
</testsuite> <!-- com.arcapi.Buildingtestcases.TemperatureDataGetTest -->
