<?xml version="1.0" encoding="UTF-8"?>
<!-- Generated by org.testng.reporters.JUnitReportReporter -->
<testsuite hostname="G10GGNLT052" name="com.arcapi.Buildingtestcases.WaterMeterCreateAPITest" tests="1" failures="0" timestamp="7 Nov 2019 06:53:23 GMT" time="84.768" errors="0">
  <testcase name="WaterMeterCreateAPI" time="84.768" classname="com.arcapi.Buildingtestcases.WaterMeterCreateAPITest"/>
</testsuite> <!-- com.arcapi.Buildingtestcases.WaterMeterCreateAPITest -->
