<?xml version="1.0" encoding="UTF-8"?>
<!-- Generated by org.testng.reporters.JUnitReportReporter -->
<testsuite hostname="G10GGNLT052" name="com.arcapi.Common.VerifyAgreementPresentAPITest" tests="1" failures="0" timestamp="5 Nov 2019 05:13:45 GMT" time="1.437" errors="0">
  <testcase name="VerifyAgreementPresentAPI" time="1.437" classname="com.arcapi.Common.VerifyAgreementPresentAPITest"/>
</testsuite> <!-- com.arcapi.Common.VerifyAgreementPresentAPITest -->
