<?xml version="1.0" encoding="UTF-8"?>
<!-- Generated by org.testng.reporters.JUnitReportReporter -->
<testsuite hostname="G10GGNLT052" name="com.arcapi.Leedv4Testcases.VerifyManualConsumptionAPITest" tests="1" failures="0" timestamp="22 Oct 2019 10:35:09 GMT" time="1.410" errors="0">
  <testcase name="VerifyManualConsumptionAPI" time="1.410" classname="com.arcapi.Leedv4Testcases.VerifyManualConsumptionAPITest"/>
</testsuite> <!-- com.arcapi.Leedv4Testcases.VerifyManualConsumptionAPITest -->
