<?xml version="1.0" encoding="UTF-8"?>
<!-- Generated by org.testng.reporters.JUnitReportReporter -->
<testsuite skipped="0" hostname="G10GNLT041" name="com.arcapi.CrossRatingSystemtestcases.GhgGetTest" tests="2" failures="0" timestamp="21 Jun 2019 05:06:06 GMT" time="4.452" errors="0">
  <testcase name="GhgGetTestAPI" time="2.406" classname="com.arcapi.CrossRatingSystemtestcases.GhgGetTest"/>
  <testcase name="GhgGetTestAPI" time="2.046" classname="com.arcapi.CrossRatingSystemtestcases.GhgGetTest"/>
</testsuite> <!-- com.arcapi.CrossRatingSystemtestcases.GhgGetTest -->
