<?xml version="1.0" encoding="UTF-8"?>
<!-- Generated by org.testng.reporters.JUnitReportReporter -->
<testsuite hostname="G10GGNLT052" name="com.arcapi.Scoretestcases.version3.CityGhgEmissionGetTest" tests="1" failures="0" timestamp="1 Oct 2019 07:53:07 GMT" time="1.880" errors="0">
  <testcase name="CityGhgEmissionGet" time="1.880" classname="com.arcapi.Scoretestcases.version3.CityGhgEmissionGetTest"/>
</testsuite> <!-- com.arcapi.Scoretestcases.version3.CityGhgEmissionGetTest -->
