<?xml version="1.0" encoding="UTF-8"?>
<!-- Generated by org.testng.reporters.JUnitReportReporter -->
<testsuite skipped="0" hostname="G10GNLT041" name="com.arcapi.TrailFlowtestcases.Transit.AssetTeamPermissionPostAPITest" tests="1" failures="0" timestamp="08 Feb 2019 06:00:28 GMT" time="2.186" errors="0">
  <testcase name="AssetTeamPermissionPostAPI" time="2.186" classname="com.arcapi.TrailFlowtestcases.Transit.AssetTeamPermissionPostAPITest"/>
</testsuite> <!-- com.arcapi.TrailFlowtestcases.Transit.AssetTeamPermissionPostAPITest -->
