<?xml version="1.0" encoding="UTF-8"?>
<!-- Generated by org.testng.reporters.JUnitReportReporter -->
<testsuite hostname="G10GGNLT052" name="com.arcapi.release1_18testcases.AssetDetailQueryParamCategoryAPITest" tests="1" failures="0" timestamp="23 Oct 2019 04:30:44 GMT" time="12.698" errors="0">
  <testcase name="AssetDetailQueryParamCategoryAPI" time="12.698" classname="com.arcapi.release1_18testcases.AssetDetailQueryParamCategoryAPITest"/>
</testsuite> <!-- com.arcapi.release1_18testcases.AssetDetailQueryParamCategoryAPITest -->
