<?xml version="1.0" encoding="UTF-8"?>
<!-- Generated by org.testng.reporters.JUnitReportReporter -->
<testsuite hostname="G10GGNLT052" name="com.arcapi.Buildingtestcases.ConsumptionUpdateEmissionDecreaseAPITest" tests="2" failures="0" timestamp="9 Oct 2019 04:36:42 GMT" time="9.801" errors="0">
  <testcase name="ConsumptionUpdateEmissionDecreaseAPI" time="8.270" classname="com.arcapi.Buildingtestcases.ConsumptionUpdateEmissionDecreaseAPITest"/>
  <testcase name="ConsumptionUpdateEmissionDecreaseAPI" time="1.531" classname="com.arcapi.Buildingtestcases.ConsumptionUpdateEmissionDecreaseAPITest"/>
</testsuite> <!-- com.arcapi.Buildingtestcases.ConsumptionUpdateEmissionDecreaseAPITest -->
