<?xml version="1.0" encoding="UTF-8"?>
<!-- Generated by org.testng.reporters.JUnitReportReporter -->
<testsuite hostname="G10GGNLT052" name="com.arcapi.Leedv4Testcases.MeterCommentPostGroup2APITest" tests="1" failures="0" timestamp="22 Oct 2019 10:35:10 GMT" time="6.116" errors="0">
  <testcase name="MeterCommentPostGroup2API" time="6.116" classname="com.arcapi.Leedv4Testcases.MeterCommentPostGroup2APITest"/>
</testsuite> <!-- com.arcapi.Leedv4Testcases.MeterCommentPostGroup2APITest -->
