<?xml version="1.0" encoding="UTF-8"?>
<!-- Generated by org.testng.reporters.JUnitReportReporter -->
<testsuite hostname="G10GGNLT052" name="com.arcapi.Leedv4Testcases.LOProjectRegistrationEBTest" tests="1" failures="0" timestamp="9 Sep 2019 10:32:56 GMT" time="9.230" errors="0">
  <testcase name="LOProjectRegistration" time="9.230" classname="com.arcapi.Leedv4Testcases.LOProjectRegistrationEBTest"/>
</testsuite> <!-- com.arcapi.Leedv4Testcases.LOProjectRegistrationEBTest -->
