<?xml version="1.0" encoding="UTF-8"?>
<!-- Generated by org.testng.reporters.JUnitReportReporter -->
<testsuite hostname="G10GGNLT052" name="com.arcapi.Buildingtestcases.MetersListEmissionTest" tests="2" failures="0" timestamp="9 Oct 2019 04:36:42 GMT" time="4.274" errors="0">
  <testcase name="MetersAPI" time="2.143" classname="com.arcapi.Buildingtestcases.MetersListEmissionTest"/>
  <testcase name="MetersAPI" time="2.131" classname="com.arcapi.Buildingtestcases.MetersListEmissionTest"/>
</testsuite> <!-- com.arcapi.Buildingtestcases.MetersListEmissionTest -->
