<?xml version="1.0" encoding="UTF-8"?>
<!-- Generated by org.testng.reporters.JUnitReportReporter -->
<testsuite hostname="G10GGNLT052" name="com.arcapi.Common.ThirdPartyListAppsAPITest" tests="1" failures="0" timestamp="10 Oct 2019 08:21:47 GMT" time="2.347" errors="0">
  <testcase name="ThirdPartyListAppsAPI" time="2.347" classname="com.arcapi.Common.ThirdPartyListAppsAPITest"/>
</testsuite> <!-- com.arcapi.Common.ThirdPartyListAppsAPITest -->
