<?xml version="1.0" encoding="UTF-8"?>
<!-- Generated by org.testng.reporters.JUnitReportReporter -->
<testsuite skipped="6" hostname="G10GNLT041" name="com.arcapi.Leedv4Testcases.VerifyAppsListAPITest" tests="6" failures="0" timestamp="27 Jun 2019 06:25:53 GMT" time="0.000" errors="0">
  <testcase name="VerifyAppsListAPI" time="0.000" classname="com.arcapi.Leedv4Testcases.VerifyAppsListAPITest">
    <skipped/>
  </testcase> <!-- VerifyAppsListAPI -->
  <testcase name="VerifyAppsListAPI" time="0.000" classname="com.arcapi.Leedv4Testcases.VerifyAppsListAPITest">
    <skipped/>
  </testcase> <!-- VerifyAppsListAPI -->
  <testcase name="VerifyAppsListAPI" time="0.000" classname="com.arcapi.Leedv4Testcases.VerifyAppsListAPITest">
    <skipped/>
  </testcase> <!-- VerifyAppsListAPI -->
  <testcase name="VerifyAppsListAPI" time="0.000" classname="com.arcapi.Leedv4Testcases.VerifyAppsListAPITest">
    <skipped/>
  </testcase> <!-- VerifyAppsListAPI -->
  <testcase name="VerifyAppsListAPI" time="0.000" classname="com.arcapi.Leedv4Testcases.VerifyAppsListAPITest">
    <skipped/>
  </testcase> <!-- VerifyAppsListAPI -->
  <testcase name="VerifyAppsListAPI" time="0.000" classname="com.arcapi.Leedv4Testcases.VerifyAppsListAPITest">
    <skipped/>
  </testcase> <!-- VerifyAppsListAPI -->
</testsuite> <!-- com.arcapi.Leedv4Testcases.VerifyAppsListAPITest -->
