<?xml version="1.0" encoding="UTF-8"?>
<!-- Generated by org.testng.reporters.JUnitReportReporter -->
<testsuite hostname="G10GGNLT052" name="com.arcapi.Buildingtestcases.AddAssestTimelinePOSTEmissionTest" tests="1" failures="0" timestamp="16 Aug 2019 13:09:11 GMT" time="7.910" errors="0">
  <testcase name="AddAssestTimeline" time="7.910" classname="com.arcapi.Buildingtestcases.AddAssestTimelinePOSTEmissionTest"/>
</testsuite> <!-- com.arcapi.Buildingtestcases.AddAssestTimelinePOSTEmissionTest -->
