<?xml version="1.0" encoding="UTF-8"?>
<!-- Generated by org.testng.reporters.JUnitReportReporter -->
<testsuite hostname="G10GGNLT052" name="com.arcapi.Common.VerifyAgreementPresentAPITest" tests="1" failures="0" timestamp="10 Oct 2019 08:21:46 GMT" time="301.828" errors="0">
  <testcase name="VerifyAgreementPresentAPI" time="301.828" classname="com.arcapi.Common.VerifyAgreementPresentAPITest"/>
</testsuite> <!-- com.arcapi.Common.VerifyAgreementPresentAPITest -->
