<?xml version="1.0" encoding="UTF-8"?>
<!-- Generated by org.testng.reporters.JUnitReportReporter -->
<testsuite hostname="G10GGNLT052" name="com.arcapi.Buildingtestcases.VOCConsumptionUpdateAPITest" tests="1" failures="0" timestamp="7 Oct 2019 14:00:33 GMT" time="0.013" errors="0">
  <testcase name="VOCConsumptionUpdateAPI" time="0.013" classname="com.arcapi.Buildingtestcases.VOCConsumptionUpdateAPITest"/>
</testsuite> <!-- com.arcapi.Buildingtestcases.VOCConsumptionUpdateAPITest -->
