<?xml version="1.0" encoding="UTF-8"?>
<!-- Generated by org.testng.reporters.JUnitReportReporter -->
<testsuite hostname="G10GGNLT052" name="com.arcapi.Common.SubmitReviewPOSTAPITest" tests="1" failures="0" timestamp="9 Sep 2019 14:17:21 GMT" time="4.566" errors="0">
  <testcase name="SubmitReviewPOSTAPI" time="4.566" classname="com.arcapi.Common.SubmitReviewPOSTAPITest"/>
</testsuite> <!-- com.arcapi.Common.SubmitReviewPOSTAPITest -->
