<?xml version="1.0" encoding="UTF-8"?>
<!-- Generated by org.testng.reporters.JUnitReportReporter -->
<testsuite hostname="G10GGNLT052" name="com.arcapi.ScenarioBasedTestcases.AssetTeamMemberUpdateAPITest" tests="2" failures="0" timestamp="22 Oct 2019 08:00:56 GMT" time="6.210" errors="0">
  <testcase name="AssetTeamMemberUpdateAPI" time="2.997" classname="com.arcapi.ScenarioBasedTestcases.AssetTeamMemberUpdateAPITest"/>
  <testcase name="AssetTeamMemberUpdateAPI" time="3.213" classname="com.arcapi.ScenarioBasedTestcases.AssetTeamMemberUpdateAPITest"/>
</testsuite> <!-- com.arcapi.ScenarioBasedTestcases.AssetTeamMemberUpdateAPITest -->
