<?xml version="1.0" encoding="UTF-8"?>
<!-- Generated by org.testng.reporters.JUnitReportReporter -->
<testsuite skipped="0" hostname="G10GNLT041" name="com.arcapi.Transittestcases.EnvironmentSurveyExportAPITest" tests="2" failures="0" timestamp="17 Jun 2019 09:30:41 GMT" time="8.142" errors="0">
  <testcase name="EnvironmentSurveyExportAPI" time="3.160" classname="com.arcapi.Transittestcases.EnvironmentSurveyExportAPITest"/>
  <testcase name="EnvironmentSurveyExportAPI" time="4.982" classname="com.arcapi.Transittestcases.EnvironmentSurveyExportAPITest"/>
</testsuite> <!-- com.arcapi.Transittestcases.EnvironmentSurveyExportAPITest -->
