<?xml version="1.0" encoding="UTF-8"?>
<!-- Generated by org.testng.reporters.JUnitReportReporter -->
<testsuite hostname="G10GGNLT052" name="com.arcapi.release1_18testcases.CreateAssetBuildingNoneAPITest" tests="1" failures="0" timestamp="16 Aug 2019 07:05:37 GMT" time="11.229" errors="0">
  <testcase name="CreateAssetPOSTAPI" time="11.229" classname="com.arcapi.release1_18testcases.CreateAssetBuildingNoneAPITest"/>
</testsuite> <!-- com.arcapi.release1_18testcases.CreateAssetBuildingNoneAPITest -->
