<?xml version="1.0" encoding="UTF-8"?>
<!-- Generated by org.testng.reporters.JUnitReportReporter -->
<testsuite skipped="0" hostname="G10GNLT041" name="com.arcapi.Buildingtestcases.AssetTeamMemberRoleAPITest" tests="2" failures="0" timestamp="17 Jun 2019 07:27:39 GMT" time="15.451" errors="0">
  <testcase name="AssetTeamMemberRoleAPI" time="8.194" classname="com.arcapi.Buildingtestcases.AssetTeamMemberRoleAPITest"/>
  <testcase name="AssetTeamMemberRoleAPI" time="7.257" classname="com.arcapi.Buildingtestcases.AssetTeamMemberRoleAPITest"/>
</testsuite> <!-- com.arcapi.Buildingtestcases.AssetTeamMemberRoleAPITest -->
