<?xml version="1.0" encoding="UTF-8"?>
<!-- Generated by org.testng.reporters.JUnitReportReporter -->
<testsuite hostname="G10GGNLT052" name="com.arcapi.Buildingtestcases.WasteDetailDeleteAPITest" tests="1" failures="0" timestamp="10 Oct 2019 08:21:45 GMT" time="2.470" errors="0">
  <testcase name="WasteDetailDeleteAPI" time="2.470" classname="com.arcapi.Buildingtestcases.WasteDetailDeleteAPITest"/>
</testsuite> <!-- com.arcapi.Buildingtestcases.WasteDetailDeleteAPITest -->
