<?xml version="1.0" encoding="UTF-8"?>
<!-- Generated by org.testng.reporters.JUnitReportReporter -->
<testsuite hostname="G10GGNLT052" name="com.arcapi.Common.AssetTeamMemberListAPITest" tests="1" failures="0" timestamp="22 Oct 2019 10:35:10 GMT" time="2.087" errors="0">
  <testcase name="AssetTeamMemberListAPI" time="2.087" classname="com.arcapi.Common.AssetTeamMemberListAPITest"/>
</testsuite> <!-- com.arcapi.Common.AssetTeamMemberListAPITest -->
