<?xml version="1.0" encoding="UTF-8"?>
<!-- Generated by org.testng.reporters.JUnitReportReporter -->
<testsuite skipped="0" hostname="G10GNLT041" name="com.arcapi.Communitytestcases.AssociatedCategoriesAPITest" tests="2" failures="0" timestamp="17 Jun 2019 09:30:41 GMT" time="7.647" errors="0">
  <testcase name="AssociatedCategoriesAPI" time="3.886" classname="com.arcapi.Communitytestcases.AssociatedCategoriesAPITest"/>
  <testcase name="AssociatedCategoriesAPI" time="3.761" classname="com.arcapi.Communitytestcases.AssociatedCategoriesAPITest"/>
</testsuite> <!-- com.arcapi.Communitytestcases.AssociatedCategoriesAPITest -->
