<?xml version="1.0" encoding="UTF-8"?>
<!-- Generated by org.testng.reporters.JUnitReportReporter -->
<testsuite hostname="G10GGNLT052" name="com.arcapi.Buildingtestcases.WasteGetAPITest" tests="1" failures="0" timestamp="5 Nov 2019 05:13:46 GMT" time="1.445" errors="0">
  <testcase name="WasteGetAPI" time="1.445" classname="com.arcapi.Buildingtestcases.WasteGetAPITest"/>
</testsuite> <!-- com.arcapi.Buildingtestcases.WasteGetAPITest -->
