<?xml version="1.0" encoding="UTF-8"?>
<!-- Generated by org.testng.reporters.JUnitReportReporter -->
<testsuite hostname="G10GGNLT052" name="com.arcapi.Portfoliostestcases.PortfoliosGetAPITest" tests="1" failures="0" timestamp="5 Nov 2019 05:01:55 GMT" time="1.512" errors="0">
  <testcase name="PortfoliosGetAPI" time="1.512" classname="com.arcapi.Portfoliostestcases.PortfoliosGetAPITest"/>
</testsuite> <!-- com.arcapi.Portfoliostestcases.PortfoliosGetAPITest -->
