<?xml version="1.0" encoding="UTF-8"?>
<!-- Generated by org.testng.reporters.JUnitReportReporter -->
<testsuite hostname="G10GGNLT052" name="com.arcapi.Citytestcases.AssetRequiredFieldsAPITest" tests="1" failures="0" timestamp="14 Aug 2019 08:09:03 GMT" time="3.245" errors="0">
  <testcase name="AssetRequiredFieldsAPI" time="3.245" classname="com.arcapi.Citytestcases.AssetRequiredFieldsAPITest"/>
</testsuite> <!-- com.arcapi.Citytestcases.AssetRequiredFieldsAPITest -->
