<?xml version="1.0" encoding="UTF-8"?>
<!-- Generated by org.testng.reporters.JUnitReportReporter -->
<testsuite hostname="G10GGNLT052" name="com.arcapi.Buildingtestcases.WaterMeterDeleteAPITest" tests="1" failures="0" timestamp="7 Nov 2019 06:53:23 GMT" time="76.086" errors="0">
  <testcase name="WaterMeterDeleteAPI" time="76.086" classname="com.arcapi.Buildingtestcases.WaterMeterDeleteAPITest"/>
</testsuite> <!-- com.arcapi.Buildingtestcases.WaterMeterDeleteAPITest -->
