<?xml version="1.0" encoding="UTF-8"?>
<!-- Generated by org.testng.reporters.JUnitReportReporter -->
<testsuite skipped="0" hostname="G10GNLT041" name="com.arcapi.Communitytestcases.GetAllDocumentListAPITest" tests="2" failures="0" timestamp="17 Jun 2019 09:30:40 GMT" time="8.829" errors="0">
  <testcase name="GetAllDocumentListAPI" time="4.633" classname="com.arcapi.Communitytestcases.GetAllDocumentListAPITest"/>
  <testcase name="GetAllDocumentListAPI" time="4.196" classname="com.arcapi.Communitytestcases.GetAllDocumentListAPITest"/>
</testsuite> <!-- com.arcapi.Communitytestcases.GetAllDocumentListAPITest -->
