<?xml version="1.0" encoding="UTF-8"?>
<!-- Generated by org.testng.reporters.JUnitReportReporter -->
<testsuite hostname="G10GGNLT052" name="com.arcapi.CompleteDataValidationNoPayloadTestcases.AssetValidationInfoPOSTAPITest" tests="1" failures="0" timestamp="10 Sep 2019 11:10:22 GMT" time="4.460" errors="0">
  <testcase name="AssetValidationInfoPOSTAPI" time="4.460" classname="com.arcapi.CompleteDataValidationNoPayloadTestcases.AssetValidationInfoPOSTAPITest"/>
</testsuite> <!-- com.arcapi.CompleteDataValidationNoPayloadTestcases.AssetValidationInfoPOSTAPITest -->
