<?xml version="1.0" encoding="UTF-8"?>
<!-- Generated by org.testng.reporters.JUnitReportReporter -->
<testsuite hostname="G10GGNLT052" name="com.arcapi.Common.VerifyAgreementDeleteAPITest" tests="1" failures="0" timestamp="10 Sep 2019 13:39:53 GMT" time="2.447" errors="0">
  <testcase name="VerifyAgreementDeleteAPI" time="2.447" classname="com.arcapi.Common.VerifyAgreementDeleteAPITest"/>
</testsuite> <!-- com.arcapi.Common.VerifyAgreementDeleteAPITest -->
