<?xml version="1.0" encoding="UTF-8"?>
<!-- Generated by org.testng.reporters.JUnitReportReporter -->
<testsuite skipped="0" hostname="G10GNLT041" name="com.arcapi.Communitytestcases.SignAgreementRegistrationAPITest" tests="2" failures="0" timestamp="17 Jun 2019 09:30:40 GMT" time="11.650" errors="0">
  <testcase name="SignAgreementRegistrationAPI" time="6.030" classname="com.arcapi.Communitytestcases.SignAgreementRegistrationAPITest"/>
  <testcase name="SignAgreementRegistrationAPI" time="5.620" classname="com.arcapi.Communitytestcases.SignAgreementRegistrationAPITest"/>
</testsuite> <!-- com.arcapi.Communitytestcases.SignAgreementRegistrationAPITest -->
