<?xml version="1.0" encoding="UTF-8"?>
<!-- Generated by org.testng.reporters.JUnitReportReporter -->
<testsuite hostname="G10GGNLT052" name="com.arcapi.Buildingtestcases.VerifyAssetDetailAPITest" tests="1" failures="0" timestamp="10 Sep 2019 13:39:53 GMT" time="3.468" errors="0">
  <testcase name="VerifyAssetDetailAPI" time="3.468" classname="com.arcapi.Buildingtestcases.VerifyAssetDetailAPITest"/>
</testsuite> <!-- com.arcapi.Buildingtestcases.VerifyAssetDetailAPITest -->
