<?xml version="1.0" encoding="UTF-8"?>
<!-- Generated by org.testng.reporters.JUnitReportReporter -->
<testsuite hostname="G10GGNLT052" name="com.arcapi.Common.CityCom.MeterCreateAPICityCommTest" tests="1" failures="0" timestamp="4 Oct 2019 06:02:57 GMT" time="23.491" errors="0">
  <testcase name="MeterCreatePOSTAPI" time="23.491" classname="com.arcapi.Common.CityCom.MeterCreateAPICityCommTest"/>
</testsuite> <!-- com.arcapi.Common.CityCom.MeterCreateAPICityCommTest -->
