<?xml version="1.0" encoding="UTF-8"?>
<!-- Generated by org.testng.reporters.JUnitReportReporter -->
<testsuite skipped="0" hostname="G10GNLT041" name="com.arcapi.Transittestcases.CreateAssetTransitAboveAPITest" tests="1" failures="0" timestamp="21 Jun 2019 05:06:06 GMT" time="13.745" errors="0">
  <testcase name="CreateAssetPOSTAPI" time="13.745" classname="com.arcapi.Transittestcases.CreateAssetTransitAboveAPITest"/>
</testsuite> <!-- com.arcapi.Transittestcases.CreateAssetTransitAboveAPITest -->
