<?xml version="1.0" encoding="UTF-8"?>
<!-- Generated by org.testng.reporters.JUnitReportReporter -->
<testsuite hostname="G10GGNLT052" name="com.arcapi.Transittestcases.TransitSurveySummarizeSurveyAPITest" tests="1" failures="0" timestamp="20 Sep 2019 07:00:22 GMT" time="2.187" errors="0">
  <testcase name="TransitSurveySummarizeSurveyAPI" time="2.187" classname="com.arcapi.Transittestcases.TransitSurveySummarizeSurveyAPITest"/>
</testsuite> <!-- com.arcapi.Transittestcases.TransitSurveySummarizeSurveyAPITest -->
