<?xml version="1.0" encoding="UTF-8"?>
<!-- Generated by org.testng.reporters.JUnitReportReporter -->
<testsuite hostname="G10GGNLT052" name="com.arcapi.Common.AssetDetailAPITest" tests="1" failures="0" timestamp="8 Nov 2019 05:07:33 GMT" time="2.047" errors="0">
  <testcase name="AssetDetailAPI" time="2.047" classname="com.arcapi.Common.AssetDetailAPITest"/>
</testsuite> <!-- com.arcapi.Common.AssetDetailAPITest -->
