<?xml version="1.0" encoding="UTF-8"?>
<!-- Generated by org.testng.reporters.JUnitReportReporter -->
<testsuite hostname="G10GGNLT052" name="com.arcapi.Buildingtestcases.FuelCategoryAPITest" tests="1" failures="0" timestamp="4 Sep 2019 04:54:36 GMT" time="1.498" errors="0">
  <testcase name="FuelCategoryAPI" time="1.498" classname="com.arcapi.Buildingtestcases.FuelCategoryAPITest"/>
</testsuite> <!-- com.arcapi.Buildingtestcases.FuelCategoryAPITest -->
