<?xml version="1.0" encoding="UTF-8"?>
<!-- Generated by org.testng.reporters.JUnitReportReporter -->
<testsuite hostname="G10GGNLT052" name="com.arcapi.Buildingtestcases.WasteDivertedBulkDataPostTest" tests="1" failures="0" timestamp="5 Nov 2019 05:13:45 GMT" time="1.403" errors="0">
  <testcase name="WasteDivertedBulkDataPost" time="1.403" classname="com.arcapi.Buildingtestcases.WasteDivertedBulkDataPostTest"/>
</testsuite> <!-- com.arcapi.Buildingtestcases.WasteDivertedBulkDataPostTest -->
