<?xml version="1.0" encoding="UTF-8"?>
<!-- Generated by org.testng.reporters.JUnitReportReporter -->
<testsuite hostname="G10GGNLT052" name="com.arcapi.Common.AnalysisDataGetAPITest" tests="1" failures="0" timestamp="10 Sep 2019 13:39:53 GMT" time="2.850" errors="0">
  <testcase name="AnalysisDataGetAPI" time="2.850" classname="com.arcapi.Common.AnalysisDataGetAPITest"/>
</testsuite> <!-- com.arcapi.Common.AnalysisDataGetAPITest -->
