<?xml version="1.0" encoding="UTF-8"?>
<!-- Generated by org.testng.reporters.JUnitReportReporter -->
<testsuite skipped="0" hostname="G10GNLT041" name="com.arcapi.Transittestcases.RecomputePerformanceScoreGetTest" tests="2" failures="0" timestamp="17 Jun 2019 09:30:41 GMT" time="18.564" errors="0">
  <testcase name="RecomputePerformanceScoreGet" time="5.816" classname="com.arcapi.Transittestcases.RecomputePerformanceScoreGetTest"/>
  <testcase name="RecomputePerformanceScoreGet" time="12.748" classname="com.arcapi.Transittestcases.RecomputePerformanceScoreGetTest"/>
</testsuite> <!-- com.arcapi.Transittestcases.RecomputePerformanceScoreGetTest -->
