<?xml version="1.0" encoding="UTF-8"?>
<!-- Generated by org.testng.reporters.JUnitReportReporter -->
<testsuite skipped="0" hostname="G10GNLT041" name="com.arcapi.Transittestcases.ExcelTemplateMetersAPITest" tests="1" failures="0" timestamp="17 Jun 2019 09:30:40 GMT" time="8.778" errors="0">
  <testcase name="MetersAPI" time="8.778" classname="com.arcapi.Transittestcases.ExcelTemplateMetersAPITest"/>
</testsuite> <!-- com.arcapi.Transittestcases.ExcelTemplateMetersAPITest -->
