<?xml version="1.0" encoding="UTF-8"?>
<!-- Generated by org.testng.reporters.JUnitReportReporter -->
<testsuite skipped="0" hostname="G10GNLT041" name="com.arcapi.Transittestcases.CreditAddTeamPOSTAPITest" tests="2" failures="0" timestamp="17 Jun 2019 09:30:40 GMT" time="187.270" errors="0">
  <testcase name="CreditAddTeamPOSTAPI" time="96.174" classname="com.arcapi.Transittestcases.CreditAddTeamPOSTAPITest"/>
  <testcase name="CreditAddTeamPOSTAPI" time="91.096" classname="com.arcapi.Transittestcases.CreditAddTeamPOSTAPITest"/>
</testsuite> <!-- com.arcapi.Transittestcases.CreditAddTeamPOSTAPITest -->
