<?xml version="1.0" encoding="UTF-8"?>
<!-- Generated by org.testng.reporters.JUnitReportReporter -->
<testsuite skipped="0" hostname="G10GNLT041" name="com.arcapi.Citytestcases.CreateAssetCityLeedAPITest" tests="2" failures="0" timestamp="21 Jun 2019 06:10:22 GMT" time="23.442" errors="0">
  <testcase name="CreateAssetPOSTAPI" time="13.894" classname="com.arcapi.Citytestcases.CreateAssetCityLeedAPITest"/>
  <testcase name="CreateAssetPOSTAPI" time="9.548" classname="com.arcapi.Citytestcases.CreateAssetCityLeedAPITest"/>
</testsuite> <!-- com.arcapi.Citytestcases.CreateAssetCityLeedAPITest -->
