<?xml version="1.0" encoding="UTF-8"?>
<!-- Generated by org.testng.reporters.JUnitReportReporter -->
<testsuite hostname="G10GGNLT052" name="com.arcapi.Common.AssetDataSnapshotAPITest" tests="1" failures="0" timestamp="5 Nov 2019 05:13:46 GMT" time="6.283" errors="0">
  <testcase name="AssetDataSnapshotAPI" time="6.283" classname="com.arcapi.Common.AssetDataSnapshotAPITest"/>
</testsuite> <!-- com.arcapi.Common.AssetDataSnapshotAPITest -->
