<?xml version="1.0" encoding="UTF-8"?>
<!-- Generated by org.testng.reporters.JUnitReportReporter -->
<testsuite skipped="0" hostname="G10GNLT041" name="com.arcapi.Transittestcases.AssetPerformanceScoreListAPITest" tests="2" failures="0" timestamp="17 Jun 2019 09:30:41 GMT" time="7.372" errors="0">
  <testcase name="AssetPerformanceScoreListAPI" time="2.283" classname="com.arcapi.Transittestcases.AssetPerformanceScoreListAPITest"/>
  <testcase name="AssetPerformanceScoreListAPI" time="5.089" classname="com.arcapi.Transittestcases.AssetPerformanceScoreListAPITest"/>
</testsuite> <!-- com.arcapi.Transittestcases.AssetPerformanceScoreListAPITest -->
