<?xml version="1.0" encoding="UTF-8"?>
<!-- Generated by org.testng.reporters.JUnitReportReporter -->
<testsuite hostname="G10GGNLT052" name="com.arcapi.Buildingtestcases.PaymentOrderGetAPITest" tests="1" failures="0" timestamp="26 Aug 2019 13:20:52 GMT" time="2.845" errors="0">
  <testcase name="PaymentOrderGetAPI" time="2.845" classname="com.arcapi.Buildingtestcases.PaymentOrderGetAPITest"/>
</testsuite> <!-- com.arcapi.Buildingtestcases.PaymentOrderGetAPITest -->
