<?xml version="1.0" encoding="UTF-8"?>
<!-- Generated by org.testng.reporters.JUnitReportReporter -->
<testsuite skipped="0" hostname="G10GNLT041" name="com.arcapi.Citytestcases.MeasuresVersionPostAPITest" tests="2" failures="0" timestamp="17 Jun 2019 08:07:17 GMT" time="9.715" errors="0">
  <testcase name="MeasuresVersionPostAPI" time="6.752" classname="com.arcapi.Citytestcases.MeasuresVersionPostAPITest"/>
  <testcase name="MeasuresVersionPostAPI" time="2.963" classname="com.arcapi.Citytestcases.MeasuresVersionPostAPITest"/>
</testsuite> <!-- com.arcapi.Citytestcases.MeasuresVersionPostAPITest -->
