<?xml version="1.0" encoding="UTF-8"?>
<!-- Generated by org.testng.reporters.JUnitReportReporter -->
<testsuite skipped="0" hostname="G10GNLT041" name="com.arcapi.TrailFlowtestcases.NotificationSubscriptionDetailGetTest" tests="1" failures="0" timestamp="05 Feb 2019 07:18:51 GMT" time="7.908" errors="0">
  <testcase name="NotificationSubscriptionDetail" time="7.908" classname="com.arcapi.TrailFlowtestcases.NotificationSubscriptionDetailGetTest"/>
</testsuite> <!-- com.arcapi.TrailFlowtestcases.NotificationSubscriptionDetailGetTest -->
