<?xml version="1.0" encoding="UTF-8"?>
<!-- Generated by org.testng.reporters.JUnitReportReporter -->
<testsuite skipped="0" hostname="G10GNLT041" name="com.arcapi.Transittestcases.DeleteAllAppsAPITest" tests="2" failures="0" timestamp="17 Jun 2019 09:30:41 GMT" time="14.411" errors="0">
  <testcase name="DeleteAllAppsAPI" time="8.809" classname="com.arcapi.Transittestcases.DeleteAllAppsAPITest"/>
  <testcase name="DeleteAllAppsAPI" time="5.602" classname="com.arcapi.Transittestcases.DeleteAllAppsAPITest"/>
</testsuite> <!-- com.arcapi.Transittestcases.DeleteAllAppsAPITest -->
