<?xml version="1.0" encoding="UTF-8"?>
<!-- Generated by org.testng.reporters.JUnitReportReporter -->
<testsuite skipped="0" hostname="G10GNLT041" name="com.arcapi.TrailFlowtestcases.Building.ExcelUploadTemplatePOSTAPITest" tests="1" failures="0" timestamp="12 Feb 2019 06:22:14 GMT" time="9.664" errors="0">
  <testcase name="ExcelUploadTemplatePOSTAPI" time="9.664" classname="com.arcapi.TrailFlowtestcases.Building.ExcelUploadTemplatePOSTAPITest"/>
</testsuite> <!-- com.arcapi.TrailFlowtestcases.Building.ExcelUploadTemplatePOSTAPITest -->
