<?xml version="1.0" encoding="UTF-8"?>
<!-- Generated by org.testng.reporters.JUnitReportReporter -->
<testsuite hostname="G10GGNLT052" name="com.arcapi.Buildingtestcases.ElectricityPurchasedFromGridCreatePOSTAPITest" tests="1" failures="0" timestamp="20 Sep 2019 06:27:36 GMT" time="2.653" errors="0">
  <testcase name="ElectricityPurchasedFromGridCreatePOST" time="2.653" classname="com.arcapi.Buildingtestcases.ElectricityPurchasedFromGridCreatePOSTAPITest"/>
</testsuite> <!-- com.arcapi.Buildingtestcases.ElectricityPurchasedFromGridCreatePOSTAPITest -->
