<?xml version="1.0" encoding="UTF-8"?>
<!-- Generated by org.testng.reporters.JUnitReportReporter -->
<testsuite skipped="1" hostname="G10GGNLT052" name="com.arcapi.Buildingtestcases.CreateAssetBuildingNoneAPITest" tests="1" failures="0" timestamp="19 Aug 2019 08:51:17 GMT" time="0.000" errors="0">
  <testcase name="CreateAssetPOSTAPI" time="0.000" classname="com.arcapi.Buildingtestcases.CreateAssetBuildingNoneAPITest">
    <skipped/>
  </testcase> <!-- CreateAssetPOSTAPI -->
</testsuite> <!-- com.arcapi.Buildingtestcases.CreateAssetBuildingNoneAPITest -->
