<?xml version="1.0" encoding="UTF-8"?>
<!-- Generated by org.testng.reporters.JUnitReportReporter -->
<testsuite hostname="G10GGNLT052" name="com.arcapi.Common.GetAllDocumentListAPITest" tests="1" failures="0" timestamp="7 Oct 2019 08:08:23 GMT" time="11.597" errors="0">
  <testcase name="GetAllDocumentListAPI" time="11.597" classname="com.arcapi.Common.GetAllDocumentListAPITest"/>
</testsuite> <!-- com.arcapi.Common.GetAllDocumentListAPITest -->
