<?xml version="1.0" encoding="UTF-8"?>
<!-- Generated by org.testng.reporters.JUnitReportReporter -->
<testsuite hostname="G10GGNLT052" name="com.arcapi.Buildingtestcases.WasteCreatePOSTAPITest" tests="1" failures="0" timestamp="5 Nov 2019 05:13:46 GMT" time="1.722" errors="0">
  <testcase name="WasteCreatePOSTAPI" time="1.722" classname="com.arcapi.Buildingtestcases.WasteCreatePOSTAPITest"/>
</testsuite> <!-- com.arcapi.Buildingtestcases.WasteCreatePOSTAPITest -->
