<?xml version="1.0" encoding="UTF-8"?>
<!-- Generated by org.testng.reporters.JUnitReportReporter -->
<testsuite skipped="0" hostname="G10GNLT041" name="com.arcapi.Buildingtestcases.SubmitReviewGetAPITest" tests="2" failures="0" timestamp="17 Jun 2019 07:27:40 GMT" time="11.887" errors="0">
  <testcase name="SubmitReviewGetAPI" time="6.071" classname="com.arcapi.Buildingtestcases.SubmitReviewGetAPITest"/>
  <testcase name="SubmitReviewGetAPI" time="5.816" classname="com.arcapi.Buildingtestcases.SubmitReviewGetAPITest"/>
</testsuite> <!-- com.arcapi.Buildingtestcases.SubmitReviewGetAPITest -->
