<?xml version="1.0" encoding="UTF-8"?>
<!-- Generated by org.testng.reporters.JUnitReportReporter -->
<testsuite hostname="G10GGNLT052" name="com.arcapi.Citytestcases.MeasuresVersionPostAPITest" tests="1" failures="0" timestamp="5 Sep 2019 06:00:28 GMT" time="1.440" errors="0">
  <testcase name="MeasuresVersionPostAPI" time="1.440" classname="com.arcapi.Citytestcases.MeasuresVersionPostAPITest"/>
</testsuite> <!-- com.arcapi.Citytestcases.MeasuresVersionPostAPITest -->
