<?xml version="1.0" encoding="UTF-8"?>
<!-- Generated by org.testng.reporters.JUnitReportReporter -->
<testsuite skipped="0" hostname="G10GNLT041" name="com.arcapi.Buildingtestcases.VerifyWasteDataExcelAPITest" tests="1" failures="0" timestamp="12 Jun 2019 05:30:09 GMT" time="6.342" errors="0">
  <testcase name="VerifyWasteDataExcelAPI" time="6.342" classname="com.arcapi.Buildingtestcases.VerifyWasteDataExcelAPITest"/>
</testsuite> <!-- com.arcapi.Buildingtestcases.VerifyWasteDataExcelAPITest -->
