<?xml version="1.0" encoding="UTF-8"?>
<!-- Generated by org.testng.reporters.JUnitReportReporter -->
<testsuite skipped="0" hostname="G10GNLT041" name="com.arcapi.Transittestcases.AssetDetailAPITest" tests="2" failures="0" timestamp="17 Jun 2019 09:30:40 GMT" time="8.389" errors="0">
  <testcase name="AssetDetailAPI" time="3.081" classname="com.arcapi.Transittestcases.AssetDetailAPITest"/>
  <testcase name="AssetDetailAPI" time="5.308" classname="com.arcapi.Transittestcases.AssetDetailAPITest"/>
</testsuite> <!-- com.arcapi.Transittestcases.AssetDetailAPITest -->
