<?xml version="1.0" encoding="UTF-8"?>
<!-- Generated by org.testng.reporters.JUnitReportReporter -->
<testsuite skipped="0" hostname="G10GNLT041" name="com.arcapi.Citytestcases.AssetDetailAPITest" tests="2" failures="0" timestamp="21 Jun 2019 06:10:22 GMT" time="11.666" errors="0">
  <testcase name="AssetDetailAPI" time="2.263" classname="com.arcapi.Citytestcases.AssetDetailAPITest"/>
  <testcase name="AssetDetailAPI" time="9.403" classname="com.arcapi.Citytestcases.AssetDetailAPITest"/>
</testsuite> <!-- com.arcapi.Citytestcases.AssetDetailAPITest -->
