<?xml version="1.0" encoding="UTF-8"?>
<!-- Generated by org.testng.reporters.JUnitReportReporter -->
<testsuite hostname="G10GGNLT052" name="com.arcapi.Common.WebIOSAppVersionGetAPITest" tests="1" failures="0" timestamp="27 Sep 2019 05:35:20 GMT" time="1.439" errors="0">
  <testcase name="WebIOSAppVersionGetAPI" time="1.439" classname="com.arcapi.Common.WebIOSAppVersionGetAPITest"/>
</testsuite> <!-- com.arcapi.Common.WebIOSAppVersionGetAPITest -->
