<?xml version="1.0" encoding="UTF-8"?>
<!-- Generated by org.testng.reporters.JUnitReportReporter -->
<testsuite skipped="0" hostname="G10GNLT041" name="com.arcapi.Transittestcases.VerifyProjectRegisteredAssetListTest" tests="2" failures="0" timestamp="17 Jun 2019 09:30:41 GMT" time="9.153" errors="0">
  <testcase name="VerifyProjectRegisteredAssetList" time="5.797" classname="com.arcapi.Transittestcases.VerifyProjectRegisteredAssetListTest"/>
  <testcase name="VerifyProjectRegisteredAssetList" time="3.356" classname="com.arcapi.Transittestcases.VerifyProjectRegisteredAssetListTest"/>
</testsuite> <!-- com.arcapi.Transittestcases.VerifyProjectRegisteredAssetListTest -->
