<?xml version="1.0" encoding="UTF-8"?>
<!-- Generated by org.testng.reporters.JUnitReportReporter -->
<testsuite hostname="G10GGNLT052" name="com.arcapi.Common.ScoreVersionNotificationPOSTAPITest" tests="1" failures="0" timestamp="22 Oct 2019 08:00:56 GMT" time="1.633" errors="0">
  <testcase name="ScoreVersionNotificationPOSTAPI" time="1.633" classname="com.arcapi.Common.ScoreVersionNotificationPOSTAPITest"/>
</testsuite> <!-- com.arcapi.Common.ScoreVersionNotificationPOSTAPITest -->
