<?xml version="1.0" encoding="UTF-8"?>
<!-- Generated by org.testng.reporters.JUnitReportReporter -->
<testsuite hostname="G10GGNLT052" name="com.arcapi.Common.PaymentReceiptAPITest" tests="1" failures="0" timestamp="20 Sep 2019 07:00:23 GMT" time="7.633" errors="0">
  <testcase name="PaymentReceiptAPI" time="7.633" classname="com.arcapi.Common.PaymentReceiptAPITest"/>
</testsuite> <!-- com.arcapi.Common.PaymentReceiptAPITest -->
