<?xml version="1.0" encoding="UTF-8"?>
<!-- Generated by org.testng.reporters.JUnitReportReporter -->
<testsuite hostname="G10GGNLT052" name="com.arcapi.Buildingtestcases.EnergyCreate60MonthMeterDataPostTest" tests="1" failures="0" timestamp="15 Nov 2019 09:39:22 GMT" time="184.668" errors="0">
  <testcase name="EnergyCreate60MonthMeterDataPost" time="184.668" classname="com.arcapi.Buildingtestcases.EnergyCreate60MonthMeterDataPostTest"/>
</testsuite> <!-- com.arcapi.Buildingtestcases.EnergyCreate60MonthMeterDataPostTest -->
