<?xml version="1.0" encoding="UTF-8"?>
<!-- Generated by org.testng.reporters.JUnitReportReporter -->
<testsuite skipped="0" hostname="G10GNLT041" name="com.arcapi.Buildingtestcases.PerformanceComparablesGetAPITest" tests="2" failures="0" timestamp="17 Jun 2019 07:27:40 GMT" time="13.821" errors="0">
  <testcase name="PerformanceComparablesGetAPI" time="7.331" classname="com.arcapi.Buildingtestcases.PerformanceComparablesGetAPITest"/>
  <testcase name="PerformanceComparablesGetAPI" time="6.490" classname="com.arcapi.Buildingtestcases.PerformanceComparablesGetAPITest"/>
</testsuite> <!-- com.arcapi.Buildingtestcases.PerformanceComparablesGetAPITest -->
