<?xml version="1.0" encoding="UTF-8"?>
<!-- Generated by org.testng.reporters.JUnitReportReporter -->
<testsuite hostname="G10GGNLT052" name="com.arcapi.Buildingtestcases.WasteDetailAPITest" tests="1" failures="0" timestamp="8 Nov 2019 05:07:34 GMT" time="1.388" errors="0">
  <testcase name="WasteDetailAPI" time="1.388" classname="com.arcapi.Buildingtestcases.WasteDetailAPITest"/>
</testsuite> <!-- com.arcapi.Buildingtestcases.WasteDetailAPITest -->
