<?xml version="1.0" encoding="UTF-8"?>
<!-- Generated by org.testng.reporters.JUnitReportReporter -->
<testsuite hostname="G10GGNLT052" name="com.arcapi.Buildingtestcases.ElectricityMeterCreateAPITest" tests="1" failures="0" timestamp="11 Oct 2019 08:57:38 GMT" time="25.145" errors="0">
  <testcase name="ElectricityMeterCreateAPI" time="25.145" classname="com.arcapi.Buildingtestcases.ElectricityMeterCreateAPITest"/>
</testsuite> <!-- com.arcapi.Buildingtestcases.ElectricityMeterCreateAPITest -->
