<?xml version="1.0" encoding="UTF-8"?>
<!-- Generated by org.testng.reporters.JUnitReportReporter -->
<testsuite hostname="G10GGNLT052" name="com.arcapi.Buildingtestcases.AssetSearchOwnerAPITest" tests="1" failures="0" timestamp="23 Aug 2019 04:56:48 GMT" time="1.895" errors="0">
  <testcase name="AssetSearchOwnerAPI" time="1.895" classname="com.arcapi.Buildingtestcases.AssetSearchOwnerAPITest"/>
</testsuite> <!-- com.arcapi.Buildingtestcases.AssetSearchOwnerAPITest -->
