<?xml version="1.0" encoding="UTF-8"?>
<!-- Generated by org.testng.reporters.JUnitReportReporter -->
<testsuite hostname="G10GGNLT052" name="com.arcapi.Transittestcases.ExcelUploadTemplateTransitAboveAPITest" tests="1" failures="0" timestamp="1 Oct 2019 05:50:29 GMT" time="3.823" errors="0">
  <testcase name="ExcelUploadTemplateTransitAboveAP" time="3.823" classname="com.arcapi.Transittestcases.ExcelUploadTemplateTransitAboveAPITest"/>
</testsuite> <!-- com.arcapi.Transittestcases.ExcelUploadTemplateTransitAboveAPITest -->
