<?xml version="1.0" encoding="UTF-8"?>
<!-- Generated by org.testng.reporters.JUnitReportReporter -->
<testsuite hostname="G10GGNLT052" name="com.arcapi.Common.V2.RecomputeVerifyTotalScoreGraphGetAPITest" tests="1" failures="0" timestamp="16 Oct 2019 11:41:51 GMT" time="25.011" errors="0">
  <testcase name="RecomputeVerifyTotalScoreGraphGetAPI" time="25.011" classname="com.arcapi.Common.V2.RecomputeVerifyTotalScoreGraphGetAPITest"/>
</testsuite> <!-- com.arcapi.Common.V2.RecomputeVerifyTotalScoreGraphGetAPITest -->
