<?xml version="1.0" encoding="UTF-8"?>
<!-- Generated by org.testng.reporters.JUnitReportReporter -->
<testsuite skipped="0" hostname="G10GNLT041" name="com.arcapi.Buildingtestcases.ConsumptionDeleteGFATest" tests="1" failures="0" timestamp="17 Jun 2019 05:38:28 GMT" time="4.768" errors="0">
  <testcase name="ConsumptionDeleteAPI" time="4.768" classname="com.arcapi.Buildingtestcases.ConsumptionDeleteGFATest"/>
</testsuite> <!-- com.arcapi.Buildingtestcases.ConsumptionDeleteGFATest -->
