<?xml version="1.0" encoding="UTF-8"?>
<!-- Generated by org.testng.reporters.JUnitReportReporter -->
<testsuite hostname="G10GGNLT052" name="com.arcapi.Common.VerifyProjectRegisteredAssetListTest" tests="2" failures="0" timestamp="22 Oct 2019 10:35:09 GMT" time="3.659" errors="0">
  <testcase name="VerifyProjectRegisteredAssetList" time="1.792" classname="com.arcapi.Common.VerifyProjectRegisteredAssetListTest"/>
  <testcase name="VerifyProjectRegisteredAssetList" time="1.867" classname="com.arcapi.Common.VerifyProjectRegisteredAssetListTest"/>
</testsuite> <!-- com.arcapi.Common.VerifyProjectRegisteredAssetListTest -->
