<?xml version="1.0" encoding="UTF-8"?>
<!-- Generated by org.testng.reporters.JUnitReportReporter -->
<testsuite skipped="0" hostname="G10GNLT041" name="com.arcapi.CrossRatingSystemtestcases.AssetNotificationSubscriptionListTest" tests="1" failures="0" timestamp="21 Jun 2019 05:06:06 GMT" time="1.574" errors="0">
  <testcase name="AssetNotificationSubscriptionList" time="1.574" classname="com.arcapi.CrossRatingSystemtestcases.AssetNotificationSubscriptionListTest"/>
</testsuite> <!-- com.arcapi.CrossRatingSystemtestcases.AssetNotificationSubscriptionListTest -->
