<?xml version="1.0" encoding="UTF-8"?>
<!-- Generated by org.testng.reporters.JUnitReportReporter -->
<testsuite skipped="0" hostname="G10GNLT041" name="com.arcapi.release1_18testcases.AssetDetailAPITest" tests="1" failures="0" timestamp="02 Jul 2019 05:08:06 GMT" time="8.326" errors="0">
  <testcase name="AssetDetailAPI" time="8.326" classname="com.arcapi.release1_18testcases.AssetDetailAPITest"/>
</testsuite> <!-- com.arcapi.release1_18testcases.AssetDetailAPITest -->
