<?xml version="1.0" encoding="UTF-8"?>
<!-- Generated by org.testng.reporters.JUnitReportReporter -->
<testsuite skipped="0" hostname="G10GNLT041" name="com.arcapi.Citytestcases.PaymentOrderSubmitPOSTAPITest" tests="2" failures="0" timestamp="21 Jun 2019 06:10:21 GMT" time="11.620" errors="0">
  <testcase name="PaymentOrderSubmitPOSTAPI" time="5.515" classname="com.arcapi.Citytestcases.PaymentOrderSubmitPOSTAPITest"/>
  <testcase name="PaymentOrderSubmitPOSTAPI" time="6.105" classname="com.arcapi.Citytestcases.PaymentOrderSubmitPOSTAPITest"/>
</testsuite> <!-- com.arcapi.Citytestcases.PaymentOrderSubmitPOSTAPITest -->
