<?xml version="1.0" encoding="UTF-8"?>
<!-- Generated by org.testng.reporters.JUnitReportReporter -->
<testsuite skipped="0" hostname="G10GNLT041" name="com.arcapi.Citytestcases.AssetPerformanceScorePostAPITest" tests="1" failures="0" timestamp="17 Jun 2019 08:07:17 GMT" time="3.183" errors="0">
  <testcase name="AssetPerformanceScorePostAPI" time="3.183" classname="com.arcapi.Citytestcases.AssetPerformanceScorePostAPITest"/>
</testsuite> <!-- com.arcapi.Citytestcases.AssetPerformanceScorePostAPITest -->
