<?xml version="1.0" encoding="UTF-8"?>
<!-- Generated by org.testng.reporters.JUnitReportReporter -->
<testsuite hostname="G10GGNLT052" name="com.arcapi.Common.AssetOwnerOrgPOSTAPITest" tests="1" failures="0" timestamp="5 Nov 2019 05:13:47 GMT" time="2.643" errors="0">
  <testcase name="AssetOwnerOrgPOSTAPI" time="2.643" classname="com.arcapi.Common.AssetOwnerOrgPOSTAPITest"/>
</testsuite> <!-- com.arcapi.Common.AssetOwnerOrgPOSTAPITest -->
