<?xml version="1.0" encoding="UTF-8"?>
<!-- Generated by org.testng.reporters.JUnitReportReporter -->
<testsuite hostname="G10GGNLT052" name="com.arcapi.Buildingtestcases.CarbonDioxideCreate5YearDataPostTest" tests="5" failures="0" timestamp="15 Nov 2019 09:39:22 GMT" time="14.674" errors="0">
  <testcase name="CarbonDioxideCreate5YearDataPost" time="2.631" classname="com.arcapi.Buildingtestcases.CarbonDioxideCreate5YearDataPostTest"/>
  <testcase name="CarbonDioxideCreate5YearDataPost" time="3.419" classname="com.arcapi.Buildingtestcases.CarbonDioxideCreate5YearDataPostTest"/>
  <testcase name="CarbonDioxideCreate5YearDataPost" time="3.031" classname="com.arcapi.Buildingtestcases.CarbonDioxideCreate5YearDataPostTest"/>
  <testcase name="CarbonDioxideCreate5YearDataPost" time="2.796" classname="com.arcapi.Buildingtestcases.CarbonDioxideCreate5YearDataPostTest"/>
  <testcase name="CarbonDioxideCreate5YearDataPost" time="2.797" classname="com.arcapi.Buildingtestcases.CarbonDioxideCreate5YearDataPostTest"/>
</testsuite> <!-- com.arcapi.Buildingtestcases.CarbonDioxideCreate5YearDataPostTest -->
