<?xml version="1.0" encoding="UTF-8"?>
<!-- Generated by org.testng.reporters.JUnitReportReporter -->
<testsuite skipped="0" hostname="G10GNLT041" name="com.arcapi.Transittestcases.AssetSearchOwnerAPITest" tests="2" failures="0" timestamp="17 Jun 2019 09:30:40 GMT" time="7.030" errors="0">
  <testcase name="AssetSearchOwnerAPI" time="4.419" classname="com.arcapi.Transittestcases.AssetSearchOwnerAPITest"/>
  <testcase name="AssetSearchOwnerAPI" time="2.611" classname="com.arcapi.Transittestcases.AssetSearchOwnerAPITest"/>
</testsuite> <!-- com.arcapi.Transittestcases.AssetSearchOwnerAPITest -->
