<?xml version="1.0" encoding="UTF-8"?>
<!-- Generated by org.testng.reporters.JUnitReportReporter -->
<testsuite skipped="0" hostname="G10GNLT041" name="com.arcapi.TrailFlowtestcasesComplete.RegistrationPaymentPricingGetAPITest" tests="2" failures="0" timestamp="22 Feb 2019 05:49:40 GMT" time="6.461" errors="0">
  <testcase name="RegistrationPaymentPricingGetAPI" time="3.773" classname="com.arcapi.TrailFlowtestcasesComplete.RegistrationPaymentPricingGetAPITest"/>
  <testcase name="RegistrationPaymentPricingGetAPI" time="2.688" classname="com.arcapi.TrailFlowtestcasesComplete.RegistrationPaymentPricingGetAPITest"/>
</testsuite> <!-- com.arcapi.TrailFlowtestcasesComplete.RegistrationPaymentPricingGetAPITest -->
