<?xml version="1.0" encoding="UTF-8"?>
<!-- Generated by org.testng.reporters.JUnitReportReporter -->
<testsuite hostname="G10GGNLT052" name="com.arcapi.Transittestcases.AQIDataGetAPITest" tests="1" failures="0" timestamp="20 Sep 2019 07:00:22 GMT" time="2.067" errors="0">
  <testcase name="AQIDataGetAPI" time="2.067" classname="com.arcapi.Transittestcases.AQIDataGetAPITest"/>
</testsuite> <!-- com.arcapi.Transittestcases.AQIDataGetAPITest -->
