<?xml version="1.0" encoding="UTF-8"?>
<!-- Generated by org.testng.reporters.JUnitReportReporter -->
<testsuite hostname="G10GGNLT052" name="com.arcapi.CompleteDataValidationNoPayloadTestcases.PortfoliosAssetPostAPITest" tests="1" failures="0" timestamp="13 Aug 2019 09:34:17 GMT" time="1.837" errors="0">
  <testcase name="PortfoliosAssetPostAPI" time="1.837" classname="com.arcapi.CompleteDataValidationNoPayloadTestcases.PortfoliosAssetPostAPITest"/>
</testsuite> <!-- com.arcapi.CompleteDataValidationNoPayloadTestcases.PortfoliosAssetPostAPITest -->
