<?xml version="1.0" encoding="UTF-8"?>
<!-- Generated by org.testng.reporters.JUnitReportReporter -->
<testsuite hostname="G10GGNLT052" name="com.arcapi.Common.CityCom.ConsumptionCreateAPITest" tests="1" failures="0" timestamp="19 Sep 2019 09:17:17 GMT" time="31.466" errors="0">
  <testcase name="ConsumptionCreatePOSTAPI" time="31.466" classname="com.arcapi.Common.CityCom.ConsumptionCreateAPITest"/>
</testsuite> <!-- com.arcapi.Common.CityCom.ConsumptionCreateAPITest -->
