<?xml version="1.0" encoding="UTF-8"?>
<!-- Generated by org.testng.reporters.JUnitReportReporter -->
<testsuite hostname="G10GGNLT052" name="com.arcapi.Common.PaymentOrderGetAPITest" tests="1" failures="0" timestamp="17 Oct 2019 07:26:51 GMT" time="2.276" errors="0">
  <testcase name="PaymentOrderGetAPI" time="2.276" classname="com.arcapi.Common.PaymentOrderGetAPITest"/>
</testsuite> <!-- com.arcapi.Common.PaymentOrderGetAPITest -->
