<?xml version="1.0" encoding="UTF-8"?>
<!-- Generated by org.testng.reporters.JUnitReportReporter -->
<testsuite hostname="G10GGNLT052" name="com.arcapi.Buildingtestcases.GhgGetTest" tests="1" failures="0" timestamp="22 Oct 2019 10:35:09 GMT" time="1.423" errors="0">
  <testcase name="GhgGetTestAPI" time="1.423" classname="com.arcapi.Buildingtestcases.GhgGetTest"/>
</testsuite> <!-- com.arcapi.Buildingtestcases.GhgGetTest -->
