<?xml version="1.0" encoding="UTF-8"?>
<!-- Generated by org.testng.reporters.JUnitReportReporter -->
<testsuite skipped="0" hostname="G10GNLT041" name="com.arcapi.TrailFlowtestcases.City.PaymentReceiptAPITest" tests="1" failures="0" timestamp="06 Feb 2019 05:56:20 GMT" time="7.072" errors="0">
  <testcase name="PaymentReceiptAPI" time="7.072" classname="com.arcapi.TrailFlowtestcases.City.PaymentReceiptAPITest"/>
</testsuite> <!-- com.arcapi.TrailFlowtestcases.City.PaymentReceiptAPITest -->
