<?xml version="1.0" encoding="UTF-8"?>
<!-- Generated by org.testng.reporters.JUnitReportReporter -->
<testsuite skipped="0" hostname="G10GNLT041" name="com.arcapi.Communitytestcases.FetchingAgreementDetailsAPITest" tests="2" failures="0" timestamp="17 Jun 2019 09:30:41 GMT" time="10.808" errors="0">
  <testcase name="FetchingAgreementDetailsAPI" time="5.213" classname="com.arcapi.Communitytestcases.FetchingAgreementDetailsAPITest"/>
  <testcase name="FetchingAgreementDetailsAPI" time="5.595" classname="com.arcapi.Communitytestcases.FetchingAgreementDetailsAPITest"/>
</testsuite> <!-- com.arcapi.Communitytestcases.FetchingAgreementDetailsAPITest -->
