<?xml version="1.0" encoding="UTF-8"?>
<!-- Generated by org.testng.reporters.JUnitReportReporter -->
<testsuite hostname="G10GGNLT052" name="com.arcapi.Transittestcases.ExcelTemplateMetersTransitAboveAPITest" tests="1" failures="0" timestamp="1 Oct 2019 05:50:29 GMT" time="2.819" errors="0">
  <testcase name="ExcelTemplateMetersTransitAbove" time="2.819" classname="com.arcapi.Transittestcases.ExcelTemplateMetersTransitAboveAPITest"/>
</testsuite> <!-- com.arcapi.Transittestcases.ExcelTemplateMetersTransitAboveAPITest -->
