<?xml version="1.0" encoding="UTF-8"?>
<!-- Generated by org.testng.reporters.JUnitReportReporter -->
<testsuite skipped="0" hostname="G10GNLT041" name="com.arcapi.Buildingtestcases.AssetSearchAPITest" tests="2" failures="0" timestamp="17 Jun 2019 07:27:40 GMT" time="21.799" errors="0">
  <testcase name="AssetSearchAPI" time="5.824" classname="com.arcapi.Buildingtestcases.AssetSearchAPITest"/>
  <testcase name="AssetSearchAPI" time="15.975" classname="com.arcapi.Buildingtestcases.AssetSearchAPITest"/>
</testsuite> <!-- com.arcapi.Buildingtestcases.AssetSearchAPITest -->
