<?xml version="1.0" encoding="UTF-8"?>
<!-- Generated by org.testng.reporters.JUnitReportReporter -->
<testsuite skipped="0" hostname="G10GNLT041" name="com.arcapi.Citytestcases.ThirdPartyListAppsAPITest" tests="2" failures="0" timestamp="17 Jun 2019 08:07:17 GMT" time="7.446" errors="0">
  <testcase name="ThirdPartyListAppsAPI" time="4.007" classname="com.arcapi.Citytestcases.ThirdPartyListAppsAPITest"/>
  <testcase name="ThirdPartyListAppsAPI" time="3.439" classname="com.arcapi.Citytestcases.ThirdPartyListAppsAPITest"/>
</testsuite> <!-- com.arcapi.Citytestcases.ThirdPartyListAppsAPITest -->
