<?xml version="1.0" encoding="UTF-8"?>
<!-- Generated by org.testng.reporters.JUnitReportReporter -->
<testsuite hostname="G10GGNLT052" name="com.arcapi.Common.CityCom.ConsumptionCreateAPITest" tests="1" failures="0" timestamp="22 Oct 2019 10:28:09 GMT" time="21.541" errors="0">
  <testcase name="ConsumptionCreatePOSTAPI" time="21.541" classname="com.arcapi.Common.CityCom.ConsumptionCreateAPITest"/>
</testsuite> <!-- com.arcapi.Common.CityCom.ConsumptionCreateAPITest -->
