<?xml version="1.0" encoding="UTF-8"?>
<!-- Generated by org.testng.reporters.JUnitReportReporter -->
<testsuite skipped="0" hostname="G10GNLT041" name="com.arcapi.TrailFlowtestcases.Transit.RatingSystemListAPITest" tests="1" failures="0" timestamp="06 Feb 2019 06:51:21 GMT" time="4.289" errors="0">
  <testcase name="RatingSystemListAPI" time="4.289" classname="com.arcapi.TrailFlowtestcases.Transit.RatingSystemListAPITest"/>
</testsuite> <!-- com.arcapi.TrailFlowtestcases.Transit.RatingSystemListAPITest -->
