<?xml version="1.0" encoding="UTF-8"?>
<!-- Generated by org.testng.reporters.JUnitReportReporter -->
<testsuite skipped="0" hostname="G10GNLT041" name="com.arcapi.Buildingtestcases.AssetSearchOwnerAPITest" tests="2" failures="0" timestamp="17 Jun 2019 07:27:39 GMT" time="12.310" errors="0">
  <testcase name="AssetSearchOwnerAPI" time="6.170" classname="com.arcapi.Buildingtestcases.AssetSearchOwnerAPITest"/>
  <testcase name="AssetSearchOwnerAPI" time="6.140" classname="com.arcapi.Buildingtestcases.AssetSearchOwnerAPITest"/>
</testsuite> <!-- com.arcapi.Buildingtestcases.AssetSearchOwnerAPITest -->
