<?xml version="1.0" encoding="UTF-8"?>
<!-- Generated by org.testng.reporters.JUnitReportReporter -->
<testsuite hostname="G10GGNLT052" name="com.arcapi.Buildingtestcases.WaterConsumptionUpdateAPITest" tests="1" failures="0" timestamp="11 Oct 2019 08:57:39 GMT" time="104.942" errors="0">
  <testcase name="WaterConsumptionUpdateAPI" time="104.942" classname="com.arcapi.Buildingtestcases.WaterConsumptionUpdateAPITest"/>
</testsuite> <!-- com.arcapi.Buildingtestcases.WaterConsumptionUpdateAPITest -->
