<?xml version="1.0" encoding="UTF-8"?>
<!-- Generated by org.testng.reporters.JUnitReportReporter -->
<testsuite hostname="G10GGNLT052" name="com.arcapi.ScenarioBasedTestcases.LoginAPITest" tests="2" failures="0" timestamp="13 Sep 2019 05:09:56 GMT" time="6.369" errors="0">
  <testcase name="LoginAPI" time="3.151" classname="com.arcapi.ScenarioBasedTestcases.LoginAPITest"/>
  <testcase name="LoginAPI" time="3.218" classname="com.arcapi.ScenarioBasedTestcases.LoginAPITest"/>
</testsuite> <!-- com.arcapi.ScenarioBasedTestcases.LoginAPITest -->
