<?xml version="1.0" encoding="UTF-8"?>
<!-- Generated by org.testng.reporters.JUnitReportReporter -->
<testsuite hostname="G10GGNLT052" name="com.arcapi.Common.CityCom.CreateNewProjectAPITest" tests="1" failures="0" timestamp="9 Oct 2019 05:37:53 GMT" time="20.695" errors="0">
  <testcase name="CreateAssetPOSTAPI" time="20.695" classname="com.arcapi.Common.CityCom.CreateNewProjectAPITest"/>
</testsuite> <!-- com.arcapi.Common.CityCom.CreateNewProjectAPITest -->
