<?xml version="1.0" encoding="UTF-8"?>
<!-- Generated by org.testng.reporters.JUnitReportReporter -->
<testsuite skipped="0" hostname="G10GNLT041" name="com.arcapi.Transittestcases.AssetCertificationPOSTAPITest" tests="2" failures="0" timestamp="17 Jun 2019 09:30:40 GMT" time="12.425" errors="0">
  <testcase name="AssetCertificationPOSTAPI" time="5.915" classname="com.arcapi.Transittestcases.AssetCertificationPOSTAPITest"/>
  <testcase name="AssetCertificationPOSTAPI" time="6.510" classname="com.arcapi.Transittestcases.AssetCertificationPOSTAPITest"/>
</testsuite> <!-- com.arcapi.Transittestcases.AssetCertificationPOSTAPITest -->
