<?xml version="1.0" encoding="UTF-8"?>
<!-- Generated by org.testng.reporters.JUnitReportReporter -->
<testsuite hostname="G10GGNLT052" name="com.arcapi.ScenarioBasedTestcases.OLDExcelUploadTemplatePOSTAPITest" tests="1" failures="0" timestamp="9 Oct 2019 09:03:48 GMT" time="3.742" errors="0">
  <testcase name="OLDExcelUploadTemplatePOSTAPI" time="3.742" classname="com.arcapi.ScenarioBasedTestcases.OLDExcelUploadTemplatePOSTAPITest"/>
</testsuite> <!-- com.arcapi.ScenarioBasedTestcases.OLDExcelUploadTemplatePOSTAPITest -->
