<?xml version="1.0" encoding="UTF-8"?>
<!-- Generated by org.testng.reporters.JUnitReportReporter -->
<testsuite hostname="G10GGNLT052" name="com.arcapi.Common.AssetSnapshotKeysAPITest" tests="1" failures="0" timestamp="11 Oct 2019 09:12:46 GMT" time="2.549" errors="0">
  <testcase name="AssetSnapshotKeysAPI" time="2.549" classname="com.arcapi.Common.AssetSnapshotKeysAPITest"/>
</testsuite> <!-- com.arcapi.Common.AssetSnapshotKeysAPITest -->
