<?xml version="1.0" encoding="UTF-8"?>
<!-- Generated by org.testng.reporters.JUnitReportReporter -->
<testsuite skipped="0" hostname="G10GNLT041" name="com.arcapi.CompleteDataValidationTestcases.ConsumptionCreatePOSTAPITest" tests="1" failures="0" timestamp="21 Jun 2019 06:10:22 GMT" time="23.693" errors="0">
  <testcase name="ConsumptionCreatePOSTAPI" time="23.693" classname="com.arcapi.CompleteDataValidationTestcases.ConsumptionCreatePOSTAPITest"/>
</testsuite> <!-- com.arcapi.CompleteDataValidationTestcases.ConsumptionCreatePOSTAPITest -->
