<?xml version="1.0" encoding="UTF-8"?>
<!-- Generated by org.testng.reporters.JUnitReportReporter -->
<testsuite hostname="G10GGNLT052" name="com.arcapi.Transittestcases.TransitSurveyAPITest" tests="1" failures="0" timestamp="9 Sep 2019 14:17:21 GMT" time="2.128" errors="0">
  <testcase name="TransitSurveyAPI" time="2.128" classname="com.arcapi.Transittestcases.TransitSurveyAPITest"/>
</testsuite> <!-- com.arcapi.Transittestcases.TransitSurveyAPITest -->
