<?xml version="1.0" encoding="UTF-8"?>
<!-- Generated by org.testng.reporters.JUnitReportReporter -->
<testsuite hostname="G10GGNLT052" name="com.arcapi.InterRelatedFieldValidationTestcases.ElectricityMeterCreatePOSTAPITest" tests="1" failures="0" timestamp="10 Oct 2019 06:35:20 GMT" time="87.378" errors="0">
  <testcase name="ElectricityMeterCreatePOSTAPI" time="87.378" classname="com.arcapi.InterRelatedFieldValidationTestcases.ElectricityMeterCreatePOSTAPITest"/>
</testsuite> <!-- com.arcapi.InterRelatedFieldValidationTestcases.ElectricityMeterCreatePOSTAPITest -->
