<?xml version="1.0" encoding="UTF-8"?>
<!-- Generated by org.testng.reporters.JUnitReportReporter -->
<testsuite hostname="G10GGNLT052" name="com.arcapi.Common.MeasureCommentDeleteAPITest" tests="1" failures="0" timestamp="8 Nov 2019 05:07:33 GMT" time="1.414" errors="0">
  <testcase name="NotificationDeleteAPI" time="1.414" classname="com.arcapi.Common.MeasureCommentDeleteAPITest"/>
</testsuite> <!-- com.arcapi.Common.MeasureCommentDeleteAPITest -->
