<?xml version="1.0" encoding="UTF-8"?>
<!-- Generated by org.testng.reporters.JUnitReportReporter -->
<testsuite hostname="G10GGNLT052" name="com.arcapi.Common.InstallAllAppsAfterDeleteAPITest" tests="1" failures="0" timestamp="11 Oct 2019 09:12:46 GMT" time="6.120" errors="0">
  <testcase name="InstallAllAppsAfterDeleteAPI" time="6.120" classname="com.arcapi.Common.InstallAllAppsAfterDeleteAPITest"/>
</testsuite> <!-- com.arcapi.Common.InstallAllAppsAfterDeleteAPITest -->
