<?xml version="1.0" encoding="UTF-8"?>
<!-- Generated by org.testng.reporters.JUnitReportReporter -->
<testsuite hostname="G10GGNLT052" name="com.arcapi.Buildingtestcases.AssetsDataValidationGETAPITest" tests="1" failures="0" timestamp="19 Dec 2019 05:50:27 GMT" time="9.001" errors="0">
  <testcase name="AssetsDataValidationGETAPI" time="9.001" classname="com.arcapi.Buildingtestcases.AssetsDataValidationGETAPITest"/>
</testsuite> <!-- com.arcapi.Buildingtestcases.AssetsDataValidationGETAPITest -->
