<?xml version="1.0" encoding="UTF-8"?>
<!-- Generated by org.testng.reporters.JUnitReportReporter -->
<testsuite skipped="0" hostname="G10GNLT041" name="com.arcapi.Transittestcases.UserAccessLevelSAPGetTest" tests="2" failures="0" timestamp="17 Jun 2019 09:30:41 GMT" time="6.690" errors="0">
  <testcase name="UserAccessLevelSAPGet" time="4.381" classname="com.arcapi.Transittestcases.UserAccessLevelSAPGetTest"/>
  <testcase name="UserAccessLevelSAPGet" time="2.309" classname="com.arcapi.Transittestcases.UserAccessLevelSAPGetTest"/>
</testsuite> <!-- com.arcapi.Transittestcases.UserAccessLevelSAPGetTest -->
