<?xml version="1.0" encoding="UTF-8"?>
<!-- Generated by org.testng.reporters.JUnitReportReporter -->
<testsuite skipped="0" hostname="G10GNLT041" name="com.arcapi.Buildingtestcases.AssetNotificationSubscriptionListTest" tests="2" failures="0" timestamp="17 Jun 2019 07:27:40 GMT" time="11.568" errors="0">
  <testcase name="AssetNotificationSubscriptionList" time="5.556" classname="com.arcapi.Buildingtestcases.AssetNotificationSubscriptionListTest"/>
  <testcase name="AssetNotificationSubscriptionList" time="6.012" classname="com.arcapi.Buildingtestcases.AssetNotificationSubscriptionListTest"/>
</testsuite> <!-- com.arcapi.Buildingtestcases.AssetNotificationSubscriptionListTest -->
