<?xml version="1.0" encoding="UTF-8"?>
<!-- Generated by org.testng.reporters.JUnitReportReporter -->
<testsuite hostname="G10GGNLT052" name="com.arcapi.Buildingtestcases.ElectricityConsumptionCreateAPITest" tests="1" failures="0" timestamp="11 Oct 2019 08:57:39 GMT" time="23.469" errors="0">
  <testcase name="ElectricityConsumptionCreateAPI" time="23.469" classname="com.arcapi.Buildingtestcases.ElectricityConsumptionCreateAPITest"/>
</testsuite> <!-- com.arcapi.Buildingtestcases.ElectricityConsumptionCreateAPITest -->
