<?xml version="1.0" encoding="UTF-8"?>
<!-- Generated by org.testng.reporters.JUnitReportReporter -->
<testsuite hostname="G10GGNLT052" name="com.arcapi.CompleteDataValidationNoPayloadTestcases.CreateAssetPOSTAPITest" tests="1" failures="0" timestamp="9 Oct 2019 05:35:01 GMT" time="1.734" errors="0">
  <testcase name="CreateAssetPOSTAPI" time="1.734" classname="com.arcapi.CompleteDataValidationNoPayloadTestcases.CreateAssetPOSTAPITest"/>
</testsuite> <!-- com.arcapi.CompleteDataValidationNoPayloadTestcases.CreateAssetPOSTAPITest -->
