<?xml version="1.0" encoding="UTF-8"?>
<!-- Generated by org.testng.reporters.JUnitReportReporter -->
<testsuite hostname="G10GGNLT052" name="com.arcapi.Buildingtestcases.WasteGeneratedBulkDataPostTest" tests="1" failures="0" timestamp="10 Sep 2019 13:39:53 GMT" time="3.225" errors="0">
  <testcase name="WasteGeneratedBulkDataPost" time="3.225" classname="com.arcapi.Buildingtestcases.WasteGeneratedBulkDataPostTest"/>
</testsuite> <!-- com.arcapi.Buildingtestcases.WasteGeneratedBulkDataPostTest -->
