<?xml version="1.0" encoding="UTF-8"?>
<!-- Generated by org.testng.reporters.JUnitReportReporter -->
<testsuite skipped="0" hostname="G10GNLT041" name="com.arcapi.Transittestcases.PaymentHistoryAPITest" tests="2" failures="0" timestamp="17 Jun 2019 09:30:40 GMT" time="7.278" errors="0">
  <testcase name="PaymentHistoryAPI" time="4.819" classname="com.arcapi.Transittestcases.PaymentHistoryAPITest"/>
  <testcase name="PaymentHistoryAPI" time="2.459" classname="com.arcapi.Transittestcases.PaymentHistoryAPITest"/>
</testsuite> <!-- com.arcapi.Transittestcases.PaymentHistoryAPITest -->
