<?xml version="1.0" encoding="UTF-8"?>
<!-- Generated by org.testng.reporters.JUnitReportReporter -->
<testsuite skipped="0" hostname="G10GNLT041" name="com.arcapi.Citytestcases.RatingSystemListAPITest" tests="2" failures="0" timestamp="17 Jun 2019 08:07:16 GMT" time="6.490" errors="0">
  <testcase name="RatingSystemListAPI" time="3.204" classname="com.arcapi.Citytestcases.RatingSystemListAPITest"/>
  <testcase name="RatingSystemListAPI" time="3.286" classname="com.arcapi.Citytestcases.RatingSystemListAPITest"/>
</testsuite> <!-- com.arcapi.Citytestcases.RatingSystemListAPITest -->
