<?xml version="1.0" encoding="UTF-8"?>
<!-- Generated by org.testng.reporters.JUnitReportReporter -->
<testsuite hostname="G10GGNLT052" name="com.arcapi.Common.AssetTeamMemberAddPOSTAPITest" tests="1" failures="0" timestamp="10 Oct 2019 08:21:46 GMT" time="4.111" errors="0">
  <testcase name="AssetTeamMemberAddPOSTAPI" time="4.111" classname="com.arcapi.Common.AssetTeamMemberAddPOSTAPITest"/>
</testsuite> <!-- com.arcapi.Common.AssetTeamMemberAddPOSTAPITest -->
