<?xml version="1.0" encoding="UTF-8"?>
<!-- Generated by org.testng.reporters.JUnitReportReporter -->
<testsuite hostname="G10GGNLT052" name="com.arcapi.Common.CityCom.MeasuresListAPITest" tests="1" failures="0" timestamp="11 Oct 2019 09:12:47 GMT" time="2.199" errors="0">
  <testcase name="MeasuresListAPI" time="2.199" classname="com.arcapi.Common.CityCom.MeasuresListAPITest"/>
</testsuite> <!-- com.arcapi.Common.CityCom.MeasuresListAPITest -->
