<?xml version="1.0" encoding="UTF-8"?>
<!-- Generated by org.testng.reporters.JUnitReportReporter -->
<testsuite hostname="G10GGNLT052" name="com.arcapi.Buildingtestcases.MunicipalitySuppliedPortableWaterCreatePOSTAPITest" tests="1" failures="0" timestamp="15 Nov 2019 09:39:22 GMT" time="3.213" errors="0">
  <testcase name="municipalitySuppliedPortableWaterCreatePOSTAPI" time="3.213" classname="com.arcapi.Buildingtestcases.MunicipalitySuppliedPortableWaterCreatePOSTAPITest"/>
</testsuite> <!-- com.arcapi.Buildingtestcases.MunicipalitySuppliedPortableWaterCreatePOSTAPITest -->
