<?xml version="1.0" encoding="UTF-8"?>
<!-- Generated by org.testng.reporters.JUnitReportReporter -->
<testsuite skipped="0" hostname="G10GNLT041" name="com.arcapi.Parksmarttestcases.LoginAPITest" tests="3" failures="0" timestamp="19 Sep 2018 09:47:26 GMT" time="22.334" errors="0">
  <testcase name="LoginAPI" time="5.992" classname="com.arcapi.Parksmarttestcases.LoginAPITest"/>
  <testcase name="LoginAPI" time="11.222" classname="com.arcapi.Parksmarttestcases.LoginAPITest"/>
  <testcase name="LoginAPI" time="5.120" classname="com.arcapi.Parksmarttestcases.LoginAPITest"/>
</testsuite> <!-- com.arcapi.Parksmarttestcases.LoginAPITest -->
