<?xml version="1.0" encoding="UTF-8"?>
<!-- Generated by org.testng.reporters.JUnitReportReporter -->
<testsuite hostname="G10GGNLT052" name="com.arcapi.Buildingtestcases.AnalysisDataEmissionAfterDecreaseTest" tests="2" failures="0" timestamp="7 Nov 2019 08:15:32 GMT" time="63.339" errors="0">
  <testcase name="AnalysisDataEmissionAfterDecrease" time="31.625" classname="com.arcapi.Buildingtestcases.AnalysisDataEmissionAfterDecreaseTest"/>
  <testcase name="AnalysisDataEmissionAfterDecrease" time="31.714" classname="com.arcapi.Buildingtestcases.AnalysisDataEmissionAfterDecreaseTest"/>
</testsuite> <!-- com.arcapi.Buildingtestcases.AnalysisDataEmissionAfterDecreaseTest -->
