<?xml version="1.0" encoding="UTF-8"?>
<!-- Generated by org.testng.reporters.JUnitReportReporter -->
<testsuite hostname="G10GGNLT052" name="com.arcapi.CompleteDataValidationNoPayloadTestcases.FeedbackSubmitPostAPITest" tests="1" failures="0" timestamp="9 Oct 2019 05:37:53 GMT" time="1.981" errors="0">
  <testcase name="FeedbackSubmitPostAPI" time="1.981" classname="com.arcapi.CompleteDataValidationNoPayloadTestcases.FeedbackSubmitPostAPITest"/>
</testsuite> <!-- com.arcapi.CompleteDataValidationNoPayloadTestcases.FeedbackSubmitPostAPITest -->
