<?xml version="1.0" encoding="UTF-8"?>
<!-- Generated by org.testng.reporters.JUnitReportReporter -->
<testsuite hostname="G10GGNLT052" name="com.arcapi.Common.V2.IntensityWaterGetAPITest" tests="1" failures="0" timestamp="7 Oct 2019 09:35:05 GMT" time="2.339" errors="0">
  <testcase name="IntensityWaterGetAPI" time="2.339" classname="com.arcapi.Common.V2.IntensityWaterGetAPITest"/>
</testsuite> <!-- com.arcapi.Common.V2.IntensityWaterGetAPITest -->
