<?xml version="1.0" encoding="UTF-8"?>
<!-- Generated by org.testng.reporters.JUnitReportReporter -->
<testsuite hostname="G10GGNLT052" name="com.arcapi.Common.LoginAPITest" tests="2" failures="0" timestamp="22 Oct 2019 10:35:10 GMT" time="8.687" errors="0">
  <testcase name="LoginAPI" time="4.563" classname="com.arcapi.Common.LoginAPITest"/>
  <testcase name="LoginAPI" time="4.124" classname="com.arcapi.Common.LoginAPITest"/>
</testsuite> <!-- com.arcapi.Common.LoginAPITest -->
