<?xml version="1.0" encoding="UTF-8"?>
<!-- Generated by org.testng.reporters.JUnitReportReporter -->
<testsuite skipped="0" hostname="G10GNLT041" name="com.arcapi.CompleteDataValidationTestcases.AssetNotificationSubscriptionPostTest" tests="1" failures="0" timestamp="21 Jun 2019 06:10:22 GMT" time="24.188" errors="0">
  <testcase name="AssetNotificationSubscriptionPost" time="24.188" classname="com.arcapi.CompleteDataValidationTestcases.AssetNotificationSubscriptionPostTest"/>
</testsuite> <!-- com.arcapi.CompleteDataValidationTestcases.AssetNotificationSubscriptionPostTest -->
