<?xml version="1.0" encoding="UTF-8"?>
<!-- Generated by org.testng.reporters.JUnitReportReporter -->
<testsuite hostname="G10GGNLT052" name="com.arcapi.InterRelatedFieldValidationTestcases.CreateAssetTransitPOSTAPITest" tests="1" failures="0" timestamp="10 Oct 2019 06:35:20 GMT" time="13.596" errors="0">
  <testcase name="CreateAssetTransitPOSTAPI" time="13.596" classname="com.arcapi.InterRelatedFieldValidationTestcases.CreateAssetTransitPOSTAPITest"/>
</testsuite> <!-- com.arcapi.InterRelatedFieldValidationTestcases.CreateAssetTransitPOSTAPITest -->
