<?xml version="1.0" encoding="UTF-8"?>
<!-- Generated by org.testng.reporters.JUnitReportReporter -->
<testsuite hostname="G10GGNLT052" name="com.arcapi.Buildingtestcases.ElectricityPurchasedFromGridCreatePOSTAPITest" tests="1" failures="0" timestamp="21 Sep 2019 09:20:03 GMT" time="2.803" errors="0">
  <testcase name="ElectricityPurchasedFromGridCreatePOST" time="2.803" classname="com.arcapi.Buildingtestcases.ElectricityPurchasedFromGridCreatePOSTAPITest"/>
</testsuite> <!-- com.arcapi.Buildingtestcases.ElectricityPurchasedFromGridCreatePOSTAPITest -->
