<?xml version="1.0" encoding="UTF-8"?>
<!-- Generated by org.testng.reporters.JUnitReportReporter -->
<testsuite hostname="G10GGNLT052" name="com.arcapi.Common.UserPreferenceTruePostAPITest" tests="1" failures="0" timestamp="10 Oct 2019 08:21:46 GMT" time="2.539" errors="0">
  <testcase name="UserPreferencePostAPI" time="2.539" classname="com.arcapi.Common.UserPreferenceTruePostAPITest"/>
</testsuite> <!-- com.arcapi.Common.UserPreferenceTruePostAPITest -->
