<?xml version="1.0" encoding="UTF-8"?>
<!-- Generated by org.testng.reporters.JUnitReportReporter -->
<testsuite skipped="0" hostname="G10GNLT041" name="com.arcapi.Buildingtestcases.WasteDivertedBulkDataPostTest" tests="2" failures="0" timestamp="17 Jun 2019 07:27:40 GMT" time="12.555" errors="0">
  <testcase name="WasteDivertedBulkDataPost" time="6.835" classname="com.arcapi.Buildingtestcases.WasteDivertedBulkDataPostTest"/>
  <testcase name="WasteDivertedBulkDataPost" time="5.720" classname="com.arcapi.Buildingtestcases.WasteDivertedBulkDataPostTest"/>
</testsuite> <!-- com.arcapi.Buildingtestcases.WasteDivertedBulkDataPostTest -->
