<?xml version="1.0" encoding="UTF-8"?>
<!-- Generated by org.testng.reporters.JUnitReportReporter -->
<testsuite hostname="G10GGNLT052" name="com.arcapi.Common.AssetTeamPermissionPutAPITest" tests="1" failures="0" timestamp="10 Sep 2019 13:39:53 GMT" time="3.143" errors="0">
  <testcase name="AssetTeamPermissionPutAPI" time="3.143" classname="com.arcapi.Common.AssetTeamPermissionPutAPITest"/>
</testsuite> <!-- com.arcapi.Common.AssetTeamPermissionPutAPITest -->
