<?xml version="1.0" encoding="UTF-8"?>
<!-- Generated by org.testng.reporters.JUnitReportReporter -->
<testsuite skipped="0" hostname="G10GNLT041" name="com.arcapi.Communitytestcases.NotificationGetAPITest" tests="2" failures="0" timestamp="17 Jun 2019 09:30:41 GMT" time="7.573" errors="0">
  <testcase name="NotificationGetAPI" time="3.914" classname="com.arcapi.Communitytestcases.NotificationGetAPITest"/>
  <testcase name="NotificationGetAPI" time="3.659" classname="com.arcapi.Communitytestcases.NotificationGetAPITest"/>
</testsuite> <!-- com.arcapi.Communitytestcases.NotificationGetAPITest -->
