<?xml version="1.0" encoding="UTF-8"?>
<!-- Generated by org.testng.reporters.JUnitReportReporter -->
<testsuite hostname="G10GGNLT052" name="com.arcapi.Portfoliostestcases.GresbAssetsDetailsGetAPITest" tests="1" failures="0" timestamp="5 Nov 2019 05:01:55 GMT" time="2.154" errors="0">
  <testcase name="GresbAssetsDetailsGetAPI" time="2.154" classname="com.arcapi.Portfoliostestcases.GresbAssetsDetailsGetAPITest"/>
</testsuite> <!-- com.arcapi.Portfoliostestcases.GresbAssetsDetailsGetAPITest -->
