<?xml version="1.0" encoding="UTF-8"?>
<!-- Generated by org.testng.reporters.JUnitReportReporter -->
<testsuite hostname="G10GGNLT052" name="com.arcapi.Common.AssetNotificationSubscriptionPostTest" tests="1" failures="0" timestamp="5 Nov 2019 05:13:47 GMT" time="1.749" errors="0">
  <testcase name="AssetNotificationSubscriptionPost" time="1.749" classname="com.arcapi.Common.AssetNotificationSubscriptionPostTest"/>
</testsuite> <!-- com.arcapi.Common.AssetNotificationSubscriptionPostTest -->
