<?xml version="1.0" encoding="UTF-8"?>
<!-- Generated by org.testng.reporters.JUnitReportReporter -->
<testsuite skipped="0" hostname="G10GNLT041" name="com.arcapi.TrailFlowtestcasesComplete.VerifyAssetDetailAPITest" tests="2" failures="0" timestamp="22 Feb 2019 05:49:40 GMT" time="4.745" errors="0">
  <testcase name="VerifyAssetDetailAPI" time="2.511" classname="com.arcapi.TrailFlowtestcasesComplete.VerifyAssetDetailAPITest"/>
  <testcase name="VerifyAssetDetailAPI" time="2.234" classname="com.arcapi.TrailFlowtestcasesComplete.VerifyAssetDetailAPITest"/>
</testsuite> <!-- com.arcapi.TrailFlowtestcasesComplete.VerifyAssetDetailAPITest -->
