<?xml version="1.0" encoding="UTF-8"?>
<!-- Generated by org.testng.reporters.JUnitReportReporter -->
<testsuite hostname="G10GGNLT052" name="com.arcapi.Transittestcases.VerifyExcelTemplateConsumptionEnergyWaterAPITest" tests="1" failures="0" timestamp="17 Oct 2019 07:26:52 GMT" time="9.038" errors="0">
  <testcase name="VerifyExcelTemplateConsumptionEnergyWaterAPI" time="9.038" classname="com.arcapi.Transittestcases.VerifyExcelTemplateConsumptionEnergyWaterAPITest"/>
</testsuite> <!-- com.arcapi.Transittestcases.VerifyExcelTemplateConsumptionEnergyWaterAPITest -->
