<?xml version="1.0" encoding="UTF-8"?>
<!-- Generated by org.testng.reporters.JUnitReportReporter -->
<testsuite skipped="0" hostname="G10GNLT041" name="com.arcapi.TrailFlowtestcases.VerifyProjectRegisteredAssetListTest" tests="1" failures="0" timestamp="05 Feb 2019 07:18:51 GMT" time="8.202" errors="0">
  <testcase name="VerifyProjectRegisteredAssetList" time="8.202" classname="com.arcapi.TrailFlowtestcases.VerifyProjectRegisteredAssetListTest"/>
</testsuite> <!-- com.arcapi.TrailFlowtestcases.VerifyProjectRegisteredAssetListTest -->
