<?xml version="1.0" encoding="UTF-8"?>
<!-- Generated by org.testng.reporters.JUnitReportReporter -->
<testsuite hostname="G10GGNLT052" name="com.arcapi.Buildingtestcases.WasteDivertedBulkDataPostTest" tests="1" failures="0" timestamp="10 Oct 2019 08:21:45 GMT" time="1.955" errors="0">
  <testcase name="WasteDivertedBulkDataPost" time="1.955" classname="com.arcapi.Buildingtestcases.WasteDivertedBulkDataPostTest"/>
</testsuite> <!-- com.arcapi.Buildingtestcases.WasteDivertedBulkDataPostTest -->
