<?xml version="1.0" encoding="UTF-8"?>
<!-- Generated by org.testng.reporters.JUnitReportReporter -->
<testsuite hostname="G10GGNLT052" name="com.arcapi.CompleteDataValidationNoPayloadTestcases.PortfoliosGoalsUpdateAPITest" tests="1" failures="0" timestamp="10 Sep 2019 14:33:25 GMT" time="2.382" errors="0">
  <testcase name="PortfoliosGoalsUpdateAPI" time="2.382" classname="com.arcapi.CompleteDataValidationNoPayloadTestcases.PortfoliosGoalsUpdateAPITest"/>
</testsuite> <!-- com.arcapi.CompleteDataValidationNoPayloadTestcases.PortfoliosGoalsUpdateAPITest -->
