<?xml version="1.0" encoding="UTF-8"?>
<!-- Generated by org.testng.reporters.JUnitReportReporter -->
<testsuite hostname="G10GGNLT052" name="com.arcapi.Common.FetchingAgreementDetailsAPITest" tests="1" failures="0" timestamp="5 Nov 2019 05:13:46 GMT" time="2.230" errors="0">
  <testcase name="FetchingAgreementDetailsAPI" time="2.230" classname="com.arcapi.Common.FetchingAgreementDetailsAPITest"/>
</testsuite> <!-- com.arcapi.Common.FetchingAgreementDetailsAPITest -->
