<?xml version="1.0" encoding="UTF-8"?>
<!-- Generated by org.testng.reporters.JUnitReportReporter -->
<testsuite skipped="0" hostname="G10GNLT041" name="com.arcapi.Communitytestcases.UserAccessLevelSAPGetTest" tests="2" failures="0" timestamp="17 Jun 2019 09:30:41 GMT" time="8.185" errors="0">
  <testcase name="UserAccessLevelSAPGet" time="4.663" classname="com.arcapi.Communitytestcases.UserAccessLevelSAPGetTest"/>
  <testcase name="UserAccessLevelSAPGet" time="3.522" classname="com.arcapi.Communitytestcases.UserAccessLevelSAPGetTest"/>
</testsuite> <!-- com.arcapi.Communitytestcases.UserAccessLevelSAPGetTest -->
