<?xml version="1.0" encoding="UTF-8"?>
<!-- Generated by org.testng.reporters.JUnitReportReporter -->
<testsuite hostname="G10GGNLT052" name="com.arcapi.Common.V2.ResampledHumanexperienceAnalysisDataGetAPITest" tests="1" failures="0" timestamp="5 Nov 2019 05:13:45 GMT" time="1.424" errors="0">
  <testcase name="ResampledHumanexperienceAnalysisDataGetAPI" time="1.424" classname="com.arcapi.Common.V2.ResampledHumanexperienceAnalysisDataGetAPITest"/>
</testsuite> <!-- com.arcapi.Common.V2.ResampledHumanexperienceAnalysisDataGetAPITest -->
