<?xml version="1.0" encoding="UTF-8"?>
<!-- Generated by org.testng.reporters.JUnitReportReporter -->
<testsuite hostname="G10GGNLT052" name="com.arcapi.Buildingtestcases.VerifyWasteDataExcelAPITest" tests="1" failures="0" timestamp="5 Nov 2019 05:13:46 GMT" time="2.578" errors="0">
  <testcase name="VerifyWasteDataExcelAPI" time="2.578" classname="com.arcapi.Buildingtestcases.VerifyWasteDataExcelAPITest"/>
</testsuite> <!-- com.arcapi.Buildingtestcases.VerifyWasteDataExcelAPITest -->
