<?xml version="1.0" encoding="UTF-8"?>
<!-- Generated by org.testng.reporters.JUnitReportReporter -->
<testsuite hostname="G10GGNLT052" name="com.arcapi.Buildingtestcases.WasteDetailAPITest" tests="1" failures="0" timestamp="10 Oct 2019 08:21:45 GMT" time="2.151" errors="0">
  <testcase name="WasteDetailAPI" time="2.151" classname="com.arcapi.Buildingtestcases.WasteDetailAPITest"/>
</testsuite> <!-- com.arcapi.Buildingtestcases.WasteDetailAPITest -->
