<?xml version="1.0" encoding="UTF-8"?>
<!-- Generated by org.testng.reporters.JUnitReportReporter -->
<testsuite hostname="G10GGNLT052" name="com.arcapi.Common.SubmitReviewPOSTAPITest" tests="1" failures="0" timestamp="20 Sep 2019 07:00:22 GMT" time="6.040" errors="0">
  <testcase name="SubmitReviewPOSTAPI" time="6.040" classname="com.arcapi.Common.SubmitReviewPOSTAPITest"/>
</testsuite> <!-- com.arcapi.Common.SubmitReviewPOSTAPITest -->
