<?xml version="1.0" encoding="UTF-8"?>
<!-- Generated by org.testng.reporters.JUnitReportReporter -->
<testsuite hostname="G10GGNLT052" name="com.arcapi.CompleteDataValidationNoPayloadTestcases.MeasuresUpdateAPITest" tests="1" failures="0" timestamp="10 Sep 2019 13:16:20 GMT" time="2.046" errors="0">
  <testcase name="MeasuresUpdateAPI" time="2.046" classname="com.arcapi.CompleteDataValidationNoPayloadTestcases.MeasuresUpdateAPITest"/>
</testsuite> <!-- com.arcapi.CompleteDataValidationNoPayloadTestcases.MeasuresUpdateAPITest -->
