<?xml version="1.0" encoding="UTF-8"?>
<!-- Generated by org.testng.reporters.JUnitReportReporter -->
<testsuite hostname="G10GGNLT052" name="com.arcapi.Buildingtestcases.AssetUpdateBuildingEmissionTest" tests="1" failures="0" timestamp="16 Aug 2019 13:09:11 GMT" time="4.200" errors="0">
  <testcase name="AssetUpdateforNewAssetPUTAPI" time="4.200" classname="com.arcapi.Buildingtestcases.AssetUpdateBuildingEmissionTest"/>
</testsuite> <!-- com.arcapi.Buildingtestcases.AssetUpdateBuildingEmissionTest -->
