<?xml version="1.0" encoding="UTF-8"?>
<!-- Generated by org.testng.reporters.JUnitReportReporter -->
<testsuite hostname="G10GGNLT052" name="com.arcapi.Buildingtestcases.VOCConsumptionCreateAPITest" tests="1" failures="0" timestamp="11 Oct 2019 08:57:39 GMT" time="2.399" errors="0">
  <testcase name="VOCConsumptionCreateAPI" time="2.399" classname="com.arcapi.Buildingtestcases.VOCConsumptionCreateAPITest"/>
</testsuite> <!-- com.arcapi.Buildingtestcases.VOCConsumptionCreateAPITest -->
