<?xml version="1.0" encoding="UTF-8"?>
<!-- Generated by org.testng.reporters.JUnitReportReporter -->
<testsuite skipped="0" hostname="G10GNLT041" name="com.arcapi.Transittestcases.VOCGetTest" tests="2" failures="0" timestamp="17 Jun 2019 09:30:41 GMT" time="10.559" errors="0">
  <testcase name="VOCGet" time="6.213" classname="com.arcapi.Transittestcases.VOCGetTest"/>
  <testcase name="VOCGet" time="4.346" classname="com.arcapi.Transittestcases.VOCGetTest"/>
</testsuite> <!-- com.arcapi.Transittestcases.VOCGetTest -->
