<?xml version="1.0" encoding="UTF-8"?>
<!-- Generated by org.testng.reporters.JUnitReportReporter -->
<testsuite hostname="G10GGNLT052" name="com.arcapi.Buildingtestcases.ElectricityConsumptionCreateAPITest" tests="1" failures="0" timestamp="7 Oct 2019 14:00:33 GMT" time="18.406" errors="0">
  <testcase name="ElectricityConsumptionCreateAPI" time="18.406" classname="com.arcapi.Buildingtestcases.ElectricityConsumptionCreateAPITest"/>
</testsuite> <!-- com.arcapi.Buildingtestcases.ElectricityConsumptionCreateAPITest -->
