<?xml version="1.0" encoding="UTF-8"?>
<!-- Generated by org.testng.reporters.JUnitReportReporter -->
<testsuite hostname="G10GGNLT052" name="com.arcapi.Buildingtestcases.WaterMeterCreateAPITest" tests="1" failures="0" timestamp="11 Oct 2019 08:57:39 GMT" time="109.310" errors="0">
  <testcase name="WaterMeterCreateAPI" time="109.310" classname="com.arcapi.Buildingtestcases.WaterMeterCreateAPITest"/>
</testsuite> <!-- com.arcapi.Buildingtestcases.WaterMeterCreateAPITest -->
