<?xml version="1.0" encoding="UTF-8"?>
<!-- Generated by org.testng.reporters.JUnitReportReporter -->
<testsuite skipped="0" hostname="G10GNLT041" name="com.arcapi.CrossRatingSystemtestcases.CO2GetTest" tests="2" failures="0" timestamp="21 Jun 2019 05:06:06 GMT" time="3.816" errors="0">
  <testcase name="CO2GetTestAPI" time="2.160" classname="com.arcapi.CrossRatingSystemtestcases.CO2GetTest"/>
  <testcase name="CO2GetTestAPI" time="1.656" classname="com.arcapi.CrossRatingSystemtestcases.CO2GetTest"/>
</testsuite> <!-- com.arcapi.CrossRatingSystemtestcases.CO2GetTest -->
