<?xml version="1.0" encoding="UTF-8"?>
<!-- Generated by org.testng.reporters.JUnitReportReporter -->
<testsuite hostname="G10GGNLT052" name="com.arcapi.Common.DownloadDocumentsAPITest" tests="1" failures="0" timestamp="27 Aug 2019 03:54:10 GMT" time="2.177" errors="0">
  <testcase name="DownloadDocumentsAPI" time="2.177" classname="com.arcapi.Common.DownloadDocumentsAPITest"/>
</testsuite> <!-- com.arcapi.Common.DownloadDocumentsAPITest -->
