<?xml version="1.0" encoding="UTF-8"?>
<!-- Generated by org.testng.reporters.JUnitReportReporter -->
<testsuite hostname="G10GGNLT052" name="com.arcapi.InterRelatedFieldValidationTestcases.CreateAssetParksmartPOSTAPITest" tests="1" failures="0" timestamp="10 Oct 2019 06:35:20 GMT" time="14.434" errors="0">
  <testcase name="CreateAssetPOSTAPI" time="14.434" classname="com.arcapi.InterRelatedFieldValidationTestcases.CreateAssetParksmartPOSTAPITest"/>
</testsuite> <!-- com.arcapi.InterRelatedFieldValidationTestcases.CreateAssetParksmartPOSTAPITest -->
