<?xml version="1.0" encoding="UTF-8"?>
<!-- Generated by org.testng.reporters.JUnitReportReporter -->
<testsuite hostname="G10GGNLT052" name="com.arcapi.Common.NotificationGetAPITest" tests="1" failures="0" timestamp="10 Sep 2019 13:39:52 GMT" time="3.042" errors="0">
  <testcase name="NotificationGetAPI" time="3.042" classname="com.arcapi.Common.NotificationGetAPITest"/>
</testsuite> <!-- com.arcapi.Common.NotificationGetAPITest -->
