<?xml version="1.0" encoding="UTF-8"?>
<!-- Generated by org.testng.reporters.JUnitReportReporter -->
<testsuite hostname="G10GGNLT052" name="com.arcapi.Portfoliostestcases.VerifyGresbAssetsDetailsGetAPITest" tests="1" failures="0" timestamp="17 Oct 2019 08:56:42 GMT" time="4.070" errors="0">
  <testcase name="GresbAssetsDetailsGetAPI" time="4.070" classname="com.arcapi.Portfoliostestcases.VerifyGresbAssetsDetailsGetAPITest"/>
</testsuite> <!-- com.arcapi.Portfoliostestcases.VerifyGresbAssetsDetailsGetAPITest -->
