<?xml version="1.0" encoding="UTF-8"?>
<!-- Generated by org.testng.reporters.JUnitReportReporter -->
<testsuite hostname="G10GGNLT052" name="com.arcapi.CompleteDataValidationNoPayloadTestcases.WasteDivertedBulkDataPostTest" tests="1" failures="0" timestamp="20 Sep 2019 08:24:46 GMT" time="2.225" errors="0">
  <testcase name="WasteDivertedBulkDataPost" time="2.225" classname="com.arcapi.CompleteDataValidationNoPayloadTestcases.WasteDivertedBulkDataPostTest"/>
</testsuite> <!-- com.arcapi.CompleteDataValidationNoPayloadTestcases.WasteDivertedBulkDataPostTest -->
