<?xml version="1.0" encoding="UTF-8"?>
<!-- Generated by org.testng.reporters.JUnitReportReporter -->
<testsuite hostname="G10GGNLT052" name="com.arcapi.Common.AssetValidationInfoPOSTAPITest" tests="1" failures="0" timestamp="5 Nov 2019 05:13:46 GMT" time="1.698" errors="0">
  <testcase name="AssetValidationInfoPOSTAPI" time="1.698" classname="com.arcapi.Common.AssetValidationInfoPOSTAPITest"/>
</testsuite> <!-- com.arcapi.Common.AssetValidationInfoPOSTAPITest -->
