<?xml version="1.0" encoding="UTF-8"?>
<!-- Generated by org.testng.reporters.JUnitReportReporter -->
<testsuite hostname="G10GGNLT052" name="com.arcapi.Common.PaymentHistoryAPITest" tests="1" failures="0" timestamp="16 Sep 2019 05:02:27 GMT" time="2.041" errors="0">
  <testcase name="PaymentHistoryAPI" time="2.041" classname="com.arcapi.Common.PaymentHistoryAPITest"/>
</testsuite> <!-- com.arcapi.Common.PaymentHistoryAPITest -->
