<?xml version="1.0" encoding="UTF-8"?>
<!-- Generated by org.testng.reporters.JUnitReportReporter -->
<testsuite hostname="G10GGNLT052" name="com.arcapi.Buildingtestcases.MeterDeleteAPITest" tests="1" failures="0" timestamp="10 Sep 2019 13:39:52 GMT" time="3.038" errors="0">
  <testcase name="MeterDeleteAPI" time="3.038" classname="com.arcapi.Buildingtestcases.MeterDeleteAPITest"/>
</testsuite> <!-- com.arcapi.Buildingtestcases.MeterDeleteAPITest -->
