<?xml version="1.0" encoding="UTF-8"?>
<!-- Generated by org.testng.reporters.JUnitReportReporter -->
<testsuite hostname="G10GGNLT052" name="com.arcapi.CompleteDataValidationNoPayloadTestcases.MeasuresVersionGetAPITest" tests="1" failures="0" timestamp="10 Sep 2019 12:34:02 GMT" time="2.738" errors="0">
  <testcase name="MeasuresVersionGetAPI" time="2.738" classname="com.arcapi.CompleteDataValidationNoPayloadTestcases.MeasuresVersionGetAPITest"/>
</testsuite> <!-- com.arcapi.CompleteDataValidationNoPayloadTestcases.MeasuresVersionGetAPITest -->
