<?xml version="1.0" encoding="UTF-8"?>
<!-- Generated by org.testng.reporters.JUnitReportReporter -->
<testsuite skipped="0" hostname="G10GNLT041" name="com.arcapi.CompleteDataValidationTestcases.MeasuresUpdateAPITest" tests="1" failures="0" timestamp="21 Jun 2019 06:10:23 GMT" time="27.391" errors="0">
  <testcase name="MeasuresUpdateAPI" time="27.391" classname="com.arcapi.CompleteDataValidationTestcases.MeasuresUpdateAPITest"/>
</testsuite> <!-- com.arcapi.CompleteDataValidationTestcases.MeasuresUpdateAPITest -->
