<?xml version="1.0" encoding="UTF-8"?>
<!-- Generated by org.testng.reporters.JUnitReportReporter -->
<testsuite hostname="G10GGNLT052" name="com.arcapi.Buildingtestcases.EnvironmentSurveyExportAPITest" tests="1" failures="0" timestamp="4 Sep 2019 04:54:36 GMT" time="1.862" errors="0">
  <testcase name="EnvironmentSurveyExportAPI" time="1.862" classname="com.arcapi.Buildingtestcases.EnvironmentSurveyExportAPITest"/>
</testsuite> <!-- com.arcapi.Buildingtestcases.EnvironmentSurveyExportAPITest -->
