<?xml version="1.0" encoding="UTF-8"?>
<!-- Generated by org.testng.reporters.JUnitReportReporter -->
<testsuite hostname="G10GGNLT052" name="com.arcapi.Parksmarttestcases.UserActivityListAPITest" tests="1" failures="0" timestamp="16 Sep 2019 05:02:29 GMT" time="1.956" errors="0">
  <testcase name="UserActivityListAPI" time="1.956" classname="com.arcapi.Parksmarttestcases.UserActivityListAPITest"/>
</testsuite> <!-- com.arcapi.Parksmarttestcases.UserActivityListAPITest -->
