<?xml version="1.0" encoding="UTF-8"?>
<!-- Generated by org.testng.reporters.JUnitReportReporter -->
<testsuite hostname="G10GGNLT052" name="com.arcapi.InterRelatedFieldValidationTestcases.VocCreatePOSTAPITest" tests="1" failures="0" timestamp="10 Oct 2019 06:35:20 GMT" time="66.617" errors="0">
  <testcase name="VocCreatePOSTAPI" time="66.617" classname="com.arcapi.InterRelatedFieldValidationTestcases.VocCreatePOSTAPITest"/>
</testsuite> <!-- com.arcapi.InterRelatedFieldValidationTestcases.VocCreatePOSTAPITest -->
