<?xml version="1.0" encoding="UTF-8"?>
<!-- Generated by org.testng.reporters.JUnitReportReporter -->
<testsuite skipped="0" hostname="G10GNLT041" name="com.arcapi.Buildingtestcases.NotificationGetAPITest" tests="2" failures="0" timestamp="17 Jun 2019 07:27:40 GMT" time="13.163" errors="0">
  <testcase name="NotificationGetAPI" time="7.473" classname="com.arcapi.Buildingtestcases.NotificationGetAPITest"/>
  <testcase name="NotificationGetAPI" time="5.690" classname="com.arcapi.Buildingtestcases.NotificationGetAPITest"/>
</testsuite> <!-- com.arcapi.Buildingtestcases.NotificationGetAPITest -->
