<?xml version="1.0" encoding="UTF-8"?>
<!-- Generated by org.testng.reporters.JUnitReportReporter -->
<testsuite hostname="G10GGNLT052" name="com.arcapi.Buildingtestcases.OtherFuelMeterCreateAPITest" tests="1" failures="0" timestamp="7 Nov 2019 06:53:23 GMT" time="459.774" errors="0">
  <testcase name="OtherFuelMeterCreateAPI" time="459.774" classname="com.arcapi.Buildingtestcases.OtherFuelMeterCreateAPITest"/>
</testsuite> <!-- com.arcapi.Buildingtestcases.OtherFuelMeterCreateAPITest -->
