<?xml version="1.0" encoding="UTF-8"?>
<!-- Generated by org.testng.reporters.JUnitReportReporter -->
<testsuite hostname="G10GGNLT052" name="com.arcapi.Common.AppVersionDetailAPITest" tests="1" failures="0" timestamp="7 Oct 2019 08:08:24 GMT" time="1.348" errors="0">
  <testcase name="AppVersionDetailAPI" time="1.348" classname="com.arcapi.Common.AppVersionDetailAPITest"/>
</testsuite> <!-- com.arcapi.Common.AppVersionDetailAPITest -->
