<?xml version="1.0" encoding="UTF-8"?>
<!-- Generated by org.testng.reporters.JUnitReportReporter -->
<testsuite hostname="G10GGNLT052" name="com.arcapi.Common.AnalysisDataSubmitPOSTAPITest" tests="1" failures="0" timestamp="11 Oct 2019 09:12:47 GMT" time="0.003" errors="0">
  <testcase name="AnalysisDataSubmitPOSTAPI" time="0.003" classname="com.arcapi.Common.AnalysisDataSubmitPOSTAPITest"/>
</testsuite> <!-- com.arcapi.Common.AnalysisDataSubmitPOSTAPITest -->
