<?xml version="1.0" encoding="UTF-8"?>
<!-- Generated by org.testng.reporters.JUnitReportReporter -->
<testsuite hostname="G10GGNLT052" name="com.arcapi.Leedv4Testcases.MeterCommentDeleteGroup2APITest" tests="1" failures="0" timestamp="22 Oct 2019 10:35:09 GMT" time="4.391" errors="0">
  <testcase name="MeterCommentDeleteGroup2API" time="4.391" classname="com.arcapi.Leedv4Testcases.MeterCommentDeleteGroup2APITest"/>
</testsuite> <!-- com.arcapi.Leedv4Testcases.MeterCommentDeleteGroup2APITest -->
