<?xml version="1.0" encoding="UTF-8"?>
<!-- Generated by org.testng.reporters.JUnitReportReporter -->
<testsuite skipped="0" hostname="G10GNLT041" name="com.arcapi.TrailFlowtestcases.MeterDeleteAPITest" tests="1" failures="0" timestamp="05 Feb 2019 07:18:51 GMT" time="9.162" errors="0">
  <testcase name="MeterDeleteAPI" time="9.162" classname="com.arcapi.TrailFlowtestcases.MeterDeleteAPITest"/>
</testsuite> <!-- com.arcapi.TrailFlowtestcases.MeterDeleteAPITest -->
