<?xml version="1.0" encoding="UTF-8"?>
<!-- Generated by org.testng.reporters.JUnitReportReporter -->
<testsuite hostname="G10GGNLT052" name="com.arcapi.Citytestcases.AssetOwnerOrgPOSTAPITest" tests="1" failures="0" timestamp="14 Aug 2019 08:09:03 GMT" time="6.615" errors="0">
  <testcase name="AssetOwnerOrgPOSTAPI" time="6.615" classname="com.arcapi.Citytestcases.AssetOwnerOrgPOSTAPITest"/>
</testsuite> <!-- com.arcapi.Citytestcases.AssetOwnerOrgPOSTAPITest -->
