<?xml version="1.0" encoding="UTF-8"?>
<!-- Generated by org.testng.reporters.JUnitReportReporter -->
<testsuite skipped="0" hostname="G10GNLT041" name="com.arcapi.TrailFlowtestcases.City.AssetDetailAPITest" tests="1" failures="0" timestamp="06 Feb 2019 05:56:20 GMT" time="2.551" errors="0">
  <testcase name="AssetDetailAPI" time="2.551" classname="com.arcapi.TrailFlowtestcases.City.AssetDetailAPITest"/>
</testsuite> <!-- com.arcapi.TrailFlowtestcases.City.AssetDetailAPITest -->
