<?xml version="1.0" encoding="UTF-8"?>
<!-- Generated by org.testng.reporters.JUnitReportReporter -->
<testsuite hostname="G10GGNLT052" name="com.arcapi.ScenarioBasedTestcases.AssetTeamMemberRemoveAdminAPITest" tests="2" failures="0" timestamp="22 Oct 2019 08:00:56 GMT" time="2.774" errors="0">
  <testcase name="AssetTeamMemberRemoveAdminAPI" time="1.399" classname="com.arcapi.ScenarioBasedTestcases.AssetTeamMemberRemoveAdminAPITest"/>
  <testcase name="AssetTeamMemberRemoveAdminAPI" time="1.375" classname="com.arcapi.ScenarioBasedTestcases.AssetTeamMemberRemoveAdminAPITest"/>
</testsuite> <!-- com.arcapi.ScenarioBasedTestcases.AssetTeamMemberRemoveAdminAPITest -->
