<?xml version="1.0" encoding="UTF-8"?>
<!-- Generated by org.testng.reporters.JUnitReportReporter -->
<testsuite hostname="G10GGNLT052" name="com.arcapi.CompleteDataValidationNoPayloadTestcases.PortfoliosDetailPUTAPITest" tests="1" failures="0" timestamp="10 Sep 2019 14:33:25 GMT" time="0.006" errors="0">
  <testcase name="PortfoliosDetailPUTAPI" time="0.006" classname="com.arcapi.CompleteDataValidationNoPayloadTestcases.PortfoliosDetailPUTAPITest"/>
</testsuite> <!-- com.arcapi.CompleteDataValidationNoPayloadTestcases.PortfoliosDetailPUTAPITest -->
