<?xml version="1.0" encoding="UTF-8"?>
<!-- Generated by org.testng.reporters.JUnitReportReporter -->
<testsuite skipped="0" hostname="G10GNLT041" name="com.arcapi.CompleteDataValidationNoPayloadTestcases.AssetNotificationSubscriptionPostTest" tests="1" failures="0" timestamp="21 Jun 2019 06:10:22 GMT" time="1.855" errors="0">
  <testcase name="AssetNotificationSubscriptionPost" time="1.855" classname="com.arcapi.CompleteDataValidationNoPayloadTestcases.AssetNotificationSubscriptionPostTest"/>
</testsuite> <!-- com.arcapi.CompleteDataValidationNoPayloadTestcases.AssetNotificationSubscriptionPostTest -->
