<?xml version="1.0" encoding="UTF-8"?>
<!-- Generated by org.testng.reporters.JUnitReportReporter -->
<testsuite hostname="G10GGNLT052" name="com.arcapi.Common.PaymentOrderSubmitPOSTAPITest" tests="1" failures="0" timestamp="10 Sep 2019 13:39:53 GMT" time="12.148" errors="0">
  <testcase name="PaymentOrderSubmitPOSTAPI" time="12.148" classname="com.arcapi.Common.PaymentOrderSubmitPOSTAPITest"/>
</testsuite> <!-- com.arcapi.Common.PaymentOrderSubmitPOSTAPITest -->
