<?xml version="1.0" encoding="UTF-8"?>
<!-- Generated by org.testng.reporters.JUnitReportReporter -->
<testsuite skipped="0" hostname="G10GNLT041" name="com.arcapi.Transittestcases.AssetCertificationListAPITest" tests="2" failures="0" timestamp="17 Jun 2019 09:30:40 GMT" time="8.504" errors="0">
  <testcase name="AssetCertificationListAPI" time="4.754" classname="com.arcapi.Transittestcases.AssetCertificationListAPITest"/>
  <testcase name="AssetCertificationListAPI" time="3.750" classname="com.arcapi.Transittestcases.AssetCertificationListAPITest"/>
</testsuite> <!-- com.arcapi.Transittestcases.AssetCertificationListAPITest -->
