<?xml version="1.0" encoding="UTF-8"?>
<!-- Generated by org.testng.reporters.JUnitReportReporter -->
<testsuite hostname="G10GGNLT052" name="com.arcapi.Common.AssetDocumentAPITest" tests="2" failures="0" timestamp="22 Oct 2019 10:35:09 GMT" time="6.097" errors="0">
  <testcase name="AssetDocumentAPI" time="3.314" classname="com.arcapi.Common.AssetDocumentAPITest"/>
  <testcase name="AssetDocumentAPI" time="2.783" classname="com.arcapi.Common.AssetDocumentAPITest"/>
</testsuite> <!-- com.arcapi.Common.AssetDocumentAPITest -->
