<?xml version="1.0" encoding="UTF-8"?>
<!-- Generated by org.testng.reporters.JUnitReportReporter -->
<testsuite skipped="0" hostname="G10GNLT041" name="com.arcapi.Buildingtestcases.WasteDetailAPITest" tests="2" failures="0" timestamp="17 Jun 2019 07:27:39 GMT" time="11.608" errors="0">
  <testcase name="WasteDetailAPI" time="5.486" classname="com.arcapi.Buildingtestcases.WasteDetailAPITest"/>
  <testcase name="WasteDetailAPI" time="6.122" classname="com.arcapi.Buildingtestcases.WasteDetailAPITest"/>
</testsuite> <!-- com.arcapi.Buildingtestcases.WasteDetailAPITest -->
