<?xml version="1.0" encoding="UTF-8"?>
<!-- Generated by org.testng.reporters.JUnitReportReporter -->
<testsuite hostname="G10GGNLT052" name="com.arcapi.Scoretestcases.version3.CityMedianIncomeGetTest" tests="1" failures="0" timestamp="19 Sep 2019 09:17:17 GMT" time="2.007" errors="0">
  <testcase name="CityMedianIncomeGet" time="2.007" classname="com.arcapi.Scoretestcases.version3.CityMedianIncomeGetTest"/>
</testsuite> <!-- com.arcapi.Scoretestcases.version3.CityMedianIncomeGetTest -->
