<?xml version="1.0" encoding="UTF-8"?>
<!-- Generated by org.testng.reporters.JUnitReportReporter -->
<testsuite skipped="0" hostname="G10GNLT041" name="com.arcapi.Communitytestcases.AssetDetailAPITest" tests="2" failures="0" timestamp="17 Jun 2019 09:30:40 GMT" time="8.147" errors="0">
  <testcase name="AssetDetailAPI" time="4.377" classname="com.arcapi.Communitytestcases.AssetDetailAPITest"/>
  <testcase name="AssetDetailAPI" time="3.770" classname="com.arcapi.Communitytestcases.AssetDetailAPITest"/>
</testsuite> <!-- com.arcapi.Communitytestcases.AssetDetailAPITest -->
