<?xml version="1.0" encoding="UTF-8"?>
<!-- Generated by org.testng.reporters.JUnitReportReporter -->
<testsuite skipped="0" hostname="G10GNLT041" name="com.arcapi.Leedv4Testcases.MeterCommentPostAPITest" tests="1" failures="0" timestamp="27 Sep 2018 07:05:19 GMT" time="29.116" errors="0">
  <testcase name="MeterCommentPostAPI" time="29.116" classname="com.arcapi.Leedv4Testcases.MeterCommentPostAPITest"/>
</testsuite> <!-- com.arcapi.Leedv4Testcases.MeterCommentPostAPITest -->
