<?xml version="1.0" encoding="UTF-8"?>
<!-- Generated by org.testng.reporters.JUnitReportReporter -->
<testsuite skipped="0" hostname="G10GNLT041" name="com.arcapi.Citytestcases.RecomputePerformanceScoreGetTest" tests="2" failures="0" timestamp="17 Jun 2019 08:07:17 GMT" time="19.042" errors="0">
  <testcase name="RecomputePerformanceScoreGet" time="9.481" classname="com.arcapi.Citytestcases.RecomputePerformanceScoreGetTest"/>
  <testcase name="RecomputePerformanceScoreGet" time="9.561" classname="com.arcapi.Citytestcases.RecomputePerformanceScoreGetTest"/>
</testsuite> <!-- com.arcapi.Citytestcases.RecomputePerformanceScoreGetTest -->
