<?xml version="1.0" encoding="UTF-8"?>
<!-- Generated by org.testng.reporters.JUnitReportReporter -->
<testsuite hostname="G10GGNLT052" name="com.arcapi.Scoretestcases.version3.CityUnhealthyDaysGetTest" tests="1" failures="0" timestamp="1 Oct 2019 07:53:07 GMT" time="1.739" errors="0">
  <testcase name="CityUnhealthyDaysGet" time="1.739" classname="com.arcapi.Scoretestcases.version3.CityUnhealthyDaysGetTest"/>
</testsuite> <!-- com.arcapi.Scoretestcases.version3.CityUnhealthyDaysGetTest -->
