<?xml version="1.0" encoding="UTF-8"?>
<!-- Generated by org.testng.reporters.JUnitReportReporter -->
<testsuite hostname="G10GGNLT052" name="com.arcapi.CompleteDataValidationNoPayloadTestcases.AssetAppaddPOSTAPITest" tests="1" failures="0" timestamp="13 Aug 2019 07:30:05 GMT" time="1.637" errors="0">
  <testcase name="AssetAppaddPOSTAPI" time="1.637" classname="com.arcapi.CompleteDataValidationNoPayloadTestcases.AssetAppaddPOSTAPITest"/>
</testsuite> <!-- com.arcapi.CompleteDataValidationNoPayloadTestcases.AssetAppaddPOSTAPITest -->
