<?xml version="1.0" encoding="UTF-8"?>
<!-- Generated by org.testng.reporters.JUnitReportReporter -->
<testsuite skipped="0" hostname="G10GNLT041" name="com.arcapi.Citytestcases.AvgPerformaceListGetTest" tests="2" failures="0" timestamp="17 Jun 2019 08:07:17 GMT" time="7.385" errors="0">
  <testcase name="AvgPerformaceList" time="3.179" classname="com.arcapi.Citytestcases.AvgPerformaceListGetTest"/>
  <testcase name="AvgPerformaceList" time="4.206" classname="com.arcapi.Citytestcases.AvgPerformaceListGetTest"/>
</testsuite> <!-- com.arcapi.Citytestcases.AvgPerformaceListGetTest -->
