<?xml version="1.0" encoding="UTF-8"?>
<!-- Generated by org.testng.reporters.JUnitReportReporter -->
<testsuite hostname="G10GGNLT052" name="com.arcapi.Portfoliostestcases.PortfoliosWasteDiversion3YearLBSDataVerifyGetAPITest" tests="1" failures="0" timestamp="20 Sep 2019 06:16:38 GMT" time="2.040" errors="0">
  <testcase name="PortfoliosWasteDiversion3YearLBSDataVerifyGetAPI" time="2.040" classname="com.arcapi.Portfoliostestcases.PortfoliosWasteDiversion3YearLBSDataVerifyGetAPITest"/>
</testsuite> <!-- com.arcapi.Portfoliostestcases.PortfoliosWasteDiversion3YearLBSDataVerifyGetAPITest -->
