<?xml version="1.0" encoding="UTF-8"?>
<!-- Generated by org.testng.reporters.JUnitReportReporter -->
<testsuite hostname="G10GGNLT052" name="com.arcapi.Common.AssetOwnerOrgPOSTAPITest" tests="1" failures="0" timestamp="11 Oct 2019 09:12:47 GMT" time="3.216" errors="0">
  <testcase name="AssetOwnerOrgPOSTAPI" time="3.216" classname="com.arcapi.Common.AssetOwnerOrgPOSTAPITest"/>
</testsuite> <!-- com.arcapi.Common.AssetOwnerOrgPOSTAPITest -->
