<?xml version="1.0" encoding="UTF-8"?>
<!-- Generated by org.testng.reporters.JUnitReportReporter -->
<testsuite skipped="0" hostname="G10GNLT041" name="com.arcapi.Buildingtestcases.VOCGetTest" tests="2" failures="0" timestamp="17 Jun 2019 07:27:40 GMT" time="13.070" errors="0">
  <testcase name="VOCGet" time="7.016" classname="com.arcapi.Buildingtestcases.VOCGetTest"/>
  <testcase name="VOCGet" time="6.054" classname="com.arcapi.Buildingtestcases.VOCGetTest"/>
</testsuite> <!-- com.arcapi.Buildingtestcases.VOCGetTest -->
