<?xml version="1.0" encoding="UTF-8"?>
<!-- Generated by org.testng.reporters.JUnitReportReporter -->
<testsuite hostname="G10GGNLT052" name="com.arcapi.ScenarioBasedTestcases.LoginAPITest1" tests="2" failures="0" timestamp="22 Oct 2019 08:00:56 GMT" time="7.939" errors="0">
  <testcase name="LoginAPI" time="3.029" classname="com.arcapi.ScenarioBasedTestcases.LoginAPITest1"/>
  <testcase name="LoginAPI" time="4.910" classname="com.arcapi.ScenarioBasedTestcases.LoginAPITest1"/>
</testsuite> <!-- com.arcapi.ScenarioBasedTestcases.LoginAPITest1 -->
