<?xml version="1.0" encoding="UTF-8"?>
<!-- Generated by org.testng.reporters.JUnitReportReporter -->
<testsuite hostname="G10GGNLT052" name="com.arcapi.Common.SignAgreementRegistrationAPITest" tests="1" failures="0" timestamp="27 Sep 2019 05:35:20 GMT" time="9.498" errors="0">
  <testcase name="SignAgreementRegistrationAPI" time="9.498" classname="com.arcapi.Common.SignAgreementRegistrationAPITest"/>
</testsuite> <!-- com.arcapi.Common.SignAgreementRegistrationAPITest -->
