<?xml version="1.0" encoding="UTF-8"?>
<!-- Generated by org.testng.reporters.JUnitReportReporter -->
<testsuite hostname="G10GGNLT052" name="com.arcapi.Common.SubmitReviewGetAPITest" tests="1" failures="0" timestamp="17 Oct 2019 07:26:51 GMT" time="2.122" errors="0">
  <testcase name="SubmitReviewGetAPI" time="2.122" classname="com.arcapi.Common.SubmitReviewGetAPITest"/>
</testsuite> <!-- com.arcapi.Common.SubmitReviewGetAPITest -->
