<?xml version="1.0" encoding="UTF-8"?>
<!-- Generated by org.testng.reporters.JUnitReportReporter -->
<testsuite hostname="G10GGNLT052" name="com.arcapi.Common.UserDetailAPITest" tests="1" failures="0" timestamp="5 Mar 2020 04:50:37 GMT" time="1.670" errors="0">
  <testcase name="UserDetailAPI" time="1.670" classname="com.arcapi.Common.UserDetailAPITest"/>
</testsuite> <!-- com.arcapi.Common.UserDetailAPITest -->
