<?xml version="1.0" encoding="UTF-8"?>
<!-- Generated by org.testng.reporters.JUnitReportReporter -->
<testsuite skipped="0" hostname="G10GNLT041" name="com.arcapi.Buildingtestcases.AssetSnapshotKeysAPITest" tests="2" failures="0" timestamp="17 Jun 2019 07:27:39 GMT" time="14.009" errors="0">
  <testcase name="AssetSnapshotKeysAPI" time="7.253" classname="com.arcapi.Buildingtestcases.AssetSnapshotKeysAPITest"/>
  <testcase name="AssetSnapshotKeysAPI" time="6.756" classname="com.arcapi.Buildingtestcases.AssetSnapshotKeysAPITest"/>
</testsuite> <!-- com.arcapi.Buildingtestcases.AssetSnapshotKeysAPITest -->
