<?xml version="1.0" encoding="UTF-8"?>
<!-- Generated by org.testng.reporters.JUnitReportReporter -->
<testsuite hostname="G10GGNLT052" name="com.arcapi.Common.AssetTeamMemberRemoveAPITest" tests="1" failures="0" timestamp="10 Sep 2019 13:39:52 GMT" time="3.623" errors="0">
  <testcase name="AssetTeamMemberRemoveAPI" time="3.623" classname="com.arcapi.Common.AssetTeamMemberRemoveAPITest"/>
</testsuite> <!-- com.arcapi.Common.AssetTeamMemberRemoveAPITest -->
