<?xml version="1.0" encoding="UTF-8"?>
<!-- Generated by org.testng.reporters.JUnitReportReporter -->
<testsuite hostname="G10GGNLT052" name="com.arcapi.Common.V2.Water_ScoreBasicAnalysisDataGetAPITest" tests="1" failures="0" timestamp="3 Oct 2019 06:11:50 GMT" time="2.210" errors="0">
  <testcase name="Water_ScoreBasicAnalysisDataGetAPI" time="2.210" classname="com.arcapi.Common.V2.Water_ScoreBasicAnalysisDataGetAPITest"/>
</testsuite> <!-- com.arcapi.Common.V2.Water_ScoreBasicAnalysisDataGetAPITest -->
