<?xml version="1.0" encoding="UTF-8"?>
<!-- Generated by org.testng.reporters.JUnitReportReporter -->
<testsuite hostname="G10GGNLT052" name="com.arcapi.CompleteDataValidationNoPayloadTestcases.AssetTeamMemberRemoveAPITest" tests="1" failures="0" timestamp="13 Aug 2019 07:30:04 GMT" time="2.435" errors="0">
  <testcase name="AssetTeamMemberRemoveAPI" time="2.435" classname="com.arcapi.CompleteDataValidationNoPayloadTestcases.AssetTeamMemberRemoveAPITest"/>
</testsuite> <!-- com.arcapi.CompleteDataValidationNoPayloadTestcases.AssetTeamMemberRemoveAPITest -->
