<?xml version="1.0" encoding="UTF-8"?>
<!-- Generated by org.testng.reporters.JUnitReportReporter -->
<testsuite hostname="G10GGNLT052" name="com.arcapi.ScenarioBasedTestcases.AssetTeamMemberUpdateAdminAPITest" tests="2" failures="0" timestamp="22 Oct 2019 08:00:56 GMT" time="5.906" errors="0">
  <testcase name="AssetTeamMemberUpdateAdminAPI" time="2.999" classname="com.arcapi.ScenarioBasedTestcases.AssetTeamMemberUpdateAdminAPITest"/>
  <testcase name="AssetTeamMemberUpdateAdminAPI" time="2.907" classname="com.arcapi.ScenarioBasedTestcases.AssetTeamMemberUpdateAdminAPITest"/>
</testsuite> <!-- com.arcapi.ScenarioBasedTestcases.AssetTeamMemberUpdateAdminAPITest -->
