<?xml version="1.0" encoding="UTF-8"?>
<!-- Generated by org.testng.reporters.JUnitReportReporter -->
<testsuite hostname="G10GGNLT052" name="com.arcapi.Buildingtestcases.AssetUpdateBuildingNoneAPITest" tests="1" failures="0" timestamp="6 Sep 2019 05:15:53 GMT" time="2.284" errors="0">
  <testcase name="AssetUpdateforNewAssetPUTAPI" time="2.284" classname="com.arcapi.Buildingtestcases.AssetUpdateBuildingNoneAPITest"/>
</testsuite> <!-- com.arcapi.Buildingtestcases.AssetUpdateBuildingNoneAPITest -->
