<?xml version="1.0" encoding="UTF-8"?>
<!-- Generated by org.testng.reporters.JUnitReportReporter -->
<testsuite skipped="0" hostname="G10GNLT041" name="com.arcapi.Transittestcases.AvgPerformaceListGetTest" tests="2" failures="0" timestamp="17 Jun 2019 09:30:40 GMT" time="8.078" errors="0">
  <testcase name="AvgPerformaceList" time="4.518" classname="com.arcapi.Transittestcases.AvgPerformaceListGetTest"/>
  <testcase name="AvgPerformaceList" time="3.560" classname="com.arcapi.Transittestcases.AvgPerformaceListGetTest"/>
</testsuite> <!-- com.arcapi.Transittestcases.AvgPerformaceListGetTest -->
