<?xml version="1.0" encoding="UTF-8"?>
<!-- Generated by org.testng.reporters.JUnitReportReporter -->
<testsuite hostname="G10GGNLT052" name="com.arcapi.CompleteDataValidationNoPayloadTestcases.PortfoliosDetailPUTAPITest" tests="1" failures="0" timestamp="13 Aug 2019 09:34:18 GMT" time="1.786" errors="0">
  <testcase name="PortfoliosDetailPUTAPI" time="1.786" classname="com.arcapi.CompleteDataValidationNoPayloadTestcases.PortfoliosDetailPUTAPITest"/>
</testsuite> <!-- com.arcapi.CompleteDataValidationNoPayloadTestcases.PortfoliosDetailPUTAPITest -->
