<?xml version="1.0" encoding="UTF-8"?>
<!-- Generated by org.testng.reporters.JUnitReportReporter -->
<testsuite hostname="G10GGNLT052" name="com.arcapi.Buildingtestcases.ConsumptionUpdateEmissionAPITest" tests="2" failures="0" timestamp="7 Nov 2019 08:15:32 GMT" time="3.258" errors="0">
  <testcase name="ConsumptionUpdateEmissionAPI" time="1.744" classname="com.arcapi.Buildingtestcases.ConsumptionUpdateEmissionAPITest"/>
  <testcase name="ConsumptionUpdateEmissionAPI" time="1.514" classname="com.arcapi.Buildingtestcases.ConsumptionUpdateEmissionAPITest"/>
</testsuite> <!-- com.arcapi.Buildingtestcases.ConsumptionUpdateEmissionAPITest -->
