<?xml version="1.0" encoding="UTF-8"?>
<!-- Generated by org.testng.reporters.JUnitReportReporter -->
<testsuite hostname="G10GGNLT052" name="com.arcapi.Citytestcases.AppVersionDetailAPITest" tests="1" failures="0" timestamp="14 Aug 2019 08:09:03 GMT" time="3.515" errors="0">
  <testcase name="AppVersionDetailAPI" time="3.515" classname="com.arcapi.Citytestcases.AppVersionDetailAPITest"/>
</testsuite> <!-- com.arcapi.Citytestcases.AppVersionDetailAPITest -->
