<?xml version="1.0" encoding="UTF-8"?>
<!-- Generated by org.testng.reporters.JUnitReportReporter -->
<testsuite skipped="0" hostname="G10GNLT041" name="com.arcapi.Transittestcases.AssetTeamMemberAddPOSTAPITest" tests="2" failures="0" timestamp="17 Jun 2019 09:30:41 GMT" time="9.674" errors="0">
  <testcase name="AssetTeamMemberAddPOSTAPI" time="3.208" classname="com.arcapi.Transittestcases.AssetTeamMemberAddPOSTAPITest"/>
  <testcase name="AssetTeamMemberAddPOSTAPI" time="6.466" classname="com.arcapi.Transittestcases.AssetTeamMemberAddPOSTAPITest"/>
</testsuite> <!-- com.arcapi.Transittestcases.AssetTeamMemberAddPOSTAPITest -->
