<?xml version="1.0" encoding="UTF-8"?>
<!-- Generated by org.testng.reporters.JUnitReportReporter -->
<testsuite skipped="0" hostname="G10GNLT041" name="com.arcapi.Citytestcases.AssetPerformanceScoreListAPITest" tests="2" failures="0" timestamp="17 Jun 2019 08:07:17 GMT" time="6.173" errors="0">
  <testcase name="AssetPerformanceScoreListAPI" time="3.202" classname="com.arcapi.Citytestcases.AssetPerformanceScoreListAPITest"/>
  <testcase name="AssetPerformanceScoreListAPI" time="2.971" classname="com.arcapi.Citytestcases.AssetPerformanceScoreListAPITest"/>
</testsuite> <!-- com.arcapi.Citytestcases.AssetPerformanceScoreListAPITest -->
