<?xml version="1.0" encoding="UTF-8"?>
<!-- Generated by org.testng.reporters.JUnitReportReporter -->
<testsuite skipped="0" hostname="G10GNLT041" name="com.arcapi.Transittestcases.CreditUpdatePUTAPITest" tests="2" failures="0" timestamp="17 Jun 2019 09:30:40 GMT" time="162.757" errors="0">
  <testcase name="CreditUpdatePUTAPI" time="85.880" classname="com.arcapi.Transittestcases.CreditUpdatePUTAPITest"/>
  <testcase name="CreditUpdatePUTAPI" time="76.877" classname="com.arcapi.Transittestcases.CreditUpdatePUTAPITest"/>
</testsuite> <!-- com.arcapi.Transittestcases.CreditUpdatePUTAPITest -->
