<?xml version="1.0" encoding="UTF-8"?>
<!-- Generated by org.testng.reporters.JUnitReportReporter -->
<testsuite hostname="G10GGNLT052" name="com.arcapi.Common.FetchingAgreementDetailsAPITest" tests="2" failures="0" timestamp="8 Nov 2019 07:29:52 GMT" time="15.460" errors="0">
  <testcase name="FetchingAgreementDetailsAPI" time="8.113" classname="com.arcapi.Common.FetchingAgreementDetailsAPITest"/>
  <testcase name="FetchingAgreementDetailsAPI" time="7.347" classname="com.arcapi.Common.FetchingAgreementDetailsAPITest"/>
</testsuite> <!-- com.arcapi.Common.FetchingAgreementDetailsAPITest -->
