<?xml version="1.0" encoding="UTF-8"?>
<!-- Generated by org.testng.reporters.JUnitReportReporter -->
<testsuite hostname="G10GGNLT052" name="com.arcapi.ScenarioBasedTestcases.EnergyCreate180DaysDataPostAPITest" tests="1" failures="0" timestamp="22 Oct 2019 08:12:10 GMT" time="1.470" errors="0">
  <testcase name="EnergyCreate180DaysDataPostAPI" time="1.470" classname="com.arcapi.ScenarioBasedTestcases.EnergyCreate180DaysDataPostAPITest"/>
</testsuite> <!-- com.arcapi.ScenarioBasedTestcases.EnergyCreate180DaysDataPostAPITest -->
