<?xml version="1.0" encoding="UTF-8"?>
<!-- Generated by org.testng.reporters.JUnitReportReporter -->
<testsuite hostname="G10GGNLT052" name="com.arcapi.Buildingtestcases.GhgMeanEmissionAfterDecreaseTest" tests="1" failures="0" timestamp="16 Aug 2019 13:09:11 GMT" time="3.070" errors="0">
  <testcase name="GhgGetTestAPI" time="3.070" classname="com.arcapi.Buildingtestcases.GhgMeanEmissionAfterDecreaseTest"/>
</testsuite> <!-- com.arcapi.Buildingtestcases.GhgMeanEmissionAfterDecreaseTest -->
