<?xml version="1.0" encoding="UTF-8"?>
<!-- Generated by org.testng.reporters.JUnitReportReporter -->
<testsuite hostname="G10GGNLT052" name="com.arcapi.Buildingtestcases.V4ExcelUploadTemplatePOSTAPITest" tests="1" failures="0" timestamp="22 Oct 2019 10:35:09 GMT" time="4.840" errors="0">
  <testcase name="V4ExcelUploadTemplatePOSTAPI" time="4.840" classname="com.arcapi.Buildingtestcases.V4ExcelUploadTemplatePOSTAPITest"/>
</testsuite> <!-- com.arcapi.Buildingtestcases.V4ExcelUploadTemplatePOSTAPITest -->
