<?xml version="1.0" encoding="UTF-8"?>
<!-- Generated by org.testng.reporters.JUnitReportReporter -->
<testsuite hostname="G10GGNLT052" name="com.arcapi.CompleteDataValidationNoPayloadTestcases.PortfoliosTeamsPUTAPITest" tests="1" failures="0" timestamp="10 Sep 2019 14:33:25 GMT" time="1.994" errors="0">
  <testcase name="PortfoliosTeamsPUTAPI" time="1.994" classname="com.arcapi.CompleteDataValidationNoPayloadTestcases.PortfoliosTeamsPUTAPITest"/>
</testsuite> <!-- com.arcapi.CompleteDataValidationNoPayloadTestcases.PortfoliosTeamsPUTAPITest -->
