<?xml version="1.0" encoding="UTF-8"?>
<!-- Generated by org.testng.reporters.JUnitReportReporter -->
<testsuite hostname="G10GGNLT052" name="com.arcapi.Citytestcases.MeasuresListAPITest" tests="1" failures="0" timestamp="14 Aug 2019 08:09:03 GMT" time="2.471" errors="0">
  <testcase name="MeasuresListAPI" time="2.471" classname="com.arcapi.Citytestcases.MeasuresListAPITest"/>
</testsuite> <!-- com.arcapi.Citytestcases.MeasuresListAPITest -->
