<?xml version="1.0" encoding="UTF-8"?>
<!-- Generated by org.testng.reporters.JUnitReportReporter -->
<testsuite skipped="0" hostname="G10GNLT041" name="com.arcapi.ScenarioBasedTestcases.AssetTeamMemberAddPOSTAPITest" tests="1" failures="0" timestamp="21 Jun 2019 05:06:06 GMT" time="3.580" errors="0">
  <testcase name="AssetTeamMemberAddPOSTAPI" time="3.580" classname="com.arcapi.ScenarioBasedTestcases.AssetTeamMemberAddPOSTAPITest"/>
</testsuite> <!-- com.arcapi.ScenarioBasedTestcases.AssetTeamMemberAddPOSTAPITest -->
