<?xml version="1.0" encoding="UTF-8"?>
<!-- Generated by org.testng.reporters.JUnitReportReporter -->
<testsuite hostname="G10GGNLT052" name="com.arcapi.Buildingtestcases.WasteCreate60MonthMeterDataBulkPostTest" tests="62" failures="0" timestamp="20 Sep 2019 04:55:35 GMT" time="118.209" errors="0">
  <testcase name="CreateWasteMeterDataPost" time="1.998" classname="com.arcapi.Buildingtestcases.WasteCreate60MonthMeterDataBulkPostTest"/>
  <testcase name="CreateWasteMeterDataPost" time="1.936" classname="com.arcapi.Buildingtestcases.WasteCreate60MonthMeterDataBulkPostTest"/>
  <testcase name="CreateWasteMeterDataPost" time="1.648" classname="com.arcapi.Buildingtestcases.WasteCreate60MonthMeterDataBulkPostTest"/>
  <testcase name="CreateWasteMeterDataPost" time="1.829" classname="com.arcapi.Buildingtestcases.WasteCreate60MonthMeterDataBulkPostTest"/>
  <testcase name="CreateWasteMeterDataPost" time="1.714" classname="com.arcapi.Buildingtestcases.WasteCreate60MonthMeterDataBulkPostTest"/>
  <testcase name="CreateWasteMeterDataPost" time="1.896" classname="com.arcapi.Buildingtestcases.WasteCreate60MonthMeterDataBulkPostTest"/>
  <testcase name="CreateWasteMeterDataPost" time="1.828" classname="com.arcapi.Buildingtestcases.WasteCreate60MonthMeterDataBulkPostTest"/>
  <testcase name="CreateWasteMeterDataPost" time="1.797" classname="com.arcapi.Buildingtestcases.WasteCreate60MonthMeterDataBulkPostTest"/>
  <testcase name="CreateWasteMeterDataPost" time="1.957" classname="com.arcapi.Buildingtestcases.WasteCreate60MonthMeterDataBulkPostTest"/>
  <testcase name="CreateWasteMeterDataPost" time="1.844" classname="com.arcapi.Buildingtestcases.WasteCreate60MonthMeterDataBulkPostTest"/>
  <testcase name="CreateWasteMeterDataPost" time="2.053" classname="com.arcapi.Buildingtestcases.WasteCreate60MonthMeterDataBulkPostTest"/>
  <testcase name="CreateWasteMeterDataPost" time="2.396" classname="com.arcapi.Buildingtestcases.WasteCreate60MonthMeterDataBulkPostTest"/>
  <testcase name="CreateWasteMeterDataPost" time="1.729" classname="com.arcapi.Buildingtestcases.WasteCreate60MonthMeterDataBulkPostTest"/>
  <testcase name="CreateWasteMeterDataPost" time="2.328" classname="com.arcapi.Buildingtestcases.WasteCreate60MonthMeterDataBulkPostTest"/>
  <testcase name="CreateWasteMeterDataPost" time="1.634" classname="com.arcapi.Buildingtestcases.WasteCreate60MonthMeterDataBulkPostTest"/>
  <testcase name="CreateWasteMeterDataPost" time="1.812" classname="com.arcapi.Buildingtestcases.WasteCreate60MonthMeterDataBulkPostTest"/>
  <testcase name="CreateWasteMeterDataPost" time="1.597" classname="com.arcapi.Buildingtestcases.WasteCreate60MonthMeterDataBulkPostTest"/>
  <testcase name="CreateWasteMeterDataPost" time="1.768" classname="com.arcapi.Buildingtestcases.WasteCreate60MonthMeterDataBulkPostTest"/>
  <testcase name="CreateWasteMeterDataPost" time="1.809" classname="com.arcapi.Buildingtestcases.WasteCreate60MonthMeterDataBulkPostTest"/>
  <testcase name="CreateWasteMeterDataPost" time="1.935" classname="com.arcapi.Buildingtestcases.WasteCreate60MonthMeterDataBulkPostTest"/>
  <testcase name="CreateWasteMeterDataPost" time="1.916" classname="com.arcapi.Buildingtestcases.WasteCreate60MonthMeterDataBulkPostTest"/>
  <testcase name="CreateWasteMeterDataPost" time="1.783" classname="com.arcapi.Buildingtestcases.WasteCreate60MonthMeterDataBulkPostTest"/>
  <testcase name="CreateWasteMeterDataPost" time="1.645" classname="com.arcapi.Buildingtestcases.WasteCreate60MonthMeterDataBulkPostTest"/>
  <testcase name="CreateWasteMeterDataPost" time="1.724" classname="com.arcapi.Buildingtestcases.WasteCreate60MonthMeterDataBulkPostTest"/>
  <testcase name="CreateWasteMeterDataPost" time="1.739" classname="com.arcapi.Buildingtestcases.WasteCreate60MonthMeterDataBulkPostTest"/>
  <testcase name="CreateWasteMeterDataPost" time="1.894" classname="com.arcapi.Buildingtestcases.WasteCreate60MonthMeterDataBulkPostTest"/>
  <testcase name="CreateWasteMeterDataPost" time="1.978" classname="com.arcapi.Buildingtestcases.WasteCreate60MonthMeterDataBulkPostTest"/>
  <testcase name="CreateWasteMeterDataPost" time="1.632" classname="com.arcapi.Buildingtestcases.WasteCreate60MonthMeterDataBulkPostTest"/>
  <testcase name="CreateWasteMeterDataPost" time="1.868" classname="com.arcapi.Buildingtestcases.WasteCreate60MonthMeterDataBulkPostTest"/>
  <testcase name="CreateWasteMeterDataPost" time="1.797" classname="com.arcapi.Buildingtestcases.WasteCreate60MonthMeterDataBulkPostTest"/>
  <testcase name="CreateWasteMeterDataPost" time="2.063" classname="com.arcapi.Buildingtestcases.WasteCreate60MonthMeterDataBulkPostTest"/>
  <testcase name="CreateWasteMeterDataPost" time="1.858" classname="com.arcapi.Buildingtestcases.WasteCreate60MonthMeterDataBulkPostTest"/>
  <testcase name="CreateWasteMeterDataPost" time="2.044" classname="com.arcapi.Buildingtestcases.WasteCreate60MonthMeterDataBulkPostTest"/>
  <testcase name="CreateWasteMeterDataPost" time="1.617" classname="com.arcapi.Buildingtestcases.WasteCreate60MonthMeterDataBulkPostTest"/>
  <testcase name="CreateWasteMeterDataPost" time="2.026" classname="com.arcapi.Buildingtestcases.WasteCreate60MonthMeterDataBulkPostTest"/>
  <testcase name="CreateWasteMeterDataPost" time="4.581" classname="com.arcapi.Buildingtestcases.WasteCreate60MonthMeterDataBulkPostTest"/>
  <testcase name="CreateWasteMeterDataPost" time="1.869" classname="com.arcapi.Buildingtestcases.WasteCreate60MonthMeterDataBulkPostTest"/>
  <testcase name="CreateWasteMeterDataPost" time="1.743" classname="com.arcapi.Buildingtestcases.WasteCreate60MonthMeterDataBulkPostTest"/>
  <testcase name="CreateWasteMeterDataPost" time="2.015" classname="com.arcapi.Buildingtestcases.WasteCreate60MonthMeterDataBulkPostTest"/>
  <testcase name="CreateWasteMeterDataPost" time="1.840" classname="com.arcapi.Buildingtestcases.WasteCreate60MonthMeterDataBulkPostTest"/>
  <testcase name="CreateWasteMeterDataPost" time="1.755" classname="com.arcapi.Buildingtestcases.WasteCreate60MonthMeterDataBulkPostTest"/>
  <testcase name="CreateWasteMeterDataPost" time="1.799" classname="com.arcapi.Buildingtestcases.WasteCreate60MonthMeterDataBulkPostTest"/>
  <testcase name="CreateWasteMeterDataPost" time="1.949" classname="com.arcapi.Buildingtestcases.WasteCreate60MonthMeterDataBulkPostTest"/>
  <testcase name="CreateWasteMeterDataPost" time="1.681" classname="com.arcapi.Buildingtestcases.WasteCreate60MonthMeterDataBulkPostTest"/>
  <testcase name="CreateWasteMeterDataPost" time="2.101" classname="com.arcapi.Buildingtestcases.WasteCreate60MonthMeterDataBulkPostTest"/>
  <testcase name="CreateWasteMeterDataPost" time="2.112" classname="com.arcapi.Buildingtestcases.WasteCreate60MonthMeterDataBulkPostTest"/>
  <testcase name="CreateWasteMeterDataPost" time="1.692" classname="com.arcapi.Buildingtestcases.WasteCreate60MonthMeterDataBulkPostTest"/>
  <testcase name="CreateWasteMeterDataPost" time="1.836" classname="com.arcapi.Buildingtestcases.WasteCreate60MonthMeterDataBulkPostTest"/>
  <testcase name="CreateWasteMeterDataPost" time="1.880" classname="com.arcapi.Buildingtestcases.WasteCreate60MonthMeterDataBulkPostTest"/>
  <testcase name="CreateWasteMeterDataPost" time="2.124" classname="com.arcapi.Buildingtestcases.WasteCreate60MonthMeterDataBulkPostTest"/>
  <testcase name="CreateWasteMeterDataPost" time="1.666" classname="com.arcapi.Buildingtestcases.WasteCreate60MonthMeterDataBulkPostTest"/>
  <testcase name="CreateWasteMeterDataPost" time="1.898" classname="com.arcapi.Buildingtestcases.WasteCreate60MonthMeterDataBulkPostTest"/>
  <testcase name="CreateWasteMeterDataPost" time="1.647" classname="com.arcapi.Buildingtestcases.WasteCreate60MonthMeterDataBulkPostTest"/>
  <testcase name="CreateWasteMeterDataPost" time="1.881" classname="com.arcapi.Buildingtestcases.WasteCreate60MonthMeterDataBulkPostTest"/>
  <testcase name="CreateWasteMeterDataPost" time="1.937" classname="com.arcapi.Buildingtestcases.WasteCreate60MonthMeterDataBulkPostTest"/>
  <testcase name="CreateWasteMeterDataPost" time="1.722" classname="com.arcapi.Buildingtestcases.WasteCreate60MonthMeterDataBulkPostTest"/>
  <testcase name="CreateWasteMeterDataPost" time="1.573" classname="com.arcapi.Buildingtestcases.WasteCreate60MonthMeterDataBulkPostTest"/>
  <testcase name="CreateWasteMeterDataPost" time="2.014" classname="com.arcapi.Buildingtestcases.WasteCreate60MonthMeterDataBulkPostTest"/>
  <testcase name="CreateWasteMeterDataPost" time="1.814" classname="com.arcapi.Buildingtestcases.WasteCreate60MonthMeterDataBulkPostTest"/>
  <testcase name="CreateWasteMeterDataPost" time="1.784" classname="com.arcapi.Buildingtestcases.WasteCreate60MonthMeterDataBulkPostTest"/>
  <testcase name="CreateWasteMeterDataPost" time="2.057" classname="com.arcapi.Buildingtestcases.WasteCreate60MonthMeterDataBulkPostTest"/>
  <testcase name="CreateWasteMeterDataPost" time="2.147" classname="com.arcapi.Buildingtestcases.WasteCreate60MonthMeterDataBulkPostTest"/>
</testsuite> <!-- com.arcapi.Buildingtestcases.WasteCreate60MonthMeterDataBulkPostTest -->
