<?xml version="1.0" encoding="UTF-8"?>
<!-- Generated by org.testng.reporters.JUnitReportReporter -->
<testsuite hostname="G10GGNLT052" name="com.arcapi.Transittestcases.VerifyAssetDetailAPITest" tests="1" failures="0" timestamp="17 Oct 2019 07:26:51 GMT" time="2.413" errors="0">
  <testcase name="VerifyAssetDetailAPI" time="2.413" classname="com.arcapi.Transittestcases.VerifyAssetDetailAPITest"/>
</testsuite> <!-- com.arcapi.Transittestcases.VerifyAssetDetailAPITest -->
