<?xml version="1.0" encoding="UTF-8"?>
<!-- Generated by org.testng.reporters.JUnitReportReporter -->
<testsuite hostname="G10GGNLT052" name="com.arcapi.Buildingtestcases.CreateAssetTransitAboveEmissionFactorTest" tests="1" failures="0" timestamp="16 Aug 2019 13:09:11 GMT" time="11.526" errors="0">
  <testcase name="CreateAssetPOSTAPI" time="11.526" classname="com.arcapi.Buildingtestcases.CreateAssetTransitAboveEmissionFactorTest"/>
</testsuite> <!-- com.arcapi.Buildingtestcases.CreateAssetTransitAboveEmissionFactorTest -->
