<?xml version="1.0" encoding="UTF-8"?>
<!-- Generated by org.testng.reporters.JUnitReportReporter -->
<testsuite skipped="0" hostname="G10GNLT041" name="com.arcapi.Scoretestcases.version2.TemperatureDataZipCodeGetTest" tests="1" failures="0" timestamp="10 Sep 2018 09:02:51 GMT" time="4.581" errors="0">
  <testcase name="TemperatureDataZipCodeGet" time="4.581" classname="com.arcapi.Scoretestcases.version2.TemperatureDataZipCodeGetTest"/>
</testsuite> <!-- com.arcapi.Scoretestcases.version2.TemperatureDataZipCodeGetTest -->
