<?xml version="1.0" encoding="UTF-8"?>
<!-- Generated by org.testng.reporters.JUnitReportReporter -->
<testsuite hostname="G10GGNLT052" name="com.arcapi.Leedv4Testcases.LEEDv4OMInteriorsBuildingsAPITest" tests="1" failures="0" timestamp="22 Oct 2019 10:35:10 GMT" time="6.558" errors="0">
  <testcase name="LEEDv4OMInteriorsBuildingsAPI" time="6.558" classname="com.arcapi.Leedv4Testcases.LEEDv4OMInteriorsBuildingsAPITest"/>
</testsuite> <!-- com.arcapi.Leedv4Testcases.LEEDv4OMInteriorsBuildingsAPITest -->
