<?xml version="1.0" encoding="UTF-8"?>
<!-- Generated by org.testng.reporters.JUnitReportReporter -->
<testsuite skipped="0" hostname="G10GNLT041" name="com.arcapi.Transittestcases.SubmitReviewGetAPITest" tests="2" failures="0" timestamp="17 Jun 2019 09:30:40 GMT" time="8.371" errors="0">
  <testcase name="SubmitReviewGetAPI" time="5.521" classname="com.arcapi.Transittestcases.SubmitReviewGetAPITest"/>
  <testcase name="SubmitReviewGetAPI" time="2.850" classname="com.arcapi.Transittestcases.SubmitReviewGetAPITest"/>
</testsuite> <!-- com.arcapi.Transittestcases.SubmitReviewGetAPITest -->
