<?xml version="1.0" encoding="UTF-8"?>
<!-- Generated by org.testng.reporters.JUnitReportReporter -->
<testsuite hostname="G10GGNLT052" name="com.arcapi.Buildingtestcases.MeterCreatePOSTAPITest" tests="1" failures="0" timestamp="20 Sep 2019 08:24:46 GMT" time="2.713" errors="0">
  <testcase name="MeterCreatePOSTAPI" time="2.713" classname="com.arcapi.Buildingtestcases.MeterCreatePOSTAPITest"/>
</testsuite> <!-- com.arcapi.Buildingtestcases.MeterCreatePOSTAPITest -->
