<?xml version="1.0" encoding="UTF-8"?>
<!-- Generated by org.testng.reporters.JUnitReportReporter -->
<testsuite skipped="0" hostname="G10GNLT041" name="com.arcapi.CompleteDataValidationNoPayloadTestcases.MeterBulkConsumptionPOSTAPITest" tests="1" failures="0" timestamp="21 Jun 2019 06:10:22 GMT" time="1.941" errors="0">
  <testcase name="MeterBulkConsumptionPOSTAPI" time="1.941" classname="com.arcapi.CompleteDataValidationNoPayloadTestcases.MeterBulkConsumptionPOSTAPITest"/>
</testsuite> <!-- com.arcapi.CompleteDataValidationNoPayloadTestcases.MeterBulkConsumptionPOSTAPITest -->
