<?xml version="1.0" encoding="UTF-8"?>
<!-- Generated by org.testng.reporters.JUnitReportReporter -->
<testsuite hostname="G10GGNLT052" name="com.arcapi.Buildingtestcases.CreateAssetBuildingV3APITest" tests="1" failures="0" timestamp="27 Aug 2019 03:54:10 GMT" time="4.939" errors="0">
  <testcase name="CreateAssetPOSTAPI" time="4.939" classname="com.arcapi.Buildingtestcases.CreateAssetBuildingV3APITest"/>
</testsuite> <!-- com.arcapi.Buildingtestcases.CreateAssetBuildingV3APITest -->
