<?xml version="1.0" encoding="UTF-8"?>
<!-- Generated by org.testng.reporters.JUnitReportReporter -->
<testsuite skipped="0" hostname="G10GNLT041" name="com.arcapi.Communitytestcases.NotificationCreatePOSTAPITest" tests="2" failures="0" timestamp="17 Jun 2019 09:30:41 GMT" time="7.136" errors="0">
  <testcase name="NotificationCreatePOSTAPI" time="3.711" classname="com.arcapi.Communitytestcases.NotificationCreatePOSTAPITest"/>
  <testcase name="NotificationCreatePOSTAPI" time="3.425" classname="com.arcapi.Communitytestcases.NotificationCreatePOSTAPITest"/>
</testsuite> <!-- com.arcapi.Communitytestcases.NotificationCreatePOSTAPITest -->
