<?xml version="1.0" encoding="UTF-8"?>
<!-- Generated by org.testng.reporters.JUnitReportReporter -->
<testsuite hostname="G10GGNLT052" name="com.arcapi.Common.NotificationDeleteAPITest" tests="1" failures="0" timestamp="11 Oct 2019 09:12:46 GMT" time="2.168" errors="0">
  <testcase name="NotificationDeleteAPI" time="2.168" classname="com.arcapi.Common.NotificationDeleteAPITest"/>
</testsuite> <!-- com.arcapi.Common.NotificationDeleteAPITest -->
