<?xml version="1.0" encoding="UTF-8"?>
<!-- Generated by org.testng.reporters.JUnitReportReporter -->
<testsuite skipped="0" hostname="G10GNLT041" name="com.arcapi.Communitytestcases.PaymentReceiptAPITest" tests="2" failures="0" timestamp="17 Jun 2019 09:30:39 GMT" time="19.101" errors="0">
  <testcase name="PaymentReceiptAPI" time="11.404" classname="com.arcapi.Communitytestcases.PaymentReceiptAPITest"/>
  <testcase name="PaymentReceiptAPI" time="7.697" classname="com.arcapi.Communitytestcases.PaymentReceiptAPITest"/>
</testsuite> <!-- com.arcapi.Communitytestcases.PaymentReceiptAPITest -->
