<?xml version="1.0" encoding="UTF-8"?>
<!-- Generated by org.testng.reporters.JUnitReportReporter -->
<testsuite hostname="G10GGNLT052" name="com.arcapi.CompleteDataValidationNoPayloadTestcases.CreditAddTeamPOSTAPITest" tests="1" failures="0" timestamp="9 Oct 2019 05:37:53 GMT" time="1.975" errors="0">
  <testcase name="CreditAddTeamPOSTAPI" time="1.975" classname="com.arcapi.CompleteDataValidationNoPayloadTestcases.CreditAddTeamPOSTAPITest"/>
</testsuite> <!-- com.arcapi.CompleteDataValidationNoPayloadTestcases.CreditAddTeamPOSTAPITest -->
