<?xml version="1.0" encoding="UTF-8"?>
<!-- Generated by org.testng.reporters.JUnitReportReporter -->
<testsuite hostname="G10GGNLT052" name="com.arcapi.Common.AssetSearchAPITest" tests="1" failures="0" timestamp="11 Oct 2019 04:08:59 GMT" time="1.583" errors="0">
  <testcase name="AssetSearchAPI" time="1.583" classname="com.arcapi.Common.AssetSearchAPITest"/>
</testsuite> <!-- com.arcapi.Common.AssetSearchAPITest -->
