<?xml version="1.0" encoding="UTF-8"?>
<!-- Generated by org.testng.reporters.JUnitReportReporter -->
<testsuite skipped="0" hostname="G10GNLT041" name="com.arcapi.Buildingtestcases.AssetTeamMemberUpdateAPITest" tests="2" failures="0" timestamp="17 Jun 2019 07:27:40 GMT" time="15.890" errors="0">
  <testcase name="AssetTeamMemberUpdateAPI" time="8.352" classname="com.arcapi.Buildingtestcases.AssetTeamMemberUpdateAPITest"/>
  <testcase name="AssetTeamMemberUpdateAPI" time="7.538" classname="com.arcapi.Buildingtestcases.AssetTeamMemberUpdateAPITest"/>
</testsuite> <!-- com.arcapi.Buildingtestcases.AssetTeamMemberUpdateAPITest -->
