<?xml version="1.0" encoding="UTF-8"?>
<!-- Generated by org.testng.reporters.JUnitReportReporter -->
<testsuite hostname="G10GGNLT052" name="com.arcapi.Portfoliostestcases.GresbAssetsDetailsGetAPITest" tests="1" failures="0" timestamp="17 Oct 2019 08:56:42 GMT" time="3.017" errors="0">
  <testcase name="GresbAssetsDetailsGetAPI" time="3.017" classname="com.arcapi.Portfoliostestcases.GresbAssetsDetailsGetAPITest"/>
</testsuite> <!-- com.arcapi.Portfoliostestcases.GresbAssetsDetailsGetAPITest -->
