<?xml version="1.0" encoding="UTF-8"?>
<!-- Generated by org.testng.reporters.JUnitReportReporter -->
<testsuite hostname="G10GGNLT052" name="com.arcapi.Common.CityCom.MeasuresVersionListAPITest" tests="1" failures="0" timestamp="1 Oct 2019 07:10:22 GMT" time="1.743" errors="0">
  <testcase name="MeasuresVersionListAPI" time="1.743" classname="com.arcapi.Common.CityCom.MeasuresVersionListAPITest"/>
</testsuite> <!-- com.arcapi.Common.CityCom.MeasuresVersionListAPITest -->
