<?xml version="1.0" encoding="UTF-8"?>
<!-- Generated by org.testng.reporters.JUnitReportReporter -->
<testsuite hostname="G10GGNLT052" name="com.arcapi.Common.AssetDataSnapshotAPITest" tests="1" failures="0" timestamp="20 Sep 2019 07:00:23 GMT" time="19.750" errors="0">
  <testcase name="AssetDataSnapshotAPI" time="19.750" classname="com.arcapi.Common.AssetDataSnapshotAPITest"/>
</testsuite> <!-- com.arcapi.Common.AssetDataSnapshotAPITest -->
