<?xml version="1.0" encoding="UTF-8"?>
<!-- Generated by org.testng.reporters.JUnitReportReporter -->
<testsuite hostname="G10GGNLT052" name="com.arcapi.Buildingtestcases.ConsumptionListAPITest" tests="1" failures="0" timestamp="7 Oct 2019 08:53:30 GMT" time="1.442" errors="0">
  <testcase name="ConsumptionListAPI" time="1.442" classname="com.arcapi.Buildingtestcases.ConsumptionListAPITest"/>
</testsuite> <!-- com.arcapi.Buildingtestcases.ConsumptionListAPITest -->
