<?xml version="1.0" encoding="UTF-8"?>
<!-- Generated by org.testng.reporters.JUnitReportReporter -->
<testsuite hostname="G10GGNLT052" name="com.arcapi.ScenarioBasedTestcases.AddProjectNullValueAPITest" tests="1" failures="0" timestamp="10 Oct 2019 06:54:01 GMT" time="8.650" errors="0">
  <testcase name="AddProjectNullValueAPI" time="8.650" classname="com.arcapi.ScenarioBasedTestcases.AddProjectNullValueAPITest"/>
</testsuite> <!-- com.arcapi.ScenarioBasedTestcases.AddProjectNullValueAPITest -->
