<?xml version="1.0" encoding="UTF-8"?>
<!-- Generated by org.testng.reporters.JUnitReportReporter -->
<testsuite hostname="G10GGNLT052" name="com.arcapi.Transittestcases.TransitSurveyCreatePOSTAPITest" tests="1" failures="0" timestamp="20 Sep 2019 07:00:23 GMT" time="2.511" errors="0">
  <testcase name="TransitSurveyCreatePOSTAPI" time="2.511" classname="com.arcapi.Transittestcases.TransitSurveyCreatePOSTAPITest"/>
</testsuite> <!-- com.arcapi.Transittestcases.TransitSurveyCreatePOSTAPITest -->
