<?xml version="1.0" encoding="UTF-8"?>
<!-- Generated by org.testng.reporters.JUnitReportReporter -->
<testsuite skipped="0" hostname="G10GNLT041" name="com.arcapi.Citytestcases.AssetSnapshotDownloadAPITest" tests="2" failures="0" timestamp="17 Jun 2019 08:07:17 GMT" time="30.229" errors="0">
  <testcase name="AssetSnapshotDownloadAPI" time="13.487" classname="com.arcapi.Citytestcases.AssetSnapshotDownloadAPITest"/>
  <testcase name="AssetSnapshotDownloadAPI" time="16.742" classname="com.arcapi.Citytestcases.AssetSnapshotDownloadAPITest"/>
</testsuite> <!-- com.arcapi.Citytestcases.AssetSnapshotDownloadAPITest -->
