<?xml version="1.0" encoding="UTF-8"?>
<!-- Generated by org.testng.reporters.JUnitReportReporter -->
<testsuite hostname="G10GGNLT052" name="com.arcapi.ScenarioBasedTestcases.LoginAPITest1" tests="2" failures="0" timestamp="7 Nov 2019 09:54:02 GMT" time="5.994" errors="0">
  <testcase name="LoginAPI" time="2.968" classname="com.arcapi.ScenarioBasedTestcases.LoginAPITest1"/>
  <testcase name="LoginAPI" time="3.026" classname="com.arcapi.ScenarioBasedTestcases.LoginAPITest1"/>
</testsuite> <!-- com.arcapi.ScenarioBasedTestcases.LoginAPITest1 -->
