<?xml version="1.0" encoding="UTF-8"?>
<!-- Generated by org.testng.reporters.JUnitReportReporter -->
<testsuite skipped="0" hostname="G10GNLT041" name="com.arcapi.Communitytestcases.CityCommConsumptionCreateAPITest" tests="2" failures="0" timestamp="17 Jun 2019 09:30:41 GMT" time="143.447" errors="0">
  <testcase name="ConsumptionCreatePOSTAPI" time="74.733" classname="com.arcapi.Communitytestcases.CityCommConsumptionCreateAPITest"/>
  <testcase name="ConsumptionCreatePOSTAPI" time="68.714" classname="com.arcapi.Communitytestcases.CityCommConsumptionCreateAPITest"/>
</testsuite> <!-- com.arcapi.Communitytestcases.CityCommConsumptionCreateAPITest -->
