<?xml version="1.0" encoding="UTF-8"?>
<!-- Generated by org.testng.reporters.JUnitReportReporter -->
<testsuite skipped="0" hostname="G10GNLT041" name="com.arcapi.Citytestcases.MeasuresUpdateAPITest" tests="2" failures="0" timestamp="17 Jun 2019 08:07:17 GMT" time="7.643" errors="0">
  <testcase name="MeasuresUpdateAPI" time="3.706" classname="com.arcapi.Citytestcases.MeasuresUpdateAPITest"/>
  <testcase name="MeasuresUpdateAPI" time="3.937" classname="com.arcapi.Citytestcases.MeasuresUpdateAPITest"/>
</testsuite> <!-- com.arcapi.Citytestcases.MeasuresUpdateAPITest -->
