<?xml version="1.0" encoding="UTF-8"?>
<!-- Generated by org.testng.reporters.JUnitReportReporter -->
<testsuite hostname="G10GGNLT052" name="com.arcapi.Buildingtestcases.WaterGetTest" tests="1" failures="0" timestamp="5 Nov 2019 05:13:45 GMT" time="1.389" errors="0">
  <testcase name="WaterGet" time="1.389" classname="com.arcapi.Buildingtestcases.WaterGetTest"/>
</testsuite> <!-- com.arcapi.Buildingtestcases.WaterGetTest -->
