<?xml version="1.0" encoding="UTF-8"?>
<!-- Generated by org.testng.reporters.JUnitReportReporter -->
<testsuite skipped="0" hostname="G10GNLT041" name="com.arcapi.Citytestcases.AssetTeamMemberUpdateAPITest" tests="2" failures="0" timestamp="17 Jun 2019 08:07:17 GMT" time="10.349" errors="0">
  <testcase name="AssetTeamMemberUpdateAPI" time="5.841" classname="com.arcapi.Citytestcases.AssetTeamMemberUpdateAPITest"/>
  <testcase name="AssetTeamMemberUpdateAPI" time="4.508" classname="com.arcapi.Citytestcases.AssetTeamMemberUpdateAPITest"/>
</testsuite> <!-- com.arcapi.Citytestcases.AssetTeamMemberUpdateAPITest -->
