<?xml version="1.0" encoding="UTF-8"?>
<!-- Generated by org.testng.reporters.JUnitReportReporter -->
<testsuite skipped="0" hostname="G10GNLT041" name="com.arcapi.Communitytestcases.PaymentHistoryAPITest" tests="2" failures="0" timestamp="17 Jun 2019 09:30:41 GMT" time="8.785" errors="0">
  <testcase name="PaymentHistoryAPI" time="4.630" classname="com.arcapi.Communitytestcases.PaymentHistoryAPITest"/>
  <testcase name="PaymentHistoryAPI" time="4.155" classname="com.arcapi.Communitytestcases.PaymentHistoryAPITest"/>
</testsuite> <!-- com.arcapi.Communitytestcases.PaymentHistoryAPITest -->
