<?xml version="1.0" encoding="UTF-8"?>
<!-- Generated by org.testng.reporters.JUnitReportReporter -->
<testsuite skipped="0" hostname="G10GNLT041" name="com.arcapi.Transittestcases.PaymentOrderSubmitPOSTAPITest" tests="1" failures="0" timestamp="21 Jun 2019 05:06:06 GMT" time="6.325" errors="0">
  <testcase name="PaymentOrderSubmitPOSTAPI" time="6.325" classname="com.arcapi.Transittestcases.PaymentOrderSubmitPOSTAPITest"/>
</testsuite> <!-- com.arcapi.Transittestcases.PaymentOrderSubmitPOSTAPITest -->
