<?xml version="1.0" encoding="UTF-8"?>
<!-- Generated by org.testng.reporters.JUnitReportReporter -->
<testsuite hostname="G10GGNLT052" name="com.arcapi.Buildingtestcases.WaterConsumptionCreateAPITest" tests="1" failures="0" timestamp="7 Nov 2019 06:53:23 GMT" time="83.877" errors="0">
  <testcase name="WaterConsumptionCreateAPI" time="83.877" classname="com.arcapi.Buildingtestcases.WaterConsumptionCreateAPITest"/>
</testsuite> <!-- com.arcapi.Buildingtestcases.WaterConsumptionCreateAPITest -->
