<?xml version="1.0" encoding="UTF-8"?>
<!-- Generated by org.testng.reporters.JUnitReportReporter -->
<testsuite hostname="G10GGNLT052" name="com.arcapi.Citytestcases.CreditGetAPITest" tests="1" failures="0" timestamp="14 Aug 2019 08:09:03 GMT" time="6.909" errors="0">
  <testcase name="CreditGetAPI" time="6.909" classname="com.arcapi.Citytestcases.CreditGetAPITest"/>
</testsuite> <!-- com.arcapi.Citytestcases.CreditGetAPITest -->
