<?xml version="1.0" encoding="UTF-8"?>
<!-- Generated by org.testng.reporters.JUnitReportReporter -->
<testsuite hostname="G10GGNLT052" name="com.arcapi.ScenarioBasedTestcases.CreateProjectBySingleCharacterAPITest" tests="1" failures="0" timestamp="7 Nov 2019 09:54:02 GMT" time="2.674" errors="0">
  <testcase name="CreateProjectBySingleCharacterAPI" time="2.674" classname="com.arcapi.ScenarioBasedTestcases.CreateProjectBySingleCharacterAPITest"/>
</testsuite> <!-- com.arcapi.ScenarioBasedTestcases.CreateProjectBySingleCharacterAPITest -->
