<?xml version="1.0" encoding="UTF-8"?>
<!-- Generated by org.testng.reporters.JUnitReportReporter -->
<testsuite hostname="G10GGNLT052" name="com.arcapi.Citytestcases.AvgPerformaceListGetTest" tests="1" failures="0" timestamp="14 Aug 2019 08:09:03 GMT" time="4.924" errors="0">
  <testcase name="AvgPerformaceList" time="4.924" classname="com.arcapi.Citytestcases.AvgPerformaceListGetTest"/>
</testsuite> <!-- com.arcapi.Citytestcases.AvgPerformaceListGetTest -->
