<?xml version="1.0" encoding="UTF-8"?>
<!-- Generated by org.testng.reporters.JUnitReportReporter -->
<testsuite hostname="G10GGNLT052" name="com.arcapi.Common.S3DocumentListAPITest" tests="1" failures="0" timestamp="8 Nov 2019 07:29:52 GMT" time="1.886" errors="0">
  <testcase name="S3DocumentListAPI" time="1.886" classname="com.arcapi.Common.S3DocumentListAPITest"/>
</testsuite> <!-- com.arcapi.Common.S3DocumentListAPITest -->
