<?xml version="1.0" encoding="UTF-8"?>
<!-- Generated by org.testng.reporters.JUnitReportReporter -->
<testsuite skipped="0" hostname="G10GNLT041" name="com.arcapi.Citytestcases.RecomputePerformanceCustomScoreGetTest" tests="1" failures="0" timestamp="24 May 2019 05:40:05 GMT" time="21.398" errors="0">
  <testcase name="RecomputePerformanceScoreGet" time="21.398" classname="com.arcapi.Citytestcases.RecomputePerformanceCustomScoreGetTest"/>
</testsuite> <!-- com.arcapi.Citytestcases.RecomputePerformanceCustomScoreGetTest -->
