<?xml version="1.0" encoding="UTF-8"?>
<!-- Generated by org.testng.reporters.JUnitReportReporter -->
<testsuite skipped="0" hostname="G10GNLT041" name="com.arcapi.Buildingtestcases.NotificationSubscriptionDetailDeleteTest" tests="2" failures="0" timestamp="21 Jun 2019 06:10:22 GMT" time="4.766" errors="0">
  <testcase name="NotificationSubscriptionDetailDelete" time="2.337" classname="com.arcapi.Buildingtestcases.NotificationSubscriptionDetailDeleteTest"/>
  <testcase name="NotificationSubscriptionDetailDelete" time="2.429" classname="com.arcapi.Buildingtestcases.NotificationSubscriptionDetailDeleteTest"/>
</testsuite> <!-- com.arcapi.Buildingtestcases.NotificationSubscriptionDetailDeleteTest -->
