<?xml version="1.0" encoding="UTF-8"?>
<!-- Generated by org.testng.reporters.JUnitReportReporter -->
<testsuite hostname="G10GGNLT052" name="com.arcapi.Scoretestcases.version3.WasteGeneratedDataGetTest" tests="1" failures="0" timestamp="19 Sep 2019 08:28:16 GMT" time="1.332" errors="0">
  <testcase name="WasteGeneratedDataGet" time="1.332" classname="com.arcapi.Scoretestcases.version3.WasteGeneratedDataGetTest"/>
</testsuite> <!-- com.arcapi.Scoretestcases.version3.WasteGeneratedDataGetTest -->
