<?xml version="1.0" encoding="UTF-8"?>
<!-- Generated by org.testng.reporters.JUnitReportReporter -->
<testsuite hostname="G10GGNLT052" name="com.arcapi.Common.MeasureCommentQuerySetGetAPITest" tests="1" failures="0" timestamp="10 Oct 2019 08:21:46 GMT" time="2.298" errors="0">
  <testcase name="MeasureCommentQuerySetGetAPI" time="2.298" classname="com.arcapi.Common.MeasureCommentQuerySetGetAPITest"/>
</testsuite> <!-- com.arcapi.Common.MeasureCommentQuerySetGetAPITest -->
