<?xml version="1.0" encoding="UTF-8"?>
<!-- Generated by org.testng.reporters.JUnitReportReporter -->
<testsuite skipped="0" hostname="G10GNLT041" name="com.arcapi.Transittestcases.ThirdPartyListAppsAPITest" tests="2" failures="0" timestamp="17 Jun 2019 09:30:41 GMT" time="8.496" errors="0">
  <testcase name="ThirdPartyListAppsAPI" time="3.979" classname="com.arcapi.Transittestcases.ThirdPartyListAppsAPITest"/>
  <testcase name="ThirdPartyListAppsAPI" time="4.517" classname="com.arcapi.Transittestcases.ThirdPartyListAppsAPITest"/>
</testsuite> <!-- com.arcapi.Transittestcases.ThirdPartyListAppsAPITest -->
