<?xml version="1.0" encoding="UTF-8"?>
<!-- Generated by org.testng.reporters.JUnitReportReporter -->
<testsuite hostname="G10GGNLT052" name="com.arcapi.Portfoliostestcases.PortfoliosAnalyticsSummaryDetailAPITest" tests="1" failures="0" timestamp="17 Oct 2019 08:56:42 GMT" time="902.297" errors="0">
  <testcase name="PortfoliosAnalyticsSummaryDetailAPI" time="902.297" classname="com.arcapi.Portfoliostestcases.PortfoliosAnalyticsSummaryDetailAPITest"/>
</testsuite> <!-- com.arcapi.Portfoliostestcases.PortfoliosAnalyticsSummaryDetailAPITest -->
