<?xml version="1.0" encoding="UTF-8"?>
<!-- Generated by org.testng.reporters.JUnitReportReporter -->
<testsuite hostname="G10GGNLT052" name="com.arcapi.Buildingtestcases.AssetUpdateBuildingAPITest" tests="1" failures="0" timestamp="10 Sep 2019 13:39:53 GMT" time="3.646" errors="0">
  <testcase name="AssetUpdateforNewAssetPUTAPI" time="3.646" classname="com.arcapi.Buildingtestcases.AssetUpdateBuildingAPITest"/>
</testsuite> <!-- com.arcapi.Buildingtestcases.AssetUpdateBuildingAPITest -->
