<?xml version="1.0" encoding="UTF-8"?>
<!-- Generated by org.testng.reporters.JUnitReportReporter -->
<testsuite skipped="0" hostname="G10GNLT041" name="com.arcapi.Transittestcases.RatingSystemListAPITest" tests="2" failures="0" timestamp="17 Jun 2019 09:30:40 GMT" time="29.570" errors="0">
  <testcase name="RatingSystemListAPI" time="4.652" classname="com.arcapi.Transittestcases.RatingSystemListAPITest"/>
  <testcase name="RatingSystemListAPI" time="24.918" classname="com.arcapi.Transittestcases.RatingSystemListAPITest"/>
</testsuite> <!-- com.arcapi.Transittestcases.RatingSystemListAPITest -->
