<?xml version="1.0" encoding="UTF-8"?>
<!-- Generated by org.testng.reporters.JUnitReportReporter -->
<testsuite hostname="G10GGNLT052" name="com.arcapi.InterRelatedFieldValidationTestcases.WasteCreatePOSTAPITest" tests="1" failures="0" timestamp="10 Oct 2019 06:35:20 GMT" time="67.517" errors="0">
  <testcase name="WasteCreatePOSTAPI" time="67.517" classname="com.arcapi.InterRelatedFieldValidationTestcases.WasteCreatePOSTAPITest"/>
</testsuite> <!-- com.arcapi.InterRelatedFieldValidationTestcases.WasteCreatePOSTAPITest -->
