<?xml version="1.0" encoding="UTF-8"?>
<!-- Generated by org.testng.reporters.JUnitReportReporter -->
<testsuite hostname="G10GGNLT052" name="com.arcapi.Common.AssetTeamMemberUpdateAPITest" tests="1" failures="0" timestamp="9 Oct 2019 09:03:48 GMT" time="9.398" errors="0">
  <testcase name="AssetTeamMemberUpdateAPI" time="9.398" classname="com.arcapi.Common.AssetTeamMemberUpdateAPITest"/>
</testsuite> <!-- com.arcapi.Common.AssetTeamMemberUpdateAPITest -->
