<?xml version="1.0" encoding="UTF-8"?>
<!-- Generated by org.testng.reporters.JUnitReportReporter -->
<testsuite skipped="0" hostname="G10GNLT041" name="com.arcapi.Citytestcases.AssetNotificationSubscriptionPostTest" tests="2" failures="0" timestamp="17 Jun 2019 08:07:16 GMT" time="6.631" errors="0">
  <testcase name="AssetNotificationSubscriptionPost" time="3.689" classname="com.arcapi.Citytestcases.AssetNotificationSubscriptionPostTest"/>
  <testcase name="AssetNotificationSubscriptionPost" time="2.942" classname="com.arcapi.Citytestcases.AssetNotificationSubscriptionPostTest"/>
</testsuite> <!-- com.arcapi.Citytestcases.AssetNotificationSubscriptionPostTest -->
