<?xml version="1.0" encoding="UTF-8"?>
<!-- Generated by org.testng.reporters.JUnitReportReporter -->
<testsuite hostname="G10GGNLT052" name="com.arcapi.Leedv4Testcases.VerifyActivityEnergyDataInputAPITest" tests="1" failures="0" timestamp="8 Nov 2019 07:29:51 GMT" time="2.074" errors="0">
  <testcase name="VerifyActivityEnergyDataInputAPI" time="2.074" classname="com.arcapi.Leedv4Testcases.VerifyActivityEnergyDataInputAPITest"/>
</testsuite> <!-- com.arcapi.Leedv4Testcases.VerifyActivityEnergyDataInputAPITest -->
