<?xml version="1.0" encoding="UTF-8"?>
<!-- Generated by org.testng.reporters.JUnitReportReporter -->
<testsuite hostname="G10GGNLT052" name="com.arcapi.Portfoliostestcases.PortfoliosTransportModes3YearDataVerifyGetAPITest" tests="1" failures="0" timestamp="20 Sep 2019 06:16:39 GMT" time="2.225" errors="0">
  <testcase name="PortfoliosTransportModes3YearDataVerifyGetAPI" time="2.225" classname="com.arcapi.Portfoliostestcases.PortfoliosTransportModes3YearDataVerifyGetAPITest"/>
</testsuite> <!-- com.arcapi.Portfoliostestcases.PortfoliosTransportModes3YearDataVerifyGetAPITest -->
