<?xml version="1.0" encoding="UTF-8"?>
<!-- Generated by org.testng.reporters.JUnitReportReporter -->
<testsuite skipped="0" hostname="G10GNLT041" name="com.arcapi.Buildingtestcases.MeterBulkConsumptionPOSTEmissionTest" tests="1" failures="0" timestamp="29 May 2019 08:43:29 GMT" time="7.214" errors="0">
  <testcase name="MeterBulkConsumptionPOSTAPI" time="7.214" classname="com.arcapi.Buildingtestcases.MeterBulkConsumptionPOSTEmissionTest"/>
</testsuite> <!-- com.arcapi.Buildingtestcases.MeterBulkConsumptionPOSTEmissionTest -->
