<?xml version="1.0" encoding="UTF-8"?>
<!-- Generated by org.testng.reporters.JUnitReportReporter -->
<testsuite hostname="G10GGNLT052" name="com.arcapi.Buildingtestcases.AnalysisDataEmissionAPITest" tests="1" failures="0" timestamp="16 Aug 2019 13:09:11 GMT" time="23.825" errors="0">
  <testcase name="AnalysisDataGetAPI" time="23.825" classname="com.arcapi.Buildingtestcases.AnalysisDataEmissionAPITest"/>
</testsuite> <!-- com.arcapi.Buildingtestcases.AnalysisDataEmissionAPITest -->
