<?xml version="1.0" encoding="UTF-8"?>
<!-- Generated by org.testng.reporters.JUnitReportReporter -->
<testsuite skipped="0" hostname="G10GNLT041" name="com.arcapi.TrailFlowtestcases.AssetUpdateBuildingOtherAPITest" tests="1" failures="0" timestamp="05 Feb 2019 07:18:51 GMT" time="9.407" errors="0">
  <testcase name="AssetUpdateforNewAssetPUTAPI" time="9.407" classname="com.arcapi.TrailFlowtestcases.AssetUpdateBuildingOtherAPITest"/>
</testsuite> <!-- com.arcapi.TrailFlowtestcases.AssetUpdateBuildingOtherAPITest -->
