<?xml version="1.0" encoding="UTF-8"?>
<!-- Generated by org.testng.reporters.JUnitReportReporter -->
<testsuite hostname="G10GGNLT052" name="com.arcapi.Common.V2.ResampledFuelAnalysisDataGetAPITest" tests="1" failures="0" timestamp="7 Oct 2019 08:53:31 GMT" time="2.005" errors="0">
  <testcase name="ResampledFuelAnalysisDataGetAPI" time="2.005" classname="com.arcapi.Common.V2.ResampledFuelAnalysisDataGetAPITest"/>
</testsuite> <!-- com.arcapi.Common.V2.ResampledFuelAnalysisDataGetAPITest -->
