<?xml version="1.0" encoding="UTF-8"?>
<!-- Generated by org.testng.reporters.JUnitReportReporter -->
<testsuite hostname="G10GGNLT052" name="com.arcapi.Common.VerifyAgreementDeleteAPITest" tests="1" failures="0" timestamp="27 Aug 2019 03:54:10 GMT" time="1.411" errors="0">
  <testcase name="VerifyAgreementDeleteAPI" time="1.411" classname="com.arcapi.Common.VerifyAgreementDeleteAPITest"/>
</testsuite> <!-- com.arcapi.Common.VerifyAgreementDeleteAPITest -->
