<?xml version="1.0" encoding="UTF-8"?>
<!-- Generated by org.testng.reporters.JUnitReportReporter -->
<testsuite hostname="G10GGNLT052" name="com.arcapi.ScenarioBasedTestcases.TeamManagerAddPOSTAPITest" tests="1" failures="0" timestamp="7 Nov 2019 09:54:02 GMT" time="1.417" errors="0">
  <testcase name="TeamManagerAddPOSTAPI" time="1.417" classname="com.arcapi.ScenarioBasedTestcases.TeamManagerAddPOSTAPITest"/>
</testsuite> <!-- com.arcapi.ScenarioBasedTestcases.TeamManagerAddPOSTAPITest -->
