<?xml version="1.0" encoding="UTF-8"?>
<!-- Generated by org.testng.reporters.JUnitReportReporter -->
<testsuite hostname="G10GGNLT052" name="com.arcapi.CompleteDataValidationNoPayloadTestcases.AssetTeamMemberAddPOSTAPITest" tests="1" failures="0" timestamp="10 Sep 2019 11:10:22 GMT" time="3.301" errors="0">
  <testcase name="AssetTeamMemberAddPOSTAPI" time="3.301" classname="com.arcapi.CompleteDataValidationNoPayloadTestcases.AssetTeamMemberAddPOSTAPITest"/>
</testsuite> <!-- com.arcapi.CompleteDataValidationNoPayloadTestcases.AssetTeamMemberAddPOSTAPITest -->
