<?xml version="1.0" encoding="UTF-8"?>
<!-- Generated by org.testng.reporters.JUnitReportReporter -->
<testsuite hostname="G10GGNLT052" name="com.arcapi.Common.ScoreVersionCompareGetAPITest" tests="1" failures="0" timestamp="7 Oct 2019 08:53:30 GMT" time="16.204" errors="0">
  <testcase name="ScoreVersionCompareGetAPI" time="16.204" classname="com.arcapi.Common.ScoreVersionCompareGetAPITest"/>
</testsuite> <!-- com.arcapi.Common.ScoreVersionCompareGetAPITest -->
