<?xml version="1.0" encoding="UTF-8"?>
<!-- Generated by org.testng.reporters.JUnitReportReporter -->
<testsuite hostname="G10GGNLT052" name="com.arcapi.CompleteDataValidationNoPayloadTestcases.AssetOwnerOrgPOSTAPITest" tests="1" failures="0" timestamp="13 Aug 2019 07:30:04 GMT" time="2.116" errors="0">
  <testcase name="AssetOwnerOrgPOSTAPI" time="2.116" classname="com.arcapi.CompleteDataValidationNoPayloadTestcases.AssetOwnerOrgPOSTAPITest"/>
</testsuite> <!-- com.arcapi.CompleteDataValidationNoPayloadTestcases.AssetOwnerOrgPOSTAPITest -->
