<?xml version="1.0" encoding="UTF-8"?>
<!-- Generated by org.testng.reporters.JUnitReportReporter -->
<testsuite skipped="0" hostname="G10GNLT041" name="com.arcapi.Communitytestcases.AssetPerformanceScoreListAPITest" tests="2" failures="0" timestamp="17 Jun 2019 09:30:40 GMT" time="7.972" errors="0">
  <testcase name="AssetPerformanceScoreListAPI" time="3.626" classname="com.arcapi.Communitytestcases.AssetPerformanceScoreListAPITest"/>
  <testcase name="AssetPerformanceScoreListAPI" time="4.346" classname="com.arcapi.Communitytestcases.AssetPerformanceScoreListAPITest"/>
</testsuite> <!-- com.arcapi.Communitytestcases.AssetPerformanceScoreListAPITest -->
