<?xml version="1.0" encoding="UTF-8"?>
<!-- Generated by org.testng.reporters.JUnitReportReporter -->
<testsuite hostname="G10GGNLT052" name="com.arcapi.Leedv4Testcases.NotSignAgreementRegistrationAPITest" tests="2" failures="0" timestamp="6 Nov 2019 05:37:25 GMT" time="4.422" errors="0">
  <testcase name="NotSignAgreementRegistrationAPI" time="2.108" classname="com.arcapi.Leedv4Testcases.NotSignAgreementRegistrationAPITest"/>
  <testcase name="NotSignAgreementRegistrationAPI" time="2.314" classname="com.arcapi.Leedv4Testcases.NotSignAgreementRegistrationAPITest"/>
</testsuite> <!-- com.arcapi.Leedv4Testcases.NotSignAgreementRegistrationAPITest -->
