<?xml version="1.0" encoding="UTF-8"?>
<!-- Generated by org.testng.reporters.JUnitReportReporter -->
<testsuite hostname="G10GGNLT052" name="com.arcapi.Portfoliostestcases.PortfoliosWater3YearGalDataVerifyGetAPITest" tests="1" failures="0" timestamp="20 Sep 2019 06:16:39 GMT" time="2.087" errors="0">
  <testcase name="PortfoliosWater3YearGalDataVerifyGetAPI" time="2.087" classname="com.arcapi.Portfoliostestcases.PortfoliosWater3YearGalDataVerifyGetAPITest"/>
</testsuite> <!-- com.arcapi.Portfoliostestcases.PortfoliosWater3YearGalDataVerifyGetAPITest -->
