<?xml version="1.0" encoding="UTF-8"?>
<!-- Generated by org.testng.reporters.JUnitReportReporter -->
<testsuite hostname="G10GGNLT052" name="com.arcapi.Buildingtestcases.SignAgreementRegistrationAPITest" tests="1" failures="0" timestamp="23 Aug 2019 04:56:48 GMT" time="4.056" errors="0">
  <testcase name="SignAgreementRegistrationAPI" time="4.056" classname="com.arcapi.Buildingtestcases.SignAgreementRegistrationAPITest"/>
</testsuite> <!-- com.arcapi.Buildingtestcases.SignAgreementRegistrationAPITest -->
