<?xml version="1.0" encoding="UTF-8"?>
<!-- Generated by org.testng.reporters.JUnitReportReporter -->
<testsuite skipped="0" hostname="G10GNLT041" name="com.arcapi.Buildingtestcases.AssetPerformanceScoreListAPITest" tests="2" failures="0" timestamp="17 Jun 2019 07:27:40 GMT" time="12.690" errors="0">
  <testcase name="AssetPerformanceScoreListAPI" time="5.936" classname="com.arcapi.Buildingtestcases.AssetPerformanceScoreListAPITest"/>
  <testcase name="AssetPerformanceScoreListAPI" time="6.754" classname="com.arcapi.Buildingtestcases.AssetPerformanceScoreListAPITest"/>
</testsuite> <!-- com.arcapi.Buildingtestcases.AssetPerformanceScoreListAPITest -->
