<?xml version="1.0" encoding="UTF-8"?>
<!-- Generated by org.testng.reporters.JUnitReportReporter -->
<testsuite hostname="G10GGNLT052" name="com.arcapi.CompleteDataValidationNoPayloadTestcases.ConsumptionCreatePOSTAPITest" tests="1" failures="0" timestamp="13 Aug 2019 07:30:04 GMT" time="2.178" errors="0">
  <testcase name="ConsumptionCreatePOSTAPI" time="2.178" classname="com.arcapi.CompleteDataValidationNoPayloadTestcases.ConsumptionCreatePOSTAPITest"/>
</testsuite> <!-- com.arcapi.CompleteDataValidationNoPayloadTestcases.ConsumptionCreatePOSTAPITest -->
