<?xml version="1.0" encoding="UTF-8"?>
<!-- Generated by org.testng.reporters.JUnitReportReporter -->
<testsuite hostname="G10GGNLT052" name="com.arcapi.CompleteDataValidationNoPayloadTestcases.PaymentOrderSubmitPOSTAPITest" tests="1" failures="0" timestamp="10 Sep 2019 11:10:22 GMT" time="2.907" errors="0">
  <testcase name="PaymentOrderSubmitPOSTAPI" time="2.907" classname="com.arcapi.CompleteDataValidationNoPayloadTestcases.PaymentOrderSubmitPOSTAPITest"/>
</testsuite> <!-- com.arcapi.CompleteDataValidationNoPayloadTestcases.PaymentOrderSubmitPOSTAPITest -->
