<?xml version="1.0" encoding="UTF-8"?>
<!-- Generated by org.testng.reporters.JUnitReportReporter -->
<testsuite hostname="G10GGNLT052" name="com.arcapi.Common.PaymentOrderSubmitPOSTAPITest" tests="1" failures="0" timestamp="17 Oct 2019 07:26:51 GMT" time="12.443" errors="0">
  <testcase name="PaymentOrderSubmitPOSTAPI" time="12.443" classname="com.arcapi.Common.PaymentOrderSubmitPOSTAPITest"/>
</testsuite> <!-- com.arcapi.Common.PaymentOrderSubmitPOSTAPITest -->
