<?xml version="1.0" encoding="UTF-8"?>
<!-- Generated by org.testng.reporters.JUnitReportReporter -->
<testsuite hostname="G10GGNLT052" name="com.arcapi.Common.WasteGeneratedResampleGETAPITest" tests="1" failures="0" timestamp="7 Oct 2019 08:53:31 GMT" time="3.279" errors="0">
  <testcase name="WasteGeneratedResampleGETAPI" time="3.279" classname="com.arcapi.Common.WasteGeneratedResampleGETAPITest"/>
</testsuite> <!-- com.arcapi.Common.WasteGeneratedResampleGETAPITest -->
