<?xml version="1.0" encoding="UTF-8"?>
<!-- Generated by org.testng.reporters.JUnitReportReporter -->
<testsuite skipped="0" hostname="G10GNLT041" name="com.arcapi.Transittestcases.S3DocumentRemoveAPITest" tests="2" failures="0" timestamp="17 Jun 2019 09:30:40 GMT" time="7.371" errors="0">
  <testcase name="S3DocumentRemoveAPI" time="4.729" classname="com.arcapi.Transittestcases.S3DocumentRemoveAPITest"/>
  <testcase name="S3DocumentRemoveAPI" time="2.642" classname="com.arcapi.Transittestcases.S3DocumentRemoveAPITest"/>
</testsuite> <!-- com.arcapi.Transittestcases.S3DocumentRemoveAPITest -->
