<?xml version="1.0" encoding="UTF-8"?>
<!-- Generated by org.testng.reporters.JUnitReportReporter -->
<testsuite hostname="G10GGNLT052" name="com.arcapi.Portfoliostestcases.PortfoliosAssetDetailGetAPITest" tests="1" failures="0" timestamp="17 Oct 2019 08:56:41 GMT" time="2.007" errors="0">
  <testcase name="PortfoliosAssetDetailGetAPI" time="2.007" classname="com.arcapi.Portfoliostestcases.PortfoliosAssetDetailGetAPITest"/>
</testsuite> <!-- com.arcapi.Portfoliostestcases.PortfoliosAssetDetailGetAPITest -->
