<?xml version="1.0" encoding="UTF-8"?>
<!-- Generated by org.testng.reporters.JUnitReportReporter -->
<testsuite hostname="G10GGNLT052" name="com.arcapi.Common.AddAssestTimelinePOSTAPITest" tests="1" failures="0" timestamp="17 Oct 2019 07:26:52 GMT" time="6.679" errors="0">
  <testcase name="AddAssestTimeline" time="6.679" classname="com.arcapi.Common.AddAssestTimelinePOSTAPITest"/>
</testsuite> <!-- com.arcapi.Common.AddAssestTimelinePOSTAPITest -->
