<?xml version="1.0" encoding="UTF-8"?>
<!-- Generated by org.testng.reporters.JUnitReportReporter -->
<testsuite hostname="G10GGNLT052" name="com.arcapi.Portfoliostestcases.PortfoliosWater5YearGalDataVerifyGetAPITest" tests="1" failures="0" timestamp="6 Aug 2019 11:29:31 GMT" time="2.112" errors="0">
  <testcase name="PortfoliosWater3YearGalDataVerifyGetAPI" time="2.112" classname="com.arcapi.Portfoliostestcases.PortfoliosWater5YearGalDataVerifyGetAPITest"/>
</testsuite> <!-- com.arcapi.Portfoliostestcases.PortfoliosWater5YearGalDataVerifyGetAPITest -->
