<?xml version="1.0" encoding="UTF-8"?>
<!-- Generated by org.testng.reporters.JUnitReportReporter -->
<testsuite hostname="G10GGNLT052" name="com.arcapi.Portfoliostestcases.LoginAPITest" tests="1" failures="0" timestamp="13 Aug 2019 09:34:17 GMT" time="2.502" errors="0">
  <testcase name="LoginAPI" time="2.502" classname="com.arcapi.Portfoliostestcases.LoginAPITest"/>
</testsuite> <!-- com.arcapi.Portfoliostestcases.LoginAPITest -->
