<?xml version="1.0" encoding="UTF-8"?>
<!-- Generated by org.testng.reporters.JUnitReportReporter -->
<testsuite skipped="0" hostname="G10GNLT041" name="com.arcapi.Buildingtestcases.PaymentReceiptAPITest" tests="2" failures="0" timestamp="17 Jun 2019 07:27:40 GMT" time="34.649" errors="0">
  <testcase name="PaymentReceiptAPI" time="16.478" classname="com.arcapi.Buildingtestcases.PaymentReceiptAPITest"/>
  <testcase name="PaymentReceiptAPI" time="18.171" classname="com.arcapi.Buildingtestcases.PaymentReceiptAPITest"/>
</testsuite> <!-- com.arcapi.Buildingtestcases.PaymentReceiptAPITest -->
