<?xml version="1.0" encoding="UTF-8"?>
<!-- Generated by org.testng.reporters.JUnitReportReporter -->
<testsuite hostname="G10GGNLT052" name="com.arcapi.Common.SubmitReviewPOSTAPITest" tests="1" failures="0" timestamp="17 Oct 2019 07:26:51 GMT" time="6.981" errors="0">
  <testcase name="SubmitReviewPOSTAPI" time="6.981" classname="com.arcapi.Common.SubmitReviewPOSTAPITest"/>
</testsuite> <!-- com.arcapi.Common.SubmitReviewPOSTAPITest -->
