<?xml version="1.0" encoding="UTF-8"?>
<!-- Generated by org.testng.reporters.JUnitReportReporter -->
<testsuite hostname="G10GGNLT052" name="com.arcapi.CompleteDataValidationNoPayloadTestcases.S3DocumentUploadPOSTAPITest" tests="1" failures="0" timestamp="9 Oct 2019 05:37:53 GMT" time="1.810" errors="0">
  <testcase name="S3DocumentUploadPOSTAPI" time="1.810" classname="com.arcapi.CompleteDataValidationNoPayloadTestcases.S3DocumentUploadPOSTAPITest"/>
</testsuite> <!-- com.arcapi.CompleteDataValidationNoPayloadTestcases.S3DocumentUploadPOSTAPITest -->
