<?xml version="1.0" encoding="UTF-8"?>
<!-- Generated by org.testng.reporters.JUnitReportReporter -->
<testsuite hostname="G10GGNLT052" name="com.arcapi.Common.WebIOSAppVersionGetAPITest" tests="1" failures="0" timestamp="10 Oct 2019 09:28:21 GMT" time="2.415" errors="0">
  <testcase name="WebIOSAppVersionGetAPI" time="2.415" classname="com.arcapi.Common.WebIOSAppVersionGetAPITest"/>
</testsuite> <!-- com.arcapi.Common.WebIOSAppVersionGetAPITest -->
