<?xml version="1.0" encoding="UTF-8"?>
<!-- Generated by org.testng.reporters.JUnitReportReporter -->
<testsuite skipped="0" hostname="G10GNLT041" name="com.arcapi.Transittestcases.AssetTeamPermissionListAPITest" tests="2" failures="0" timestamp="17 Jun 2019 09:30:40 GMT" time="8.746" errors="0">
  <testcase name="AssetTeamPermissionListAPI" time="5.215" classname="com.arcapi.Transittestcases.AssetTeamPermissionListAPITest"/>
  <testcase name="AssetTeamPermissionListAPI" time="3.531" classname="com.arcapi.Transittestcases.AssetTeamPermissionListAPITest"/>
</testsuite> <!-- com.arcapi.Transittestcases.AssetTeamPermissionListAPITest -->
