<?xml version="1.0" encoding="UTF-8"?>
<!-- Generated by org.testng.reporters.JUnitReportReporter -->
<testsuite skipped="0" hostname="G10GNLT041" name="com.arcapi.Buildingtestcases.ElectricityMeterDeleteAPITest" tests="1" failures="0" timestamp="20 Dec 2018 09:55:01 GMT" time="19.012" errors="0">
  <testcase name="MeterDeleteAPI" time="19.012" classname="com.arcapi.Buildingtestcases.ElectricityMeterDeleteAPITest"/>
</testsuite> <!-- com.arcapi.Buildingtestcases.ElectricityMeterDeleteAPITest -->
