<?xml version="1.0" encoding="UTF-8"?>
<!-- Generated by org.testng.reporters.JUnitReportReporter -->
<testsuite hostname="G10GGNLT052" name="com.arcapi.Transittestcases.TransitSurveyAPITest" tests="1" failures="0" timestamp="20 Sep 2019 07:00:23 GMT" time="2.119" errors="0">
  <testcase name="TransitSurveyAPI" time="2.119" classname="com.arcapi.Transittestcases.TransitSurveyAPITest"/>
</testsuite> <!-- com.arcapi.Transittestcases.TransitSurveyAPITest -->
