<?xml version="1.0" encoding="UTF-8"?>
<!-- Generated by org.testng.reporters.JUnitReportReporter -->
<testsuite skipped="0" hostname="G10GNLT041" name="com.arcapi.Transittestcases.AssetSearchAPITest" tests="2" failures="0" timestamp="17 Jun 2019 09:30:40 GMT" time="6.456" errors="0">
  <testcase name="AssetSearchAPI" time="4.193" classname="com.arcapi.Transittestcases.AssetSearchAPITest"/>
  <testcase name="AssetSearchAPI" time="2.263" classname="com.arcapi.Transittestcases.AssetSearchAPITest"/>
</testsuite> <!-- com.arcapi.Transittestcases.AssetSearchAPITest -->
