<?xml version="1.0" encoding="UTF-8"?>
<!-- Generated by org.testng.reporters.JUnitReportReporter -->
<testsuite hostname="G10GGNLT052" name="com.arcapi.Common.AssetDataExportAPITest" tests="1" failures="0" timestamp="7 Oct 2019 08:08:24 GMT" time="1.865" errors="0">
  <testcase name="AssetDataExportAPI" time="1.865" classname="com.arcapi.Common.AssetDataExportAPITest"/>
</testsuite> <!-- com.arcapi.Common.AssetDataExportAPITest -->
