<?xml version="1.0" encoding="UTF-8"?>
<!-- Generated by org.testng.reporters.JUnitReportReporter -->
<testsuite hostname="G10GGNLT052" name="com.arcapi.Buildingtestcases.WasteDivertedBulkDataPostTest" tests="1" failures="0" timestamp="20 Sep 2019 07:00:23 GMT" time="2.218" errors="0">
  <testcase name="WasteDivertedBulkDataPost" time="2.218" classname="com.arcapi.Buildingtestcases.WasteDivertedBulkDataPostTest"/>
</testsuite> <!-- com.arcapi.Buildingtestcases.WasteDivertedBulkDataPostTest -->
