<?xml version="1.0" encoding="UTF-8"?>
<!-- Generated by org.testng.reporters.JUnitReportReporter -->
<testsuite hostname="G10GGNLT052" name="com.arcapi.Common.UserAccessLevelSAPGetTest" tests="1" failures="0" timestamp="5 Mar 2020 04:50:37 GMT" time="1.703" errors="0">
  <testcase name="UserAccessLevelSAPGet" time="1.703" classname="com.arcapi.Common.UserAccessLevelSAPGetTest"/>
</testsuite> <!-- com.arcapi.Common.UserAccessLevelSAPGetTest -->
