<?xml version="1.0" encoding="UTF-8"?>
<!-- Generated by org.testng.reporters.JUnitReportReporter -->
<testsuite hostname="G10GGNLT052" name="com.arcapi.CompleteDataValidationNoPayloadTestcases.NotificationCreatePOSTAPITest" tests="1" failures="0" timestamp="9 Oct 2019 05:37:55 GMT" time="1.783" errors="0">
  <testcase name="NotificationCreatePOSTAPI" time="1.783" classname="com.arcapi.CompleteDataValidationNoPayloadTestcases.NotificationCreatePOSTAPITest"/>
</testsuite> <!-- com.arcapi.CompleteDataValidationNoPayloadTestcases.NotificationCreatePOSTAPITest -->
