<?xml version="1.0" encoding="UTF-8"?>
<!-- Generated by org.testng.reporters.JUnitReportReporter -->
<testsuite hostname="G10GGNLT052" name="com.arcapi.Citytestcases.LEEDV4CitiesPlanandDesign" tests="1" failures="0" timestamp="18 Sep 2019 06:42:51 GMT" time="7.286" errors="0">
  <testcase name="LeedExistingCityCreateAssetAPI" time="7.286" classname="com.arcapi.Citytestcases.LEEDV4CitiesPlanandDesign"/>
</testsuite> <!-- com.arcapi.Citytestcases.LEEDV4CitiesPlanandDesign -->
