<?xml version="1.0" encoding="UTF-8"?>
<!-- Generated by org.testng.reporters.JUnitReportReporter -->
<testsuite skipped="0" hostname="G10GNLT041" name="com.arcapi.Citytestcases.AssetRequiredFieldsAPITest" tests="2" failures="0" timestamp="17 Jun 2019 08:07:17 GMT" time="7.347" errors="0">
  <testcase name="AssetRequiredFieldsAPI" time="3.608" classname="com.arcapi.Citytestcases.AssetRequiredFieldsAPITest"/>
  <testcase name="AssetRequiredFieldsAPI" time="3.739" classname="com.arcapi.Citytestcases.AssetRequiredFieldsAPITest"/>
</testsuite> <!-- com.arcapi.Citytestcases.AssetRequiredFieldsAPITest -->
