<?xml version="1.0" encoding="UTF-8"?>
<!-- Generated by org.testng.reporters.JUnitReportReporter -->
<testsuite hostname="G10GGNLT052" name="com.arcapi.Buildingtestcases.CreditGetAPITest" tests="1" failures="0" timestamp="10 Sep 2019 11:10:22 GMT" time="9.527" errors="0">
  <testcase name="CreditGetAPI" time="9.527" classname="com.arcapi.Buildingtestcases.CreditGetAPITest"/>
</testsuite> <!-- com.arcapi.Buildingtestcases.CreditGetAPITest -->
