<?xml version="1.0" encoding="UTF-8"?>
<!-- Generated by org.testng.reporters.JUnitReportReporter -->
<testsuite hostname="G10GGNLT052" name="com.arcapi.Leedv4Testcases.HumanExperienceConsumptionDeleteAPITest" tests="1" failures="0" timestamp="22 Oct 2019 10:35:10 GMT" time="14.568" errors="0">
  <testcase name="HumanExperienceConsumptionDeleteAPI" time="14.568" classname="com.arcapi.Leedv4Testcases.HumanExperienceConsumptionDeleteAPITest"/>
</testsuite> <!-- com.arcapi.Leedv4Testcases.HumanExperienceConsumptionDeleteAPITest -->
