<?xml version="1.0" encoding="UTF-8"?>
<!-- Generated by org.testng.reporters.JUnitReportReporter -->
<testsuite hostname="G10GGNLT052" name="com.arcapi.Common.PerformanceComparablesGetAPITest" tests="1" failures="0" timestamp="20 Sep 2019 07:00:22 GMT" time="0.011" errors="0">
  <testcase name="PerformanceComparablesGetAPI" time="0.011" classname="com.arcapi.Common.PerformanceComparablesGetAPITest"/>
</testsuite> <!-- com.arcapi.Common.PerformanceComparablesGetAPITest -->
