<?xml version="1.0" encoding="UTF-8"?>
<!-- Generated by org.testng.reporters.JUnitReportReporter -->
<testsuite hostname="G10GGNLT052" name="com.arcapi.Common.AssetDataSnapshotAPITest" tests="1" failures="0" timestamp="10 Oct 2019 08:21:47 GMT" time="8.219" errors="0">
  <testcase name="AssetDataSnapshotAPI" time="8.219" classname="com.arcapi.Common.AssetDataSnapshotAPITest"/>
</testsuite> <!-- com.arcapi.Common.AssetDataSnapshotAPITest -->
