<?xml version="1.0" encoding="UTF-8"?>
<!-- Generated by org.testng.reporters.JUnitReportReporter -->
<testsuite skipped="0" hostname="G10GNLT041" name="com.arcapi.Transittestcases.MeterCreatePOSTAPITest" tests="2" failures="0" timestamp="17 Jun 2019 09:30:41 GMT" time="8.373" errors="0">
  <testcase name="MeterCreatePOSTAPI" time="5.495" classname="com.arcapi.Transittestcases.MeterCreatePOSTAPITest"/>
  <testcase name="MeterCreatePOSTAPI" time="2.878" classname="com.arcapi.Transittestcases.MeterCreatePOSTAPITest"/>
</testsuite> <!-- com.arcapi.Transittestcases.MeterCreatePOSTAPITest -->
