<?xml version="1.0" encoding="UTF-8"?>
<!-- Generated by org.testng.reporters.JUnitReportReporter -->
<testsuite hostname="G10GGNLT052" name="com.arcapi.Common.LoginAPITest" tests="1" failures="0" timestamp="5 Nov 2019 09:09:55 GMT" time="10.000" errors="0">
  <testcase name="LoginAPI" time="10.000" classname="com.arcapi.Common.LoginAPITest"/>
</testsuite> <!-- com.arcapi.Common.LoginAPITest -->
