<?xml version="1.0" encoding="UTF-8"?>
<!-- Generated by org.testng.reporters.JUnitReportReporter -->
<testsuite hostname="G10GGNLT052" name="com.arcapi.Portfoliostestcases.PortfoliosDetailPUTAPITest" tests="1" failures="0" timestamp="17 Oct 2019 08:56:41 GMT" time="1.825" errors="0">
  <testcase name="PortfoliosDetailPUTAPI" time="1.825" classname="com.arcapi.Portfoliostestcases.PortfoliosDetailPUTAPITest"/>
</testsuite> <!-- com.arcapi.Portfoliostestcases.PortfoliosDetailPUTAPITest -->
