<?xml version="1.0" encoding="UTF-8"?>
<!-- Generated by org.testng.reporters.JUnitReportReporter -->
<testsuite skipped="0" hostname="G10GNLT041" name="com.arcapi.Buildingtestcases.AvgPerformaceListGetTest" tests="2" failures="0" timestamp="17 Jun 2019 07:27:40 GMT" time="13.782" errors="0">
  <testcase name="AvgPerformaceList" time="6.848" classname="com.arcapi.Buildingtestcases.AvgPerformaceListGetTest"/>
  <testcase name="AvgPerformaceList" time="6.934" classname="com.arcapi.Buildingtestcases.AvgPerformaceListGetTest"/>
</testsuite> <!-- com.arcapi.Buildingtestcases.AvgPerformaceListGetTest -->
