<?xml version="1.0" encoding="UTF-8"?>
<!-- Generated by org.testng.reporters.JUnitReportReporter -->
<testsuite hostname="G10GGNLT052" name="com.arcapi.Common.PerformanceComparablesGetAPITest" tests="1" failures="0" timestamp="5 Nov 2019 05:13:46 GMT" time="1.423" errors="0">
  <testcase name="PerformanceComparablesGetAPI" time="1.423" classname="com.arcapi.Common.PerformanceComparablesGetAPITest"/>
</testsuite> <!-- com.arcapi.Common.PerformanceComparablesGetAPITest -->
