<?xml version="1.0" encoding="UTF-8"?>
<!-- Generated by org.testng.reporters.JUnitReportReporter -->
<testsuite skipped="0" hostname="G10GNLT041" name="com.arcapi.TrailFlowtestcases.Transit.FuelCategoryAPITest" tests="1" failures="0" timestamp="06 Feb 2019 06:51:21 GMT" time="3.767" errors="0">
  <testcase name="FuelCategoryAPI" time="3.767" classname="com.arcapi.TrailFlowtestcases.Transit.FuelCategoryAPITest"/>
</testsuite> <!-- com.arcapi.TrailFlowtestcases.Transit.FuelCategoryAPITest -->
