<?xml version="1.0" encoding="UTF-8"?>
<!-- Generated by org.testng.reporters.JUnitReportReporter -->
<testsuite hostname="G10GGNLT052" name="com.arcapi.Buildingtestcases.ConsumptionDetailAPITest" tests="1" failures="0" timestamp="10 Sep 2019 13:39:53 GMT" time="2.635" errors="0">
  <testcase name="ConsumptionDetailAPI" time="2.635" classname="com.arcapi.Buildingtestcases.ConsumptionDetailAPITest"/>
</testsuite> <!-- com.arcapi.Buildingtestcases.ConsumptionDetailAPITest -->
