<?xml version="1.0" encoding="UTF-8"?>
<!-- Generated by org.testng.reporters.JUnitReportReporter -->
<testsuite hostname="G10GGNLT052" name="com.arcapi.Common.AssetDocumentAPITest" tests="1" failures="0" timestamp="11 Oct 2019 09:12:46 GMT" time="3.679" errors="0">
  <testcase name="AssetDocumentAPI" time="3.679" classname="com.arcapi.Common.AssetDocumentAPITest"/>
</testsuite> <!-- com.arcapi.Common.AssetDocumentAPITest -->
