<?xml version="1.0" encoding="UTF-8"?>
<!-- Generated by org.testng.reporters.JUnitReportReporter -->
<testsuite hostname="G10GGNLT052" name="com.arcapi.CompleteDataValidationNoPayloadTestcases.ConsumptionUpdatePUTAPITest" tests="1" failures="0" timestamp="10 Sep 2019 11:10:22 GMT" time="3.386" errors="0">
  <testcase name="ConsumptionUpdatePUTAPI" time="3.386" classname="com.arcapi.CompleteDataValidationNoPayloadTestcases.ConsumptionUpdatePUTAPITest"/>
</testsuite> <!-- com.arcapi.CompleteDataValidationNoPayloadTestcases.ConsumptionUpdatePUTAPITest -->
