<?xml version="1.0" encoding="UTF-8"?>
<!-- Generated by org.testng.reporters.JUnitReportReporter -->
<testsuite hostname="G10GGNLT052" name="com.arcapi.ScenarioBasedTestcases.AddProjectNullValueAPITest" tests="1" failures="0" timestamp="7 Nov 2019 09:54:02 GMT" time="5.814" errors="0">
  <testcase name="AddProjectNullValueAPI" time="5.814" classname="com.arcapi.ScenarioBasedTestcases.AddProjectNullValueAPITest"/>
</testsuite> <!-- com.arcapi.ScenarioBasedTestcases.AddProjectNullValueAPITest -->
