<?xml version="1.0" encoding="UTF-8"?>
<!-- Generated by org.testng.reporters.JUnitReportReporter -->
<testsuite hostname="G10GGNLT052" name="com.arcapi.Common.V2.SetUserprofileV1APITest" tests="1" failures="0" timestamp="8 Nov 2019 05:07:34 GMT" time="1.433" errors="0">
  <testcase name="SetUserprofileV2API" time="1.433" classname="com.arcapi.Common.V2.SetUserprofileV1APITest"/>
</testsuite> <!-- com.arcapi.Common.V2.SetUserprofileV1APITest -->
