<?xml version="1.0" encoding="UTF-8"?>
<!-- Generated by org.testng.reporters.JUnitReportReporter -->
<testsuite hostname="G10GGNLT052" name="com.arcapi.Buildingtestcases.OtherFuelMeterDeleteAPITest" tests="1" failures="0" timestamp="11 Sep 2019 05:28:10 GMT" time="31.690" errors="0">
  <testcase name="OtherFuelMeterDeleteAPI" time="31.690" classname="com.arcapi.Buildingtestcases.OtherFuelMeterDeleteAPITest"/>
</testsuite> <!-- com.arcapi.Buildingtestcases.OtherFuelMeterDeleteAPITest -->
