<?xml version="1.0" encoding="UTF-8"?>
<!-- Generated by org.testng.reporters.JUnitReportReporter -->
<testsuite skipped="0" hostname="G10GNLT041" name="com.arcapi.CompleteDataValidationNoPayloadTestcases.S3DocumentUploadPOSTAPITest" tests="1" failures="0" timestamp="21 Jun 2019 06:10:21 GMT" time="2.574" errors="0">
  <testcase name="S3DocumentUploadPOSTAPI" time="2.574" classname="com.arcapi.CompleteDataValidationNoPayloadTestcases.S3DocumentUploadPOSTAPITest"/>
</testsuite> <!-- com.arcapi.CompleteDataValidationNoPayloadTestcases.S3DocumentUploadPOSTAPITest -->
