<?xml version="1.0" encoding="UTF-8"?>
<!-- Generated by org.testng.reporters.JUnitReportReporter -->
<testsuite hostname="G10GGNLT052" name="com.arcapi.Buildingtestcases.OtherFuelConsumptionUpdateAPITest" tests="1" failures="0" timestamp="11 Oct 2019 08:57:39 GMT" time="33.766" errors="0">
  <testcase name="OtherFuelConsumptionUpdateAPI" time="33.766" classname="com.arcapi.Buildingtestcases.OtherFuelConsumptionUpdateAPITest"/>
</testsuite> <!-- com.arcapi.Buildingtestcases.OtherFuelConsumptionUpdateAPITest -->
