<?xml version="1.0" encoding="UTF-8"?>
<!-- Generated by org.testng.reporters.JUnitReportReporter -->
<testsuite hostname="G10GGNLT052" name="com.arcapi.Common.AssetDataExportAPITest" tests="1" failures="0" timestamp="10 Sep 2019 13:39:53 GMT" time="3.817" errors="0">
  <testcase name="AssetDataExportAPI" time="3.817" classname="com.arcapi.Common.AssetDataExportAPITest"/>
</testsuite> <!-- com.arcapi.Common.AssetDataExportAPITest -->
