<?xml version="1.0" encoding="UTF-8"?>
<!-- Generated by org.testng.reporters.JUnitReportReporter -->
<testsuite skipped="0" hostname="G10GNLT041" name="com.arcapi.Buildingtestcases.ElectricityConsumptionUpdateAPITest" tests="1" failures="0" timestamp="20 Dec 2018 09:55:00 GMT" time="19.152" errors="0">
  <testcase name="ConsumptionUpdatePUTAPI" time="19.152" classname="com.arcapi.Buildingtestcases.ElectricityConsumptionUpdateAPITest"/>
</testsuite> <!-- com.arcapi.Buildingtestcases.ElectricityConsumptionUpdateAPITest -->
