<?xml version="1.0" encoding="UTF-8"?>
<!-- Generated by org.testng.reporters.JUnitReportReporter -->
<testsuite skipped="1" hostname="G10GGNLT052" name="com.arcapi.Parksmarttestcases.AssociatedCategoriesAPITest" tests="1" failures="0" timestamp="19 Aug 2019 07:38:18 GMT" time="0.000" errors="0">
  <testcase name="AssociatedCategoriesAPI" time="0.000" classname="com.arcapi.Parksmarttestcases.AssociatedCategoriesAPITest">
    <skipped/>
  </testcase> <!-- AssociatedCategoriesAPI -->
</testsuite> <!-- com.arcapi.Parksmarttestcases.AssociatedCategoriesAPITest -->
