<?xml version="1.0" encoding="UTF-8"?>
<!-- Generated by org.testng.reporters.JUnitReportReporter -->
<testsuite skipped="0" hostname="G10GNLT041" name="com.arcapi.Citytestcases.AssetAppListAPITest" tests="2" failures="0" timestamp="03 Sep 2018 06:19:37 GMT" time="4.408" errors="0">
  <testcase name="AssetAppListAPI" time="2.121" classname="com.arcapi.Citytestcases.AssetAppListAPITest"/>
  <testcase name="AssetAppListAPI" time="2.287" classname="com.arcapi.Citytestcases.AssetAppListAPITest"/>
</testsuite> <!-- com.arcapi.Citytestcases.AssetAppListAPITest -->
