<?xml version="1.0" encoding="UTF-8"?>
<!-- Generated by org.testng.reporters.JUnitReportReporter -->
<testsuite hostname="G10GGNLT052" name="com.arcapi.Buildingtestcases.SurveyAllRoutesFeedbackVisitorAPIPOSTAPITest" tests="1" failures="0" timestamp="7 Nov 2019 09:54:02 GMT" time="1.559" errors="0">
  <testcase name="SurveyAllRoutesFeedbackVisitorAPI" time="1.559" classname="com.arcapi.Buildingtestcases.SurveyAllRoutesFeedbackVisitorAPIPOSTAPITest"/>
</testsuite> <!-- com.arcapi.Buildingtestcases.SurveyAllRoutesFeedbackVisitorAPIPOSTAPITest -->
