<?xml version="1.0" encoding="UTF-8"?>
<!-- Generated by org.testng.reporters.JUnitReportReporter -->
<testsuite skipped="0" hostname="G10GNLT041" name="com.arcapi.CompleteDataValidationNoPayloadTestcases.S3DocumentRemoveAPITest" tests="1" failures="0" timestamp="21 Jun 2019 06:10:22 GMT" time="2.176" errors="0">
  <testcase name="S3DocumentRemoveAPI" time="2.176" classname="com.arcapi.CompleteDataValidationNoPayloadTestcases.S3DocumentRemoveAPITest"/>
</testsuite> <!-- com.arcapi.CompleteDataValidationNoPayloadTestcases.S3DocumentRemoveAPITest -->
