<?xml version="1.0" encoding="UTF-8"?>
<!-- Generated by org.testng.reporters.JUnitReportReporter -->
<testsuite hostname="G10GGNLT052" name="com.arcapi.Buildingtestcase.ElectricityPurchasedFromGridCreatePOSTAPITest" tests="1" failures="0" timestamp="6 Aug 2019 09:33:06 GMT" time="2.981" errors="0">
  <testcase name="energyMeterCreatePOSTAPITest" time="2.981" classname="com.arcapi.Buildingtestcase.ElectricityPurchasedFromGridCreatePOSTAPITest"/>
</testsuite> <!-- com.arcapi.Buildingtestcase.ElectricityPurchasedFromGridCreatePOSTAPITest -->
