<?xml version="1.0" encoding="UTF-8"?>
<!-- Generated by org.testng.reporters.JUnitReportReporter -->
<testsuite hostname="G10GGNLT052" name="com.arcapi.Buildingtestcases.EnergyCreate60MonthMeterDataPostTest" tests="1" failures="0" timestamp="21 Sep 2019 09:20:03 GMT" time="165.707" errors="0">
  <testcase name="EnergyCreate60MonthMeterDataPost" time="165.707" classname="com.arcapi.Buildingtestcases.EnergyCreate60MonthMeterDataPostTest"/>
</testsuite> <!-- com.arcapi.Buildingtestcases.EnergyCreate60MonthMeterDataPostTest -->
