<?xml version="1.0" encoding="UTF-8"?>
<!-- Generated by org.testng.reporters.JUnitReportReporter -->
<testsuite hostname="G10GGNLT052" name="com.arcapi.Common.V2.Improvement_ScoreBasicAnalysisDataGetAPITest" tests="1" failures="0" timestamp="14 Oct 2019 08:54:23 GMT" time="2.466" errors="0">
  <testcase name="Improvement_ScoreBasicAnalysisDataGetAPI" time="2.466" classname="com.arcapi.Common.V2.Improvement_ScoreBasicAnalysisDataGetAPITest"/>
</testsuite> <!-- com.arcapi.Common.V2.Improvement_ScoreBasicAnalysisDataGetAPITest -->
