<?xml version="1.0" encoding="UTF-8"?>
<!-- Generated by org.testng.reporters.JUnitReportReporter -->
<testsuite hostname="G10GGNLT052" name="com.arcapi.Citytestcases.MeasuresUpdateAPITest" tests="1" failures="0" timestamp="14 Aug 2019 08:09:03 GMT" time="2.672" errors="0">
  <testcase name="MeasuresUpdateAPI" time="2.672" classname="com.arcapi.Citytestcases.MeasuresUpdateAPITest"/>
</testsuite> <!-- com.arcapi.Citytestcases.MeasuresUpdateAPITest -->
