<?xml version="1.0" encoding="UTF-8"?>
<!-- Generated by org.testng.reporters.JUnitReportReporter -->
<testsuite hostname="G10GGNLT052" name="com.arcapi.Buildingtestcases.ConsumptionDetailAPITest" tests="1" failures="0" timestamp="20 Sep 2019 07:00:23 GMT" time="12.967" errors="0">
  <testcase name="ConsumptionDetailAPI" time="12.967" classname="com.arcapi.Buildingtestcases.ConsumptionDetailAPITest"/>
</testsuite> <!-- com.arcapi.Buildingtestcases.ConsumptionDetailAPITest -->
