<?xml version="1.0" encoding="UTF-8"?>
<!-- Generated by org.testng.reporters.JUnitReportReporter -->
<testsuite hostname="G10GGNLT052" name="com.arcapi.Common.V2.ResampledSource_energyAnalysisDataGetAPITest" tests="1" failures="0" timestamp="10 Oct 2019 08:21:46 GMT" time="2.663" errors="0">
  <testcase name="ResampledSource_energyAnalysisDataGetAPI" time="2.663" classname="com.arcapi.Common.V2.ResampledSource_energyAnalysisDataGetAPITest"/>
</testsuite> <!-- com.arcapi.Common.V2.ResampledSource_energyAnalysisDataGetAPITest -->
