<?xml version="1.0" encoding="UTF-8"?>
<!-- Generated by org.testng.reporters.JUnitReportReporter -->
<testsuite skipped="0" hostname="G10GNLT041" name="com.arcapi.Communitytestcases.PaymentOrderGetAPITest" tests="2" failures="0" timestamp="17 Jun 2019 09:30:40 GMT" time="7.394" errors="0">
  <testcase name="PaymentOrderGetAPI" time="3.631" classname="com.arcapi.Communitytestcases.PaymentOrderGetAPITest"/>
  <testcase name="PaymentOrderGetAPI" time="3.763" classname="com.arcapi.Communitytestcases.PaymentOrderGetAPITest"/>
</testsuite> <!-- com.arcapi.Communitytestcases.PaymentOrderGetAPITest -->
