<?xml version="1.0" encoding="UTF-8"?>
<!-- Generated by org.testng.reporters.JUnitReportReporter -->
<testsuite skipped="0" hostname="G10GNLT041" name="com.arcapi.InterRelatedFieldValidationTestcases.PF906CreatePOSTAPITest" tests="1" failures="0" timestamp="21 Jun 2019 05:34:13 GMT" time="68.554" errors="0">
  <testcase name="PF906CreatePOSTAPI" time="68.554" classname="com.arcapi.InterRelatedFieldValidationTestcases.PF906CreatePOSTAPITest"/>
</testsuite> <!-- com.arcapi.InterRelatedFieldValidationTestcases.PF906CreatePOSTAPITest -->
