<?xml version="1.0" encoding="UTF-8"?>
<!-- Generated by org.testng.reporters.JUnitReportReporter -->
<testsuite hostname="G10GGNLT052" name="com.arcapi.ScenarioBasedTestcases.OLDExcelUploadTemplatePOSTAPITest" tests="1" failures="0" timestamp="22 Oct 2019 08:00:56 GMT" time="4.502" errors="0">
  <testcase name="OLDExcelUploadTemplatePOSTAPI" time="4.502" classname="com.arcapi.ScenarioBasedTestcases.OLDExcelUploadTemplatePOSTAPITest"/>
</testsuite> <!-- com.arcapi.ScenarioBasedTestcases.OLDExcelUploadTemplatePOSTAPITest -->
