<?xml version="1.0" encoding="UTF-8"?>
<!-- Generated by org.testng.reporters.JUnitReportReporter -->
<testsuite skipped="0" hostname="G10GNLT041" name="com.arcapi.Citytestcases.FuelCategoryAPITest" tests="2" failures="0" timestamp="17 Jun 2019 08:07:17 GMT" time="6.303" errors="0">
  <testcase name="FuelCategoryAPI" time="3.300" classname="com.arcapi.Citytestcases.FuelCategoryAPITest"/>
  <testcase name="FuelCategoryAPI" time="3.003" classname="com.arcapi.Citytestcases.FuelCategoryAPITest"/>
</testsuite> <!-- com.arcapi.Citytestcases.FuelCategoryAPITest -->
