<?xml version="1.0" encoding="UTF-8"?>
<!-- Generated by org.testng.reporters.JUnitReportReporter -->
<testsuite hostname="G10GGNLT052" name="com.arcapi.Citytestcases.MeterCreateAPICityCommTest" tests="1" failures="0" timestamp="14 Aug 2019 08:09:03 GMT" time="31.094" errors="0">
  <testcase name="MeterCreatePOSTAPI" time="31.094" classname="com.arcapi.Citytestcases.MeterCreateAPICityCommTest"/>
</testsuite> <!-- com.arcapi.Citytestcases.MeterCreateAPICityCommTest -->
