<?xml version="1.0" encoding="UTF-8"?>
<!-- Generated by org.testng.reporters.JUnitReportReporter -->
<testsuite hostname="G10GGNLT052" name="com.arcapi.Buildingtestcases.WaterMeterCreateAPITest" tests="1" failures="0" timestamp="7 Oct 2019 14:00:33 GMT" time="79.540" errors="0">
  <testcase name="WaterMeterCreateAPI" time="79.540" classname="com.arcapi.Buildingtestcases.WaterMeterCreateAPITest"/>
</testsuite> <!-- com.arcapi.Buildingtestcases.WaterMeterCreateAPITest -->
