<?xml version="1.0" encoding="UTF-8"?>
<!-- Generated by org.testng.reporters.JUnitReportReporter -->
<testsuite skipped="0" hostname="G10GNLT041" name="com.arcapi.TrailFlowtestcases.Community.AnalysisDataSubmitPOSTAPITest" tests="1" failures="0" timestamp="08 Feb 2019 07:12:11 GMT" time="11.421" errors="0">
  <testcase name="AnalysisDataSubmitPOSTAPI" time="11.421" classname="com.arcapi.TrailFlowtestcases.Community.AnalysisDataSubmitPOSTAPITest"/>
</testsuite> <!-- com.arcapi.TrailFlowtestcases.Community.AnalysisDataSubmitPOSTAPITest -->
