<?xml version="1.0" encoding="UTF-8"?>
<!-- Generated by org.testng.reporters.JUnitReportReporter -->
<testsuite hostname="G10GGNLT052" name="com.arcapi.CompleteDataValidationNoPayloadTestcases.NotificationDeleteAPITest" tests="1" failures="0" timestamp="13 Aug 2019 07:30:04 GMT" time="6.173" errors="0">
  <testcase name="NotificationDeleteAPI" time="6.173" classname="com.arcapi.CompleteDataValidationNoPayloadTestcases.NotificationDeleteAPITest"/>
</testsuite> <!-- com.arcapi.CompleteDataValidationNoPayloadTestcases.NotificationDeleteAPITest -->
