<?xml version="1.0" encoding="UTF-8"?>
<!-- Generated by org.testng.reporters.JUnitReportReporter -->
<testsuite skipped="0" hostname="G10GNLT041" name="com.arcapi.TrailFlowtestcases.AvgPerformaceListGetTest" tests="1" failures="0" timestamp="05 Feb 2019 07:18:51 GMT" time="8.659" errors="0">
  <testcase name="AvgPerformaceList" time="8.659" classname="com.arcapi.TrailFlowtestcases.AvgPerformaceListGetTest"/>
</testsuite> <!-- com.arcapi.TrailFlowtestcases.AvgPerformaceListGetTest -->
