<?xml version="1.0" encoding="UTF-8"?>
<!-- Generated by org.testng.reporters.JUnitReportReporter -->
<testsuite skipped="0" hostname="G10GNLT041" name="com.arcapi.Buildingtestcases.AssetAppaddPOSTAPITest" tests="1" failures="0" timestamp="14 Sep 2018 10:02:50 GMT" time="5.900" errors="0">
  <testcase name="AssetAppaddPOSTAPI" time="5.900" classname="com.arcapi.Buildingtestcases.AssetAppaddPOSTAPITest"/>
</testsuite> <!-- com.arcapi.Buildingtestcases.AssetAppaddPOSTAPITest -->
