<?xml version="1.0" encoding="UTF-8"?>
<!-- Generated by org.testng.reporters.JUnitReportReporter -->
<testsuite hostname="G10GGNLT052" name="com.arcapi.Portfoliostestcases.PortfoliosTransportModes3YearDataVerifyGetAPITest" tests="1" failures="0" timestamp="7 Aug 2019 11:40:43 GMT" time="2.297" errors="0">
  <testcase name="PortfoliosTransportModes3YearDataVerifyGetAPI" time="2.297" classname="com.arcapi.Portfoliostestcases.PortfoliosTransportModes3YearDataVerifyGetAPITest"/>
</testsuite> <!-- com.arcapi.Portfoliostestcases.PortfoliosTransportModes3YearDataVerifyGetAPITest -->
