<?xml version="1.0" encoding="UTF-8"?>
<!-- Generated by org.testng.reporters.JUnitReportReporter -->
<testsuite hostname="G10GGNLT052" name="com.arcapi.Common.PaymentReceiptAPITest" tests="1" failures="0" timestamp="17 Oct 2019 07:26:51 GMT" time="5.890" errors="0">
  <testcase name="PaymentReceiptAPI" time="5.890" classname="com.arcapi.Common.PaymentReceiptAPITest"/>
</testsuite> <!-- com.arcapi.Common.PaymentReceiptAPITest -->
