<?xml version="1.0" encoding="UTF-8"?>
<!-- Generated by org.testng.reporters.JUnitReportReporter -->
<testsuite skipped="0" hostname="G10GNLT041" name="com.arcapi.Citytestcases.CityCommConsumptionCustomWaterCreateAPITest" tests="1" failures="0" timestamp="23 May 2019 09:26:29 GMT" time="38.674" errors="0">
  <testcase name="ConsumptionCreatePOSTAPI" time="38.674" classname="com.arcapi.Citytestcases.CityCommConsumptionCustomWaterCreateAPITest"/>
</testsuite> <!-- com.arcapi.Citytestcases.CityCommConsumptionCustomWaterCreateAPITest -->
