<?xml version="1.0" encoding="UTF-8"?>
<!-- Generated by org.testng.reporters.JUnitReportReporter -->
<testsuite hostname="G10GGNLT052" name="com.arcapi.Transittestcases.VerifyRidershipGraphValuesAPITest" tests="1" failures="0" timestamp="9 Sep 2019 15:05:12 GMT" time="2.696" errors="0">
  <testcase name="VerifyRidershipGraphValuesAPI" time="2.696" classname="com.arcapi.Transittestcases.VerifyRidershipGraphValuesAPITest"/>
</testsuite> <!-- com.arcapi.Transittestcases.VerifyRidershipGraphValuesAPITest -->
