<?xml version="1.0" encoding="UTF-8"?>
<!-- Generated by org.testng.reporters.JUnitReportReporter -->
<testsuite skipped="0" hostname="G10GNLT041" name="com.arcapi.Citytestcases.AssetTeamPermissionListAPITest" tests="2" failures="0" timestamp="17 Jun 2019 08:07:17 GMT" time="9.079" errors="0">
  <testcase name="AssetTeamPermissionListAPI" time="4.552" classname="com.arcapi.Citytestcases.AssetTeamPermissionListAPITest"/>
  <testcase name="AssetTeamPermissionListAPI" time="4.527" classname="com.arcapi.Citytestcases.AssetTeamPermissionListAPITest"/>
</testsuite> <!-- com.arcapi.Citytestcases.AssetTeamPermissionListAPITest -->
