<?xml version="1.0" encoding="UTF-8"?>
<!-- Generated by org.testng.reporters.JUnitReportReporter -->
<testsuite skipped="0" hostname="G10GNLT041" name="com.arcapi.Citytestcases.GetAllDocumentListAPITest" tests="2" failures="0" timestamp="17 Jun 2019 08:07:17 GMT" time="7.809" errors="0">
  <testcase name="GetAllDocumentListAPI" time="3.608" classname="com.arcapi.Citytestcases.GetAllDocumentListAPITest"/>
  <testcase name="GetAllDocumentListAPI" time="4.201" classname="com.arcapi.Citytestcases.GetAllDocumentListAPITest"/>
</testsuite> <!-- com.arcapi.Citytestcases.GetAllDocumentListAPITest -->
