<?xml version="1.0" encoding="UTF-8"?>
<!-- Generated by org.testng.reporters.JUnitReportReporter -->
<testsuite skipped="0" hostname="G10GNLT041" name="com.arcapi.Buildingtestcases.WaterMeterDeleteAPITest" tests="1" failures="0" timestamp="20 Dec 2018 09:55:00 GMT" time="21.670" errors="0">
  <testcase name="WaterMeterDeleteAPI" time="21.670" classname="com.arcapi.Buildingtestcases.WaterMeterDeleteAPITest"/>
</testsuite> <!-- com.arcapi.Buildingtestcases.WaterMeterDeleteAPITest -->
