<?xml version="1.0" encoding="UTF-8"?>
<!-- Generated by org.testng.reporters.JUnitReportReporter -->
<testsuite skipped="0" hostname="G10GNLT041" name="com.arcapi.Buildingtestcases.InstallAllAppsAPITest" tests="1" failures="0" timestamp="05 Dec 2018 05:16:09 GMT" time="11.066" errors="0">
  <testcase name="InstallAllAppsAPI" time="11.066" classname="com.arcapi.Buildingtestcases.InstallAllAppsAPITest"/>
</testsuite> <!-- com.arcapi.Buildingtestcases.InstallAllAppsAPITest -->
