<?xml version="1.0" encoding="UTF-8"?>
<!-- Generated by org.testng.reporters.JUnitReportReporter -->
<testsuite skipped="0" hostname="G10GNLT041" name="com.arcapi.Scoretestcases.version2.GhgCalcGetTest" tests="1" failures="0" timestamp="13 Sep 2018 09:17:56 GMT" time="59.252" errors="0">
  <testcase name="GhgCalcGet" time="59.252" classname="com.arcapi.Scoretestcases.version2.GhgCalcGetTest"/>
</testsuite> <!-- com.arcapi.Scoretestcases.version2.GhgCalcGetTest -->
