<?xml version="1.0" encoding="UTF-8"?>
<!-- Generated by org.testng.reporters.JUnitReportReporter -->
<testsuite skipped="0" hostname="G10GNLT041" name="com.arcapi.Communitytestcases.SubmitReviewGetAPITest" tests="2" failures="0" timestamp="17 Jun 2019 09:30:41 GMT" time="7.745" errors="0">
  <testcase name="SubmitReviewGetAPI" time="4.223" classname="com.arcapi.Communitytestcases.SubmitReviewGetAPITest"/>
  <testcase name="SubmitReviewGetAPI" time="3.522" classname="com.arcapi.Communitytestcases.SubmitReviewGetAPITest"/>
</testsuite> <!-- com.arcapi.Communitytestcases.SubmitReviewGetAPITest -->
