<?xml version="1.0" encoding="UTF-8"?>
<!-- Generated by org.testng.reporters.JUnitReportReporter -->
<testsuite hostname="G10GGNLT052" name="com.arcapi.CompleteDataValidationNoPayloadTestcases.PortfoliosTeamsPostAPITest" tests="1" failures="0" timestamp="10 Sep 2019 14:33:25 GMT" time="2.650" errors="0">
  <testcase name="PortfoliosTeamsPostAPI" time="2.650" classname="com.arcapi.CompleteDataValidationNoPayloadTestcases.PortfoliosTeamsPostAPITest"/>
</testsuite> <!-- com.arcapi.CompleteDataValidationNoPayloadTestcases.PortfoliosTeamsPostAPITest -->
