<?xml version="1.0" encoding="UTF-8"?>
<!-- Generated by org.testng.reporters.JUnitReportReporter -->
<testsuite hostname="G10GGNLT052" name="com.arcapi.Portfoliostestcases.PortfoliosDetailPUTAPITest" tests="1" failures="0" timestamp="20 Sep 2019 06:16:39 GMT" time="1.952" errors="0">
  <testcase name="PortfoliosDetailPUTAPI" time="1.952" classname="com.arcapi.Portfoliostestcases.PortfoliosDetailPUTAPITest"/>
</testsuite> <!-- com.arcapi.Portfoliostestcases.PortfoliosDetailPUTAPITest -->
