<?xml version="1.0" encoding="UTF-8"?>
<!-- Generated by org.testng.reporters.JUnitReportReporter -->
<testsuite skipped="0" hostname="G10GNLT041" name="com.arcapi.TrailFlowtestcases.Transit.MeterBulkConsumptionPOSTAPITest" tests="1" failures="0" timestamp="08 Feb 2019 06:00:27 GMT" time="1.890" errors="0">
  <testcase name="MeterBulkConsumptionPOSTAPI" time="1.890" classname="com.arcapi.TrailFlowtestcases.Transit.MeterBulkConsumptionPOSTAPITest"/>
</testsuite> <!-- com.arcapi.TrailFlowtestcases.Transit.MeterBulkConsumptionPOSTAPITest -->
