<?xml version="1.0" encoding="UTF-8"?>
<!-- Generated by org.testng.reporters.JUnitReportReporter -->
<testsuite skipped="0" hostname="G10GNLT041" name="com.arcapi.Communitytestcases.CreditAddTeamPOSTAPITest" tests="2" failures="0" timestamp="17 Jun 2019 09:30:40 GMT" time="57.261" errors="0">
  <testcase name="CreditAddTeamPOSTAPI" time="28.242" classname="com.arcapi.Communitytestcases.CreditAddTeamPOSTAPITest"/>
  <testcase name="CreditAddTeamPOSTAPI" time="29.019" classname="com.arcapi.Communitytestcases.CreditAddTeamPOSTAPITest"/>
</testsuite> <!-- com.arcapi.Communitytestcases.CreditAddTeamPOSTAPITest -->
