<?xml version="1.0" encoding="UTF-8"?>
<!-- Generated by org.testng.reporters.JUnitReportReporter -->
<testsuite skipped="0" hostname="G10GNLT041" name="com.arcapi.TrailFlowtestcases.PaymentReceiptAPITest" tests="1" failures="0" timestamp="05 Feb 2019 07:18:51 GMT" time="13.569" errors="0">
  <testcase name="PaymentReceiptAPI" time="13.569" classname="com.arcapi.TrailFlowtestcases.PaymentReceiptAPITest"/>
</testsuite> <!-- com.arcapi.TrailFlowtestcases.PaymentReceiptAPITest -->
