<?xml version="1.0" encoding="UTF-8"?>
<!-- Generated by org.testng.reporters.JUnitReportReporter -->
<testsuite hostname="G10GGNLT052" name="com.arcapi.Buildingtestcases.AssetDetailEmissionFactorTest" tests="1" failures="0" timestamp="10 Sep 2019 07:02:27 GMT" time="2.303" errors="0">
  <testcase name="AssetDetailAPI" time="2.303" classname="com.arcapi.Buildingtestcases.AssetDetailEmissionFactorTest"/>
</testsuite> <!-- com.arcapi.Buildingtestcases.AssetDetailEmissionFactorTest -->
