<?xml version="1.0" encoding="UTF-8"?>
<!-- Generated by org.testng.reporters.JUnitReportReporter -->
<testsuite hostname="G10GGNLT052" name="com.arcapi.Buildingtestcases.VerifyAssetDetailAPITest" tests="1" failures="0" timestamp="5 Nov 2019 05:13:46 GMT" time="1.960" errors="0">
  <testcase name="VerifyAssetDetailAPI" time="1.960" classname="com.arcapi.Buildingtestcases.VerifyAssetDetailAPITest"/>
</testsuite> <!-- com.arcapi.Buildingtestcases.VerifyAssetDetailAPITest -->
