<?xml version="1.0" encoding="UTF-8"?>
<!-- Generated by org.testng.reporters.JUnitReportReporter -->
<testsuite hostname="G10GGNLT052" name="com.arcapi.Common.UserPreferenceGetAPITest" tests="1" failures="0" timestamp="8 Nov 2019 05:07:34 GMT" time="1.359" errors="0">
  <testcase name="UserPreferenceGetAPI" time="1.359" classname="com.arcapi.Common.UserPreferenceGetAPITest"/>
</testsuite> <!-- com.arcapi.Common.UserPreferenceGetAPITest -->
