<?xml version="1.0" encoding="UTF-8"?>
<!-- Generated by org.testng.reporters.JUnitReportReporter -->
<testsuite hostname="G10GGNLT052" name="com.arcapi.Common.AssetArcProjectAdminAddPOSTAPITest" tests="1" failures="0" timestamp="10 Sep 2019 13:39:52 GMT" time="3.576" errors="0">
  <testcase name="AssetTeamMemberAddPOSTAPI" time="3.576" classname="com.arcapi.Common.AssetArcProjectAdminAddPOSTAPITest"/>
</testsuite> <!-- com.arcapi.Common.AssetArcProjectAdminAddPOSTAPITest -->
