<?xml version="1.0" encoding="UTF-8"?>
<!-- Generated by org.testng.reporters.JUnitReportReporter -->
<testsuite skipped="0" hostname="G10GNLT041" name="com.arcapi.Transittestcases.WaterGetTest" tests="2" failures="0" timestamp="17 Jun 2019 09:30:41 GMT" time="8.628" errors="0">
  <testcase name="WaterGet" time="3.850" classname="com.arcapi.Transittestcases.WaterGetTest"/>
  <testcase name="WaterGet" time="4.778" classname="com.arcapi.Transittestcases.WaterGetTest"/>
</testsuite> <!-- com.arcapi.Transittestcases.WaterGetTest -->
