<?xml version="1.0" encoding="UTF-8"?>
<!-- Generated by org.testng.reporters.JUnitReportReporter -->
<testsuite hostname="G10GGNLT052" name="com.arcapi.Common.DownloadDocumentsAPITest" tests="2" failures="0" timestamp="22 Oct 2019 10:35:09 GMT" time="6.021" errors="0">
  <testcase name="DownloadDocumentsAPI" time="2.853" classname="com.arcapi.Common.DownloadDocumentsAPITest"/>
  <testcase name="DownloadDocumentsAPI" time="3.168" classname="com.arcapi.Common.DownloadDocumentsAPITest"/>
</testsuite> <!-- com.arcapi.Common.DownloadDocumentsAPITest -->
