<?xml version="1.0" encoding="UTF-8"?>
<!-- Generated by org.testng.reporters.JUnitReportReporter -->
<testsuite hostname="G10GGNLT052" name="com.arcapi.Buildingtestcases.WaterConsumptionDeleteAPITest" tests="1" failures="0" timestamp="11 Oct 2019 08:57:38 GMT" time="107.214" errors="0">
  <testcase name="WaterConsumptionDeleteAPI" time="107.214" classname="com.arcapi.Buildingtestcases.WaterConsumptionDeleteAPITest"/>
</testsuite> <!-- com.arcapi.Buildingtestcases.WaterConsumptionDeleteAPITest -->
