<?xml version="1.0" encoding="UTF-8"?>
<!-- Generated by org.testng.reporters.JUnitReportReporter -->
<testsuite hostname="G10GGNLT052" name="com.arcapi.Buildingtestcases.WasteCreatePOSTAPITest" tests="1" failures="0" timestamp="22 Oct 2019 08:12:10 GMT" time="1.723" errors="0">
  <testcase name="WasteCreatePOSTAPI" time="1.723" classname="com.arcapi.Buildingtestcases.WasteCreatePOSTAPITest"/>
</testsuite> <!-- com.arcapi.Buildingtestcases.WasteCreatePOSTAPITest -->
