<?xml version="1.0" encoding="UTF-8"?>
<!-- Generated by org.testng.reporters.JUnitReportReporter -->
<testsuite hostname="G10GGNLT052" name="com.arcapi.Citytestcases.MeasuresDetailAPITest" tests="1" failures="0" timestamp="5 Sep 2019 06:00:27 GMT" time="1.402" errors="0">
  <testcase name="MeasuresDetailAPI" time="1.402" classname="com.arcapi.Citytestcases.MeasuresDetailAPITest"/>
</testsuite> <!-- com.arcapi.Citytestcases.MeasuresDetailAPITest -->
