<?xml version="1.0" encoding="UTF-8"?>
<!-- Generated by org.testng.reporters.JUnitReportReporter -->
<testsuite skipped="0" hostname="G10GNLT041" name="com.arcapi.Communitytestcases.CreateAssetCommunityLeedAPITest" tests="1" failures="0" timestamp="19 Jul 2018 10:11:26 GMT" time="11.051" errors="0">
  <testcase name="CreateAssetPOSTAPI" time="11.051" classname="com.arcapi.Communitytestcases.CreateAssetCommunityLeedAPITest"/>
</testsuite> <!-- com.arcapi.Communitytestcases.CreateAssetCommunityLeedAPITest -->
