<?xml version="1.0" encoding="UTF-8"?>
<!-- Generated by org.testng.reporters.JUnitReportReporter -->
<testsuite hostname="G10GGNLT052" name="com.arcapi.Common.AssetSnapshotKeysAPITest" tests="1" failures="0" timestamp="17 Oct 2019 07:26:51 GMT" time="1.882" errors="0">
  <testcase name="AssetSnapshotKeysAPI" time="1.882" classname="com.arcapi.Common.AssetSnapshotKeysAPITest"/>
</testsuite> <!-- com.arcapi.Common.AssetSnapshotKeysAPITest -->
