<?xml version="1.0" encoding="UTF-8"?>
<!-- Generated by org.testng.reporters.JUnitReportReporter -->
<testsuite hostname="G10GGNLT052" name="com.arcapi.Citytestcases.MeterCreateAPICityCommTest" tests="1" failures="0" timestamp="5 Sep 2019 06:00:28 GMT" time="22.857" errors="0">
  <testcase name="MeterCreatePOSTAPI" time="22.857" classname="com.arcapi.Citytestcases.MeterCreateAPICityCommTest"/>
</testsuite> <!-- com.arcapi.Citytestcases.MeterCreateAPICityCommTest -->
