<?xml version="1.0" encoding="UTF-8"?>
<!-- Generated by org.testng.reporters.JUnitReportReporter -->
<testsuite hostname="G10GGNLT052" name="com.arcapi.Common.ScoreVersionCompareGetAPITest" tests="1" failures="0" timestamp="5 Nov 2019 05:13:45 GMT" time="10.344" errors="0">
  <testcase name="ScoreVersionCompareGetAPI" time="10.344" classname="com.arcapi.Common.ScoreVersionCompareGetAPITest"/>
</testsuite> <!-- com.arcapi.Common.ScoreVersionCompareGetAPITest -->
