<?xml version="1.0" encoding="UTF-8"?>
<!-- Generated by org.testng.reporters.JUnitReportReporter -->
<testsuite hostname="G10GGNLT052" name="com.arcapi.Scoretestcases.version3.CityGhgEmissionGetTest" tests="1" failures="0" timestamp="19 Sep 2019 09:17:17 GMT" time="5.465" errors="0">
  <testcase name="CityGhgEmissionGet" time="5.465" classname="com.arcapi.Scoretestcases.version3.CityGhgEmissionGetTest"/>
</testsuite> <!-- com.arcapi.Scoretestcases.version3.CityGhgEmissionGetTest -->
