<?xml version="1.0" encoding="UTF-8"?>
<!-- Generated by org.testng.reporters.JUnitReportReporter -->
<testsuite skipped="0" hostname="G10GNLT041" name="com.arcapi.Transittestcases.VerifyAgreementPresentAPITest" tests="2" failures="0" timestamp="17 Jun 2019 09:30:40 GMT" time="8.622" errors="0">
  <testcase name="VerifyAgreementPresentAPI" time="5.696" classname="com.arcapi.Transittestcases.VerifyAgreementPresentAPITest"/>
  <testcase name="VerifyAgreementPresentAPI" time="2.926" classname="com.arcapi.Transittestcases.VerifyAgreementPresentAPITest"/>
</testsuite> <!-- com.arcapi.Transittestcases.VerifyAgreementPresentAPITest -->
