<?xml version="1.0" encoding="UTF-8"?>
<!-- Generated by org.testng.reporters.JUnitReportReporter -->
<testsuite skipped="0" hostname="G10GNLT041" name="com.arcapi.Buildingtestcases.AssetCertificationListAPITest" tests="2" failures="0" timestamp="17 Jun 2019 07:27:39 GMT" time="14.004" errors="0">
  <testcase name="AssetCertificationListAPI" time="8.421" classname="com.arcapi.Buildingtestcases.AssetCertificationListAPITest"/>
  <testcase name="AssetCertificationListAPI" time="5.583" classname="com.arcapi.Buildingtestcases.AssetCertificationListAPITest"/>
</testsuite> <!-- com.arcapi.Buildingtestcases.AssetCertificationListAPITest -->
