<?xml version="1.0" encoding="UTF-8"?>
<!-- Generated by org.testng.reporters.JUnitReportReporter -->
<testsuite hostname="G10GGNLT052" name="com.arcapi.Buildingtestcases.MetersListEmissionTest" tests="1" failures="0" timestamp="10 Sep 2019 07:02:27 GMT" time="1.836" errors="0">
  <testcase name="MetersAPI" time="1.836" classname="com.arcapi.Buildingtestcases.MetersListEmissionTest"/>
</testsuite> <!-- com.arcapi.Buildingtestcases.MetersListEmissionTest -->
