<?xml version="1.0" encoding="UTF-8"?>
<!-- Generated by org.testng.reporters.JUnitReportReporter -->
<testsuite hostname="G10GGNLT052" name="com.arcapi.Common.FeedbackSubmitPostAPITest" tests="1" failures="0" timestamp="11 Oct 2019 09:12:47 GMT" time="2.375" errors="0">
  <testcase name="FeedbackSubmitPostAPI" time="2.375" classname="com.arcapi.Common.FeedbackSubmitPostAPITest"/>
</testsuite> <!-- com.arcapi.Common.FeedbackSubmitPostAPITest -->
