<?xml version="1.0" encoding="UTF-8"?>
<!-- Generated by org.testng.reporters.JUnitReportReporter -->
<testsuite hostname="G10GGNLT052" name="com.arcapi.Common.AssetTeamMemberRemoveAPITest" tests="1" failures="0" timestamp="22 Oct 2019 10:35:10 GMT" time="2.444" errors="0">
  <testcase name="AssetTeamMemberRemoveAPI" time="2.444" classname="com.arcapi.Common.AssetTeamMemberRemoveAPITest"/>
</testsuite> <!-- com.arcapi.Common.AssetTeamMemberRemoveAPITest -->
