<?xml version="1.0" encoding="UTF-8"?>
<!-- Generated by org.testng.reporters.JUnitReportReporter -->
<testsuite skipped="0" hostname="G10GNLT041" name="com.arcapi.TrailFlowtestcases.City.S3DocumentRemoveAPITest" tests="1" failures="0" timestamp="06 Feb 2019 05:56:20 GMT" time="2.296" errors="0">
  <testcase name="S3DocumentRemoveAPI" time="2.296" classname="com.arcapi.TrailFlowtestcases.City.S3DocumentRemoveAPITest"/>
</testsuite> <!-- com.arcapi.TrailFlowtestcases.City.S3DocumentRemoveAPITest -->
