<?xml version="1.0" encoding="UTF-8"?>
<!-- Generated by org.testng.reporters.JUnitReportReporter -->
<testsuite skipped="0" hostname="G10GNLT041" name="com.arcapi.Buildingtestcases.EnvironmentSurveyExportAPITest" tests="2" failures="0" timestamp="17 Jun 2019 07:27:40 GMT" time="20.267" errors="0">
  <testcase name="EnvironmentSurveyExportAPI" time="9.326" classname="com.arcapi.Buildingtestcases.EnvironmentSurveyExportAPITest"/>
  <testcase name="EnvironmentSurveyExportAPI" time="10.941" classname="com.arcapi.Buildingtestcases.EnvironmentSurveyExportAPITest"/>
</testsuite> <!-- com.arcapi.Buildingtestcases.EnvironmentSurveyExportAPITest -->
