<?xml version="1.0" encoding="UTF-8"?>
<!-- Generated by org.testng.reporters.JUnitReportReporter -->
<testsuite hostname="G10GGNLT052" name="com.arcapi.Buildingtestcases.AssetSearchAPITest" tests="1" failures="0" timestamp="23 Aug 2019 04:56:48 GMT" time="2.003" errors="0">
  <testcase name="AssetSearchAPI" time="2.003" classname="com.arcapi.Buildingtestcases.AssetSearchAPITest"/>
</testsuite> <!-- com.arcapi.Buildingtestcases.AssetSearchAPITest -->
