<?xml version="1.0" encoding="UTF-8"?>
<!-- Generated by org.testng.reporters.JUnitReportReporter -->
<testsuite hostname="G10GGNLT052" name="com.arcapi.Common.UserDetailAPITest" tests="1" failures="0" timestamp="11 Oct 2019 09:12:46 GMT" time="2.680" errors="0">
  <testcase name="UserDetailAPI" time="2.680" classname="com.arcapi.Common.UserDetailAPITest"/>
</testsuite> <!-- com.arcapi.Common.UserDetailAPITest -->
