<?xml version="1.0" encoding="UTF-8"?>
<!-- Generated by org.testng.reporters.JUnitReportReporter -->
<testsuite hostname="G10GGNLT052" name="com.arcapi.Common.NotificationGetAPITest" tests="1" failures="0" timestamp="8 Nov 2019 07:29:52 GMT" time="1.708" errors="0">
  <testcase name="NotificationGetAPI" time="1.708" classname="com.arcapi.Common.NotificationGetAPITest"/>
</testsuite> <!-- com.arcapi.Common.NotificationGetAPITest -->
