<?xml version="1.0" encoding="UTF-8"?>
<!-- Generated by org.testng.reporters.JUnitReportReporter -->
<testsuite hostname="G10GGNLT052" name="com.arcapi.Common.NotificationSubscriptionDetailGetTest" tests="1" failures="0" timestamp="20 Sep 2019 07:00:22 GMT" time="1.876" errors="0">
  <testcase name="NotificationSubscriptionDetail" time="1.876" classname="com.arcapi.Common.NotificationSubscriptionDetailGetTest"/>
</testsuite> <!-- com.arcapi.Common.NotificationSubscriptionDetailGetTest -->
