<?xml version="1.0" encoding="UTF-8"?>
<!-- Generated by org.testng.reporters.JUnitReportReporter -->
<testsuite hostname="G10GGNLT052" name="com.arcapi.Buildingtestcases.VerifyAssetDetailAPITest" tests="1" failures="0" timestamp="10 Oct 2019 08:21:45 GMT" time="2.552" errors="0">
  <testcase name="VerifyAssetDetailAPI" time="2.552" classname="com.arcapi.Buildingtestcases.VerifyAssetDetailAPITest"/>
</testsuite> <!-- com.arcapi.Buildingtestcases.VerifyAssetDetailAPITest -->
