<?xml version="1.0" encoding="UTF-8"?>
<!-- Generated by org.testng.reporters.JUnitReportReporter -->
<testsuite hostname="G10GGNLT052" name="com.arcapi.Scoretestcases.version3.CityAirQualityIndexGetTest" tests="1" failures="0" timestamp="1 Oct 2019 07:53:07 GMT" time="2.116" errors="0">
  <testcase name="CityAirQualityIndexGet" time="2.116" classname="com.arcapi.Scoretestcases.version3.CityAirQualityIndexGetTest"/>
</testsuite> <!-- com.arcapi.Scoretestcases.version3.CityAirQualityIndexGetTest -->
