<?xml version="1.0" encoding="UTF-8"?>
<!-- Generated by org.testng.reporters.JUnitReportReporter -->
<testsuite skipped="0" hostname="G10GNLT041" name="com.arcapi.Transittestcases.GetAllDocumentListAPITest" tests="2" failures="0" timestamp="17 Jun 2019 09:30:39 GMT" time="13.628" errors="0">
  <testcase name="GetAllDocumentListAPI" time="5.693" classname="com.arcapi.Transittestcases.GetAllDocumentListAPITest"/>
  <testcase name="GetAllDocumentListAPI" time="7.935" classname="com.arcapi.Transittestcases.GetAllDocumentListAPITest"/>
</testsuite> <!-- com.arcapi.Transittestcases.GetAllDocumentListAPITest -->
