<?xml version="1.0" encoding="UTF-8"?>
<!-- Generated by org.testng.reporters.JUnitReportReporter -->
<testsuite hostname="G10GGNLT052" name="com.arcapi.Common.V2.ResampledTransport_ScoreGetAPITest" tests="1" failures="0" timestamp="7 Oct 2019 08:53:31 GMT" time="1.800" errors="0">
  <testcase name="Waste_ScoreBasicAnalysisDataGetAPI" time="1.800" classname="com.arcapi.Common.V2.ResampledTransport_ScoreGetAPITest"/>
</testsuite> <!-- com.arcapi.Common.V2.ResampledTransport_ScoreGetAPITest -->
