<?xml version="1.0" encoding="UTF-8"?>
<!-- Generated by org.testng.reporters.JUnitReportReporter -->
<testsuite hostname="G10GGNLT052" name="com.arcapi.Common.AssetSnapshotKeysAPITest" tests="1" failures="0" timestamp="7 Oct 2019 08:08:23 GMT" time="1.381" errors="0">
  <testcase name="AssetSnapshotKeysAPI" time="1.381" classname="com.arcapi.Common.AssetSnapshotKeysAPITest"/>
</testsuite> <!-- com.arcapi.Common.AssetSnapshotKeysAPITest -->
