<?xml version="1.0" encoding="UTF-8"?>
<!-- Generated by org.testng.reporters.JUnitReportReporter -->
<testsuite hostname="G10GGNLT052" name="com.arcapi.CompleteDataValidationNoPayloadTestcases.NotificationSubscriptionDetailPutTest" tests="1" failures="0" timestamp="13 Aug 2019 07:30:04 GMT" time="1.633" errors="0">
  <testcase name="NotificationSubscriptionDetail" time="1.633" classname="com.arcapi.CompleteDataValidationNoPayloadTestcases.NotificationSubscriptionDetailPutTest"/>
</testsuite> <!-- com.arcapi.CompleteDataValidationNoPayloadTestcases.NotificationSubscriptionDetailPutTest -->
