<?xml version="1.0" encoding="UTF-8"?>
<!-- Generated by org.testng.reporters.JUnitReportReporter -->
<testsuite hostname="G10GGNLT052" name="com.arcapi.Common.AssetArcProjectAdminAddPOSTAPITest" tests="1" failures="0" timestamp="22 Oct 2019 10:35:09 GMT" time="2.302" errors="0">
  <testcase name="AssetTeamMemberAddPOSTAPI" time="2.302" classname="com.arcapi.Common.AssetArcProjectAdminAddPOSTAPITest"/>
</testsuite> <!-- com.arcapi.Common.AssetArcProjectAdminAddPOSTAPITest -->
