<?xml version="1.0" encoding="UTF-8"?>
<!-- Generated by org.testng.reporters.JUnitReportReporter -->
<testsuite hostname="G10GGNLT052" name="com.arcapi.Buildingtestcase.EnergyCreate60MonthMeterDataPostTest" tests="62" failures="0" timestamp="6 Aug 2019 09:33:06 GMT" time="204.150" errors="0">
  <testcase name="electricityPurchasedFromGridBulkDataPost" time="3.122" classname="com.arcapi.Buildingtestcase.EnergyCreate60MonthMeterDataPostTest"/>
  <testcase name="electricityPurchasedFromGridBulkDataPost" time="4.234" classname="com.arcapi.Buildingtestcase.EnergyCreate60MonthMeterDataPostTest"/>
  <testcase name="electricityPurchasedFromGridBulkDataPost" time="9.536" classname="com.arcapi.Buildingtestcase.EnergyCreate60MonthMeterDataPostTest"/>
  <testcase name="electricityPurchasedFromGridBulkDataPost" time="3.686" classname="com.arcapi.Buildingtestcase.EnergyCreate60MonthMeterDataPostTest"/>
  <testcase name="electricityPurchasedFromGridBulkDataPost" time="3.032" classname="com.arcapi.Buildingtestcase.EnergyCreate60MonthMeterDataPostTest"/>
  <testcase name="electricityPurchasedFromGridBulkDataPost" time="3.933" classname="com.arcapi.Buildingtestcase.EnergyCreate60MonthMeterDataPostTest"/>
  <testcase name="electricityPurchasedFromGridBulkDataPost" time="2.935" classname="com.arcapi.Buildingtestcase.EnergyCreate60MonthMeterDataPostTest"/>
  <testcase name="electricityPurchasedFromGridBulkDataPost" time="2.911" classname="com.arcapi.Buildingtestcase.EnergyCreate60MonthMeterDataPostTest"/>
  <testcase name="electricityPurchasedFromGridBulkDataPost" time="2.576" classname="com.arcapi.Buildingtestcase.EnergyCreate60MonthMeterDataPostTest"/>
  <testcase name="electricityPurchasedFromGridBulkDataPost" time="2.941" classname="com.arcapi.Buildingtestcase.EnergyCreate60MonthMeterDataPostTest"/>
  <testcase name="electricityPurchasedFromGridBulkDataPost" time="4.031" classname="com.arcapi.Buildingtestcase.EnergyCreate60MonthMeterDataPostTest"/>
  <testcase name="electricityPurchasedFromGridBulkDataPost" time="3.114" classname="com.arcapi.Buildingtestcase.EnergyCreate60MonthMeterDataPostTest"/>
  <testcase name="electricityPurchasedFromGridBulkDataPost" time="2.644" classname="com.arcapi.Buildingtestcase.EnergyCreate60MonthMeterDataPostTest"/>
  <testcase name="electricityPurchasedFromGridBulkDataPost" time="4.314" classname="com.arcapi.Buildingtestcase.EnergyCreate60MonthMeterDataPostTest"/>
  <testcase name="electricityPurchasedFromGridBulkDataPost" time="3.551" classname="com.arcapi.Buildingtestcase.EnergyCreate60MonthMeterDataPostTest"/>
  <testcase name="electricityPurchasedFromGridBulkDataPost" time="2.693" classname="com.arcapi.Buildingtestcase.EnergyCreate60MonthMeterDataPostTest"/>
  <testcase name="electricityPurchasedFromGridBulkDataPost" time="2.979" classname="com.arcapi.Buildingtestcase.EnergyCreate60MonthMeterDataPostTest"/>
  <testcase name="electricityPurchasedFromGridBulkDataPost" time="2.648" classname="com.arcapi.Buildingtestcase.EnergyCreate60MonthMeterDataPostTest"/>
  <testcase name="electricityPurchasedFromGridBulkDataPost" time="3.097" classname="com.arcapi.Buildingtestcase.EnergyCreate60MonthMeterDataPostTest"/>
  <testcase name="electricityPurchasedFromGridBulkDataPost" time="3.088" classname="com.arcapi.Buildingtestcase.EnergyCreate60MonthMeterDataPostTest"/>
  <testcase name="electricityPurchasedFromGridBulkDataPost" time="3.527" classname="com.arcapi.Buildingtestcase.EnergyCreate60MonthMeterDataPostTest"/>
  <testcase name="electricityPurchasedFromGridBulkDataPost" time="2.673" classname="com.arcapi.Buildingtestcase.EnergyCreate60MonthMeterDataPostTest"/>
  <testcase name="electricityPurchasedFromGridBulkDataPost" time="3.097" classname="com.arcapi.Buildingtestcase.EnergyCreate60MonthMeterDataPostTest"/>
  <testcase name="electricityPurchasedFromGridBulkDataPost" time="2.713" classname="com.arcapi.Buildingtestcase.EnergyCreate60MonthMeterDataPostTest"/>
  <testcase name="electricityPurchasedFromGridBulkDataPost" time="3.592" classname="com.arcapi.Buildingtestcase.EnergyCreate60MonthMeterDataPostTest"/>
  <testcase name="electricityPurchasedFromGridBulkDataPost" time="3.010" classname="com.arcapi.Buildingtestcase.EnergyCreate60MonthMeterDataPostTest"/>
  <testcase name="electricityPurchasedFromGridBulkDataPost" time="2.935" classname="com.arcapi.Buildingtestcase.EnergyCreate60MonthMeterDataPostTest"/>
  <testcase name="electricityPurchasedFromGridBulkDataPost" time="3.214" classname="com.arcapi.Buildingtestcase.EnergyCreate60MonthMeterDataPostTest"/>
  <testcase name="electricityPurchasedFromGridBulkDataPost" time="3.075" classname="com.arcapi.Buildingtestcase.EnergyCreate60MonthMeterDataPostTest"/>
  <testcase name="electricityPurchasedFromGridBulkDataPost" time="2.888" classname="com.arcapi.Buildingtestcase.EnergyCreate60MonthMeterDataPostTest"/>
  <testcase name="electricityPurchasedFromGridBulkDataPost" time="3.386" classname="com.arcapi.Buildingtestcase.EnergyCreate60MonthMeterDataPostTest"/>
  <testcase name="electricityPurchasedFromGridBulkDataPost" time="2.757" classname="com.arcapi.Buildingtestcase.EnergyCreate60MonthMeterDataPostTest"/>
  <testcase name="electricityPurchasedFromGridBulkDataPost" time="2.965" classname="com.arcapi.Buildingtestcase.EnergyCreate60MonthMeterDataPostTest"/>
  <testcase name="electricityPurchasedFromGridBulkDataPost" time="3.166" classname="com.arcapi.Buildingtestcase.EnergyCreate60MonthMeterDataPostTest"/>
  <testcase name="electricityPurchasedFromGridBulkDataPost" time="2.756" classname="com.arcapi.Buildingtestcase.EnergyCreate60MonthMeterDataPostTest"/>
  <testcase name="electricityPurchasedFromGridBulkDataPost" time="2.848" classname="com.arcapi.Buildingtestcase.EnergyCreate60MonthMeterDataPostTest"/>
  <testcase name="electricityPurchasedFromGridBulkDataPost" time="3.120" classname="com.arcapi.Buildingtestcase.EnergyCreate60MonthMeterDataPostTest"/>
  <testcase name="electricityPurchasedFromGridBulkDataPost" time="3.174" classname="com.arcapi.Buildingtestcase.EnergyCreate60MonthMeterDataPostTest"/>
  <testcase name="electricityPurchasedFromGridBulkDataPost" time="2.876" classname="com.arcapi.Buildingtestcase.EnergyCreate60MonthMeterDataPostTest"/>
  <testcase name="electricityPurchasedFromGridBulkDataPost" time="2.597" classname="com.arcapi.Buildingtestcase.EnergyCreate60MonthMeterDataPostTest"/>
  <testcase name="electricityPurchasedFromGridBulkDataPost" time="5.381" classname="com.arcapi.Buildingtestcase.EnergyCreate60MonthMeterDataPostTest"/>
  <testcase name="electricityPurchasedFromGridBulkDataPost" time="3.312" classname="com.arcapi.Buildingtestcase.EnergyCreate60MonthMeterDataPostTest"/>
  <testcase name="electricityPurchasedFromGridBulkDataPost" time="3.046" classname="com.arcapi.Buildingtestcase.EnergyCreate60MonthMeterDataPostTest"/>
  <testcase name="electricityPurchasedFromGridBulkDataPost" time="3.440" classname="com.arcapi.Buildingtestcase.EnergyCreate60MonthMeterDataPostTest"/>
  <testcase name="electricityPurchasedFromGridBulkDataPost" time="2.581" classname="com.arcapi.Buildingtestcase.EnergyCreate60MonthMeterDataPostTest"/>
  <testcase name="electricityPurchasedFromGridBulkDataPost" time="2.708" classname="com.arcapi.Buildingtestcase.EnergyCreate60MonthMeterDataPostTest"/>
  <testcase name="electricityPurchasedFromGridBulkDataPost" time="2.591" classname="com.arcapi.Buildingtestcase.EnergyCreate60MonthMeterDataPostTest"/>
  <testcase name="electricityPurchasedFromGridBulkDataPost" time="3.047" classname="com.arcapi.Buildingtestcase.EnergyCreate60MonthMeterDataPostTest"/>
  <testcase name="electricityPurchasedFromGridBulkDataPost" time="3.370" classname="com.arcapi.Buildingtestcase.EnergyCreate60MonthMeterDataPostTest"/>
  <testcase name="electricityPurchasedFromGridBulkDataPost" time="2.621" classname="com.arcapi.Buildingtestcase.EnergyCreate60MonthMeterDataPostTest"/>
  <testcase name="electricityPurchasedFromGridBulkDataPost" time="5.107" classname="com.arcapi.Buildingtestcase.EnergyCreate60MonthMeterDataPostTest"/>
  <testcase name="electricityPurchasedFromGridBulkDataPost" time="2.791" classname="com.arcapi.Buildingtestcase.EnergyCreate60MonthMeterDataPostTest"/>
  <testcase name="electricityPurchasedFromGridBulkDataPost" time="2.957" classname="com.arcapi.Buildingtestcase.EnergyCreate60MonthMeterDataPostTest"/>
  <testcase name="electricityPurchasedFromGridBulkDataPost" time="2.946" classname="com.arcapi.Buildingtestcase.EnergyCreate60MonthMeterDataPostTest"/>
  <testcase name="electricityPurchasedFromGridBulkDataPost" time="2.780" classname="com.arcapi.Buildingtestcase.EnergyCreate60MonthMeterDataPostTest"/>
  <testcase name="electricityPurchasedFromGridBulkDataPost" time="2.670" classname="com.arcapi.Buildingtestcase.EnergyCreate60MonthMeterDataPostTest"/>
  <testcase name="electricityPurchasedFromGridBulkDataPost" time="5.609" classname="com.arcapi.Buildingtestcase.EnergyCreate60MonthMeterDataPostTest"/>
  <testcase name="electricityPurchasedFromGridBulkDataPost" time="3.161" classname="com.arcapi.Buildingtestcase.EnergyCreate60MonthMeterDataPostTest"/>
  <testcase name="electricityPurchasedFromGridBulkDataPost" time="2.949" classname="com.arcapi.Buildingtestcase.EnergyCreate60MonthMeterDataPostTest"/>
  <testcase name="electricityPurchasedFromGridBulkDataPost" time="2.952" classname="com.arcapi.Buildingtestcase.EnergyCreate60MonthMeterDataPostTest"/>
  <testcase name="electricityPurchasedFromGridBulkDataPost" time="3.570" classname="com.arcapi.Buildingtestcase.EnergyCreate60MonthMeterDataPostTest"/>
  <testcase name="electricityPurchasedFromGridBulkDataPost" time="3.127" classname="com.arcapi.Buildingtestcase.EnergyCreate60MonthMeterDataPostTest"/>
</testsuite> <!-- com.arcapi.Buildingtestcase.EnergyCreate60MonthMeterDataPostTest -->
