<?xml version="1.0" encoding="UTF-8"?>
<!-- Generated by org.testng.reporters.JUnitReportReporter -->
<testsuite hostname="G10GGNLT052" name="com.arcapi.Transittestcases.EnvironmentSurveySummarizeAPITest" tests="1" failures="0" timestamp="9 Sep 2019 14:17:21 GMT" time="2.596" errors="0">
  <testcase name="EnvironmentSurveySummarizeAPI" time="2.596" classname="com.arcapi.Transittestcases.EnvironmentSurveySummarizeAPITest"/>
</testsuite> <!-- com.arcapi.Transittestcases.EnvironmentSurveySummarizeAPITest -->
