<?xml version="1.0" encoding="UTF-8"?>
<!-- Generated by org.testng.reporters.JUnitReportReporter -->
<testsuite skipped="0" hostname="G10GNLT041" name="com.arcapi.Transittestcases.MeterDeleteAPITest" tests="2" failures="0" timestamp="17 Jun 2019 09:30:41 GMT" time="9.685" errors="0">
  <testcase name="MeterDeleteAPI" time="4.343" classname="com.arcapi.Transittestcases.MeterDeleteAPITest"/>
  <testcase name="MeterDeleteAPI" time="5.342" classname="com.arcapi.Transittestcases.MeterDeleteAPITest"/>
</testsuite> <!-- com.arcapi.Transittestcases.MeterDeleteAPITest -->
