<?xml version="1.0" encoding="UTF-8"?>
<!-- Generated by org.testng.reporters.JUnitReportReporter -->
<testsuite skipped="0" hostname="G10GNLT041" name="com.arcapi.Communitytestcases.FuelCategoryAPITest" tests="2" failures="0" timestamp="17 Jun 2019 09:30:41 GMT" time="7.693" errors="0">
  <testcase name="FuelCategoryAPI" time="3.879" classname="com.arcapi.Communitytestcases.FuelCategoryAPITest"/>
  <testcase name="FuelCategoryAPI" time="3.814" classname="com.arcapi.Communitytestcases.FuelCategoryAPITest"/>
</testsuite> <!-- com.arcapi.Communitytestcases.FuelCategoryAPITest -->
