<?xml version="1.0" encoding="UTF-8"?>
<!-- Generated by org.testng.reporters.JUnitReportReporter -->
<testsuite hostname="G10GGNLT052" name="com.arcapi.Buildingtestcase.WasteCreate60MonthMeterDataBulkPostTest" tests="62" failures="0" timestamp="6 Aug 2019 09:33:06 GMT" time="157.147" errors="0">
  <testcase name="CreateWasteMeterDataPost" time="2.184" classname="com.arcapi.Buildingtestcase.WasteCreate60MonthMeterDataBulkPostTest"/>
  <testcase name="CreateWasteMeterDataPost" time="2.218" classname="com.arcapi.Buildingtestcase.WasteCreate60MonthMeterDataBulkPostTest"/>
  <testcase name="CreateWasteMeterDataPost" time="5.278" classname="com.arcapi.Buildingtestcase.WasteCreate60MonthMeterDataBulkPostTest"/>
  <testcase name="CreateWasteMeterDataPost" time="2.045" classname="com.arcapi.Buildingtestcase.WasteCreate60MonthMeterDataBulkPostTest"/>
  <testcase name="CreateWasteMeterDataPost" time="2.259" classname="com.arcapi.Buildingtestcase.WasteCreate60MonthMeterDataBulkPostTest"/>
  <testcase name="CreateWasteMeterDataPost" time="2.347" classname="com.arcapi.Buildingtestcase.WasteCreate60MonthMeterDataBulkPostTest"/>
  <testcase name="CreateWasteMeterDataPost" time="2.587" classname="com.arcapi.Buildingtestcase.WasteCreate60MonthMeterDataBulkPostTest"/>
  <testcase name="CreateWasteMeterDataPost" time="2.581" classname="com.arcapi.Buildingtestcase.WasteCreate60MonthMeterDataBulkPostTest"/>
  <testcase name="CreateWasteMeterDataPost" time="2.652" classname="com.arcapi.Buildingtestcase.WasteCreate60MonthMeterDataBulkPostTest"/>
  <testcase name="CreateWasteMeterDataPost" time="5.019" classname="com.arcapi.Buildingtestcase.WasteCreate60MonthMeterDataBulkPostTest"/>
  <testcase name="CreateWasteMeterDataPost" time="2.052" classname="com.arcapi.Buildingtestcase.WasteCreate60MonthMeterDataBulkPostTest"/>
  <testcase name="CreateWasteMeterDataPost" time="2.419" classname="com.arcapi.Buildingtestcase.WasteCreate60MonthMeterDataBulkPostTest"/>
  <testcase name="CreateWasteMeterDataPost" time="2.237" classname="com.arcapi.Buildingtestcase.WasteCreate60MonthMeterDataBulkPostTest"/>
  <testcase name="CreateWasteMeterDataPost" time="2.260" classname="com.arcapi.Buildingtestcase.WasteCreate60MonthMeterDataBulkPostTest"/>
  <testcase name="CreateWasteMeterDataPost" time="2.489" classname="com.arcapi.Buildingtestcase.WasteCreate60MonthMeterDataBulkPostTest"/>
  <testcase name="CreateWasteMeterDataPost" time="2.454" classname="com.arcapi.Buildingtestcase.WasteCreate60MonthMeterDataBulkPostTest"/>
  <testcase name="CreateWasteMeterDataPost" time="2.211" classname="com.arcapi.Buildingtestcase.WasteCreate60MonthMeterDataBulkPostTest"/>
  <testcase name="CreateWasteMeterDataPost" time="2.989" classname="com.arcapi.Buildingtestcase.WasteCreate60MonthMeterDataBulkPostTest"/>
  <testcase name="CreateWasteMeterDataPost" time="2.796" classname="com.arcapi.Buildingtestcase.WasteCreate60MonthMeterDataBulkPostTest"/>
  <testcase name="CreateWasteMeterDataPost" time="2.182" classname="com.arcapi.Buildingtestcase.WasteCreate60MonthMeterDataBulkPostTest"/>
  <testcase name="CreateWasteMeterDataPost" time="2.328" classname="com.arcapi.Buildingtestcase.WasteCreate60MonthMeterDataBulkPostTest"/>
  <testcase name="CreateWasteMeterDataPost" time="2.538" classname="com.arcapi.Buildingtestcase.WasteCreate60MonthMeterDataBulkPostTest"/>
  <testcase name="CreateWasteMeterDataPost" time="2.088" classname="com.arcapi.Buildingtestcase.WasteCreate60MonthMeterDataBulkPostTest"/>
  <testcase name="CreateWasteMeterDataPost" time="2.676" classname="com.arcapi.Buildingtestcase.WasteCreate60MonthMeterDataBulkPostTest"/>
  <testcase name="CreateWasteMeterDataPost" time="2.445" classname="com.arcapi.Buildingtestcase.WasteCreate60MonthMeterDataBulkPostTest"/>
  <testcase name="CreateWasteMeterDataPost" time="2.177" classname="com.arcapi.Buildingtestcase.WasteCreate60MonthMeterDataBulkPostTest"/>
  <testcase name="CreateWasteMeterDataPost" time="2.317" classname="com.arcapi.Buildingtestcase.WasteCreate60MonthMeterDataBulkPostTest"/>
  <testcase name="CreateWasteMeterDataPost" time="1.991" classname="com.arcapi.Buildingtestcase.WasteCreate60MonthMeterDataBulkPostTest"/>
  <testcase name="CreateWasteMeterDataPost" time="2.449" classname="com.arcapi.Buildingtestcase.WasteCreate60MonthMeterDataBulkPostTest"/>
  <testcase name="CreateWasteMeterDataPost" time="2.430" classname="com.arcapi.Buildingtestcase.WasteCreate60MonthMeterDataBulkPostTest"/>
  <testcase name="CreateWasteMeterDataPost" time="2.494" classname="com.arcapi.Buildingtestcase.WasteCreate60MonthMeterDataBulkPostTest"/>
  <testcase name="CreateWasteMeterDataPost" time="2.212" classname="com.arcapi.Buildingtestcase.WasteCreate60MonthMeterDataBulkPostTest"/>
  <testcase name="CreateWasteMeterDataPost" time="2.342" classname="com.arcapi.Buildingtestcase.WasteCreate60MonthMeterDataBulkPostTest"/>
  <testcase name="CreateWasteMeterDataPost" time="2.215" classname="com.arcapi.Buildingtestcase.WasteCreate60MonthMeterDataBulkPostTest"/>
  <testcase name="CreateWasteMeterDataPost" time="2.072" classname="com.arcapi.Buildingtestcase.WasteCreate60MonthMeterDataBulkPostTest"/>
  <testcase name="CreateWasteMeterDataPost" time="2.470" classname="com.arcapi.Buildingtestcase.WasteCreate60MonthMeterDataBulkPostTest"/>
  <testcase name="CreateWasteMeterDataPost" time="2.299" classname="com.arcapi.Buildingtestcase.WasteCreate60MonthMeterDataBulkPostTest"/>
  <testcase name="CreateWasteMeterDataPost" time="3.601" classname="com.arcapi.Buildingtestcase.WasteCreate60MonthMeterDataBulkPostTest"/>
  <testcase name="CreateWasteMeterDataPost" time="2.825" classname="com.arcapi.Buildingtestcase.WasteCreate60MonthMeterDataBulkPostTest"/>
  <testcase name="CreateWasteMeterDataPost" time="3.545" classname="com.arcapi.Buildingtestcase.WasteCreate60MonthMeterDataBulkPostTest"/>
  <testcase name="CreateWasteMeterDataPost" time="2.008" classname="com.arcapi.Buildingtestcase.WasteCreate60MonthMeterDataBulkPostTest"/>
  <testcase name="CreateWasteMeterDataPost" time="2.257" classname="com.arcapi.Buildingtestcase.WasteCreate60MonthMeterDataBulkPostTest"/>
  <testcase name="CreateWasteMeterDataPost" time="2.035" classname="com.arcapi.Buildingtestcase.WasteCreate60MonthMeterDataBulkPostTest"/>
  <testcase name="CreateWasteMeterDataPost" time="2.154" classname="com.arcapi.Buildingtestcase.WasteCreate60MonthMeterDataBulkPostTest"/>
  <testcase name="CreateWasteMeterDataPost" time="2.195" classname="com.arcapi.Buildingtestcase.WasteCreate60MonthMeterDataBulkPostTest"/>
  <testcase name="CreateWasteMeterDataPost" time="2.327" classname="com.arcapi.Buildingtestcase.WasteCreate60MonthMeterDataBulkPostTest"/>
  <testcase name="CreateWasteMeterDataPost" time="2.235" classname="com.arcapi.Buildingtestcase.WasteCreate60MonthMeterDataBulkPostTest"/>
  <testcase name="CreateWasteMeterDataPost" time="2.396" classname="com.arcapi.Buildingtestcase.WasteCreate60MonthMeterDataBulkPostTest"/>
  <testcase name="CreateWasteMeterDataPost" time="2.218" classname="com.arcapi.Buildingtestcase.WasteCreate60MonthMeterDataBulkPostTest"/>
  <testcase name="CreateWasteMeterDataPost" time="2.336" classname="com.arcapi.Buildingtestcase.WasteCreate60MonthMeterDataBulkPostTest"/>
  <testcase name="CreateWasteMeterDataPost" time="2.599" classname="com.arcapi.Buildingtestcase.WasteCreate60MonthMeterDataBulkPostTest"/>
  <testcase name="CreateWasteMeterDataPost" time="2.981" classname="com.arcapi.Buildingtestcase.WasteCreate60MonthMeterDataBulkPostTest"/>
  <testcase name="CreateWasteMeterDataPost" time="2.236" classname="com.arcapi.Buildingtestcase.WasteCreate60MonthMeterDataBulkPostTest"/>
  <testcase name="CreateWasteMeterDataPost" time="2.309" classname="com.arcapi.Buildingtestcase.WasteCreate60MonthMeterDataBulkPostTest"/>
  <testcase name="CreateWasteMeterDataPost" time="2.499" classname="com.arcapi.Buildingtestcase.WasteCreate60MonthMeterDataBulkPostTest"/>
  <testcase name="CreateWasteMeterDataPost" time="3.108" classname="com.arcapi.Buildingtestcase.WasteCreate60MonthMeterDataBulkPostTest"/>
  <testcase name="CreateWasteMeterDataPost" time="3.980" classname="com.arcapi.Buildingtestcase.WasteCreate60MonthMeterDataBulkPostTest"/>
  <testcase name="CreateWasteMeterDataPost" time="2.712" classname="com.arcapi.Buildingtestcase.WasteCreate60MonthMeterDataBulkPostTest"/>
  <testcase name="CreateWasteMeterDataPost" time="2.641" classname="com.arcapi.Buildingtestcase.WasteCreate60MonthMeterDataBulkPostTest"/>
  <testcase name="CreateWasteMeterDataPost" time="2.135" classname="com.arcapi.Buildingtestcase.WasteCreate60MonthMeterDataBulkPostTest"/>
  <testcase name="CreateWasteMeterDataPost" time="2.294" classname="com.arcapi.Buildingtestcase.WasteCreate60MonthMeterDataBulkPostTest"/>
  <testcase name="CreateWasteMeterDataPost" time="2.719" classname="com.arcapi.Buildingtestcase.WasteCreate60MonthMeterDataBulkPostTest"/>
</testsuite> <!-- com.arcapi.Buildingtestcase.WasteCreate60MonthMeterDataBulkPostTest -->
