<?xml version="1.0" encoding="UTF-8"?>
<!-- Generated by org.testng.reporters.JUnitReportReporter -->
<testsuite skipped="0" hostname="G10GNLT041" name="com.arcapi.Buildingtestcases.AssetSnapshotDownloadAPITest" tests="2" failures="0" timestamp="17 Jun 2019 07:27:40 GMT" time="40.508" errors="0">
  <testcase name="AssetSnapshotDownloadAPI" time="21.689" classname="com.arcapi.Buildingtestcases.AssetSnapshotDownloadAPITest"/>
  <testcase name="AssetSnapshotDownloadAPI" time="18.819" classname="com.arcapi.Buildingtestcases.AssetSnapshotDownloadAPITest"/>
</testsuite> <!-- com.arcapi.Buildingtestcases.AssetSnapshotDownloadAPITest -->
