<?xml version="1.0" encoding="UTF-8"?>
<!-- Generated by org.testng.reporters.JUnitReportReporter -->
<testsuite hostname="G10GGNLT052" name="com.arcapi.CompleteDataValidationNoPayloadTestcases.AssetNotificationSubscriptionPostTest" tests="1" failures="0" timestamp="20 Sep 2019 08:24:47 GMT" time="1.812" errors="0">
  <testcase name="AssetNotificationSubscriptionPost" time="1.812" classname="com.arcapi.CompleteDataValidationNoPayloadTestcases.AssetNotificationSubscriptionPostTest"/>
</testsuite> <!-- com.arcapi.CompleteDataValidationNoPayloadTestcases.AssetNotificationSubscriptionPostTest -->
