<?xml version="1.0" encoding="UTF-8"?>
<!-- Generated by org.testng.reporters.JUnitReportReporter -->
<testsuite hostname="G10GGNLT052" name="com.arcapi.Citytestcases.SignAgreementRegistrationAPITest" tests="1" failures="0" timestamp="14 Aug 2019 08:09:03 GMT" time="4.695" errors="0">
  <testcase name="SignAgreementRegistrationAPI" time="4.695" classname="com.arcapi.Citytestcases.SignAgreementRegistrationAPITest"/>
</testsuite> <!-- com.arcapi.Citytestcases.SignAgreementRegistrationAPITest -->
