<?xml version="1.0" encoding="UTF-8"?>
<!-- Generated by org.testng.reporters.JUnitReportReporter -->
<testsuite skipped="0" hostname="G10GNLT041" name="com.arcapi.Buildingtestcases.ExcelUploadTemplatePOSTAPITest" tests="2" failures="0" timestamp="17 Jun 2019 07:27:40 GMT" time="18.759" errors="0">
  <testcase name="ExcelUploadTemplatePOSTAPI" time="8.544" classname="com.arcapi.Buildingtestcases.ExcelUploadTemplatePOSTAPITest"/>
  <testcase name="ExcelUploadTemplatePOSTAPI" time="10.215" classname="com.arcapi.Buildingtestcases.ExcelUploadTemplatePOSTAPITest"/>
</testsuite> <!-- com.arcapi.Buildingtestcases.ExcelUploadTemplatePOSTAPITest -->
