<?xml version="1.0" encoding="UTF-8"?>
<!-- Generated by org.testng.reporters.JUnitReportReporter -->
<testsuite skipped="0" hostname="G10GNLT041" name="com.arcapi.Buildingtestcases.VerifyWaterGraphValuesAPITest" tests="1" failures="0" timestamp="31 Oct 2018 08:40:37 GMT" time="97.995" errors="0">
  <testcase name="VerifyWaterGraphValuesAPI" time="97.995" classname="com.arcapi.Buildingtestcases.VerifyWaterGraphValuesAPITest"/>
</testsuite> <!-- com.arcapi.Buildingtestcases.VerifyWaterGraphValuesAPITest -->
