<?xml version="1.0" encoding="UTF-8"?>
<!-- Generated by org.testng.reporters.JUnitReportReporter -->
<testsuite skipped="0" hostname="G10GNLT041" name="com.arcapi.release1_18testcases.SurveyCreatePOSTAPITest" tests="1" failures="0" timestamp="02 Jul 2019 07:07:37 GMT" time="385.981" errors="0">
  <testcase name="SurveyCreatePOSTAPI" time="385.981" classname="com.arcapi.release1_18testcases.SurveyCreatePOSTAPITest"/>
</testsuite> <!-- com.arcapi.release1_18testcases.SurveyCreatePOSTAPITest -->
