<?xml version="1.0" encoding="UTF-8"?>
<!-- Generated by org.testng.reporters.JUnitReportReporter -->
<testsuite hostname="G10GGNLT052" name="com.arcapi.release1_18testcases.MetersAPIAreaTest" tests="1" failures="0" timestamp="9 Oct 2019 04:36:42 GMT" time="3.783" errors="0">
  <testcase name="MetersAPI" time="3.783" classname="com.arcapi.release1_18testcases.MetersAPIAreaTest"/>
</testsuite> <!-- com.arcapi.release1_18testcases.MetersAPIAreaTest -->
