<?xml version="1.0" encoding="UTF-8"?>
<!-- Generated by org.testng.reporters.JUnitReportReporter -->
<testsuite hostname="G10GGNLT052" name="com.arcapi.Common.NotificationSubscriptionDetailPutTest" tests="1" failures="0" timestamp="5 Nov 2019 05:13:46 GMT" time="2.872" errors="0">
  <testcase name="NotificationSubscriptionDetail" time="2.872" classname="com.arcapi.Common.NotificationSubscriptionDetailPutTest"/>
</testsuite> <!-- com.arcapi.Common.NotificationSubscriptionDetailPutTest -->
