<?xml version="1.0" encoding="UTF-8"?>
<!-- Generated by org.testng.reporters.JUnitReportReporter -->
<testsuite hostname="G10GGNLT052" name="com.arcapi.Citytestcases.CityCommConsumptionCreateAPITest" tests="1" failures="0" timestamp="14 Aug 2019 08:09:03 GMT" time="40.281" errors="0">
  <testcase name="ConsumptionCreatePOSTAPI" time="40.281" classname="com.arcapi.Citytestcases.CityCommConsumptionCreateAPITest"/>
</testsuite> <!-- com.arcapi.Citytestcases.CityCommConsumptionCreateAPITest -->
