<?xml version="1.0" encoding="UTF-8"?>
<!-- Generated by org.testng.reporters.JUnitReportReporter -->
<testsuite hostname="G10GGNLT052" name="com.arcapi.Buildingtestcases.AssetMeterDetailAPITest" tests="1" failures="0" timestamp="10 Oct 2019 08:21:45 GMT" time="2.019" errors="0">
  <testcase name="AssetMeterDetailAPI" time="2.019" classname="com.arcapi.Buildingtestcases.AssetMeterDetailAPITest"/>
</testsuite> <!-- com.arcapi.Buildingtestcases.AssetMeterDetailAPITest -->
