<?xml version="1.0" encoding="UTF-8"?>
<!-- Generated by org.testng.reporters.JUnitReportReporter -->
<testsuite hostname="G10GGNLT052" name="com.arcapi.Common.AssetTeamMemberAddPOSTAPITest" tests="1" failures="0" timestamp="8 Nov 2019 07:29:52 GMT" time="8.377" errors="0">
  <testcase name="AssetTeamMemberAddPOSTAPI" time="8.377" classname="com.arcapi.Common.AssetTeamMemberAddPOSTAPITest"/>
</testsuite> <!-- com.arcapi.Common.AssetTeamMemberAddPOSTAPITest -->
