<?xml version="1.0" encoding="UTF-8"?>
<!-- Generated by org.testng.reporters.JUnitReportReporter -->
<testsuite hostname="G10GGNLT052" name="com.arcapi.Parksmarttestcases.CreateAssetParksmartPOSTAPITest" tests="1" failures="0" timestamp="1 Oct 2019 04:40:49 GMT" time="26.466" errors="0">
  <testcase name="CreateAssetParksmartPOST" time="26.466" classname="com.arcapi.Parksmarttestcases.CreateAssetParksmartPOSTAPITest"/>
</testsuite> <!-- com.arcapi.Parksmarttestcases.CreateAssetParksmartPOSTAPITest -->
