<?xml version="1.0" encoding="UTF-8"?>
<!-- Generated by org.testng.reporters.JUnitReportReporter -->
<testsuite hostname="G10GGNLT052" name="com.arcapi.Common.AssetPerformanceScoreListAPITest" tests="1" failures="0" timestamp="11 Oct 2019 09:12:46 GMT" time="1.796" errors="0">
  <testcase name="AssetPerformanceScoreListAPI" time="1.796" classname="com.arcapi.Common.AssetPerformanceScoreListAPITest"/>
</testsuite> <!-- com.arcapi.Common.AssetPerformanceScoreListAPITest -->
