<?xml version="1.0" encoding="UTF-8"?>
<!-- Generated by org.testng.reporters.JUnitReportReporter -->
<testsuite hostname="G10GGNLT052" name="com.arcapi.Portfoliostestcases.PortfoliosWasteGeneration5YearLBSDataVerifyGetAPITest" tests="1" failures="0" timestamp="6 Aug 2019 11:29:31 GMT" time="1.979" errors="0">
  <testcase name="PortfoliosWasteGeneration5YearLBSDataVerifyGetAPI" time="1.979" classname="com.arcapi.Portfoliostestcases.PortfoliosWasteGeneration5YearLBSDataVerifyGetAPITest"/>
</testsuite> <!-- com.arcapi.Portfoliostestcases.PortfoliosWasteGeneration5YearLBSDataVerifyGetAPITest -->
