<?xml version="1.0" encoding="UTF-8"?>
<!-- Generated by org.testng.reporters.JUnitReportReporter -->
<testsuite hostname="G10GGNLT052" name="com.arcapi.release1_18testcases.AssetDetailQueryParamTrackerDateAPITest" tests="1" failures="0" timestamp="14 Aug 2019 10:04:05 GMT" time="12.759" errors="0">
  <testcase name="AssetDetailQueryParamAPI" time="12.759" classname="com.arcapi.release1_18testcases.AssetDetailQueryParamTrackerDateAPITest"/>
</testsuite> <!-- com.arcapi.release1_18testcases.AssetDetailQueryParamTrackerDateAPITest -->
