<?xml version="1.0" encoding="UTF-8"?>
<!-- Generated by org.testng.reporters.JUnitReportReporter -->
<testsuite skipped="0" hostname="G10GNLT041" name="com.arcapi.Communitytestcases.AssetNotificationSubscriptionPostTest" tests="2" failures="0" timestamp="17 Jun 2019 09:30:40 GMT" time="7.925" errors="0">
  <testcase name="AssetNotificationSubscriptionPost" time="4.143" classname="com.arcapi.Communitytestcases.AssetNotificationSubscriptionPostTest"/>
  <testcase name="AssetNotificationSubscriptionPost" time="3.782" classname="com.arcapi.Communitytestcases.AssetNotificationSubscriptionPostTest"/>
</testsuite> <!-- com.arcapi.Communitytestcases.AssetNotificationSubscriptionPostTest -->
