<?xml version="1.0" encoding="UTF-8"?>
<!-- Generated by org.testng.reporters.JUnitReportReporter -->
<testsuite skipped="0" hostname="G10GNLT041" name="com.arcapi.Parksmarttestcases.PaymentOrderSubmitManualTest" tests="3" failures="0" timestamp="19 Sep 2018 09:47:26 GMT" time="314.699" errors="0">
  <testcase name="PaymentOrderSubmitPOSTAPI" time="103.675" classname="com.arcapi.Parksmarttestcases.PaymentOrderSubmitManualTest"/>
  <testcase name="PaymentOrderSubmitPOSTAPI" time="106.705" classname="com.arcapi.Parksmarttestcases.PaymentOrderSubmitManualTest"/>
  <testcase name="PaymentOrderSubmitPOSTAPI" time="104.319" classname="com.arcapi.Parksmarttestcases.PaymentOrderSubmitManualTest"/>
</testsuite> <!-- com.arcapi.Parksmarttestcases.PaymentOrderSubmitManualTest -->
