<?xml version="1.0" encoding="UTF-8"?>
<!-- Generated by org.testng.reporters.JUnitReportReporter -->
<testsuite skipped="0" hostname="G10GNLT041" name="com.arcapi.Citytestcases.AssetUpdateCityOtherAPITest" tests="1" failures="0" timestamp="17 Jun 2019 08:07:17 GMT" time="4.237" errors="0">
  <testcase name="AssetUpdateforNewAssetPUTAPI" time="4.237" classname="com.arcapi.Citytestcases.AssetUpdateCityOtherAPITest"/>
</testsuite> <!-- com.arcapi.Citytestcases.AssetUpdateCityOtherAPITest -->
