<?xml version="1.0" encoding="UTF-8"?>
<!-- Generated by org.testng.reporters.JUnitReportReporter -->
<testsuite hostname="G10GGNLT052" name="com.arcapi.Buildingtestcases.GhgMeanEmissionAfterDecreaseTest" tests="2" failures="0" timestamp="7 Nov 2019 08:15:32 GMT" time="4.045" errors="0">
  <testcase name="GhgMeanEmissionAfterDecrease" time="1.830" classname="com.arcapi.Buildingtestcases.GhgMeanEmissionAfterDecreaseTest"/>
  <testcase name="GhgMeanEmissionAfterDecrease" time="2.215" classname="com.arcapi.Buildingtestcases.GhgMeanEmissionAfterDecreaseTest"/>
</testsuite> <!-- com.arcapi.Buildingtestcases.GhgMeanEmissionAfterDecreaseTest -->
