<?xml version="1.0" encoding="UTF-8"?>
<!-- Generated by org.testng.reporters.JUnitReportReporter -->
<testsuite hostname="G10GGNLT052" name="com.arcapi.Common.AssetSnapshotKeysAPITest" tests="1" failures="0" timestamp="10 Sep 2019 13:39:52 GMT" time="2.238" errors="0">
  <testcase name="AssetSnapshotKeysAPI" time="2.238" classname="com.arcapi.Common.AssetSnapshotKeysAPITest"/>
</testsuite> <!-- com.arcapi.Common.AssetSnapshotKeysAPITest -->
