<?xml version="1.0" encoding="UTF-8"?>
<!-- Generated by org.testng.reporters.JUnitReportReporter -->
<testsuite hostname="G10GGNLT052" name="com.arcapi.Common.AvgPerformaceListGetTest" tests="1" failures="0" timestamp="10 Sep 2019 13:39:53 GMT" time="2.621" errors="0">
  <testcase name="AvgPerformaceList" time="2.621" classname="com.arcapi.Common.AvgPerformaceListGetTest"/>
</testsuite> <!-- com.arcapi.Common.AvgPerformaceListGetTest -->
