<?xml version="1.0" encoding="UTF-8"?>
<!-- Generated by org.testng.reporters.JUnitReportReporter -->
<testsuite hostname="G10GGNLT052" name="com.arcapi.Common.NotificationCreatePOSTAPITest" tests="1" failures="0" timestamp="20 Sep 2019 07:00:22 GMT" time="9.020" errors="0">
  <testcase name="NotificationCreatePOSTAPI" time="9.020" classname="com.arcapi.Common.NotificationCreatePOSTAPITest"/>
</testsuite> <!-- com.arcapi.Common.NotificationCreatePOSTAPITest -->
