<?xml version="1.0" encoding="UTF-8"?>
<!-- Generated by org.testng.reporters.JUnitReportReporter -->
<testsuite hostname="G10GGNLT052" name="com.arcapi.Common.RegistrationPaymentPricingGetAPITest" tests="1" failures="0" timestamp="27 Sep 2019 05:35:20 GMT" time="4.474" errors="0">
  <testcase name="RegistrationPaymentPricingGetAPI" time="4.474" classname="com.arcapi.Common.RegistrationPaymentPricingGetAPITest"/>
</testsuite> <!-- com.arcapi.Common.RegistrationPaymentPricingGetAPITest -->
