<?xml version="1.0" encoding="UTF-8"?>
<!-- Generated by org.testng.reporters.JUnitReportReporter -->
<testsuite skipped="0" hostname="G10GNLT041" name="com.arcapi.Citytestcases.NotificationSubscriptionDetailPutTest" tests="2" failures="0" timestamp="17 Jun 2019 08:07:17 GMT" time="6.415" errors="0">
  <testcase name="NotificationSubscriptionDetail" time="3.123" classname="com.arcapi.Citytestcases.NotificationSubscriptionDetailPutTest"/>
  <testcase name="NotificationSubscriptionDetail" time="3.292" classname="com.arcapi.Citytestcases.NotificationSubscriptionDetailPutTest"/>
</testsuite> <!-- com.arcapi.Citytestcases.NotificationSubscriptionDetailPutTest -->
