<?xml version="1.0" encoding="UTF-8"?>
<!-- Generated by org.testng.reporters.JUnitReportReporter -->
<testsuite skipped="0" hostname="G10GNLT041" name="com.arcapi.Communitytestcases.ThirdPartyListAppsAPITest" tests="2" failures="0" timestamp="17 Jun 2019 09:30:41 GMT" time="7.056" errors="0">
  <testcase name="ThirdPartyListAppsAPI" time="3.619" classname="com.arcapi.Communitytestcases.ThirdPartyListAppsAPITest"/>
  <testcase name="ThirdPartyListAppsAPI" time="3.437" classname="com.arcapi.Communitytestcases.ThirdPartyListAppsAPITest"/>
</testsuite> <!-- com.arcapi.Communitytestcases.ThirdPartyListAppsAPITest -->
