<?xml version="1.0" encoding="UTF-8"?>
<!-- Generated by org.testng.reporters.JUnitReportReporter -->
<testsuite hostname="G10GGNLT052" name="com.arcapi.Buildingtestcases.GhgMeanEmissionTest" tests="1" failures="0" timestamp="16 Aug 2019 13:09:11 GMT" time="3.754" errors="0">
  <testcase name="GhgGetTestAPI" time="3.754" classname="com.arcapi.Buildingtestcases.GhgMeanEmissionTest"/>
</testsuite> <!-- com.arcapi.Buildingtestcases.GhgMeanEmissionTest -->
