<?xml version="1.0" encoding="UTF-8"?>
<!-- Generated by org.testng.reporters.JUnitReportReporter -->
<testsuite hostname="G10GGNLT052" name="com.arcapi.Buildingtestcases.CarbonDioxideCreate5YearDataPostTest" tests="5" failures="0" timestamp="21 Sep 2019 09:20:03 GMT" time="14.330" errors="0">
  <testcase name="CarbonDioxideCreate5YearDataPost" time="2.864" classname="com.arcapi.Buildingtestcases.CarbonDioxideCreate5YearDataPostTest"/>
  <testcase name="CarbonDioxideCreate5YearDataPost" time="2.912" classname="com.arcapi.Buildingtestcases.CarbonDioxideCreate5YearDataPostTest"/>
  <testcase name="CarbonDioxideCreate5YearDataPost" time="2.869" classname="com.arcapi.Buildingtestcases.CarbonDioxideCreate5YearDataPostTest"/>
  <testcase name="CarbonDioxideCreate5YearDataPost" time="2.818" classname="com.arcapi.Buildingtestcases.CarbonDioxideCreate5YearDataPostTest"/>
  <testcase name="CarbonDioxideCreate5YearDataPost" time="2.867" classname="com.arcapi.Buildingtestcases.CarbonDioxideCreate5YearDataPostTest"/>
</testsuite> <!-- com.arcapi.Buildingtestcases.CarbonDioxideCreate5YearDataPostTest -->
