<?xml version="1.0" encoding="UTF-8"?>
<!-- Generated by org.testng.reporters.JUnitReportReporter -->
<testsuite hostname="G10GGNLT052" name="com.arcapi.Citytestcases.MeasuresVersionDetailAPITest" tests="1" failures="0" timestamp="5 Sep 2019 06:00:28 GMT" time="1.392" errors="0">
  <testcase name="MeasuresVersionDetailAPI" time="1.392" classname="com.arcapi.Citytestcases.MeasuresVersionDetailAPITest"/>
</testsuite> <!-- com.arcapi.Citytestcases.MeasuresVersionDetailAPITest -->
