<?xml version="1.0" encoding="UTF-8"?>
<!-- Generated by org.testng.reporters.JUnitReportReporter -->
<testsuite skipped="0" hostname="G10GNLT041" name="com.arcapi.TrailFlowtestcases.City.PaymentHistoryAPITest" tests="1" failures="0" timestamp="06 Feb 2019 05:56:20 GMT" time="2.026" errors="0">
  <testcase name="PaymentHistoryAPI" time="2.026" classname="com.arcapi.TrailFlowtestcases.City.PaymentHistoryAPITest"/>
</testsuite> <!-- com.arcapi.TrailFlowtestcases.City.PaymentHistoryAPITest -->
