<?xml version="1.0" encoding="UTF-8"?>
<!-- Generated by org.testng.reporters.JUnitReportReporter -->
<testsuite skipped="0" hostname="G10GNLT041" name="com.arcapi.Parksmarttestcases.RegistrationPaymentPricingGetAPITest" tests="1" failures="0" timestamp="21 Jun 2019 05:06:06 GMT" time="3.100" errors="0">
  <testcase name="RegistrationPaymentPricingGetAPI" time="3.100" classname="com.arcapi.Parksmarttestcases.RegistrationPaymentPricingGetAPITest"/>
</testsuite> <!-- com.arcapi.Parksmarttestcases.RegistrationPaymentPricingGetAPITest -->
