<?xml version="1.0" encoding="UTF-8"?>
<!-- Generated by org.testng.reporters.JUnitReportReporter -->
<testsuite skipped="0" hostname="G10GNLT041" name="com.arcapi.Buildingtestcases.WasteGeneratedBulkDataPostTest" tests="2" failures="0" timestamp="17 Jun 2019 07:27:40 GMT" time="13.667" errors="0">
  <testcase name="WasteGeneratedBulkDataPost" time="8.097" classname="com.arcapi.Buildingtestcases.WasteGeneratedBulkDataPostTest"/>
  <testcase name="WasteGeneratedBulkDataPost" time="5.570" classname="com.arcapi.Buildingtestcases.WasteGeneratedBulkDataPostTest"/>
</testsuite> <!-- com.arcapi.Buildingtestcases.WasteGeneratedBulkDataPostTest -->
