<?xml version="1.0" encoding="UTF-8"?>
<!-- Generated by org.testng.reporters.JUnitReportReporter -->
<testsuite skipped="0" hostname="G10GNLT041" name="com.arcapi.CrossRatingSystemtestcases.WasteGetAPITest" tests="1" failures="0" timestamp="21 Jun 2019 05:06:06 GMT" time="1.938" errors="0">
  <testcase name="WasteGetAPI" time="1.938" classname="com.arcapi.CrossRatingSystemtestcases.WasteGetAPITest"/>
</testsuite> <!-- com.arcapi.CrossRatingSystemtestcases.WasteGetAPITest -->
