<?xml version="1.0" encoding="UTF-8"?>
<!-- Generated by org.testng.reporters.JUnitReportReporter -->
<testsuite hostname="G10GGNLT052" name="com.arcapi.Transittestcases.EnvironmentSurveyGetAPITest" tests="1" failures="0" timestamp="9 Sep 2019 14:17:22 GMT" time="2.345" errors="0">
  <testcase name="EnvironmentSurveyGetAPI" time="2.345" classname="com.arcapi.Transittestcases.EnvironmentSurveyGetAPITest"/>
</testsuite> <!-- com.arcapi.Transittestcases.EnvironmentSurveyGetAPITest -->
