<?xml version="1.0" encoding="UTF-8"?>
<!-- Generated by org.testng.reporters.JUnitReportReporter -->
<testsuite skipped="0" hostname="G10GNLT041" name="com.arcapi.Citytestcases.AssetTeamPermissionPostAPITest" tests="2" failures="0" timestamp="17 Jun 2019 08:07:17 GMT" time="7.647" errors="0">
  <testcase name="AssetTeamPermissionPostAPI" time="3.786" classname="com.arcapi.Citytestcases.AssetTeamPermissionPostAPITest"/>
  <testcase name="AssetTeamPermissionPostAPI" time="3.861" classname="com.arcapi.Citytestcases.AssetTeamPermissionPostAPITest"/>
</testsuite> <!-- com.arcapi.Citytestcases.AssetTeamPermissionPostAPITest -->
