<?xml version="1.0" encoding="UTF-8"?>
<!-- Generated by org.testng.reporters.JUnitReportReporter -->
<testsuite hostname="G10GGNLT052" name="com.arcapi.Buildingtestcases.GhgMeanEmissionAfterDecreaseTest" tests="1" failures="0" timestamp="10 Sep 2019 07:02:27 GMT" time="1.721" errors="0">
  <testcase name="GhgMeanEmissionAfterDecrease" time="1.721" classname="com.arcapi.Buildingtestcases.GhgMeanEmissionAfterDecreaseTest"/>
</testsuite> <!-- com.arcapi.Buildingtestcases.GhgMeanEmissionAfterDecreaseTest -->
