<?xml version="1.0" encoding="UTF-8"?>
<!-- Generated by org.testng.reporters.JUnitReportReporter -->
<testsuite skipped="0" hostname="G10GNLT041" name="com.arcapi.Buildingtestcases.UserDetailAPITest" tests="2" failures="0" timestamp="17 Jun 2019 07:27:39 GMT" time="13.700" errors="0">
  <testcase name="UserDetailAPI" time="6.141" classname="com.arcapi.Buildingtestcases.UserDetailAPITest"/>
  <testcase name="UserDetailAPI" time="7.559" classname="com.arcapi.Buildingtestcases.UserDetailAPITest"/>
</testsuite> <!-- com.arcapi.Buildingtestcases.UserDetailAPITest -->
