<?xml version="1.0" encoding="UTF-8"?>
<!-- Generated by org.testng.reporters.JUnitReportReporter -->
<testsuite hostname="G10GGNLT052" name="com.arcapi.Buildingtestcases.CO2ConsumptionDeleteAPITest" tests="1" failures="0" timestamp="7 Oct 2019 14:00:33 GMT" time="0.008" errors="0">
  <testcase name="CO2ConsumptionDeleteAPI" time="0.008" classname="com.arcapi.Buildingtestcases.CO2ConsumptionDeleteAPITest"/>
</testsuite> <!-- com.arcapi.Buildingtestcases.CO2ConsumptionDeleteAPITest -->
