<?xml version="1.0" encoding="UTF-8"?>
<!-- Generated by org.testng.reporters.JUnitReportReporter -->
<testsuite skipped="0" hostname="G10GNLT041" name="com.arcapi.CompleteDataValidationNoPayloadTestcases.ConsumptionUpdatePUTAPITest" tests="1" failures="0" timestamp="21 Jun 2019 06:10:21 GMT" time="2.180" errors="0">
  <testcase name="ConsumptionUpdatePUTAPI" time="2.180" classname="com.arcapi.CompleteDataValidationNoPayloadTestcases.ConsumptionUpdatePUTAPITest"/>
</testsuite> <!-- com.arcapi.CompleteDataValidationNoPayloadTestcases.ConsumptionUpdatePUTAPITest -->
