<?xml version="1.0" encoding="UTF-8"?>
<!-- Generated by org.testng.reporters.JUnitReportReporter -->
<testsuite hostname="G10GGNLT052" name="com.arcapi.Portfoliostestcases.PortfoliosDetailsGetAPITest" tests="1" failures="0" timestamp="7 Aug 2019 07:04:50 GMT" time="1.759" errors="0">
  <testcase name="PortfoliosDetailsGetAPI" time="1.759" classname="com.arcapi.Portfoliostestcases.PortfoliosDetailsGetAPITest"/>
</testsuite> <!-- com.arcapi.Portfoliostestcases.PortfoliosDetailsGetAPITest -->
