<?xml version="1.0" encoding="UTF-8"?>
<!-- Generated by org.testng.reporters.JUnitReportReporter -->
<testsuite skipped="0" hostname="G10GNLT041" name="com.arcapi.Citytestcases.MeterCreateAPICustom2CityCommTest" tests="1" failures="0" timestamp="22 May 2019 08:34:17 GMT" time="6.536" errors="0">
  <testcase name="MeterCreatePOSTAPI" time="6.536" classname="com.arcapi.Citytestcases.MeterCreateAPICustom2CityCommTest"/>
</testsuite> <!-- com.arcapi.Citytestcases.MeterCreateAPICustom2CityCommTest -->
