<?xml version="1.0" encoding="UTF-8"?>
<!-- Generated by org.testng.reporters.JUnitReportReporter -->
<testsuite hostname="G10GGNLT052" name="com.arcapi.Buildingtestcases.WasteDetailDeleteAPITest" tests="1" failures="0" timestamp="5 Nov 2019 05:13:47 GMT" time="1.436" errors="0">
  <testcase name="WasteDetailDeleteAPI" time="1.436" classname="com.arcapi.Buildingtestcases.WasteDetailDeleteAPITest"/>
</testsuite> <!-- com.arcapi.Buildingtestcases.WasteDetailDeleteAPITest -->
