<?xml version="1.0" encoding="UTF-8"?>
<!-- Generated by org.testng.reporters.JUnitReportReporter -->
<testsuite hostname="G10GGNLT052" name="com.arcapi.Buildingtestcases.VOCMeterCreateAPITest" tests="1" failures="0" timestamp="11 Oct 2019 08:57:39 GMT" time="2.445" errors="0">
  <testcase name="VOCMeterCreateAPI" time="2.445" classname="com.arcapi.Buildingtestcases.VOCMeterCreateAPITest"/>
</testsuite> <!-- com.arcapi.Buildingtestcases.VOCMeterCreateAPITest -->
