<?xml version="1.0" encoding="UTF-8"?>
<!-- Generated by org.testng.reporters.JUnitReportReporter -->
<testsuite hostname="G10GGNLT052" name="com.arcapi.CompleteDataValidationNoPayloadTestcases.TransitSurveyCreatePOSTAPITest" tests="1" failures="0" timestamp="20 Sep 2019 08:24:47 GMT" time="2.013" errors="0">
  <testcase name="TransitSurveyCreatePOSTAPI" time="2.013" classname="com.arcapi.CompleteDataValidationNoPayloadTestcases.TransitSurveyCreatePOSTAPITest"/>
</testsuite> <!-- com.arcapi.CompleteDataValidationNoPayloadTestcases.TransitSurveyCreatePOSTAPITest -->
