<?xml version="1.0" encoding="UTF-8"?>
<!-- Generated by org.testng.reporters.JUnitReportReporter -->
<testsuite hostname="G10GGNLT052" name="com.arcapi.Buildingtestcases.AssetDataExportAPITest" tests="1" failures="0" timestamp="4 Sep 2019 04:54:36 GMT" time="2.625" errors="0">
  <testcase name="AssetDataExportAPI" time="2.625" classname="com.arcapi.Buildingtestcases.AssetDataExportAPITest"/>
</testsuite> <!-- com.arcapi.Buildingtestcases.AssetDataExportAPITest -->
