<?xml version="1.0" encoding="UTF-8"?>
<!-- Generated by org.testng.reporters.JUnitReportReporter -->
<testsuite hostname="G10GGNLT052" name="com.arcapi.release1_18testcases.OccupantDeleteAPITest" tests="1" failures="0" timestamp="14 Aug 2019 10:04:05 GMT" time="4.624" errors="0">
  <testcase name="OccupantPostAPI" time="4.624" classname="com.arcapi.release1_18testcases.OccupantDeleteAPITest"/>
</testsuite> <!-- com.arcapi.release1_18testcases.OccupantDeleteAPITest -->
