<?xml version="1.0" encoding="UTF-8"?>
<!-- Generated by org.testng.reporters.JUnitReportReporter -->
<testsuite hostname="G10GGNLT052" name="com.arcapi.Portfoliostestcases.PortfoliosPostAPITest" tests="1" failures="0" timestamp="7 Oct 2019 10:18:54 GMT" time="2.612" errors="0">
  <testcase name="PortfoliosPostAPI" time="2.612" classname="com.arcapi.Portfoliostestcases.PortfoliosPostAPITest"/>
</testsuite> <!-- com.arcapi.Portfoliostestcases.PortfoliosPostAPITest -->
