<?xml version="1.0" encoding="UTF-8"?>
<!-- Generated by org.testng.reporters.JUnitReportReporter -->
<testsuite skipped="0" hostname="G10GNLT041" name="com.arcapi.Buildingtestcases.LOTokenAPITest" tests="2" failures="0" timestamp="17 Jun 2019 07:27:40 GMT" time="11.988" errors="0">
  <testcase name="LOTokenAPI" time="6.116" classname="com.arcapi.Buildingtestcases.LOTokenAPITest"/>
  <testcase name="LOTokenAPI" time="5.872" classname="com.arcapi.Buildingtestcases.LOTokenAPITest"/>
</testsuite> <!-- com.arcapi.Buildingtestcases.LOTokenAPITest -->
