<?xml version="1.0" encoding="UTF-8"?>
<!-- Generated by org.testng.reporters.JUnitReportReporter -->
<testsuite skipped="0" hostname="G10GNLT041" name="com.arcapi.Transittestcases.AddAssestTimelinePOSTAPITest" tests="1" failures="0" timestamp="21 Jun 2019 05:06:06 GMT" time="5.928" errors="0">
  <testcase name="AddAssestTimeline" time="5.928" classname="com.arcapi.Transittestcases.AddAssestTimelinePOSTAPITest"/>
</testsuite> <!-- com.arcapi.Transittestcases.AddAssestTimelinePOSTAPITest -->
