<?xml version="1.0" encoding="UTF-8"?>
<!-- Generated by org.testng.reporters.JUnitReportReporter -->
<testsuite hostname="G10GGNLT052" name="com.arcapi.Buildingtestcases.VOCConsumptionDeleteAPITest" tests="1" failures="0" timestamp="13 Sep 2019 09:56:32 GMT" time="2.603" errors="0">
  <testcase name="VOCConsumptionDeleteAPI" time="2.603" classname="com.arcapi.Buildingtestcases.VOCConsumptionDeleteAPITest"/>
</testsuite> <!-- com.arcapi.Buildingtestcases.VOCConsumptionDeleteAPITest -->
