<?xml version="1.0" encoding="UTF-8"?>
<!-- Generated by org.testng.reporters.JUnitReportReporter -->
<testsuite hostname="G10GGNLT052" name="com.arcapi.ScenarioBasedTestcases.AssetTeamMemberRemoveAPITest" tests="2" failures="0" timestamp="7 Nov 2019 09:54:02 GMT" time="3.431" errors="0">
  <testcase name="AssetTeamMemberRemoveAPI" time="2.038" classname="com.arcapi.ScenarioBasedTestcases.AssetTeamMemberRemoveAPITest"/>
  <testcase name="AssetTeamMemberRemoveAPI" time="1.393" classname="com.arcapi.ScenarioBasedTestcases.AssetTeamMemberRemoveAPITest"/>
</testsuite> <!-- com.arcapi.ScenarioBasedTestcases.AssetTeamMemberRemoveAPITest -->
