<?xml version="1.0" encoding="UTF-8"?>
<!-- Generated by org.testng.reporters.JUnitReportReporter -->
<testsuite hostname="G10GGNLT052" name="com.arcapi.Common.UserDetailAPITest" tests="1" failures="0" timestamp="17 Oct 2019 07:26:52 GMT" time="2.394" errors="0">
  <testcase name="UserDetailAPI" time="2.394" classname="com.arcapi.Common.UserDetailAPITest"/>
</testsuite> <!-- com.arcapi.Common.UserDetailAPITest -->
