<?xml version="1.0" encoding="UTF-8"?>
<!-- Generated by org.testng.reporters.JUnitReportReporter -->
<testsuite skipped="0" hostname="G10GNLT041" name="com.arcapi.Citytestcases.MeasuresDetailAPITest" tests="2" failures="0" timestamp="17 Jun 2019 08:07:17 GMT" time="7.339" errors="0">
  <testcase name="MeasuresDetailAPI" time="4.414" classname="com.arcapi.Citytestcases.MeasuresDetailAPITest"/>
  <testcase name="MeasuresDetailAPI" time="2.925" classname="com.arcapi.Citytestcases.MeasuresDetailAPITest"/>
</testsuite> <!-- com.arcapi.Citytestcases.MeasuresDetailAPITest -->
