<?xml version="1.0" encoding="UTF-8"?>
<!-- Generated by org.testng.reporters.JUnitReportReporter -->
<testsuite skipped="0" hostname="G10GNLT041" name="com.arcapi.Transittestcases.GhgGetTest" tests="2" failures="0" timestamp="17 Jun 2019 09:30:41 GMT" time="7.597" errors="0">
  <testcase name="GhgGetTestAPI" time="2.997" classname="com.arcapi.Transittestcases.GhgGetTest"/>
  <testcase name="GhgGetTestAPI" time="4.600" classname="com.arcapi.Transittestcases.GhgGetTest"/>
</testsuite> <!-- com.arcapi.Transittestcases.GhgGetTest -->
