<?xml version="1.0" encoding="UTF-8"?>
<!-- Generated by org.testng.reporters.JUnitReportReporter -->
<testsuite hostname="G10GGNLT052" name="com.arcapi.Buildingtestcases.AssetMeterDetailAPITest" tests="1" failures="0" timestamp="11 Sep 2019 10:39:59 GMT" time="1.597" errors="0">
  <testcase name="AssetMeterDetailAPI" time="1.597" classname="com.arcapi.Buildingtestcases.AssetMeterDetailAPITest"/>
</testsuite> <!-- com.arcapi.Buildingtestcases.AssetMeterDetailAPITest -->
