<?xml version="1.0" encoding="UTF-8"?>
<!-- Generated by org.testng.reporters.JUnitReportReporter -->
<testsuite hostname="G10GGNLT052" name="com.arcapi.Buildingtestcases.AssetSubmitCertificatePostAPITest" tests="1" failures="0" timestamp="19 Dec 2019 09:25:58 GMT" time="3.403" errors="0">
  <testcase name="AssetSubmitCertificatePostAPI" time="3.403" classname="com.arcapi.Buildingtestcases.AssetSubmitCertificatePostAPITest"/>
</testsuite> <!-- com.arcapi.Buildingtestcases.AssetSubmitCertificatePostAPITest -->
