<?xml version="1.0" encoding="UTF-8"?>
<!-- Generated by org.testng.reporters.JUnitReportReporter -->
<testsuite hostname="G10GGNLT052" name="com.arcapi.Buildingtestcases.AnalysisDataEmissionAPITest" tests="2" failures="0" timestamp="7 Nov 2019 08:15:32 GMT" time="47.379" errors="0">
  <testcase name="AnalysisDataEmissionAPI" time="25.181" classname="com.arcapi.Buildingtestcases.AnalysisDataEmissionAPITest"/>
  <testcase name="AnalysisDataEmissionAPI" time="22.198" classname="com.arcapi.Buildingtestcases.AnalysisDataEmissionAPITest"/>
</testsuite> <!-- com.arcapi.Buildingtestcases.AnalysisDataEmissionAPITest -->
