<?xml version="1.0" encoding="UTF-8"?>
<!-- Generated by org.testng.reporters.JUnitReportReporter -->
<testsuite skipped="0" hostname="G10GNLT041" name="com.arcapi.Scoretestcases.version2.VOCGetTest" tests="1" failures="0" timestamp="13 Sep 2018 06:41:43 GMT" time="61.261" errors="0">
  <testcase name="VOCGet" time="61.261" classname="com.arcapi.Scoretestcases.version2.VOCGetTest"/>
</testsuite> <!-- com.arcapi.Scoretestcases.version2.VOCGetTest -->
