<?xml version="1.0" encoding="UTF-8"?>
<!-- Generated by org.testng.reporters.JUnitReportReporter -->
<testsuite hostname="G10GGNLT052" name="com.arcapi.Common.NotificationSubscriptionDetailPutTest" tests="1" failures="0" timestamp="8 Nov 2019 07:29:52 GMT" time="2.054" errors="0">
  <testcase name="NotificationSubscriptionDetail" time="2.054" classname="com.arcapi.Common.NotificationSubscriptionDetailPutTest"/>
</testsuite> <!-- com.arcapi.Common.NotificationSubscriptionDetailPutTest -->
