<?xml version="1.0" encoding="UTF-8"?>
<!-- Generated by org.testng.reporters.JUnitReportReporter -->
<testsuite hostname="G10GGNLT052" name="com.arcapi.Common.CityCom.MeasuresListAPITest" tests="1" failures="0" timestamp="1 Oct 2019 07:10:21 GMT" time="1.850" errors="0">
  <testcase name="MeasuresListAPI" time="1.850" classname="com.arcapi.Common.CityCom.MeasuresListAPITest"/>
</testsuite> <!-- com.arcapi.Common.CityCom.MeasuresListAPITest -->
