<?xml version="1.0" encoding="UTF-8"?>
<!-- Generated by org.testng.reporters.JUnitReportReporter -->
<testsuite skipped="0" hostname="G10GNLT041" name="com.arcapi.Buildingtestcases.MeterCreatePOSTAPITest" tests="2" failures="0" timestamp="21 Jun 2019 06:10:23 GMT" time="5.268" errors="0">
  <testcase name="MeterCreatePOSTAPI" time="2.574" classname="com.arcapi.Buildingtestcases.MeterCreatePOSTAPITest"/>
  <testcase name="MeterCreatePOSTAPI" time="2.694" classname="com.arcapi.Buildingtestcases.MeterCreatePOSTAPITest"/>
</testsuite> <!-- com.arcapi.Buildingtestcases.MeterCreatePOSTAPITest -->
