<?xml version="1.0" encoding="UTF-8"?>
<!-- Generated by org.testng.reporters.JUnitReportReporter -->
<testsuite hostname="G10GGNLT052" name="com.arcapi.Portfoliostestcases.PortfoliosAssetGetAPITest" tests="1" failures="0" timestamp="5 Nov 2019 05:01:56 GMT" time="1.496" errors="0">
  <testcase name="PortfoliosAssetGetAPI" time="1.496" classname="com.arcapi.Portfoliostestcases.PortfoliosAssetGetAPITest"/>
</testsuite> <!-- com.arcapi.Portfoliostestcases.PortfoliosAssetGetAPITest -->
