<?xml version="1.0" encoding="UTF-8"?>
<!-- Generated by org.testng.reporters.JUnitReportReporter -->
<testsuite hostname="G10GGNLT052" name="com.arcapi.CompleteDataValidationNoPayloadTestcases.CreateAssetPOSTAPITest" tests="1" failures="0" timestamp="10 Sep 2019 11:10:22 GMT" time="1.378" errors="0">
  <testcase name="CreateAssetPOSTAPI" time="1.378" classname="com.arcapi.CompleteDataValidationNoPayloadTestcases.CreateAssetPOSTAPITest"/>
</testsuite> <!-- com.arcapi.CompleteDataValidationNoPayloadTestcases.CreateAssetPOSTAPITest -->
