<?xml version="1.0" encoding="UTF-8"?>
<!-- Generated by org.testng.reporters.JUnitReportReporter -->
<testsuite hostname="G10GGNLT052" name="com.arcapi.Buildingtestcases.ConsumptionDeleteAPITest" tests="1" failures="0" timestamp="7 Oct 2019 08:53:30 GMT" time="1.731" errors="0">
  <testcase name="ConsumptionDeleteAPI" time="1.731" classname="com.arcapi.Buildingtestcases.ConsumptionDeleteAPITest"/>
</testsuite> <!-- com.arcapi.Buildingtestcases.ConsumptionDeleteAPITest -->
