<?xml version="1.0" encoding="UTF-8"?>
<!-- Generated by org.testng.reporters.JUnitReportReporter -->
<testsuite hostname="G10GGNLT052" name="com.arcapi.Buildingtestcases.OtherFuelMeterCreateAPITest" tests="1" failures="0" timestamp="11 Oct 2019 08:57:39 GMT" time="58.575" errors="1">
  <testcase name="OtherFuelMeterCreateAPI" time="58.575" classname="com.arcapi.Buildingtestcases.OtherFuelMeterCreateAPITest">
    <error type="java.net.ConnectException" message="Connection timed out: connect">
      <![CDATA[java.net.ConnectException: Connection timed out: connect
	at java.net.DualStackPlainSocketImpl.connect0(Native Method)
	at java.net.DualStackPlainSocketImpl.socketConnect(DualStackPlainSocketImpl.java:79)
	at java.net.AbstractPlainSocketImpl.doConnect(AbstractPlainSocketImpl.java:350)
	at java.net.AbstractPlainSocketImpl.connectToAddress(AbstractPlainSocketImpl.java:206)
	at java.net.AbstractPlainSocketImpl.connect(AbstractPlainSocketImpl.java:188)
	at java.net.PlainSocketImpl.connect(PlainSocketImpl.java:172)
	at java.net.SocksSocketImpl.connect(SocksSocketImpl.java:392)
	at java.net.Socket.connect(Socket.java:589)
	at sun.security.ssl.SSLSocketImpl.connect(SSLSocketImpl.java:666)
	at org.apache.http.conn.ssl.SSLSocketFactory.connectSocket(SSLSocketFactory.java:532)
	at org.apache.http.conn.ssl.SSLSocketFactory.connectSocket(SSLSocketFactory.java:409)
	at org.apache.http.impl.conn.DefaultClientConnectionOperator.openConnection(DefaultClientConnectionOperator.java:177)
	at org.apache.http.impl.conn.ManagedClientConnectionImpl.open(ManagedClientConnectionImpl.java:304)
	at org.apache.http.impl.client.DefaultRequestDirector.tryConnect(DefaultRequestDirector.java:611)
	at org.apache.http.impl.client.DefaultRequestDirector.execute(DefaultRequestDirector.java:446)
	at org.apache.http.impl.client.AbstractHttpClient.doExecute(AbstractHttpClient.java:882)
	at org.apache.http.impl.client.CloseableHttpClient.execute(CloseableHttpClient.java:82)
	at org.apache.http.impl.client.CloseableHttpClient.execute(CloseableHttpClient.java:55)
	at org.apache.http.client.HttpClient$execute$0.call(Unknown Source)
	at com.jayway.restassured.internal.RequestSpecificationImpl$RestAssuredHttpBuilder.doRequest(RequestSpecificationImpl.groovy:1974)
	at com.jayway.restassured.internal.http.HTTPBuilder.post(HTTPBuilder.java:341)
	at com.jayway.restassured.internal.http.HTTPBuilder$post$2.call(Unknown Source)
	at com.jayway.restassured.internal.RequestSpecificationImpl.sendRequest(RequestSpecificationImpl.groovy:1159)
	at sun.reflect.GeneratedMethodAccessor180.invoke(Unknown Source)
	at sun.reflect.DelegatingMethodAccessorImpl.invoke(DelegatingMethodAccessorImpl.java:43)
	at java.lang.reflect.Method.invoke(Method.java:498)
	at org.codehaus.groovy.reflection.CachedMethod.invoke(CachedMethod.java:93)
	at groovy.lang.MetaMethod.doMethodInvoke(MetaMethod.java:325)
	at groovy.lang.MetaClassImpl.invokeMethod(MetaClassImpl.java:1210)
	at groovy.lang.MetaClassImpl.invokeMethod(MetaClassImpl.java:1019)
	at groovy.lang.MetaClassImpl.invokeMethod(MetaClassImpl.java:810)
	at com.jayway.restassured.internal.RequestSpecificationImpl.invokeMethod(RequestSpecificationImpl.groovy)
	at org.codehaus.groovy.runtime.callsite.PogoInterceptableSite.call(PogoInterceptableSite.java:48)
	at org.codehaus.groovy.runtime.callsite.AbstractCallSite.call(AbstractCallSite.java:149)
	at com.jayway.restassured.internal.filter.SendRequestFilter.filter(SendRequestFilter.groovy:30)
	at com.jayway.restassured.filter.Filter$filter$0.call(Unknown Source)
	at org.codehaus.groovy.runtime.callsite.CallSiteArray.defaultCall(CallSiteArray.java:48)
	at com.jayway.restassured.filter.Filter$filter.call(Unknown Source)
	at com.jayway.restassured.internal.filter.FilterContextImpl.next(FilterContextImpl.groovy:73)
	at com.jayway.restassured.filter.time.TimingFilter.filter(TimingFilter.java:56)
	at com.jayway.restassured.filter.Filter$filter.call(Unknown Source)
	at org.codehaus.groovy.runtime.callsite.CallSiteArray.defaultCall(CallSiteArray.java:48)
	at com.jayway.restassured.filter.Filter$filter.call(Unknown Source)
	at com.jayway.restassured.internal.filter.FilterContextImpl.next(FilterContextImpl.groovy:73)
	at com.jayway.restassured.filter.log.RequestLoggingFilter.filter(RequestLoggingFilter.java:101)
	at com.jayway.restassured.filter.Filter$filter.call(Unknown Source)
	at org.codehaus.groovy.runtime.callsite.CallSiteArray.defaultCall(CallSiteArray.java:48)
	at com.jayway.restassured.filter.Filter$filter$0.call(Unknown Source)
	at com.jayway.restassured.internal.filter.FilterContextImpl.next(FilterContextImpl.groovy:73)
	at com.jayway.restassured.filter.FilterContext$next.call(Unknown Source)
	at com.jayway.restassured.internal.RequestSpecificationImpl.applyPathParamsAndSendRequest(RequestSpecificationImpl.groovy:1596)
	at sun.reflect.GeneratedMethodAccessor171.invoke(Unknown Source)
	at sun.reflect.DelegatingMethodAccessorImpl.invoke(DelegatingMethodAccessorImpl.java:43)
	at java.lang.reflect.Method.invoke(Method.java:498)
	at org.codehaus.groovy.reflection.CachedMethod.invoke(CachedMethod.java:93)
	at groovy.lang.MetaMethod.doMethodInvoke(MetaMethod.java:325)
	at groovy.lang.MetaClassImpl.invokeMethod(MetaClassImpl.java:1210)
	at groovy.lang.MetaClassImpl.invokeMethod(MetaClassImpl.java:1019)
	at groovy.lang.MetaClassImpl.invokeMethod(MetaClassImpl.java:810)
	at com.jayway.restassured.internal.RequestSpecificationImpl.invokeMethod(RequestSpecificationImpl.groovy)
	at org.codehaus.groovy.runtime.callsite.PogoInterceptableSite.call(PogoInterceptableSite.java:48)
	at org.codehaus.groovy.runtime.callsite.PogoInterceptableSite.callCurrent(PogoInterceptableSite.java:58)
	at org.codehaus.groovy.runtime.callsite.AbstractCallSite.callCurrent(AbstractCallSite.java:182)
	at com.jayway.restassured.internal.RequestSpecificationImpl.post(RequestSpecificationImpl.groovy:164)
	at com.jayway.restassured.internal.RequestSpecificationImpl.post(RequestSpecificationImpl.groovy)
	at com.Utill.Controller.MethodCall.POSTRequest(MethodCall.java:81)
	at com.arcapi.Buildingtestcases.OtherFuelMeterCreateAPITest.OtherFuelMeterCreateAPI(OtherFuelMeterCreateAPITest.java:52)
	at sun.reflect.NativeMethodAccessorImpl.invoke0(Native Method)
	at sun.reflect.NativeMethodAccessorImpl.invoke(NativeMethodAccessorImpl.java:62)
	at sun.reflect.DelegatingMethodAccessorImpl.invoke(DelegatingMethodAccessorImpl.java:43)
	at java.lang.reflect.Method.invoke(Method.java:498)
	at org.testng.internal.MethodInvocationHelper.invokeMethod(MethodInvocationHelper.java:86)
	at org.testng.internal.Invoker.invokeMethod(Invoker.java:643)
	at org.testng.internal.Invoker.invokeTestMethod(Invoker.java:820)
	at org.testng.internal.Invoker.invokeTestMethods(Invoker.java:1128)
	at org.testng.internal.TestMethodWorker.invokeTestMethods(TestMethodWorker.java:129)
	at org.testng.internal.TestMethodWorker.run(TestMethodWorker.java:112)
	at org.testng.TestRunner.privateRun(TestRunner.java:782)
	at org.testng.TestRunner.run(TestRunner.java:632)
	at org.testng.SuiteRunner.runTest(SuiteRunner.java:366)
	at org.testng.SuiteRunner.runSequentially(SuiteRunner.java:361)
	at org.testng.SuiteRunner.privateRun(SuiteRunner.java:319)
	at org.testng.SuiteRunner.run(SuiteRunner.java:268)
	at org.testng.SuiteRunnerWorker.runSuite(SuiteRunnerWorker.java:52)
	at org.testng.SuiteRunnerWorker.run(SuiteRunnerWorker.java:86)
	at org.testng.TestNG.runSuitesSequentially(TestNG.java:1244)
	at org.testng.TestNG.runSuitesSequentially(TestNG.java:1240)
	at org.testng.TestNG.runSuitesLocally(TestNG.java:1169)
	at org.testng.TestNG.run(TestNG.java:1064)
	at org.testng.remote.RemoteTestNG.run(RemoteTestNG.java:113)
	at org.testng.remote.RemoteTestNG.initAndRun(RemoteTestNG.java:206)
	at org.testng.remote.RemoteTestNG.main(RemoteTestNG.java:177)
]]>
    </error>
  </testcase> <!-- OtherFuelMeterCreateAPI -->
</testsuite> <!-- com.arcapi.Buildingtestcases.OtherFuelMeterCreateAPITest -->
