<?xml version="1.0" encoding="UTF-8"?>
<!-- Generated by org.testng.reporters.JUnitReportReporter -->
<testsuite hostname="G10GGNLT052" name="com.arcapi.Buildingtestcases.AssetUpdateBuildingAPITest" tests="1" failures="0" timestamp="6 Nov 2019 05:37:25 GMT" time="3.152" errors="0">
  <testcase name="AssetUpdateforNewAssetPUTAPI" time="3.152" classname="com.arcapi.Buildingtestcases.AssetUpdateBuildingAPITest"/>
</testsuite> <!-- com.arcapi.Buildingtestcases.AssetUpdateBuildingAPITest -->
