<?xml version="1.0" encoding="UTF-8"?>
<!-- Generated by org.testng.reporters.JUnitReportReporter -->
<testsuite skipped="0" hostname="G10GNLT041" name="com.arcapi.Communitytestcases.RatingSystemListAPITest" tests="2" failures="0" timestamp="17 Jun 2019 09:30:40 GMT" time="7.743" errors="0">
  <testcase name="RatingSystemListAPI" time="4.151" classname="com.arcapi.Communitytestcases.RatingSystemListAPITest"/>
  <testcase name="RatingSystemListAPI" time="3.592" classname="com.arcapi.Communitytestcases.RatingSystemListAPITest"/>
</testsuite> <!-- com.arcapi.Communitytestcases.RatingSystemListAPITest -->
