<?xml version="1.0" encoding="UTF-8"?>
<!-- Generated by org.testng.reporters.JUnitReportReporter -->
<testsuite skipped="0" hostname="G10GNLT041" name="com.arcapi.Citytestcases.AssetOwnerOrgPOSTAPITest" tests="2" failures="0" timestamp="17 Jun 2019 08:07:17 GMT" time="9.490" errors="0">
  <testcase name="AssetOwnerOrgPOSTAPI" time="4.942" classname="com.arcapi.Citytestcases.AssetOwnerOrgPOSTAPITest"/>
  <testcase name="AssetOwnerOrgPOSTAPI" time="4.548" classname="com.arcapi.Citytestcases.AssetOwnerOrgPOSTAPITest"/>
</testsuite> <!-- com.arcapi.Citytestcases.AssetOwnerOrgPOSTAPITest -->
