<?xml version="1.0" encoding="UTF-8"?>
<!-- Generated by org.testng.reporters.JUnitReportReporter -->
<testsuite skipped="0" hostname="G10GNLT041" name="com.arcapi.Citytestcases.SubmitReviewPOSTAPITest" tests="2" failures="0" timestamp="17 Jun 2019 08:07:17 GMT" time="7.831" errors="0">
  <testcase name="SubmitReviewPOSTAPI" time="3.793" classname="com.arcapi.Citytestcases.SubmitReviewPOSTAPITest"/>
  <testcase name="SubmitReviewPOSTAPI" time="4.038" classname="com.arcapi.Citytestcases.SubmitReviewPOSTAPITest"/>
</testsuite> <!-- com.arcapi.Citytestcases.SubmitReviewPOSTAPITest -->
