<?xml version="1.0" encoding="UTF-8"?>
<!-- Generated by org.testng.reporters.JUnitReportReporter -->
<testsuite skipped="0" hostname="G10GNLT041" name="com.arcapi.Communitytestcases.InstallAllAppsAfterDeleteAPITest" tests="2" failures="0" timestamp="17 Jun 2019 09:30:40 GMT" time="14.262" errors="0">
  <testcase name="InstallAllAppsAfterDeleteAPI" time="7.374" classname="com.arcapi.Communitytestcases.InstallAllAppsAfterDeleteAPITest"/>
  <testcase name="InstallAllAppsAfterDeleteAPI" time="6.888" classname="com.arcapi.Communitytestcases.InstallAllAppsAfterDeleteAPITest"/>
</testsuite> <!-- com.arcapi.Communitytestcases.InstallAllAppsAfterDeleteAPITest -->
