<?xml version="1.0" encoding="UTF-8"?>
<!-- Generated by org.testng.reporters.JUnitReportReporter -->
<testsuite hostname="G10GGNLT052" name="com.arcapi.Buildingtestcases.ConsumptionCreatePOSTEmissionTest" tests="2" failures="0" timestamp="9 Oct 2019 04:36:42 GMT" time="6.619" errors="0">
  <testcase name="ConsumptionCreatePOSTAPI" time="2.155" classname="com.arcapi.Buildingtestcases.ConsumptionCreatePOSTEmissionTest"/>
  <testcase name="ConsumptionCreatePOSTAPI" time="4.464" classname="com.arcapi.Buildingtestcases.ConsumptionCreatePOSTEmissionTest"/>
</testsuite> <!-- com.arcapi.Buildingtestcases.ConsumptionCreatePOSTEmissionTest -->
