<?xml version="1.0" encoding="UTF-8"?>
<!-- Generated by org.testng.reporters.JUnitReportReporter -->
<testsuite hostname="G10GGNLT052" name="com.arcapi.Leedv4Testcases.VerifyActivityWaterDataInputAPITest" tests="1" failures="0" timestamp="20 Sep 2019 07:34:02 GMT" time="2.123" errors="0">
  <testcase name="VerifyActivityWaterDataInputAPI" time="2.123" classname="com.arcapi.Leedv4Testcases.VerifyActivityWaterDataInputAPITest"/>
</testsuite> <!-- com.arcapi.Leedv4Testcases.VerifyActivityWaterDataInputAPITest -->
