<?xml version="1.0" encoding="UTF-8"?>
<!-- Generated by org.testng.reporters.JUnitReportReporter -->
<testsuite skipped="0" hostname="G10GNLT041" name="com.arcapi.Citytestcases.AssetSnapshotKeysAPITest" tests="2" failures="0" timestamp="17 Jun 2019 08:07:16 GMT" time="7.376" errors="0">
  <testcase name="AssetSnapshotKeysAPI" time="3.193" classname="com.arcapi.Citytestcases.AssetSnapshotKeysAPITest"/>
  <testcase name="AssetSnapshotKeysAPI" time="4.183" classname="com.arcapi.Citytestcases.AssetSnapshotKeysAPITest"/>
</testsuite> <!-- com.arcapi.Citytestcases.AssetSnapshotKeysAPITest -->
