<?xml version="1.0" encoding="UTF-8"?>
<!-- Generated by org.testng.reporters.JUnitReportReporter -->
<testsuite hostname="G10GGNLT052" name="com.arcapi.Buildingtestcases.GhgMeanEmissionAfterUpdateTest" tests="2" failures="0" timestamp="9 Oct 2019 04:36:42 GMT" time="24.236" errors="0">
  <testcase name="GhgGetTestAPI" time="12.249" classname="com.arcapi.Buildingtestcases.GhgMeanEmissionAfterUpdateTest"/>
  <testcase name="GhgGetTestAPI" time="11.987" classname="com.arcapi.Buildingtestcases.GhgMeanEmissionAfterUpdateTest"/>
</testsuite> <!-- com.arcapi.Buildingtestcases.GhgMeanEmissionAfterUpdateTest -->
