<?xml version="1.0" encoding="UTF-8"?>
<!-- Generated by org.testng.reporters.JUnitReportReporter -->
<testsuite skipped="0" hostname="G10GNLT041" name="com.arcapi.CompleteDataValidationTestcases.NotificationDeleteAPITest" tests="1" failures="0" timestamp="21 Jun 2019 06:10:22 GMT" time="31.403" errors="0">
  <testcase name="NotificationDeleteAPI" time="31.403" classname="com.arcapi.CompleteDataValidationTestcases.NotificationDeleteAPITest"/>
</testsuite> <!-- com.arcapi.CompleteDataValidationTestcases.NotificationDeleteAPITest -->
