<?xml version="1.0" encoding="UTF-8"?>
<!-- Generated by org.testng.reporters.JUnitReportReporter -->
<testsuite skipped="0" hostname="G10GNLT041" name="com.arcapi.Buildingtestcases.WaterMeterCreateAPITest" tests="1" failures="0" timestamp="20 Dec 2018 09:55:00 GMT" time="137.065" errors="0">
  <testcase name="WaterMeterCreateAPI" time="137.065" classname="com.arcapi.Buildingtestcases.WaterMeterCreateAPITest"/>
</testsuite> <!-- com.arcapi.Buildingtestcases.WaterMeterCreateAPITest -->
