<?xml version="1.0" encoding="UTF-8"?>
<!-- Generated by org.testng.reporters.JUnitReportReporter -->
<testsuite hostname="G10GGNLT052" name="com.arcapi.CompleteDataValidationNoPayloadTestcases.WasteCreatePOSTAPITest" tests="1" failures="0" timestamp="10 Sep 2019 11:10:22 GMT" time="1.418" errors="0">
  <testcase name="WasteCreatePOSTAPI" time="1.418" classname="com.arcapi.CompleteDataValidationNoPayloadTestcases.WasteCreatePOSTAPITest"/>
</testsuite> <!-- com.arcapi.CompleteDataValidationNoPayloadTestcases.WasteCreatePOSTAPITest -->
