<?xml version="1.0" encoding="UTF-8"?>
<!-- Generated by org.testng.reporters.JUnitReportReporter -->
<testsuite hostname="G10GGNLT052" name="com.arcapi.Common.VerifyProjectRegisteredAssetListTest" tests="1" failures="0" timestamp="6 Nov 2019 05:37:25 GMT" time="3.154" errors="0">
  <testcase name="VerifyProjectRegisteredAssetList" time="3.154" classname="com.arcapi.Common.VerifyProjectRegisteredAssetListTest"/>
</testsuite> <!-- com.arcapi.Common.VerifyProjectRegisteredAssetListTest -->
