<?xml version="1.0" encoding="UTF-8"?>
<!-- Generated by org.testng.reporters.JUnitReportReporter -->
<testsuite skipped="0" hostname="G10GNLT041" name="com.arcapi.Buildingtestcases.SurveyCreatePOSTAPITest" tests="2" failures="0" timestamp="17 Jun 2019 07:27:40 GMT" time="771.448" errors="0">
  <testcase name="SurveyCreatePOSTAPI" time="388.988" classname="com.arcapi.Buildingtestcases.SurveyCreatePOSTAPITest"/>
  <testcase name="SurveyCreatePOSTAPI" time="382.460" classname="com.arcapi.Buildingtestcases.SurveyCreatePOSTAPITest"/>
</testsuite> <!-- com.arcapi.Buildingtestcases.SurveyCreatePOSTAPITest -->
