<?xml version="1.0" encoding="UTF-8"?>
<!-- Generated by org.testng.reporters.JUnitReportReporter -->
<testsuite hostname="G10GGNLT052" name="com.arcapi.Portfoliostestcases.PortfoliosTeamsGetAPITest" tests="1" failures="0" timestamp="20 Sep 2019 06:16:39 GMT" time="1.715" errors="0">
  <testcase name="PortfoliosTeamsGetAPI" time="1.715" classname="com.arcapi.Portfoliostestcases.PortfoliosTeamsGetAPITest"/>
</testsuite> <!-- com.arcapi.Portfoliostestcases.PortfoliosTeamsGetAPITest -->
