<?xml version="1.0" encoding="UTF-8"?>
<!-- Generated by org.testng.reporters.JUnitReportReporter -->
<testsuite hostname="G10GGNLT052" name="com.arcapi.Transittestcases.VerifyPM25GraphValuesAPITest" tests="1" failures="0" timestamp="17 Oct 2019 07:26:51 GMT" time="2.162" errors="0">
  <testcase name="VerifyPM25GraphValuesAPI" time="2.162" classname="com.arcapi.Transittestcases.VerifyPM25GraphValuesAPITest"/>
</testsuite> <!-- com.arcapi.Transittestcases.VerifyPM25GraphValuesAPITest -->
