<?xml version="1.0" encoding="UTF-8"?>
<!-- Generated by org.testng.reporters.JUnitReportReporter -->
<testsuite hostname="G10GGNLT052" name="com.arcapi.release1_18testcases.MetersAPIAreaTest" tests="1" failures="0" timestamp="10 Sep 2019 04:08:35 GMT" time="2.297" errors="0">
  <testcase name="MetersAPI" time="2.297" classname="com.arcapi.release1_18testcases.MetersAPIAreaTest"/>
</testsuite> <!-- com.arcapi.release1_18testcases.MetersAPIAreaTest -->
