<?xml version="1.0" encoding="UTF-8"?>
<!-- Generated by org.testng.reporters.JUnitReportReporter -->
<testsuite hostname="G10GGNLT052" name="com.arcapi.Leedv4Testcases.SignAgreementRegistrationAPITest" tests="2" failures="0" timestamp="22 Oct 2019 10:35:10 GMT" time="7.899" errors="0">
  <testcase name="SignAgreementRegistrationAPI" time="4.089" classname="com.arcapi.Leedv4Testcases.SignAgreementRegistrationAPITest"/>
  <testcase name="SignAgreementRegistrationAPI" time="3.810" classname="com.arcapi.Leedv4Testcases.SignAgreementRegistrationAPITest"/>
</testsuite> <!-- com.arcapi.Leedv4Testcases.SignAgreementRegistrationAPITest -->
