<?xml version="1.0" encoding="UTF-8"?>
<!-- Generated by org.testng.reporters.JUnitReportReporter -->
<testsuite hostname="G10GGNLT052" name="com.arcapi.Buildingtestcases.WaterConsumptionCreateAPITest" tests="1" failures="0" timestamp="7 Oct 2019 14:00:33 GMT" time="77.575" errors="0">
  <testcase name="WaterConsumptionCreateAPI" time="77.575" classname="com.arcapi.Buildingtestcases.WaterConsumptionCreateAPITest"/>
</testsuite> <!-- com.arcapi.Buildingtestcases.WaterConsumptionCreateAPITest -->
