<?xml version="1.0" encoding="UTF-8"?>
<!-- Generated by org.testng.reporters.JUnitReportReporter -->
<testsuite skipped="0" hostname="G10GNLT041" name="com.arcapi.CrossRatingSystemtestcases.MetersAPITest" tests="1" failures="0" timestamp="21 Jun 2019 05:06:06 GMT" time="1.735" errors="0">
  <testcase name="MetersAPI" time="1.735" classname="com.arcapi.CrossRatingSystemtestcases.MetersAPITest"/>
</testsuite> <!-- com.arcapi.CrossRatingSystemtestcases.MetersAPITest -->
