<?xml version="1.0" encoding="UTF-8"?>
<!-- Generated by org.testng.reporters.JUnitReportReporter -->
<testsuite skipped="0" hostname="G10GNLT041" name="com.arcapi.TrailFlowtestcases.Transit.CO2GetTest" tests="1" failures="0" timestamp="08 Feb 2019 06:00:28 GMT" time="1.462" errors="0">
  <testcase name="CO2GetTestAPI" time="1.462" classname="com.arcapi.TrailFlowtestcases.Transit.CO2GetTest"/>
</testsuite> <!-- com.arcapi.TrailFlowtestcases.Transit.CO2GetTest -->
