<?xml version="1.0" encoding="UTF-8"?>
<!-- Generated by org.testng.reporters.JUnitReportReporter -->
<testsuite hostname="G10GGNLT052" name="com.arcapi.Buildingtestcases.WaterGetTest" tests="1" failures="0" timestamp="10 Oct 2019 08:21:46 GMT" time="1.661" errors="0">
  <testcase name="WaterGet" time="1.661" classname="com.arcapi.Buildingtestcases.WaterGetTest"/>
</testsuite> <!-- com.arcapi.Buildingtestcases.WaterGetTest -->
