<?xml version="1.0" encoding="UTF-8"?>
<!-- Generated by org.testng.reporters.JUnitReportReporter -->
<testsuite hostname="G10GGNLT052" name="com.arcapi.Buildingtestcases.EnergyMeterBulkConsumptionPOSTEmissionTest" tests="2" failures="0" timestamp="9 Oct 2019 04:36:42 GMT" time="4.485" errors="0">
  <testcase name="MeterBulkConsumptionPOSTAPI" time="2.946" classname="com.arcapi.Buildingtestcases.EnergyMeterBulkConsumptionPOSTEmissionTest"/>
  <testcase name="MeterBulkConsumptionPOSTAPI" time="1.539" classname="com.arcapi.Buildingtestcases.EnergyMeterBulkConsumptionPOSTEmissionTest"/>
</testsuite> <!-- com.arcapi.Buildingtestcases.EnergyMeterBulkConsumptionPOSTEmissionTest -->
