<?xml version="1.0" encoding="UTF-8"?>
<!-- Generated by org.testng.reporters.JUnitReportReporter -->
<testsuite hostname="G10GGNLT052" name="com.arcapi.Common.AssetDetailAPITest" tests="1" failures="0" timestamp="9 Oct 2019 09:03:48 GMT" time="2.726" errors="0">
  <testcase name="AssetDetailAPI" time="2.726" classname="com.arcapi.Common.AssetDetailAPITest"/>
</testsuite> <!-- com.arcapi.Common.AssetDetailAPITest -->
