<?xml version="1.0" encoding="UTF-8"?>
<!-- Generated by org.testng.reporters.JUnitReportReporter -->
<testsuite skipped="0" hostname="G10GNLT041" name="com.arcapi.Leedv4Testcases.MeterCreatePOSTAPITest" tests="1" failures="0" timestamp="03 Aug 2018 05:26:10 GMT" time="14.349" errors="0">
  <testcase name="MeterCreatePOSTAPI" time="14.349" classname="com.arcapi.Leedv4Testcases.MeterCreatePOSTAPITest"/>
</testsuite> <!-- com.arcapi.Leedv4Testcases.MeterCreatePOSTAPITest -->
