<?xml version="1.0" encoding="UTF-8"?>
<!-- Generated by org.testng.reporters.JUnitReportReporter -->
<testsuite hostname="G10GGNLT052" name="com.arcapi.Buildingtestcases.SurveyCreatePOSTAPITest" tests="1" failures="0" timestamp="10 Sep 2019 13:39:52 GMT" time="349.120" errors="0">
  <testcase name="SurveyCreatePOSTAPI" time="349.120" classname="com.arcapi.Buildingtestcases.SurveyCreatePOSTAPITest"/>
</testsuite> <!-- com.arcapi.Buildingtestcases.SurveyCreatePOSTAPITest -->
