<?xml version="1.0" encoding="UTF-8"?>
<!-- Generated by org.testng.reporters.JUnitReportReporter -->
<testsuite skipped="0" hostname="G10GNLT041" name="com.arcapi.Communitytestcases.AssetListAPITest" tests="2" failures="0" timestamp="17 Jun 2019 09:30:39 GMT" time="8.287" errors="0">
  <testcase name="AssetListAPI" time="4.121" classname="com.arcapi.Communitytestcases.AssetListAPITest"/>
  <testcase name="AssetListAPI" time="4.166" classname="com.arcapi.Communitytestcases.AssetListAPITest"/>
</testsuite> <!-- com.arcapi.Communitytestcases.AssetListAPITest -->
