<?xml version="1.0" encoding="UTF-8"?>
<!-- Generated by org.testng.reporters.JUnitReportReporter -->
<testsuite skipped="0" hostname="G10GNLT041" name="com.arcapi.Buildingtestcases.WasteDetailDeleteAPITest" tests="2" failures="0" timestamp="17 Jun 2019 07:27:40 GMT" time="15.884" errors="0">
  <testcase name="WasteDetailDeleteAPI" time="7.343" classname="com.arcapi.Buildingtestcases.WasteDetailDeleteAPITest"/>
  <testcase name="WasteDetailDeleteAPI" time="8.541" classname="com.arcapi.Buildingtestcases.WasteDetailDeleteAPITest"/>
</testsuite> <!-- com.arcapi.Buildingtestcases.WasteDetailDeleteAPITest -->
