<?xml version="1.0" encoding="UTF-8"?>
<!-- Generated by org.testng.reporters.JUnitReportReporter -->
<testsuite hostname="G10GGNLT052" name="com.arcapi.release1_18testcases.MetersAPITest" tests="1" failures="0" timestamp="14 Aug 2019 10:04:05 GMT" time="2.370" errors="0">
  <testcase name="MetersAPI" time="2.370" classname="com.arcapi.release1_18testcases.MetersAPITest"/>
</testsuite> <!-- com.arcapi.release1_18testcases.MetersAPITest -->
