<?xml version="1.0" encoding="UTF-8"?>
<!-- Generated by org.testng.reporters.JUnitReportReporter -->
<testsuite hostname="G10GGNLT052" name="com.arcapi.ScenarioBasedTestcases.VOCConsumptionCreateAPITest" tests="1" failures="0" timestamp="7 Nov 2019 09:54:02 GMT" time="1.481" errors="0">
  <testcase name="VOCConsumptionCreateAPI" time="1.481" classname="com.arcapi.ScenarioBasedTestcases.VOCConsumptionCreateAPITest"/>
</testsuite> <!-- com.arcapi.ScenarioBasedTestcases.VOCConsumptionCreateAPITest -->
