<?xml version="1.0" encoding="UTF-8"?>
<!-- Generated by org.testng.reporters.JUnitReportReporter -->
<testsuite hostname="G10GGNLT052" name="com.arcapi.Buildingtestcases.ElectricityMeterCreateAPITest" tests="1" failures="0" timestamp="11 Sep 2019 05:28:10 GMT" time="21.592" errors="0">
  <testcase name="ElectricityMeterCreateAPI" time="21.592" classname="com.arcapi.Buildingtestcases.ElectricityMeterCreateAPITest"/>
</testsuite> <!-- com.arcapi.Buildingtestcases.ElectricityMeterCreateAPITest -->
