<?xml version="1.0" encoding="UTF-8"?>
<!-- Generated by org.testng.reporters.JUnitReportReporter -->
<testsuite hostname="G10GGNLT052" name="com.arcapi.Common.V2.ResampledDiverted_wasteAnalysisDataGetAPITest" tests="1" failures="0" timestamp="7 Oct 2019 08:53:31 GMT" time="2.034" errors="0">
  <testcase name="ResampledDiverted_wasteAnalysisDataGetAPI" time="2.034" classname="com.arcapi.Common.V2.ResampledDiverted_wasteAnalysisDataGetAPITest"/>
</testsuite> <!-- com.arcapi.Common.V2.ResampledDiverted_wasteAnalysisDataGetAPITest -->
