<?xml version="1.0" encoding="UTF-8"?>
<!-- Generated by org.testng.reporters.JUnitReportReporter -->
<testsuite hostname="G10GGNLT052" name="com.arcapi.Common.DefaultUserPreferencePostAPITest" tests="1" failures="0" timestamp="5 Nov 2019 05:13:46 GMT" time="1.391" errors="0">
  <testcase name="UserPreferencePostAPI" time="1.391" classname="com.arcapi.Common.DefaultUserPreferencePostAPITest"/>
</testsuite> <!-- com.arcapi.Common.DefaultUserPreferencePostAPITest -->
