<?xml version="1.0" encoding="UTF-8"?>
<!-- Generated by org.testng.reporters.JUnitReportReporter -->
<testsuite hostname="G10GGNLT052" name="com.arcapi.CompleteDataValidationNoPayloadTestcases.CreditFormUploadPOSTAPITest" tests="1" failures="0" timestamp="10 Sep 2019 11:10:22 GMT" time="1.595" errors="0">
  <testcase name="CreditFormUploadPOSTAPI" time="1.595" classname="com.arcapi.CompleteDataValidationNoPayloadTestcases.CreditFormUploadPOSTAPITest"/>
</testsuite> <!-- com.arcapi.CompleteDataValidationNoPayloadTestcases.CreditFormUploadPOSTAPITest -->
