<?xml version="1.0" encoding="UTF-8"?>
<!-- Generated by org.testng.reporters.JUnitReportReporter -->
<testsuite hostname="G10GGNLT052" name="com.arcapi.Buildingtestcases.AssetDetailAPITest" tests="1" failures="0" timestamp="6 Aug 2019 09:33:06 GMT" time="4.856" errors="0">
  <testcase name="AssetDetailAPI" time="4.856" classname="com.arcapi.Buildingtestcases.AssetDetailAPITest"/>
</testsuite> <!-- com.arcapi.Buildingtestcases.AssetDetailAPITest -->
