<?xml version="1.0" encoding="UTF-8"?>
<!-- Generated by org.testng.reporters.JUnitReportReporter -->
<testsuite hostname="G10GGNLT052" name="com.arcapi.Scoretestcases.version3.SourceEnergyGetTest" tests="1" failures="0" timestamp="1 Oct 2019 07:53:07 GMT" time="5.859" errors="0">
  <testcase name="SourceEnergyGet" time="5.859" classname="com.arcapi.Scoretestcases.version3.SourceEnergyGetTest"/>
</testsuite> <!-- com.arcapi.Scoretestcases.version3.SourceEnergyGetTest -->
