<?xml version="1.0" encoding="UTF-8"?>
<!-- Generated by org.testng.reporters.JUnitReportReporter -->
<testsuite hostname="G10GGNLT052" name="com.arcapi.Common.NotificationSubscriptionDetailPutTest" tests="1" failures="0" timestamp="20 Sep 2019 07:00:22 GMT" time="1.929" errors="0">
  <testcase name="NotificationSubscriptionDetail" time="1.929" classname="com.arcapi.Common.NotificationSubscriptionDetailPutTest"/>
</testsuite> <!-- com.arcapi.Common.NotificationSubscriptionDetailPutTest -->
