<?xml version="1.0" encoding="UTF-8"?>
<!-- Generated by org.testng.reporters.JUnitReportReporter -->
<testsuite skipped="0" hostname="G10GNLT041" name="com.arcapi.Leedv4Testcases.AssetAppListAPITest" tests="1" failures="0" timestamp="25 Sep 2018 11:23:36 GMT" time="17.466" errors="0">
  <testcase name="AssetAppListAPI" time="17.466" classname="com.arcapi.Leedv4Testcases.AssetAppListAPITest"/>
</testsuite> <!-- com.arcapi.Leedv4Testcases.AssetAppListAPITest -->
