<?xml version="1.0" encoding="UTF-8"?>
<!-- Generated by org.testng.reporters.JUnitReportReporter -->
<testsuite hostname="G10GGNLT052" name="com.arcapi.Buildingtestcases.CO2MeterCreateAPITest" tests="1" failures="0" timestamp="21 Sep 2019 09:20:04 GMT" time="2.621" errors="0">
  <testcase name="CO2MeterCreateAPI" time="2.621" classname="com.arcapi.Buildingtestcases.CO2MeterCreateAPITest"/>
</testsuite> <!-- com.arcapi.Buildingtestcases.CO2MeterCreateAPITest -->
