<?xml version="1.0" encoding="UTF-8"?>
<!-- Generated by org.testng.reporters.JUnitReportReporter -->
<testsuite skipped="0" hostname="G10GNLT041" name="com.arcapi.ScenarioBasedTestcases.CheckSpaceTypeBuildingOtherAPITest" tests="1" failures="0" timestamp="21 Jun 2019 05:06:06 GMT" time="342.272" errors="0">
  <testcase name="CreateAssetPOSTAPI" time="342.272" classname="com.arcapi.ScenarioBasedTestcases.CheckSpaceTypeBuildingOtherAPITest"/>
</testsuite> <!-- com.arcapi.ScenarioBasedTestcases.CheckSpaceTypeBuildingOtherAPITest -->
