<?xml version="1.0" encoding="UTF-8"?>
<!-- Generated by org.testng.reporters.JUnitReportReporter -->
<testsuite hostname="G10GGNLT052" name="com.arcapi.Buildingtestcases.AnalysisDataEmissionAfterIncreaseTest" tests="2" failures="0" timestamp="9 Oct 2019 04:36:42 GMT" time="69.409" errors="0">
  <testcase name="AnalysisDataEmissionAfterIncrease" time="35.808" classname="com.arcapi.Buildingtestcases.AnalysisDataEmissionAfterIncreaseTest"/>
  <testcase name="AnalysisDataEmissionAfterIncrease" time="33.601" classname="com.arcapi.Buildingtestcases.AnalysisDataEmissionAfterIncreaseTest"/>
</testsuite> <!-- com.arcapi.Buildingtestcases.AnalysisDataEmissionAfterIncreaseTest -->
