<?xml version="1.0" encoding="UTF-8"?>
<!-- Generated by org.testng.reporters.JUnitReportReporter -->
<testsuite hostname="G10GGNLT052" name="com.arcapi.Transittestcases.RidershipDataGetAPITest" tests="1" failures="0" timestamp="20 Sep 2019 07:00:23 GMT" time="2.144" errors="0">
  <testcase name="RidershipDataGetAPI" time="2.144" classname="com.arcapi.Transittestcases.RidershipDataGetAPITest"/>
</testsuite> <!-- com.arcapi.Transittestcases.RidershipDataGetAPITest -->
