<?xml version="1.0" encoding="UTF-8"?>
<!-- Generated by org.testng.reporters.JUnitReportReporter -->
<testsuite hostname="G10GGNLT052" name="com.arcapi.Buildingtestcases.AssetDetailEmissionFactorTest" tests="2" failures="0" timestamp="9 Oct 2019 04:36:42 GMT" time="24.251" errors="0">
  <testcase name="AssetDetailAPI" time="2.352" classname="com.arcapi.Buildingtestcases.AssetDetailEmissionFactorTest"/>
  <testcase name="AssetDetailAPI" time="21.899" classname="com.arcapi.Buildingtestcases.AssetDetailEmissionFactorTest"/>
</testsuite> <!-- com.arcapi.Buildingtestcases.AssetDetailEmissionFactorTest -->
