<?xml version="1.0" encoding="UTF-8"?>
<!-- Generated by org.testng.reporters.JUnitReportReporter -->
<testsuite skipped="0" hostname="G10GNLT041" name="com.arcapi.Buildingtestcases.AssetPerformanceScorePostAPITest" tests="1" failures="0" timestamp="10 Oct 2018 08:20:58 GMT" time="6.485" errors="0">
  <testcase name="AssetPerformanceScorePostAPI" time="6.485" classname="com.arcapi.Buildingtestcases.AssetPerformanceScorePostAPITest"/>
</testsuite> <!-- com.arcapi.Buildingtestcases.AssetPerformanceScorePostAPITest -->
