<?xml version="1.0" encoding="UTF-8"?>
<!-- Generated by org.testng.reporters.JUnitReportReporter -->
<testsuite hostname="G10GGNLT052" name="com.arcapi.CompleteDataValidationNoPayloadTestcases.AssetTeamPermissionPostAPITest" tests="1" failures="0" timestamp="20 Sep 2019 08:24:47 GMT" time="1.987" errors="0">
  <testcase name="AssetTeamPermissionPostAPI" time="1.987" classname="com.arcapi.CompleteDataValidationNoPayloadTestcases.AssetTeamPermissionPostAPITest"/>
</testsuite> <!-- com.arcapi.CompleteDataValidationNoPayloadTestcases.AssetTeamPermissionPostAPITest -->
