<?xml version="1.0" encoding="UTF-8"?>
<!-- Generated by org.testng.reporters.JUnitReportReporter -->
<testsuite skipped="0" hostname="G10GNLT041" name="com.arcapi.TrailFlowtestcases.Building.InstallAllAppsAPITest" tests="2" failures="0" timestamp="22 Feb 2019 05:49:40 GMT" time="10.319" errors="0">
  <testcase name="InstallAllAppsAPI" time="5.080" classname="com.arcapi.TrailFlowtestcases.Building.InstallAllAppsAPITest"/>
  <testcase name="InstallAllAppsAPI" time="5.239" classname="com.arcapi.TrailFlowtestcases.Building.InstallAllAppsAPITest"/>
</testsuite> <!-- com.arcapi.TrailFlowtestcases.Building.InstallAllAppsAPITest -->
