<?xml version="1.0" encoding="UTF-8"?>
<!-- Generated by org.testng.reporters.JUnitReportReporter -->
<testsuite hostname="G10GGNLT052" name="com.arcapi.Common.V2.Transport_ScoreBasicAnalysisDataGetAPITest" tests="1" failures="0" timestamp="5 Mar 2020 04:54:47 GMT" time="1.462" errors="0">
  <testcase name="Waste_ScoreBasicAnalysisDataGetAPI" time="1.462" classname="com.arcapi.Common.V2.Transport_ScoreBasicAnalysisDataGetAPITest"/>
</testsuite> <!-- com.arcapi.Common.V2.Transport_ScoreBasicAnalysisDataGetAPITest -->
