<?xml version="1.0" encoding="UTF-8"?>
<!-- Generated by org.testng.reporters.JUnitReportReporter -->
<testsuite skipped="0" hostname="G10GNLT041" name="com.arcapi.CrossRatingSystemtestcases.MeasuresListAPITest" tests="2" failures="0" timestamp="21 Jun 2019 05:06:06 GMT" time="3.322" errors="0">
  <testcase name="MeasuresListAPI" time="1.817" classname="com.arcapi.CrossRatingSystemtestcases.MeasuresListAPITest"/>
  <testcase name="MeasuresListAPI" time="1.505" classname="com.arcapi.CrossRatingSystemtestcases.MeasuresListAPITest"/>
</testsuite> <!-- com.arcapi.CrossRatingSystemtestcases.MeasuresListAPITest -->
