<?xml version="1.0" encoding="UTF-8"?>
<!-- Generated by org.testng.reporters.JUnitReportReporter -->
<testsuite hostname="G10GGNLT052" name="com.arcapi.Buildingtestcases.VOCGetTest" tests="1" failures="0" timestamp="10 Sep 2019 13:39:53 GMT" time="2.824" errors="0">
  <testcase name="VOCGet" time="2.824" classname="com.arcapi.Buildingtestcases.VOCGetTest"/>
</testsuite> <!-- com.arcapi.Buildingtestcases.VOCGetTest -->
