<?xml version="1.0" encoding="UTF-8"?>
<!-- Generated by org.testng.reporters.JUnitReportReporter -->
<testsuite hostname="G10GGNLT052" name="com.arcapi.Buildingtestcases.GhgGetTest" tests="1" failures="0" timestamp="7 Oct 2019 08:08:23 GMT" time="1.437" errors="0">
  <testcase name="GhgGetTestAPI" time="1.437" classname="com.arcapi.Buildingtestcases.GhgGetTest"/>
</testsuite> <!-- com.arcapi.Buildingtestcases.GhgGetTest -->
