<?xml version="1.0" encoding="UTF-8"?>
<!-- Generated by org.testng.reporters.JUnitReportReporter -->
<testsuite skipped="0" hostname="G10GNLT041" name="com.arcapi.CompleteDataValidationTestcases.ExcelUploadTemplatePOSTAPITest" tests="1" failures="0" timestamp="21 Jun 2019 06:10:22 GMT" time="23.613" errors="0">
  <testcase name="ExcelUploadTemplatePOSTAPI" time="23.613" classname="com.arcapi.CompleteDataValidationTestcases.ExcelUploadTemplatePOSTAPITest"/>
</testsuite> <!-- com.arcapi.CompleteDataValidationTestcases.ExcelUploadTemplatePOSTAPITest -->
