<?xml version="1.0" encoding="UTF-8"?>
<!-- Generated by org.testng.reporters.JUnitReportReporter -->
<testsuite hostname="G10GGNLT052" name="com.arcapi.Buildingtestcases.VerifyAgreementDeleteAPITest" tests="1" failures="0" timestamp="8 Nov 2019 07:29:52 GMT" time="1.815" errors="0">
  <testcase name="VerifyAgreementDeleteAPI" time="1.815" classname="com.arcapi.Buildingtestcases.VerifyAgreementDeleteAPITest"/>
</testsuite> <!-- com.arcapi.Buildingtestcases.VerifyAgreementDeleteAPITest -->
