<?xml version="1.0" encoding="UTF-8"?>
<!-- Generated by org.testng.reporters.JUnitReportReporter -->
<testsuite skipped="0" hostname="G10GNLT041" name="com.arcapi.TrailFlowtestcases.City.VerifyProjectRegisteredAssetListTest" tests="1" failures="0" timestamp="06 Feb 2019 05:56:20 GMT" time="2.142" errors="0">
  <testcase name="VerifyProjectRegisteredAssetList" time="2.142" classname="com.arcapi.TrailFlowtestcases.City.VerifyProjectRegisteredAssetListTest"/>
</testsuite> <!-- com.arcapi.TrailFlowtestcases.City.VerifyProjectRegisteredAssetListTest -->
