<?xml version="1.0" encoding="UTF-8"?>
<!-- Generated by org.testng.reporters.JUnitReportReporter -->
<testsuite skipped="0" hostname="G10GNLT041" name="com.arcapi.TrailFlowtestcasesComplete.VerifyExcelTemplateConsumptionAPITest" tests="2" failures="0" timestamp="22 Feb 2019 05:49:40 GMT" time="10.996" errors="0">
  <testcase name="VerifyExcelTemplateConsumptionAPI" time="5.485" classname="com.arcapi.TrailFlowtestcasesComplete.VerifyExcelTemplateConsumptionAPITest"/>
  <testcase name="VerifyExcelTemplateConsumptionAPI" time="5.511" classname="com.arcapi.TrailFlowtestcasesComplete.VerifyExcelTemplateConsumptionAPITest"/>
</testsuite> <!-- com.arcapi.TrailFlowtestcasesComplete.VerifyExcelTemplateConsumptionAPITest -->
