<?xml version="1.0" encoding="UTF-8"?>
<!-- Generated by org.testng.reporters.JUnitReportReporter -->
<testsuite hostname="G10GGNLT052" name="com.arcapi.Leedv4Testcases.LEEDv4OMInteriorsBuildingsAPITest" tests="1" failures="0" timestamp="18 Sep 2019 07:29:31 GMT" time="7.736" errors="0">
  <testcase name="LEEDv4OMInteriorsBuildingsAPI" time="7.736" classname="com.arcapi.Leedv4Testcases.LEEDv4OMInteriorsBuildingsAPITest"/>
</testsuite> <!-- com.arcapi.Leedv4Testcases.LEEDv4OMInteriorsBuildingsAPITest -->
