<?xml version="1.0" encoding="UTF-8"?>
<!-- Generated by org.testng.reporters.JUnitReportReporter -->
<testsuite hostname="G10GGNLT052" name="com.arcapi.CompleteDataValidationNoPayloadTestcases.MeasuresPostAPITest" tests="1" failures="0" timestamp="13 Aug 2019 09:34:17 GMT" time="1.511" errors="0">
  <testcase name="MeasuresPostAPI" time="1.511" classname="com.arcapi.CompleteDataValidationNoPayloadTestcases.MeasuresPostAPITest"/>
</testsuite> <!-- com.arcapi.CompleteDataValidationNoPayloadTestcases.MeasuresPostAPITest -->
