<?xml version="1.0" encoding="UTF-8"?>
<!-- Generated by org.testng.reporters.JUnitReportReporter -->
<testsuite hostname="G10GGNLT052" name="com.arcapi.Buildingtestcases.MeterCreatePOSTAPITest" tests="1" failures="0" timestamp="7 Oct 2019 08:53:31 GMT" time="1.644" errors="0">
  <testcase name="MeterCreatePOSTAPI" time="1.644" classname="com.arcapi.Buildingtestcases.MeterCreatePOSTAPITest"/>
</testsuite> <!-- com.arcapi.Buildingtestcases.MeterCreatePOSTAPITest -->
