<?xml version="1.0" encoding="UTF-8"?>
<!-- Generated by org.testng.reporters.JUnitReportReporter -->
<testsuite hostname="G10GGNLT052" name="com.arcapi.Citytestcases.AssetTeamPermissionPutAPITest" tests="1" failures="0" timestamp="14 Aug 2019 08:09:03 GMT" time="3.389" errors="0">
  <testcase name="AssetTeamPermissionPutAPI" time="3.389" classname="com.arcapi.Citytestcases.AssetTeamPermissionPutAPITest"/>
</testsuite> <!-- com.arcapi.Citytestcases.AssetTeamPermissionPutAPITest -->
