<?xml version="1.0" encoding="UTF-8"?>
<!-- Generated by org.testng.reporters.JUnitReportReporter -->
<testsuite skipped="0" hostname="G10GNLT041" name="com.arcapi.Buildingtestcases.MeterBulkConsumptionPOSTAPITest" tests="2" failures="0" timestamp="17 Jun 2019 07:27:40 GMT" time="12.923" errors="0">
  <testcase name="MeterBulkConsumptionPOSTAPI" time="6.239" classname="com.arcapi.Buildingtestcases.MeterBulkConsumptionPOSTAPITest"/>
  <testcase name="MeterBulkConsumptionPOSTAPI" time="6.684" classname="com.arcapi.Buildingtestcases.MeterBulkConsumptionPOSTAPITest"/>
</testsuite> <!-- com.arcapi.Buildingtestcases.MeterBulkConsumptionPOSTAPITest -->
