<?xml version="1.0" encoding="UTF-8"?>
<!-- Generated by org.testng.reporters.JUnitReportReporter -->
<testsuite skipped="0" hostname="G10GNLT041" name="com.arcapi.Citytestcases.InstallAllAppsAfterDeleteAPITest" tests="2" failures="0" timestamp="17 Jun 2019 08:07:17 GMT" time="17.312" errors="0">
  <testcase name="InstallAllAppsAfterDeleteAPI" time="7.188" classname="com.arcapi.Citytestcases.InstallAllAppsAfterDeleteAPITest"/>
  <testcase name="InstallAllAppsAfterDeleteAPI" time="10.124" classname="com.arcapi.Citytestcases.InstallAllAppsAfterDeleteAPITest"/>
</testsuite> <!-- com.arcapi.Citytestcases.InstallAllAppsAfterDeleteAPITest -->
