<?xml version="1.0" encoding="UTF-8"?>
<!-- Generated by org.testng.reporters.JUnitReportReporter -->
<testsuite skipped="0" hostname="G10GNLT041" name="com.arcapi.Citytestcases.VerifyProjectRegisteredAssetListTest" tests="2" failures="0" timestamp="17 Jun 2019 08:07:17 GMT" time="8.502" errors="0">
  <testcase name="VerifyProjectRegisteredAssetList" time="3.912" classname="com.arcapi.Citytestcases.VerifyProjectRegisteredAssetListTest"/>
  <testcase name="VerifyProjectRegisteredAssetList" time="4.590" classname="com.arcapi.Citytestcases.VerifyProjectRegisteredAssetListTest"/>
</testsuite> <!-- com.arcapi.Citytestcases.VerifyProjectRegisteredAssetListTest -->
