<?xml version="1.0" encoding="UTF-8"?>
<!-- Generated by org.testng.reporters.JUnitReportReporter -->
<testsuite hostname="G10GGNLT052" name="com.arcapi.Citytestcases.NotificationDeleteAPITest" tests="1" failures="0" timestamp="14 Aug 2019 08:09:03 GMT" time="3.318" errors="0">
  <testcase name="NotificationDeleteAPI" time="3.318" classname="com.arcapi.Citytestcases.NotificationDeleteAPITest"/>
</testsuite> <!-- com.arcapi.Citytestcases.NotificationDeleteAPITest -->
