<?xml version="1.0" encoding="UTF-8"?>
<!-- Generated by org.testng.reporters.JUnitReportReporter -->
<testsuite hostname="G10GGNLT052" name="com.arcapi.Portfoliostestcases.PortfoliosTeamsDELETEAPITest" tests="1" failures="0" timestamp="17 Oct 2019 08:56:42 GMT" time="1.931" errors="0">
  <testcase name="PortfoliosTeamsDELETEAPI" time="1.931" classname="com.arcapi.Portfoliostestcases.PortfoliosTeamsDELETEAPITest"/>
</testsuite> <!-- com.arcapi.Portfoliostestcases.PortfoliosTeamsDELETEAPITest -->
