<?xml version="1.0" encoding="UTF-8"?>
<!-- Generated by org.testng.reporters.JUnitReportReporter -->
<testsuite hostname="G10GGNLT052" name="com.arcapi.ScenarioBasedTestcases.VerifyGeneralRegularOccupantDatacoverageAPITest" tests="1" failures="0" timestamp="22 Oct 2019 08:41:24 GMT" time="1.564" errors="0">
  <testcase name="VerifyGeneralRegularOccupantDatacoverageAPI" time="1.564" classname="com.arcapi.ScenarioBasedTestcases.VerifyGeneralRegularOccupantDatacoverageAPITest"/>
</testsuite> <!-- com.arcapi.ScenarioBasedTestcases.VerifyGeneralRegularOccupantDatacoverageAPITest -->
