<?xml version="1.0" encoding="UTF-8"?>
<!-- Generated by org.testng.reporters.JUnitReportReporter -->
<testsuite hostname="G10GGNLT052" name="com.arcapi.Common.ThirdPartyListAppsAPITest" tests="1" failures="0" timestamp="7 Oct 2019 08:08:24 GMT" time="1.491" errors="0">
  <testcase name="ThirdPartyListAppsAPI" time="1.491" classname="com.arcapi.Common.ThirdPartyListAppsAPITest"/>
</testsuite> <!-- com.arcapi.Common.ThirdPartyListAppsAPITest -->
