<?xml version="1.0" encoding="UTF-8"?>
<!-- Generated by org.testng.reporters.JUnitReportReporter -->
<testsuite skipped="0" hostname="G10GNLT041" name="com.arcapi.TrailFlowtestcases.Transit.AnalysisDataSubmitPOSTAPITest" tests="1" failures="0" timestamp="08 Feb 2019 06:00:27 GMT" time="10.135" errors="0">
  <testcase name="AnalysisDataSubmitPOSTAPI" time="10.135" classname="com.arcapi.TrailFlowtestcases.Transit.AnalysisDataSubmitPOSTAPITest"/>
</testsuite> <!-- com.arcapi.TrailFlowtestcases.Transit.AnalysisDataSubmitPOSTAPITest -->
