<?xml version="1.0" encoding="UTF-8"?>
<!-- Generated by org.testng.reporters.JUnitReportReporter -->
<testsuite skipped="0" hostname="G10GNLT041" name="com.arcapi.Leedv4Testcases.WasteGetAPITest" tests="1" failures="0" timestamp="25 Sep 2018 08:38:55 GMT" time="13.502" errors="0">
  <testcase name="WasteGetAPI" time="13.502" classname="com.arcapi.Leedv4Testcases.WasteGetAPITest"/>
</testsuite> <!-- com.arcapi.Leedv4Testcases.WasteGetAPITest -->
