<?xml version="1.0" encoding="UTF-8"?>
<!-- Generated by org.testng.reporters.JUnitReportReporter -->
<testsuite hostname="G10GGNLT052" name="com.arcapi.Citytestcases.AdditionalDataCreateAPICityCommTest" tests="1" failures="0" timestamp="14 Aug 2019 08:09:03 GMT" time="769.000" errors="0">
  <testcase name="AdditionalDataCreateAPICityComm" time="769.000" classname="com.arcapi.Citytestcases.AdditionalDataCreateAPICityCommTest"/>
</testsuite> <!-- com.arcapi.Citytestcases.AdditionalDataCreateAPICityCommTest -->
