<?xml version="1.0" encoding="UTF-8"?>
<!-- Generated by org.testng.reporters.JUnitReportReporter -->
<testsuite skipped="0" hostname="G10GNLT041" name="com.arcapi.Buildingtestcases.WasteGetAPITest" tests="2" failures="0" timestamp="17 Jun 2019 07:27:39 GMT" time="15.945" errors="0">
  <testcase name="WasteGetAPI" time="6.623" classname="com.arcapi.Buildingtestcases.WasteGetAPITest"/>
  <testcase name="WasteGetAPI" time="9.322" classname="com.arcapi.Buildingtestcases.WasteGetAPITest"/>
</testsuite> <!-- com.arcapi.Buildingtestcases.WasteGetAPITest -->
