<?xml version="1.0" encoding="UTF-8"?>
<!-- Generated by org.testng.reporters.JUnitReportReporter -->
<testsuite hostname="G10GGNLT052" name="com.arcapi.Leedv4Testcases.VerifyManualConsumptionAPITest" tests="1" failures="0" timestamp="10 Oct 2019 06:11:36 GMT" time="2.044" errors="0">
  <testcase name="VerifyManualConsumptionAPI" time="2.044" classname="com.arcapi.Leedv4Testcases.VerifyManualConsumptionAPITest"/>
</testsuite> <!-- com.arcapi.Leedv4Testcases.VerifyManualConsumptionAPITest -->
