<?xml version="1.0" encoding="UTF-8"?>
<!-- Generated by org.testng.reporters.JUnitReportReporter -->
<testsuite hostname="G10GGNLT052" name="com.arcapi.Communitytestcases.LEEDV4CommunityPlanandDesignTest" tests="1" failures="0" timestamp="6 Nov 2019 05:37:25 GMT" time="8.000" errors="0">
  <testcase name="LEEDV4CommunityPlanandDesign" time="8.000" classname="com.arcapi.Communitytestcases.LEEDV4CommunityPlanandDesignTest"/>
</testsuite> <!-- com.arcapi.Communitytestcases.LEEDV4CommunityPlanandDesignTest -->
