<?xml version="1.0" encoding="UTF-8"?>
<!-- Generated by org.testng.reporters.JUnitReportReporter -->
<testsuite hostname="G10GGNLT052" name="com.arcapi.Buildingtestcases.RegistrationPaymentPricingGetEmissionTest" tests="1" failures="0" timestamp="16 Aug 2019 13:09:11 GMT" time="4.648" errors="0">
  <testcase name="RegistrationPaymentPricingGetAPI" time="4.648" classname="com.arcapi.Buildingtestcases.RegistrationPaymentPricingGetEmissionTest"/>
</testsuite> <!-- com.arcapi.Buildingtestcases.RegistrationPaymentPricingGetEmissionTest -->
