<?xml version="1.0" encoding="UTF-8"?>
<!-- Generated by org.testng.reporters.JUnitReportReporter -->
<testsuite skipped="0" hostname="G10GNLT041" name="com.arcapi.Transittestcases.AssetPerformanceScorePostAPITest" tests="1" failures="0" timestamp="11 Oct 2018 05:08:56 GMT" time="7.146" errors="0">
  <testcase name="AssetPerformanceScorePostAPI" time="7.146" classname="com.arcapi.Transittestcases.AssetPerformanceScorePostAPITest"/>
</testsuite> <!-- com.arcapi.Transittestcases.AssetPerformanceScorePostAPITest -->
