<?xml version="1.0" encoding="UTF-8"?>
<!-- Generated by org.testng.reporters.JUnitReportReporter -->
<testsuite skipped="0" hostname="G10GNLT041" name="com.arcapi.Transittestcases.NotificationSubscriptionDetailDeleteTest" tests="2" failures="0" timestamp="17 Jun 2019 09:30:39 GMT" time="7.229" errors="0">
  <testcase name="NotificationSubscriptionDetailDelete" time="4.741" classname="com.arcapi.Transittestcases.NotificationSubscriptionDetailDeleteTest"/>
  <testcase name="NotificationSubscriptionDetailDelete" time="2.488" classname="com.arcapi.Transittestcases.NotificationSubscriptionDetailDeleteTest"/>
</testsuite> <!-- com.arcapi.Transittestcases.NotificationSubscriptionDetailDeleteTest -->
