<?xml version="1.0" encoding="UTF-8"?>
<!-- Generated by org.testng.reporters.JUnitReportReporter -->
<testsuite hostname="G10GGNLT052" name="com.arcapi.Leedv4Testcases.HumanExperienceConsumptionUpdateAPITest" tests="1" failures="0" timestamp="8 Nov 2019 07:29:52 GMT" time="13.881" errors="0">
  <testcase name="HumanExperienceConsumptionUpdateAPI" time="13.881" classname="com.arcapi.Leedv4Testcases.HumanExperienceConsumptionUpdateAPITest"/>
</testsuite> <!-- com.arcapi.Leedv4Testcases.HumanExperienceConsumptionUpdateAPITest -->
