<?xml version="1.0" encoding="UTF-8"?>
<!-- Generated by org.testng.reporters.JUnitReportReporter -->
<testsuite hostname="G10GGNLT052" name="com.arcapi.Buildingtestcases.AnalysisDataSubmitPOSTAPITest" tests="1" failures="0" timestamp="4 Sep 2019 04:54:36 GMT" time="0.014" errors="0">
  <testcase name="AnalysisDataSubmitPOSTAPI" time="0.014" classname="com.arcapi.Buildingtestcases.AnalysisDataSubmitPOSTAPITest"/>
</testsuite> <!-- com.arcapi.Buildingtestcases.AnalysisDataSubmitPOSTAPITest -->
