<?xml version="1.0" encoding="UTF-8"?>
<!-- Generated by org.testng.reporters.JUnitReportReporter -->
<testsuite skipped="0" hostname="G10GNLT041" name="com.arcapi.Transittestcases.AssetTeamMemberRoleAPITest" tests="2" failures="0" timestamp="17 Jun 2019 09:30:41 GMT" time="8.546" errors="0">
  <testcase name="AssetTeamMemberRoleAPI" time="3.020" classname="com.arcapi.Transittestcases.AssetTeamMemberRoleAPITest"/>
  <testcase name="AssetTeamMemberRoleAPI" time="5.526" classname="com.arcapi.Transittestcases.AssetTeamMemberRoleAPITest"/>
</testsuite> <!-- com.arcapi.Transittestcases.AssetTeamMemberRoleAPITest -->
