<?xml version="1.0" encoding="UTF-8"?>
<!-- Generated by org.testng.reporters.JUnitReportReporter -->
<testsuite hostname="G10GGNLT052" name="com.arcapi.Buildingtestcases.WaterConsumptionCreateAPITest" tests="1" failures="0" timestamp="11 Oct 2019 08:57:39 GMT" time="101.957" errors="0">
  <testcase name="WaterConsumptionCreateAPI" time="101.957" classname="com.arcapi.Buildingtestcases.WaterConsumptionCreateAPITest"/>
</testsuite> <!-- com.arcapi.Buildingtestcases.WaterConsumptionCreateAPITest -->
