<?xml version="1.0" encoding="UTF-8"?>
<!-- Generated by org.testng.reporters.JUnitReportReporter -->
<testsuite skipped="0" hostname="G10GNLT041" name="com.arcapi.Buildingtestcases.PaymentOrderSubmitPOSTEmissionTest" tests="1" failures="0" timestamp="21 Jun 2019 04:40:32 GMT" time="11.041" errors="0">
  <testcase name="PaymentOrderSubmitPOSTAPI" time="11.041" classname="com.arcapi.Buildingtestcases.PaymentOrderSubmitPOSTEmissionTest"/>
</testsuite> <!-- com.arcapi.Buildingtestcases.PaymentOrderSubmitPOSTEmissionTest -->
