<?xml version="1.0" encoding="UTF-8"?>
<!-- Generated by org.testng.reporters.JUnitReportReporter -->
<testsuite hostname="G10GGNLT052" name="com.arcapi.Buildingtestcases.AssetUpdateBuildingEmissionTest" tests="2" failures="0" timestamp="7 Nov 2019 08:15:32 GMT" time="5.094" errors="0">
  <testcase name="AssetUpdateforNewAssetPUTAPI" time="3.064" classname="com.arcapi.Buildingtestcases.AssetUpdateBuildingEmissionTest"/>
  <testcase name="AssetUpdateforNewAssetPUTAPI" time="2.030" classname="com.arcapi.Buildingtestcases.AssetUpdateBuildingEmissionTest"/>
</testsuite> <!-- com.arcapi.Buildingtestcases.AssetUpdateBuildingEmissionTest -->
