<?xml version="1.0" encoding="UTF-8"?>
<!-- Generated by org.testng.reporters.JUnitReportReporter -->
<testsuite hostname="G10GGNLT052" name="com.arcapi.Buildingtestcases.AssetRequiredFieldsAPITest" tests="1" failures="0" timestamp="4 Sep 2019 04:54:36 GMT" time="1.644" errors="0">
  <testcase name="AssetRequiredFieldsAPI" time="1.644" classname="com.arcapi.Buildingtestcases.AssetRequiredFieldsAPITest"/>
</testsuite> <!-- com.arcapi.Buildingtestcases.AssetRequiredFieldsAPITest -->
