<?xml version="1.0" encoding="UTF-8"?>
<!-- Generated by org.testng.reporters.JUnitReportReporter -->
<testsuite hostname="G10GGNLT052" name="com.arcapi.Common.AssetTeamMemberRemoveAPITest" tests="1" failures="0" timestamp="8 Nov 2019 07:29:52 GMT" time="8.227" errors="0">
  <testcase name="AssetTeamMemberRemoveAPI" time="8.227" classname="com.arcapi.Common.AssetTeamMemberRemoveAPITest"/>
</testsuite> <!-- com.arcapi.Common.AssetTeamMemberRemoveAPITest -->
