<?xml version="1.0" encoding="UTF-8"?>
<!-- Generated by org.testng.reporters.JUnitReportReporter -->
<testsuite hostname="G10GGNLT052" name="com.arcapi.Common.CityCom.MeasuresVersionListAPITest" tests="1" failures="0" timestamp="5 Sep 2019 10:37:20 GMT" time="2.089" errors="0">
  <testcase name="MeasuresVersionListAPI" time="2.089" classname="com.arcapi.Common.CityCom.MeasuresVersionListAPITest"/>
</testsuite> <!-- com.arcapi.Common.CityCom.MeasuresVersionListAPITest -->
