<?xml version="1.0" encoding="UTF-8"?>
<!-- Generated by org.testng.reporters.JUnitReportReporter -->
<testsuite hostname="G10GGNLT052" name="com.arcapi.Buildingtestcases.ConsumptionUpdateEmissionDecreaseAPITest" tests="2" failures="0" timestamp="7 Nov 2019 08:15:32 GMT" time="3.206" errors="0">
  <testcase name="ConsumptionUpdateEmissionDecreaseAPI" time="1.470" classname="com.arcapi.Buildingtestcases.ConsumptionUpdateEmissionDecreaseAPITest"/>
  <testcase name="ConsumptionUpdateEmissionDecreaseAPI" time="1.736" classname="com.arcapi.Buildingtestcases.ConsumptionUpdateEmissionDecreaseAPITest"/>
</testsuite> <!-- com.arcapi.Buildingtestcases.ConsumptionUpdateEmissionDecreaseAPITest -->
