<?xml version="1.0" encoding="UTF-8"?>
<!-- Generated by org.testng.reporters.JUnitReportReporter -->
<testsuite hostname="G10GGNLT052" name="com.arcapi.Buildingtestcases.MeterDeleteAPITest" tests="1" failures="0" timestamp="20 Sep 2019 07:00:22 GMT" time="2.234" errors="0">
  <testcase name="MeterDeleteAPI" time="2.234" classname="com.arcapi.Buildingtestcases.MeterDeleteAPITest"/>
</testsuite> <!-- com.arcapi.Buildingtestcases.MeterDeleteAPITest -->
