<?xml version="1.0" encoding="UTF-8"?>
<!-- Generated by org.testng.reporters.JUnitReportReporter -->
<testsuite hostname="G10GGNLT052" name="com.arcapi.CompleteDataValidationNoPayloadTestcases.CreditAddTeamPOSTAPITest" tests="1" failures="0" timestamp="13 Aug 2019 09:34:17 GMT" time="1.768" errors="0">
  <testcase name="CreditAddTeamPOSTAPI" time="1.768" classname="com.arcapi.CompleteDataValidationNoPayloadTestcases.CreditAddTeamPOSTAPITest"/>
</testsuite> <!-- com.arcapi.CompleteDataValidationNoPayloadTestcases.CreditAddTeamPOSTAPITest -->
