<?xml version="1.0" encoding="UTF-8"?>
<!-- Generated by org.testng.reporters.JUnitReportReporter -->
<testsuite hostname="G10GGNLT052" name="com.arcapi.Leedv4Testcases.MeterCommentReplyGroup1APITest" tests="1" failures="0" timestamp="20 Sep 2019 07:34:02 GMT" time="19.927" errors="0">
  <testcase name="MeterCommentReplyGroup1API" time="19.927" classname="com.arcapi.Leedv4Testcases.MeterCommentReplyGroup1APITest"/>
</testsuite> <!-- com.arcapi.Leedv4Testcases.MeterCommentReplyGroup1APITest -->
