<?xml version="1.0" encoding="UTF-8"?>
<!-- Generated by org.testng.reporters.JUnitReportReporter -->
<testsuite skipped="0" hostname="G10GNLT041" name="com.arcapi.CompleteDataValidationNoPayloadTestcases.FeedbackSubmitPostAPITest" tests="1" failures="0" timestamp="21 Jun 2019 06:10:22 GMT" time="2.163" errors="0">
  <testcase name="FeedbackSubmitPostAPI" time="2.163" classname="com.arcapi.CompleteDataValidationNoPayloadTestcases.FeedbackSubmitPostAPITest"/>
</testsuite> <!-- com.arcapi.CompleteDataValidationNoPayloadTestcases.FeedbackSubmitPostAPITest -->
