<?xml version="1.0" encoding="UTF-8"?>
<!-- Generated by org.testng.reporters.JUnitReportReporter -->
<testsuite skipped="0" hostname="G10GNLT041" name="com.arcapi.CrossRatingSystemtestcases.TemperatureDataGetTest" tests="2" failures="0" timestamp="21 Jun 2019 05:06:06 GMT" time="3.793" errors="0">
  <testcase name="TemperatureDataGet" time="2.140" classname="com.arcapi.CrossRatingSystemtestcases.TemperatureDataGetTest"/>
  <testcase name="TemperatureDataGet" time="1.653" classname="com.arcapi.CrossRatingSystemtestcases.TemperatureDataGetTest"/>
</testsuite> <!-- com.arcapi.CrossRatingSystemtestcases.TemperatureDataGetTest -->
