<?xml version="1.0" encoding="UTF-8"?>
<!-- Generated by org.testng.reporters.JUnitReportReporter -->
<testsuite skipped="0" hostname="G10GNLT041" name="com.arcapi.CompleteDataValidationTestcases.PortfoliosTeamsDELETEAPITest" tests="1" failures="0" timestamp="21 Jun 2019 06:10:22 GMT" time="27.255" errors="0">
  <testcase name="PortfoliosTeamsDELETEAPI" time="27.255" classname="com.arcapi.CompleteDataValidationTestcases.PortfoliosTeamsDELETEAPITest"/>
</testsuite> <!-- com.arcapi.CompleteDataValidationTestcases.PortfoliosTeamsDELETEAPITest -->
