<?xml version="1.0" encoding="UTF-8"?>
<!-- Generated by org.testng.reporters.JUnitReportReporter -->
<testsuite hostname="G10GGNLT052" name="com.arcapi.CompleteDataValidationNoPayloadTestcases.MeasuresUpdateAPITest" tests="1" failures="0" timestamp="20 Sep 2019 08:24:47 GMT" time="2.031" errors="0">
  <testcase name="MeasuresUpdateAPI" time="2.031" classname="com.arcapi.CompleteDataValidationNoPayloadTestcases.MeasuresUpdateAPITest"/>
</testsuite> <!-- com.arcapi.CompleteDataValidationNoPayloadTestcases.MeasuresUpdateAPITest -->
