<?xml version="1.0" encoding="UTF-8"?>
<!-- Generated by org.testng.reporters.JUnitReportReporter -->
<testsuite hostname="G10GGNLT052" name="com.arcapi.Parksmarttestcases.VerifyAssetDetailAPITest" tests="1" failures="0" timestamp="1 Oct 2019 04:40:49 GMT" time="1.950" errors="0">
  <testcase name="VerifyAssetDetailAPI" time="1.950" classname="com.arcapi.Parksmarttestcases.VerifyAssetDetailAPITest"/>
</testsuite> <!-- com.arcapi.Parksmarttestcases.VerifyAssetDetailAPITest -->
