<?xml version="1.0" encoding="UTF-8"?>
<!-- Generated by org.testng.reporters.JUnitReportReporter -->
<testsuite hostname="G10GGNLT052" name="com.arcapi.Common.ScoreVersionNotificationPOSTAPITest" tests="1" failures="0" timestamp="7 Nov 2019 09:54:02 GMT" time="1.651" errors="0">
  <testcase name="ScoreVersionNotificationPOSTAPI" time="1.651" classname="com.arcapi.Common.ScoreVersionNotificationPOSTAPITest"/>
</testsuite> <!-- com.arcapi.Common.ScoreVersionNotificationPOSTAPITest -->
