<?xml version="1.0" encoding="UTF-8"?>
<!-- Generated by org.testng.reporters.JUnitReportReporter -->
<testsuite hostname="G10GGNLT052" name="com.arcapi.Common.AssetTeamMemberRoleAPITest" tests="1" failures="0" timestamp="11 Oct 2019 09:12:47 GMT" time="3.289" errors="0">
  <testcase name="AssetTeamMemberRoleAPI" time="3.289" classname="com.arcapi.Common.AssetTeamMemberRoleAPITest"/>
</testsuite> <!-- com.arcapi.Common.AssetTeamMemberRoleAPITest -->
