<?xml version="1.0" encoding="UTF-8"?>
<!-- Generated by org.testng.reporters.JUnitReportReporter -->
<testsuite hostname="G10GGNLT052" name="com.arcapi.Common.S3DocumentUploadPOSTAPITest" tests="1" failures="0" timestamp="11 Oct 2019 09:12:46 GMT" time="24.288" errors="0">
  <testcase name="S3DocumentUploadPOSTAPI" time="24.288" classname="com.arcapi.Common.S3DocumentUploadPOSTAPITest"/>
</testsuite> <!-- com.arcapi.Common.S3DocumentUploadPOSTAPITest -->
