<?xml version="1.0" encoding="UTF-8"?>
<!-- Generated by org.testng.reporters.JUnitReportReporter -->
<testsuite skipped="0" hostname="G10GNLT041" name="com.arcapi.Communitytestcases.CountryStatesJSONAPITest" tests="2" failures="0" timestamp="17 Jun 2019 09:30:41 GMT" time="7.883" errors="0">
  <testcase name="CountryStatesJSONAPI" time="4.072" classname="com.arcapi.Communitytestcases.CountryStatesJSONAPITest"/>
  <testcase name="CountryStatesJSONAPI" time="3.811" classname="com.arcapi.Communitytestcases.CountryStatesJSONAPITest"/>
</testsuite> <!-- com.arcapi.Communitytestcases.CountryStatesJSONAPITest -->
