<?xml version="1.0" encoding="UTF-8"?>
<!-- Generated by org.testng.reporters.JUnitReportReporter -->
<testsuite skipped="0" hostname="G10GNLT041" name="com.arcapi.Transittestcases.VerifyWaterGraphValuesAPITest" tests="1" failures="0" timestamp="02 Nov 2018 06:20:48 GMT" time="103.979" errors="0">
  <testcase name="VerifyWaterGraphValuesAPI" time="103.979" classname="com.arcapi.Transittestcases.VerifyWaterGraphValuesAPITest"/>
</testsuite> <!-- com.arcapi.Transittestcases.VerifyWaterGraphValuesAPITest -->
