<?xml version="1.0" encoding="UTF-8"?>
<!-- Generated by org.testng.reporters.JUnitReportReporter -->
<testsuite hostname="G10GGNLT052" name="com.arcapi.Buildingtestcases.GetAllDocumentListAPITest" tests="1" failures="0" timestamp="4 Sep 2019 04:54:36 GMT" time="1.868" errors="0">
  <testcase name="GetAllDocumentListAPI" time="1.868" classname="com.arcapi.Buildingtestcases.GetAllDocumentListAPITest"/>
</testsuite> <!-- com.arcapi.Buildingtestcases.GetAllDocumentListAPITest -->
