<?xml version="1.0" encoding="UTF-8"?>
<!-- Generated by org.testng.reporters.JUnitReportReporter -->
<testsuite skipped="0" hostname="G10GNLT041" name="com.arcapi.Communitytestcases.S3DocumentRemoveAPITest" tests="2" failures="0" timestamp="17 Jun 2019 09:30:41 GMT" time="8.291" errors="0">
  <testcase name="S3DocumentRemoveAPI" time="3.899" classname="com.arcapi.Communitytestcases.S3DocumentRemoveAPITest"/>
  <testcase name="S3DocumentRemoveAPI" time="4.392" classname="com.arcapi.Communitytestcases.S3DocumentRemoveAPITest"/>
</testsuite> <!-- com.arcapi.Communitytestcases.S3DocumentRemoveAPITest -->
