<?xml version="1.0" encoding="UTF-8"?>
<!-- Generated by org.testng.reporters.JUnitReportReporter -->
<testsuite hostname="G10GGNLT052" name="com.arcapi.Buildingtestcases.MeterBulkConsumptionPOSTAPITest" tests="1" failures="0" timestamp="8 Nov 2019 05:07:33 GMT" time="1.464" errors="0">
  <testcase name="MeterBulkConsumptionPOSTAPI" time="1.464" classname="com.arcapi.Buildingtestcases.MeterBulkConsumptionPOSTAPITest"/>
</testsuite> <!-- com.arcapi.Buildingtestcases.MeterBulkConsumptionPOSTAPITest -->
