<?xml version="1.0" encoding="UTF-8"?>
<!-- Generated by org.testng.reporters.JUnitReportReporter -->
<testsuite skipped="0" hostname="G10GNLT041" name="com.arcapi.CompleteDataValidationTestcases.NotificationSubscriptionDetailPutTest" tests="1" failures="0" timestamp="21 Jun 2019 06:10:21 GMT" time="23.936" errors="0">
  <testcase name="NotificationSubscriptionDetail" time="23.936" classname="com.arcapi.CompleteDataValidationTestcases.NotificationSubscriptionDetailPutTest"/>
</testsuite> <!-- com.arcapi.CompleteDataValidationTestcases.NotificationSubscriptionDetailPutTest -->
