<?xml version="1.0" encoding="UTF-8"?>
<!-- Generated by org.testng.reporters.JUnitReportReporter -->
<testsuite hostname="G10GGNLT052" name="com.arcapi.Common.ScoreVersionUserNotificationDeleteAPITest" tests="1" failures="0" timestamp="8 Nov 2019 05:07:33 GMT" time="1.413" errors="0">
  <testcase name="ScoreVersionUserNotificationDeleteAPI" time="1.413" classname="com.arcapi.Common.ScoreVersionUserNotificationDeleteAPITest"/>
</testsuite> <!-- com.arcapi.Common.ScoreVersionUserNotificationDeleteAPITest -->
