<?xml version="1.0" encoding="UTF-8"?>
<!-- Generated by org.testng.reporters.JUnitReportReporter -->
<testsuite skipped="0" hostname="G10GNLT041" name="com.arcapi.Citytestcases.S3DocumentUploadPOSTAPITest" tests="2" failures="0" timestamp="17 Jun 2019 08:07:17 GMT" time="53.525" errors="0">
  <testcase name="S3DocumentUploadPOSTAPI" time="24.919" classname="com.arcapi.Citytestcases.S3DocumentUploadPOSTAPITest"/>
  <testcase name="S3DocumentUploadPOSTAPI" time="28.606" classname="com.arcapi.Citytestcases.S3DocumentUploadPOSTAPITest"/>
</testsuite> <!-- com.arcapi.Citytestcases.S3DocumentUploadPOSTAPITest -->
