<?xml version="1.0" encoding="UTF-8"?>
<!-- Generated by org.testng.reporters.JUnitReportReporter -->
<testsuite hostname="G10GGNLT052" name="com.arcapi.Transittestcases.VerifySulphurDioxideGraphValuesAPITest" tests="1" failures="0" timestamp="17 Oct 2019 07:26:51 GMT" time="2.171" errors="0">
  <testcase name="VerifySulphurDioxideGraphValuesAPI" time="2.171" classname="com.arcapi.Transittestcases.VerifySulphurDioxideGraphValuesAPITest"/>
</testsuite> <!-- com.arcapi.Transittestcases.VerifySulphurDioxideGraphValuesAPITest -->
