<?xml version="1.0" encoding="UTF-8"?>
<!-- Generated by org.testng.reporters.JUnitReportReporter -->
<testsuite hostname="G10GGNLT052" name="com.arcapi.Citytestcases.PaymentOrderSubmitPOSTAPITest" tests="1" failures="0" timestamp="14 Aug 2019 08:09:03 GMT" time="12.175" errors="0">
  <testcase name="PaymentOrderSubmitPOSTAPI" time="12.175" classname="com.arcapi.Citytestcases.PaymentOrderSubmitPOSTAPITest"/>
</testsuite> <!-- com.arcapi.Citytestcases.PaymentOrderSubmitPOSTAPITest -->
