<?xml version="1.0" encoding="UTF-8"?>
<!-- Generated by org.testng.reporters.JUnitReportReporter -->
<testsuite skipped="0" hostname="G10GNLT041" name="com.arcapi.Leedv4Testcases.LOProjectRegistration" tests="1" failures="0" timestamp="20 Aug 2018 08:56:31 GMT" time="31.977" errors="0">
  <testcase name="CreateAssetPOSTAPI" time="31.977" classname="com.arcapi.Leedv4Testcases.LOProjectRegistration"/>
</testsuite> <!-- com.arcapi.Leedv4Testcases.LOProjectRegistration -->
