<?xml version="1.0" encoding="UTF-8"?>
<!-- Generated by org.testng.reporters.JUnitReportReporter -->
<testsuite hostname="G10GGNLT052" name="com.arcapi.CompleteDataValidationNoPayloadTestcases.AssetCertificationPOSTAPITest" tests="1" failures="0" timestamp="9 Oct 2019 05:37:53 GMT" time="1.900" errors="0">
  <testcase name="AssetCertificationPOSTAPI" time="1.900" classname="com.arcapi.CompleteDataValidationNoPayloadTestcases.AssetCertificationPOSTAPITest"/>
</testsuite> <!-- com.arcapi.CompleteDataValidationNoPayloadTestcases.AssetCertificationPOSTAPITest -->
