<?xml version="1.0" encoding="UTF-8"?>
<!-- Generated by org.testng.reporters.JUnitReportReporter -->
<testsuite skipped="0" hostname="G10GNLT041" name="com.arcapi.Communitytestcases.AssetValidationInfoPOSTAPITest" tests="2" failures="0" timestamp="17 Jun 2019 09:30:40 GMT" time="7.787" errors="0">
  <testcase name="AssetValidationInfoPOSTAPI" time="4.084" classname="com.arcapi.Communitytestcases.AssetValidationInfoPOSTAPITest"/>
  <testcase name="AssetValidationInfoPOSTAPI" time="3.703" classname="com.arcapi.Communitytestcases.AssetValidationInfoPOSTAPITest"/>
</testsuite> <!-- com.arcapi.Communitytestcases.AssetValidationInfoPOSTAPITest -->
