<?xml version="1.0" encoding="UTF-8"?>
<!-- Generated by org.testng.reporters.JUnitReportReporter -->
<testsuite hostname="G10GGNLT052" name="com.arcapi.ScenarioBasedTestcases.LoginAPITest1" tests="2" failures="0" timestamp="9 Oct 2019 09:03:48 GMT" time="11.802" errors="0">
  <testcase name="LoginAPI" time="6.015" classname="com.arcapi.ScenarioBasedTestcases.LoginAPITest1"/>
  <testcase name="LoginAPI" time="5.787" classname="com.arcapi.ScenarioBasedTestcases.LoginAPITest1"/>
</testsuite> <!-- com.arcapi.ScenarioBasedTestcases.LoginAPITest1 -->
