<?xml version="1.0" encoding="UTF-8"?>
<!-- Generated by org.testng.reporters.JUnitReportReporter -->
<testsuite hostname="G10GGNLT052" name="com.arcapi.Buildingtestcases.CO2ConsumptionCreateAPITest" tests="1" failures="0" timestamp="11 Oct 2019 08:57:39 GMT" time="2.745" errors="0">
  <testcase name="CO2ConsumptionCreateAPI" time="2.745" classname="com.arcapi.Buildingtestcases.CO2ConsumptionCreateAPITest"/>
</testsuite> <!-- com.arcapi.Buildingtestcases.CO2ConsumptionCreateAPITest -->
