<?xml version="1.0" encoding="UTF-8"?>
<!-- Generated by org.testng.reporters.JUnitReportReporter -->
<testsuite skipped="0" hostname="G10GNLT041" name="com.arcapi.Transittestcases.AssetDataExportAPITest" tests="2" failures="0" timestamp="17 Jun 2019 09:30:40 GMT" time="8.920" errors="0">
  <testcase name="AssetDataExportAPI" time="2.980" classname="com.arcapi.Transittestcases.AssetDataExportAPITest"/>
  <testcase name="AssetDataExportAPI" time="5.940" classname="com.arcapi.Transittestcases.AssetDataExportAPITest"/>
</testsuite> <!-- com.arcapi.Transittestcases.AssetDataExportAPITest -->
