<?xml version="1.0" encoding="UTF-8"?>
<!-- Generated by org.testng.reporters.JUnitReportReporter -->
<testsuite hostname="G10GGNLT052" name="com.arcapi.Leedv4Testcases.MetersAPITest" tests="1" failures="0" timestamp="20 Sep 2019 07:34:02 GMT" time="7.430" errors="0">
  <testcase name="MetersAPI" time="7.430" classname="com.arcapi.Leedv4Testcases.MetersAPITest"/>
</testsuite> <!-- com.arcapi.Leedv4Testcases.MetersAPITest -->
