<?xml version="1.0" encoding="UTF-8"?>
<!-- Generated by org.testng.reporters.JUnitReportReporter -->
<testsuite hostname="G10GGNLT052" name="com.arcapi.Common.ScoreVersionExtensionRequestUpdateQuerysetGetAPITest" tests="1" failures="0" timestamp="7 Nov 2019 09:54:02 GMT" time="1.387" errors="0">
  <testcase name="ScoreVersionExtensionRequestUpdateQuerysetGetAPI" time="1.387" classname="com.arcapi.Common.ScoreVersionExtensionRequestUpdateQuerysetGetAPITest"/>
</testsuite> <!-- com.arcapi.Common.ScoreVersionExtensionRequestUpdateQuerysetGetAPITest -->
