<?xml version="1.0" encoding="UTF-8"?>
<!-- Generated by org.testng.reporters.JUnitReportReporter -->
<testsuite hostname="G10GGNLT052" name="com.arcapi.Common.RecomputePerformanceScoreGetTest" tests="1" failures="0" timestamp="10 Oct 2019 08:21:45 GMT" time="11.737" errors="0">
  <testcase name="RecomputePerformanceScoreGet" time="11.737" classname="com.arcapi.Common.RecomputePerformanceScoreGetTest"/>
</testsuite> <!-- com.arcapi.Common.RecomputePerformanceScoreGetTest -->
