<?xml version="1.0" encoding="UTF-8"?>
<!-- Generated by org.testng.reporters.JUnitReportReporter -->
<testsuite hostname="G10GGNLT052" name="com.arcapi.CompleteDataValidationNoPayloadTestcases.MeasuresPostAPITest" tests="1" failures="0" timestamp="10 Sep 2019 13:16:20 GMT" time="2.324" errors="0">
  <testcase name="MeasuresPostAPI" time="2.324" classname="com.arcapi.CompleteDataValidationNoPayloadTestcases.MeasuresPostAPITest"/>
</testsuite> <!-- com.arcapi.CompleteDataValidationNoPayloadTestcases.MeasuresPostAPITest -->
