<?xml version="1.0" encoding="UTF-8"?>
<!-- Generated by org.testng.reporters.JUnitReportReporter -->
<testsuite skipped="0" hostname="G10GNLT041" name="com.arcapi.Transittestcases.NotificationSubscriptionDetailGetTest" tests="2" failures="0" timestamp="17 Jun 2019 09:30:41 GMT" time="7.062" errors="0">
  <testcase name="NotificationSubscriptionDetail" time="2.355" classname="com.arcapi.Transittestcases.NotificationSubscriptionDetailGetTest"/>
  <testcase name="NotificationSubscriptionDetail" time="4.707" classname="com.arcapi.Transittestcases.NotificationSubscriptionDetailGetTest"/>
</testsuite> <!-- com.arcapi.Transittestcases.NotificationSubscriptionDetailGetTest -->
