<?xml version="1.0" encoding="UTF-8"?>
<!-- Generated by org.testng.reporters.JUnitReportReporter -->
<testsuite skipped="0" hostname="G10GNLT041" name="com.arcapi.Communitytestcases.AssetRequiredFieldsAPITest" tests="2" failures="0" timestamp="17 Jun 2019 09:30:41 GMT" time="8.417" errors="0">
  <testcase name="AssetRequiredFieldsAPI" time="4.609" classname="com.arcapi.Communitytestcases.AssetRequiredFieldsAPITest"/>
  <testcase name="AssetRequiredFieldsAPI" time="3.808" classname="com.arcapi.Communitytestcases.AssetRequiredFieldsAPITest"/>
</testsuite> <!-- com.arcapi.Communitytestcases.AssetRequiredFieldsAPITest -->
