<?xml version="1.0" encoding="UTF-8"?>
<!-- Generated by org.testng.reporters.JUnitReportReporter -->
<testsuite skipped="0" hostname="G10GNLT041" name="com.arcapi.Buildingtestcases.DIExcelTemplateMetersAPITest" tests="1" failures="0" timestamp="31 Oct 2018 04:57:03 GMT" time="14.831" errors="0">
  <testcase name="DIExcelTemplateMetersAPI" time="14.831" classname="com.arcapi.Buildingtestcases.DIExcelTemplateMetersAPITest"/>
</testsuite> <!-- com.arcapi.Buildingtestcases.DIExcelTemplateMetersAPITest -->
