<?xml version="1.0" encoding="UTF-8"?>
<!-- Generated by org.testng.reporters.JUnitReportReporter -->
<testsuite hostname="G10GGNLT052" name="com.arcapi.Buildingtestcase.WaterCreate60MonthMeterDataPostTest" tests="62" failures="0" timestamp="6 Aug 2019 09:33:06 GMT" time="190.095" errors="0">
  <testcase name="WaterCreate60MonthMeterDataPost" time="2.212" classname="com.arcapi.Buildingtestcase.WaterCreate60MonthMeterDataPostTest"/>
  <testcase name="WaterCreate60MonthMeterDataPost" time="2.818" classname="com.arcapi.Buildingtestcase.WaterCreate60MonthMeterDataPostTest"/>
  <testcase name="WaterCreate60MonthMeterDataPost" time="2.240" classname="com.arcapi.Buildingtestcase.WaterCreate60MonthMeterDataPostTest"/>
  <testcase name="WaterCreate60MonthMeterDataPost" time="2.461" classname="com.arcapi.Buildingtestcase.WaterCreate60MonthMeterDataPostTest"/>
  <testcase name="WaterCreate60MonthMeterDataPost" time="2.537" classname="com.arcapi.Buildingtestcase.WaterCreate60MonthMeterDataPostTest"/>
  <testcase name="WaterCreate60MonthMeterDataPost" time="2.547" classname="com.arcapi.Buildingtestcase.WaterCreate60MonthMeterDataPostTest"/>
  <testcase name="WaterCreate60MonthMeterDataPost" time="5.159" classname="com.arcapi.Buildingtestcase.WaterCreate60MonthMeterDataPostTest"/>
  <testcase name="WaterCreate60MonthMeterDataPost" time="2.755" classname="com.arcapi.Buildingtestcase.WaterCreate60MonthMeterDataPostTest"/>
  <testcase name="WaterCreate60MonthMeterDataPost" time="2.647" classname="com.arcapi.Buildingtestcase.WaterCreate60MonthMeterDataPostTest"/>
  <testcase name="WaterCreate60MonthMeterDataPost" time="4.849" classname="com.arcapi.Buildingtestcase.WaterCreate60MonthMeterDataPostTest"/>
  <testcase name="WaterCreate60MonthMeterDataPost" time="3.311" classname="com.arcapi.Buildingtestcase.WaterCreate60MonthMeterDataPostTest"/>
  <testcase name="WaterCreate60MonthMeterDataPost" time="2.288" classname="com.arcapi.Buildingtestcase.WaterCreate60MonthMeterDataPostTest"/>
  <testcase name="WaterCreate60MonthMeterDataPost" time="2.834" classname="com.arcapi.Buildingtestcase.WaterCreate60MonthMeterDataPostTest"/>
  <testcase name="WaterCreate60MonthMeterDataPost" time="3.105" classname="com.arcapi.Buildingtestcase.WaterCreate60MonthMeterDataPostTest"/>
  <testcase name="WaterCreate60MonthMeterDataPost" time="5.872" classname="com.arcapi.Buildingtestcase.WaterCreate60MonthMeterDataPostTest"/>
  <testcase name="WaterCreate60MonthMeterDataPost" time="2.219" classname="com.arcapi.Buildingtestcase.WaterCreate60MonthMeterDataPostTest"/>
  <testcase name="WaterCreate60MonthMeterDataPost" time="11.824" classname="com.arcapi.Buildingtestcase.WaterCreate60MonthMeterDataPostTest"/>
  <testcase name="WaterCreate60MonthMeterDataPost" time="2.756" classname="com.arcapi.Buildingtestcase.WaterCreate60MonthMeterDataPostTest"/>
  <testcase name="WaterCreate60MonthMeterDataPost" time="2.230" classname="com.arcapi.Buildingtestcase.WaterCreate60MonthMeterDataPostTest"/>
  <testcase name="WaterCreate60MonthMeterDataPost" time="2.512" classname="com.arcapi.Buildingtestcase.WaterCreate60MonthMeterDataPostTest"/>
  <testcase name="WaterCreate60MonthMeterDataPost" time="2.746" classname="com.arcapi.Buildingtestcase.WaterCreate60MonthMeterDataPostTest"/>
  <testcase name="WaterCreate60MonthMeterDataPost" time="5.471" classname="com.arcapi.Buildingtestcase.WaterCreate60MonthMeterDataPostTest"/>
  <testcase name="WaterCreate60MonthMeterDataPost" time="2.236" classname="com.arcapi.Buildingtestcase.WaterCreate60MonthMeterDataPostTest"/>
  <testcase name="WaterCreate60MonthMeterDataPost" time="3.203" classname="com.arcapi.Buildingtestcase.WaterCreate60MonthMeterDataPostTest"/>
  <testcase name="WaterCreate60MonthMeterDataPost" time="2.718" classname="com.arcapi.Buildingtestcase.WaterCreate60MonthMeterDataPostTest"/>
  <testcase name="WaterCreate60MonthMeterDataPost" time="2.682" classname="com.arcapi.Buildingtestcase.WaterCreate60MonthMeterDataPostTest"/>
  <testcase name="WaterCreate60MonthMeterDataPost" time="2.388" classname="com.arcapi.Buildingtestcase.WaterCreate60MonthMeterDataPostTest"/>
  <testcase name="WaterCreate60MonthMeterDataPost" time="2.773" classname="com.arcapi.Buildingtestcase.WaterCreate60MonthMeterDataPostTest"/>
  <testcase name="WaterCreate60MonthMeterDataPost" time="2.606" classname="com.arcapi.Buildingtestcase.WaterCreate60MonthMeterDataPostTest"/>
  <testcase name="WaterCreate60MonthMeterDataPost" time="2.177" classname="com.arcapi.Buildingtestcase.WaterCreate60MonthMeterDataPostTest"/>
  <testcase name="WaterCreate60MonthMeterDataPost" time="2.204" classname="com.arcapi.Buildingtestcase.WaterCreate60MonthMeterDataPostTest"/>
  <testcase name="WaterCreate60MonthMeterDataPost" time="2.744" classname="com.arcapi.Buildingtestcase.WaterCreate60MonthMeterDataPostTest"/>
  <testcase name="WaterCreate60MonthMeterDataPost" time="2.554" classname="com.arcapi.Buildingtestcase.WaterCreate60MonthMeterDataPostTest"/>
  <testcase name="WaterCreate60MonthMeterDataPost" time="2.247" classname="com.arcapi.Buildingtestcase.WaterCreate60MonthMeterDataPostTest"/>
  <testcase name="WaterCreate60MonthMeterDataPost" time="2.735" classname="com.arcapi.Buildingtestcase.WaterCreate60MonthMeterDataPostTest"/>
  <testcase name="WaterCreate60MonthMeterDataPost" time="3.115" classname="com.arcapi.Buildingtestcase.WaterCreate60MonthMeterDataPostTest"/>
  <testcase name="WaterCreate60MonthMeterDataPost" time="2.397" classname="com.arcapi.Buildingtestcase.WaterCreate60MonthMeterDataPostTest"/>
  <testcase name="WaterCreate60MonthMeterDataPost" time="2.572" classname="com.arcapi.Buildingtestcase.WaterCreate60MonthMeterDataPostTest"/>
  <testcase name="WaterCreate60MonthMeterDataPost" time="3.270" classname="com.arcapi.Buildingtestcase.WaterCreate60MonthMeterDataPostTest"/>
  <testcase name="WaterCreate60MonthMeterDataPost" time="2.797" classname="com.arcapi.Buildingtestcase.WaterCreate60MonthMeterDataPostTest"/>
  <testcase name="WaterCreate60MonthMeterDataPost" time="2.482" classname="com.arcapi.Buildingtestcase.WaterCreate60MonthMeterDataPostTest"/>
  <testcase name="WaterCreate60MonthMeterDataPost" time="2.818" classname="com.arcapi.Buildingtestcase.WaterCreate60MonthMeterDataPostTest"/>
  <testcase name="WaterCreate60MonthMeterDataPost" time="2.660" classname="com.arcapi.Buildingtestcase.WaterCreate60MonthMeterDataPostTest"/>
  <testcase name="WaterCreate60MonthMeterDataPost" time="2.381" classname="com.arcapi.Buildingtestcase.WaterCreate60MonthMeterDataPostTest"/>
  <testcase name="WaterCreate60MonthMeterDataPost" time="2.289" classname="com.arcapi.Buildingtestcase.WaterCreate60MonthMeterDataPostTest"/>
  <testcase name="WaterCreate60MonthMeterDataPost" time="2.755" classname="com.arcapi.Buildingtestcase.WaterCreate60MonthMeterDataPostTest"/>
  <testcase name="WaterCreate60MonthMeterDataPost" time="3.666" classname="com.arcapi.Buildingtestcase.WaterCreate60MonthMeterDataPostTest"/>
  <testcase name="WaterCreate60MonthMeterDataPost" time="2.428" classname="com.arcapi.Buildingtestcase.WaterCreate60MonthMeterDataPostTest"/>
  <testcase name="WaterCreate60MonthMeterDataPost" time="3.197" classname="com.arcapi.Buildingtestcase.WaterCreate60MonthMeterDataPostTest"/>
  <testcase name="WaterCreate60MonthMeterDataPost" time="4.257" classname="com.arcapi.Buildingtestcase.WaterCreate60MonthMeterDataPostTest"/>
  <testcase name="WaterCreate60MonthMeterDataPost" time="7.003" classname="com.arcapi.Buildingtestcase.WaterCreate60MonthMeterDataPostTest"/>
  <testcase name="WaterCreate60MonthMeterDataPost" time="2.437" classname="com.arcapi.Buildingtestcase.WaterCreate60MonthMeterDataPostTest"/>
  <testcase name="WaterCreate60MonthMeterDataPost" time="2.560" classname="com.arcapi.Buildingtestcase.WaterCreate60MonthMeterDataPostTest"/>
  <testcase name="WaterCreate60MonthMeterDataPost" time="2.182" classname="com.arcapi.Buildingtestcase.WaterCreate60MonthMeterDataPostTest"/>
  <testcase name="WaterCreate60MonthMeterDataPost" time="2.548" classname="com.arcapi.Buildingtestcase.WaterCreate60MonthMeterDataPostTest"/>
  <testcase name="WaterCreate60MonthMeterDataPost" time="2.610" classname="com.arcapi.Buildingtestcase.WaterCreate60MonthMeterDataPostTest"/>
  <testcase name="WaterCreate60MonthMeterDataPost" time="2.465" classname="com.arcapi.Buildingtestcase.WaterCreate60MonthMeterDataPostTest"/>
  <testcase name="WaterCreate60MonthMeterDataPost" time="2.283" classname="com.arcapi.Buildingtestcase.WaterCreate60MonthMeterDataPostTest"/>
  <testcase name="WaterCreate60MonthMeterDataPost" time="3.069" classname="com.arcapi.Buildingtestcase.WaterCreate60MonthMeterDataPostTest"/>
  <testcase name="WaterCreate60MonthMeterDataPost" time="2.470" classname="com.arcapi.Buildingtestcase.WaterCreate60MonthMeterDataPostTest"/>
  <testcase name="WaterCreate60MonthMeterDataPost" time="2.270" classname="com.arcapi.Buildingtestcase.WaterCreate60MonthMeterDataPostTest"/>
  <testcase name="WaterCreate60MonthMeterDataPost" time="4.454" classname="com.arcapi.Buildingtestcase.WaterCreate60MonthMeterDataPostTest"/>
</testsuite> <!-- com.arcapi.Buildingtestcase.WaterCreate60MonthMeterDataPostTest -->
