<?xml version="1.0" encoding="UTF-8"?>
<!-- Generated by org.testng.reporters.JUnitReportReporter -->
<testsuite skipped="0" hostname="G10GNLT041" name="com.arcapi.Transittestcases.VerifyExcelTemplateConsumptionTransitAboveTest" tests="1" failures="0" timestamp="17 Jun 2019 09:30:41 GMT" time="8.354" errors="0">
  <testcase name="VerifyExcelTemplateConsumptionAPI" time="8.354" classname="com.arcapi.Transittestcases.VerifyExcelTemplateConsumptionTransitAboveTest"/>
</testsuite> <!-- com.arcapi.Transittestcases.VerifyExcelTemplateConsumptionTransitAboveTest -->
