<?xml version="1.0" encoding="UTF-8"?>
<!-- Generated by org.testng.reporters.JUnitReportReporter -->
<testsuite hostname="G10GGNLT052" name="com.arcapi.Buildingtestcases.ConsumptionCreatePOSTAPITest" tests="1" failures="0" timestamp="20 Sep 2019 08:24:46 GMT" time="3.009" errors="0">
  <testcase name="ConsumptionCreatePOSTAPI" time="3.009" classname="com.arcapi.Buildingtestcases.ConsumptionCreatePOSTAPITest"/>
</testsuite> <!-- com.arcapi.Buildingtestcases.ConsumptionCreatePOSTAPITest -->
