<?xml version="1.0" encoding="UTF-8"?>
<!-- Generated by org.testng.reporters.JUnitReportReporter -->
<testsuite skipped="0" hostname="G10GNLT041" name="com.arcapi.Buildingtestcases.CreateAssetBuildingNoneEmissionFactorTest" tests="1" failures="0" timestamp="17 Jun 2019 05:47:59 GMT" time="24.418" errors="0">
  <testcase name="CreateAssetPOSTAPI" time="24.418" classname="com.arcapi.Buildingtestcases.CreateAssetBuildingNoneEmissionFactorTest"/>
</testsuite> <!-- com.arcapi.Buildingtestcases.CreateAssetBuildingNoneEmissionFactorTest -->
