<?xml version="1.0" encoding="UTF-8"?>
<!-- Generated by org.testng.reporters.JUnitReportReporter -->
<testsuite hostname="G10GGNLT052" name="com.arcapi.Common.DataSnapshotBeforeReviewGETAPITest" tests="1" failures="0" timestamp="10 Oct 2019 08:21:45 GMT" time="3.386" errors="0">
  <testcase name="DataSnapshotBeforeReviewGETAPI" time="3.386" classname="com.arcapi.Common.DataSnapshotBeforeReviewGETAPITest"/>
</testsuite> <!-- com.arcapi.Common.DataSnapshotBeforeReviewGETAPITest -->
