<?xml version="1.0" encoding="UTF-8"?>
<!-- Generated by org.testng.reporters.JUnitReportReporter -->
<testsuite skipped="0" hostname="G10GNLT041" name="com.arcapi.Citytestcases.AppVersionDetailAPITest" tests="2" failures="0" timestamp="17 Jun 2019 08:07:17 GMT" time="6.328" errors="0">
  <testcase name="AppVersionDetailAPI" time="3.263" classname="com.arcapi.Citytestcases.AppVersionDetailAPITest"/>
  <testcase name="AppVersionDetailAPI" time="3.065" classname="com.arcapi.Citytestcases.AppVersionDetailAPITest"/>
</testsuite> <!-- com.arcapi.Citytestcases.AppVersionDetailAPITest -->
