<?xml version="1.0" encoding="UTF-8"?>
<!-- Generated by org.testng.reporters.JUnitReportReporter -->
<testsuite hostname="G10GGNLT052" name="com.arcapi.ScenarioBasedTestcases.VerifyDatacoverageGetAPITest" tests="1" failures="0" timestamp="22 Oct 2019 08:12:10 GMT" time="1.789" errors="0">
  <testcase name="VerifyDatacoverageGetAPI" time="1.789" classname="com.arcapi.ScenarioBasedTestcases.VerifyDatacoverageGetAPITest"/>
</testsuite> <!-- com.arcapi.ScenarioBasedTestcases.VerifyDatacoverageGetAPITest -->
