<?xml version="1.0" encoding="UTF-8"?>
<!-- Generated by org.testng.reporters.JUnitReportReporter -->
<testsuite skipped="0" hostname="G10GNLT041" name="com.arcapi.Citytestcases.ExcelUploadTemplatePOSTAPITest" tests="1" failures="0" timestamp="03 Sep 2018 06:19:37 GMT" time="6.923" errors="0">
  <testcase name="ExcelUploadTemplatePOSTAPI" time="6.923" classname="com.arcapi.Citytestcases.ExcelUploadTemplatePOSTAPITest"/>
</testsuite> <!-- com.arcapi.Citytestcases.ExcelUploadTemplatePOSTAPITest -->
