<?xml version="1.0" encoding="UTF-8"?>
<!-- Generated by org.testng.reporters.JUnitReportReporter -->
<testsuite hostname="G10GGNLT052" name="com.arcapi.Buildingtestcases.CreateAssetBuildingV3APITest" tests="1" failures="0" timestamp="20 Sep 2019 08:24:46 GMT" time="9.708" errors="0">
  <testcase name="CreateAssetPOSTAPI" time="9.708" classname="com.arcapi.Buildingtestcases.CreateAssetBuildingV3APITest"/>
</testsuite> <!-- com.arcapi.Buildingtestcases.CreateAssetBuildingV3APITest -->
