<?xml version="1.0" encoding="UTF-8"?>
<!-- Generated by org.testng.reporters.JUnitReportReporter -->
<testsuite hostname="G10GGNLT052" name="com.arcapi.Common.FeedbackSubmitPostAPITest" tests="1" failures="0" timestamp="20 Sep 2019 07:00:22 GMT" time="1.769" errors="0">
  <testcase name="FeedbackSubmitPostAPI" time="1.769" classname="com.arcapi.Common.FeedbackSubmitPostAPITest"/>
</testsuite> <!-- com.arcapi.Common.FeedbackSubmitPostAPITest -->
