<?xml version="1.0" encoding="UTF-8"?>
<!-- Generated by org.testng.reporters.JUnitReportReporter -->
<testsuite hostname="G10GGNLT052" name="com.arcapi.CompleteDataValidationNoPayloadTestcases.AssetTeamMemberAddPOSTAPITest" tests="1" failures="0" timestamp="9 Oct 2019 05:37:55 GMT" time="1.923" errors="0">
  <testcase name="AssetTeamMemberAddPOSTAPI" time="1.923" classname="com.arcapi.CompleteDataValidationNoPayloadTestcases.AssetTeamMemberAddPOSTAPITest"/>
</testsuite> <!-- com.arcapi.CompleteDataValidationNoPayloadTestcases.AssetTeamMemberAddPOSTAPITest -->
