<?xml version="1.0" encoding="UTF-8"?>
<!-- Generated by org.testng.reporters.JUnitReportReporter -->
<testsuite hostname="G10GGNLT052" name="com.arcapi.Common.AssetTeamMemberListAPITest" tests="1" failures="0" timestamp="10 Sep 2019 13:39:53 GMT" time="3.192" errors="0">
  <testcase name="AssetTeamMemberListAPI" time="3.192" classname="com.arcapi.Common.AssetTeamMemberListAPITest"/>
</testsuite> <!-- com.arcapi.Common.AssetTeamMemberListAPITest -->
