<?xml version="1.0" encoding="UTF-8"?>
<!-- Generated by org.testng.reporters.JUnitReportReporter -->
<testsuite hostname="G10GGNLT052" name="com.arcapi.Buildingtestcases.PerformanceComparablesGetAPITest" tests="1" failures="0" timestamp="4 Sep 2019 04:54:36 GMT" time="1.452" errors="0">
  <testcase name="PerformanceComparablesGetAPI" time="1.452" classname="com.arcapi.Buildingtestcases.PerformanceComparablesGetAPITest"/>
</testsuite> <!-- com.arcapi.Buildingtestcases.PerformanceComparablesGetAPITest -->
