<?xml version="1.0" encoding="UTF-8"?>
<!-- Generated by org.testng.reporters.JUnitReportReporter -->
<testsuite skipped="0" hostname="G10GNLT041" name="com.arcapi.release1_18testcases.AssetUpdateBuildingNoneAPITest" tests="1" failures="0" timestamp="27 Jun 2019 06:57:28 GMT" time="5.823" errors="0">
  <testcase name="AssetUpdateforNewAssetPUTAPI" time="5.823" classname="com.arcapi.release1_18testcases.AssetUpdateBuildingNoneAPITest"/>
</testsuite> <!-- com.arcapi.release1_18testcases.AssetUpdateBuildingNoneAPITest -->
