<?xml version="1.0" encoding="UTF-8"?>
<!-- Generated by org.testng.reporters.JUnitReportReporter -->
<testsuite hostname="G10GGNLT052" name="com.arcapi.Buildingtestcases.ConsumptionListAPITest" tests="1" failures="0" timestamp="10 Oct 2019 08:21:46 GMT" time="2.301" errors="0">
  <testcase name="ConsumptionListAPI" time="2.301" classname="com.arcapi.Buildingtestcases.ConsumptionListAPITest"/>
</testsuite> <!-- com.arcapi.Buildingtestcases.ConsumptionListAPITest -->
