<?xml version="1.0" encoding="UTF-8"?>
<!-- Generated by org.testng.reporters.JUnitReportReporter -->
<testsuite hostname="G10GGNLT052" name="com.arcapi.Citytestcases.AssetTeamPermissionListAPITest" tests="1" failures="0" timestamp="14 Aug 2019 08:09:03 GMT" time="4.660" errors="0">
  <testcase name="AssetTeamPermissionListAPI" time="4.660" classname="com.arcapi.Citytestcases.AssetTeamPermissionListAPITest"/>
</testsuite> <!-- com.arcapi.Citytestcases.AssetTeamPermissionListAPITest -->
