<?xml version="1.0" encoding="UTF-8"?>
<!-- Generated by org.testng.reporters.JUnitReportReporter -->
<testsuite skipped="0" hostname="G10GNLT041" name="com.arcapi.Transittestcases.MeterBulkConsumptionPOSTAPITest" tests="2" failures="0" timestamp="17 Jun 2019 09:30:41 GMT" time="8.481" errors="0">
  <testcase name="MeterBulkConsumptionPOSTAPI" time="4.749" classname="com.arcapi.Transittestcases.MeterBulkConsumptionPOSTAPITest"/>
  <testcase name="MeterBulkConsumptionPOSTAPI" time="3.732" classname="com.arcapi.Transittestcases.MeterBulkConsumptionPOSTAPITest"/>
</testsuite> <!-- com.arcapi.Transittestcases.MeterBulkConsumptionPOSTAPITest -->
