<?xml version="1.0" encoding="UTF-8"?>
<!-- Generated by org.testng.reporters.JUnitReportReporter -->
<testsuite skipped="0" hostname="G10GNLT041" name="com.arcapi.Transittestcases.AssetTeamMemberListAPITest" tests="2" failures="0" timestamp="17 Jun 2019 09:30:41 GMT" time="9.295" errors="0">
  <testcase name="AssetTeamMemberListAPI" time="6.123" classname="com.arcapi.Transittestcases.AssetTeamMemberListAPITest"/>
  <testcase name="AssetTeamMemberListAPI" time="3.172" classname="com.arcapi.Transittestcases.AssetTeamMemberListAPITest"/>
</testsuite> <!-- com.arcapi.Transittestcases.AssetTeamMemberListAPITest -->
