<?xml version="1.0" encoding="UTF-8"?>
<!-- Generated by org.testng.reporters.JUnitReportReporter -->
<testsuite skipped="0" hostname="G10GNLT041" name="com.arcapi.Transittestcases.AppVersionDetailAPITest" tests="2" failures="0" timestamp="17 Jun 2019 09:30:40 GMT" time="8.501" errors="0">
  <testcase name="AppVersionDetailAPI" time="4.465" classname="com.arcapi.Transittestcases.AppVersionDetailAPITest"/>
  <testcase name="AppVersionDetailAPI" time="4.036" classname="com.arcapi.Transittestcases.AppVersionDetailAPITest"/>
</testsuite> <!-- com.arcapi.Transittestcases.AppVersionDetailAPITest -->
