<?xml version="1.0" encoding="UTF-8"?>
<!-- Generated by org.testng.reporters.JUnitReportReporter -->
<testsuite hostname="G10GGNLT052" name="com.arcapi.Common.CityCom.CreditAddTeamPOSTAPITest" tests="1" failures="0" timestamp="1 Oct 2019 07:10:22 GMT" time="62.552" errors="0">
  <testcase name="CreditAddTeamPOSTAPI" time="62.552" classname="com.arcapi.Common.CityCom.CreditAddTeamPOSTAPITest"/>
</testsuite> <!-- com.arcapi.Common.CityCom.CreditAddTeamPOSTAPITest -->
