<?xml version="1.0" encoding="UTF-8"?>
<!-- Generated by org.testng.reporters.JUnitReportReporter -->
<testsuite hostname="G10GGNLT052" name="com.arcapi.Transittestcases.EnvironmentSurveySummarizeAPITest" tests="1" failures="0" timestamp="1 Oct 2019 04:55:55 GMT" time="1.387" errors="0">
  <testcase name="EnvironmentSurveySummarizeAPI" time="1.387" classname="com.arcapi.Transittestcases.EnvironmentSurveySummarizeAPITest"/>
</testsuite> <!-- com.arcapi.Transittestcases.EnvironmentSurveySummarizeAPITest -->
