<?xml version="1.0" encoding="UTF-8"?>
<!-- Generated by org.testng.reporters.JUnitReportReporter -->
<testsuite hostname="G10GGNLT052" name="com.arcapi.Buildingtestcases.ElectricityConsumptionUpdateAPITest" tests="1" failures="0" timestamp="11 Oct 2019 08:57:39 GMT" time="21.031" errors="0">
  <testcase name="ElectricityConsumptionUpdateAPI" time="21.031" classname="com.arcapi.Buildingtestcases.ElectricityConsumptionUpdateAPITest"/>
</testsuite> <!-- com.arcapi.Buildingtestcases.ElectricityConsumptionUpdateAPITest -->
