<?xml version="1.0" encoding="UTF-8"?>
<!-- Generated by org.testng.reporters.JUnitReportReporter -->
<testsuite hostname="G10GGNLT052" name="com.arcapi.Buildingtestcases.ConsumptionUpdatePUTAPITest" tests="1" failures="0" timestamp="11 Sep 2019 10:39:58 GMT" time="2.104" errors="0">
  <testcase name="ConsumptionUpdatePUTAPI" time="2.104" classname="com.arcapi.Buildingtestcases.ConsumptionUpdatePUTAPITest"/>
</testsuite> <!-- com.arcapi.Buildingtestcases.ConsumptionUpdatePUTAPITest -->
