<?xml version="1.0" encoding="UTF-8"?>
<!-- Generated by org.testng.reporters.JUnitReportReporter -->
<testsuite hostname="G10GGNLT052" name="com.arcapi.Common.AssetSearchAPITest" tests="1" failures="0" timestamp="10 Sep 2019 13:39:52 GMT" time="2.183" errors="0">
  <testcase name="AssetSearchAPI" time="2.183" classname="com.arcapi.Common.AssetSearchAPITest"/>
</testsuite> <!-- com.arcapi.Common.AssetSearchAPITest -->
