<?xml version="1.0" encoding="UTF-8"?>
<!-- Generated by org.testng.reporters.JUnitReportReporter -->
<testsuite skipped="0" hostname="G10GNLT041" name="com.arcapi.Citytestcases.CityCommConsumptionCreateAPITest" tests="2" failures="0" timestamp="17 Jun 2019 08:07:17 GMT" time="149.705" errors="0">
  <testcase name="ConsumptionCreatePOSTAPI" time="84.010" classname="com.arcapi.Citytestcases.CityCommConsumptionCreateAPITest"/>
  <testcase name="ConsumptionCreatePOSTAPI" time="65.695" classname="com.arcapi.Citytestcases.CityCommConsumptionCreateAPITest"/>
</testsuite> <!-- com.arcapi.Citytestcases.CityCommConsumptionCreateAPITest -->
