<?xml version="1.0" encoding="UTF-8"?>
<!-- Generated by org.testng.reporters.JUnitReportReporter -->
<testsuite skipped="0" hostname="G10GNLT041" name="com.arcapi.Transittestcases.EnvironmentSurveySummarizeAPITest" tests="2" failures="0" timestamp="17 Jun 2019 09:30:41 GMT" time="6.771" errors="0">
  <testcase name="EnvironmentSurveySummarizeAPI" time="2.676" classname="com.arcapi.Transittestcases.EnvironmentSurveySummarizeAPITest"/>
  <testcase name="EnvironmentSurveySummarizeAPI" time="4.095" classname="com.arcapi.Transittestcases.EnvironmentSurveySummarizeAPITest"/>
</testsuite> <!-- com.arcapi.Transittestcases.EnvironmentSurveySummarizeAPITest -->
