<?xml version="1.0" encoding="UTF-8"?>
<!-- Generated by org.testng.reporters.JUnitReportReporter -->
<testsuite skipped="0" hostname="G10GNLT041" name="com.arcapi.Communitytestcases.CreateAssetCommunityNoneAPITest" tests="1" failures="0" timestamp="17 Jun 2019 09:30:41 GMT" time="11.942" errors="0">
  <testcase name="CreateAssetPOSTAPI" time="11.942" classname="com.arcapi.Communitytestcases.CreateAssetCommunityNoneAPITest"/>
</testsuite> <!-- com.arcapi.Communitytestcases.CreateAssetCommunityNoneAPITest -->
