<?xml version="1.0" encoding="UTF-8"?>
<!-- Generated by org.testng.reporters.JUnitReportReporter -->
<testsuite hostname="G10GGNLT052" name="com.arcapi.Portfoliostestcases.PortfoliosTeamsGetAPITest" tests="1" failures="0" timestamp="3 Aug 2019 11:05:10 GMT" time="2.693" errors="0">
  <testcase name="PortfoliosTeamsGetAPI" time="2.693" classname="com.arcapi.Portfoliostestcases.PortfoliosTeamsGetAPITest"/>
</testsuite> <!-- com.arcapi.Portfoliostestcases.PortfoliosTeamsGetAPITest -->
