<?xml version="1.0" encoding="UTF-8"?>
<!-- Generated by org.testng.reporters.JUnitReportReporter -->
<testsuite hostname="G10GGNLT052" name="com.arcapi.Buildingtestcases.ExcelTemplateMetersAPITest" tests="1" failures="0" timestamp="22 Oct 2019 10:35:10 GMT" time="3.244" errors="0">
  <testcase name="ExcelTemplateMetersAPI" time="3.244" classname="com.arcapi.Buildingtestcases.ExcelTemplateMetersAPITest"/>
</testsuite> <!-- com.arcapi.Buildingtestcases.ExcelTemplateMetersAPITest -->
