<?xml version="1.0" encoding="UTF-8"?>
<!-- Generated by org.testng.reporters.JUnitReportReporter -->
<testsuite hostname="G10GGNLT052" name="com.arcapi.CompleteDataValidationNoPayloadTestcases.PortfoliosAssetDetailPUTAPITest" tests="1" failures="0" timestamp="20 Sep 2019 08:24:46 GMT" time="1.819" errors="0">
  <testcase name="PortfoliosAssetDetailPUTAPI" time="1.819" classname="com.arcapi.CompleteDataValidationNoPayloadTestcases.PortfoliosAssetDetailPUTAPITest"/>
</testsuite> <!-- com.arcapi.CompleteDataValidationNoPayloadTestcases.PortfoliosAssetDetailPUTAPITest -->
