<?xml version="1.0" encoding="UTF-8"?>
<!-- Generated by org.testng.reporters.JUnitReportReporter -->
<testsuite skipped="0" hostname="G10GNLT041" name="com.arcapi.Citytestcases.AssetListAPITest" tests="2" failures="0" timestamp="17 Jun 2019 08:07:17 GMT" time="8.880" errors="0">
  <testcase name="AssetListAPI" time="5.539" classname="com.arcapi.Citytestcases.AssetListAPITest"/>
  <testcase name="AssetListAPI" time="3.341" classname="com.arcapi.Citytestcases.AssetListAPITest"/>
</testsuite> <!-- com.arcapi.Citytestcases.AssetListAPITest -->
