<?xml version="1.0" encoding="UTF-8"?>
<!-- Generated by org.testng.reporters.JUnitReportReporter -->
<testsuite hostname="G10GGNLT052" name="com.arcapi.Buildingtestcases.ElectricityConsumptionUpdateAPITest" tests="1" failures="0" timestamp="7 Nov 2019 06:53:23 GMT" time="16.099" errors="0">
  <testcase name="ElectricityConsumptionUpdateAPI" time="16.099" classname="com.arcapi.Buildingtestcases.ElectricityConsumptionUpdateAPITest"/>
</testsuite> <!-- com.arcapi.Buildingtestcases.ElectricityConsumptionUpdateAPITest -->
