<?xml version="1.0" encoding="UTF-8"?>
<!-- Generated by org.testng.reporters.JUnitReportReporter -->
<testsuite skipped="0" hostname="G10GNLT041" name="com.arcapi.Communitytestcases.AssetSnapshotKeysAPITest" tests="2" failures="0" timestamp="17 Jun 2019 09:30:41 GMT" time="7.518" errors="0">
  <testcase name="AssetSnapshotKeysAPI" time="3.782" classname="com.arcapi.Communitytestcases.AssetSnapshotKeysAPITest"/>
  <testcase name="AssetSnapshotKeysAPI" time="3.736" classname="com.arcapi.Communitytestcases.AssetSnapshotKeysAPITest"/>
</testsuite> <!-- com.arcapi.Communitytestcases.AssetSnapshotKeysAPITest -->
