<?xml version="1.0" encoding="UTF-8"?>
<!-- Generated by org.testng.reporters.JUnitReportReporter -->
<testsuite skipped="0" hostname="G10GNLT041" name="com.arcapi.Transittestcases.CreditFormDownloadAPITest" tests="2" failures="0" timestamp="17 Jun 2019 09:30:41 GMT" time="18.107" errors="0">
  <testcase name="CreditFormDownloadAPI" time="12.048" classname="com.arcapi.Transittestcases.CreditFormDownloadAPITest"/>
  <testcase name="CreditFormDownloadAPI" time="6.059" classname="com.arcapi.Transittestcases.CreditFormDownloadAPITest"/>
</testsuite> <!-- com.arcapi.Transittestcases.CreditFormDownloadAPITest -->
