<?xml version="1.0" encoding="UTF-8"?>
<!-- Generated by org.testng.reporters.JUnitReportReporter -->
<testsuite hostname="G10GGNLT052" name="com.arcapi.Buildingtestcases.ElectricityMeterDeleteAPITest" tests="1" failures="0" timestamp="11 Oct 2019 08:57:39 GMT" time="20.515" errors="0">
  <testcase name="MeterDeleteAPI" time="20.515" classname="com.arcapi.Buildingtestcases.ElectricityMeterDeleteAPITest"/>
</testsuite> <!-- com.arcapi.Buildingtestcases.ElectricityMeterDeleteAPITest -->
