<?xml version="1.0" encoding="UTF-8"?>
<!-- Generated by org.testng.reporters.JUnitReportReporter -->
<testsuite hostname="G10GGNLT052" name="com.arcapi.Common.FuelCategoryAPITest" tests="1" failures="0" timestamp="10 Oct 2019 08:21:46 GMT" time="1.994" errors="0">
  <testcase name="FuelCategoryAPI" time="1.994" classname="com.arcapi.Common.FuelCategoryAPITest"/>
</testsuite> <!-- com.arcapi.Common.FuelCategoryAPITest -->
