<?xml version="1.0" encoding="UTF-8"?>
<!-- Generated by org.testng.reporters.JUnitReportReporter -->
<testsuite hostname="G10GGNLT052" name="com.arcapi.release1_18testcases.MetersAPIAreaTest" tests="1" failures="0" timestamp="23 Oct 2019 04:30:44 GMT" time="1.692" errors="0">
  <testcase name="MetersAPI" time="1.692" classname="com.arcapi.release1_18testcases.MetersAPIAreaTest"/>
</testsuite> <!-- com.arcapi.release1_18testcases.MetersAPIAreaTest -->
