<?xml version="1.0" encoding="UTF-8"?>
<!-- Generated by org.testng.reporters.JUnitReportReporter -->
<testsuite skipped="0" hostname="G10GNLT041" name="com.arcapi.Citytestcases.VerifyAgreementPresentAPITest" tests="2" failures="0" timestamp="17 Jun 2019 08:07:16 GMT" time="7.502" errors="0">
  <testcase name="VerifyAgreementPresentAPI" time="3.816" classname="com.arcapi.Citytestcases.VerifyAgreementPresentAPITest"/>
  <testcase name="VerifyAgreementPresentAPI" time="3.686" classname="com.arcapi.Citytestcases.VerifyAgreementPresentAPITest"/>
</testsuite> <!-- com.arcapi.Citytestcases.VerifyAgreementPresentAPITest -->
