<?xml version="1.0" encoding="UTF-8"?>
<!-- Generated by org.testng.reporters.JUnitReportReporter -->
<testsuite skipped="0" hostname="G10GNLT041" name="com.arcapi.Transittestcases.AssetTeamMemberUpdateAPITest" tests="2" failures="0" timestamp="17 Jun 2019 09:30:40 GMT" time="10.245" errors="0">
  <testcase name="AssetTeamMemberUpdateAPI" time="3.586" classname="com.arcapi.Transittestcases.AssetTeamMemberUpdateAPITest"/>
  <testcase name="AssetTeamMemberUpdateAPI" time="6.659" classname="com.arcapi.Transittestcases.AssetTeamMemberUpdateAPITest"/>
</testsuite> <!-- com.arcapi.Transittestcases.AssetTeamMemberUpdateAPITest -->
