<?xml version="1.0" encoding="UTF-8"?>
<!-- Generated by org.testng.reporters.JUnitReportReporter -->
<testsuite hostname="G10GGNLT052" name="com.arcapi.Transittestcases.VerifyAssetDetailAPITest" tests="1" failures="0" timestamp="20 Sep 2019 07:00:23 GMT" time="3.597" errors="0">
  <testcase name="VerifyAssetDetailAPI" time="3.597" classname="com.arcapi.Transittestcases.VerifyAssetDetailAPITest"/>
</testsuite> <!-- com.arcapi.Transittestcases.VerifyAssetDetailAPITest -->
