<?xml version="1.0" encoding="UTF-8"?>
<!-- Generated by org.testng.reporters.JUnitReportReporter -->
<testsuite hostname="G10GGNLT052" name="com.arcapi.Leedv4Testcases.VerifyActivityWaterDataInputAPITest" tests="1" failures="0" timestamp="22 Oct 2019 10:35:10 GMT" time="1.608" errors="0">
  <testcase name="VerifyActivityWaterDataInputAPI" time="1.608" classname="com.arcapi.Leedv4Testcases.VerifyActivityWaterDataInputAPITest"/>
</testsuite> <!-- com.arcapi.Leedv4Testcases.VerifyActivityWaterDataInputAPITest -->
