<?xml version="1.0" encoding="UTF-8"?>
<!-- Generated by org.testng.reporters.JUnitReportReporter -->
<testsuite skipped="0" hostname="G10GNLT041" name="com.arcapi.Parksmarttestcases.SignAgreementRegistrationManualTest" tests="3" failures="0" timestamp="19 Sep 2018 09:47:26 GMT" time="193.682" errors="0">
  <testcase name="SignAgreementRegistrationAPI" time="59.078" classname="com.arcapi.Parksmarttestcases.SignAgreementRegistrationManualTest"/>
  <testcase name="SignAgreementRegistrationAPI" time="71.503" classname="com.arcapi.Parksmarttestcases.SignAgreementRegistrationManualTest"/>
  <testcase name="SignAgreementRegistrationAPI" time="63.101" classname="com.arcapi.Parksmarttestcases.SignAgreementRegistrationManualTest"/>
</testsuite> <!-- com.arcapi.Parksmarttestcases.SignAgreementRegistrationManualTest -->
