<?xml version="1.0" encoding="UTF-8"?>
<!-- Generated by org.testng.reporters.JUnitReportReporter -->
<testsuite hostname="G10GGNLT052" name="com.arcapi.Citytestcases.AssetListAPITest" tests="1" failures="0" timestamp="14 Aug 2019 08:09:03 GMT" time="2.942" errors="0">
  <testcase name="AssetListAPI" time="2.942" classname="com.arcapi.Citytestcases.AssetListAPITest"/>
</testsuite> <!-- com.arcapi.Citytestcases.AssetListAPITest -->
