<?xml version="1.0" encoding="UTF-8"?>
<!-- Generated by org.testng.reporters.JUnitReportReporter -->
<testsuite hostname="G10GGNLT052" name="com.arcapi.CompleteDataValidationNoPayloadTestcases.PortfoliosAssetDetailPUTAPITest" tests="1" failures="0" timestamp="10 Sep 2019 14:33:25 GMT" time="2.361" errors="0">
  <testcase name="PortfoliosAssetDetailPUTAPI" time="2.361" classname="com.arcapi.CompleteDataValidationNoPayloadTestcases.PortfoliosAssetDetailPUTAPITest"/>
</testsuite> <!-- com.arcapi.CompleteDataValidationNoPayloadTestcases.PortfoliosAssetDetailPUTAPITest -->
