<?xml version="1.0" encoding="UTF-8"?>
<!-- Generated by org.testng.reporters.JUnitReportReporter -->
<testsuite hostname="G10GGNLT052" name="com.arcapi.Buildingtestcases.GhgCalcGetTest" tests="1" failures="0" timestamp="5 Nov 2019 05:13:46 GMT" time="1.395" errors="0">
  <testcase name="GhgCalcGet" time="1.395" classname="com.arcapi.Buildingtestcases.GhgCalcGetTest"/>
</testsuite> <!-- com.arcapi.Buildingtestcases.GhgCalcGetTest -->
