<?xml version="1.0" encoding="UTF-8"?>
<!-- Generated by org.testng.reporters.JUnitReportReporter -->
<testsuite hostname="G10GGNLT052" name="com.arcapi.Scoretestcases.version2.RecomputePerformanceScoreGetTest" tests="1" failures="0" timestamp="19 Sep 2019 08:28:16 GMT" time="2.582" errors="0">
  <testcase name="RecomputePerformanceScoreGet" time="2.582" classname="com.arcapi.Scoretestcases.version2.RecomputePerformanceScoreGetTest"/>
</testsuite> <!-- com.arcapi.Scoretestcases.version2.RecomputePerformanceScoreGetTest -->
