<?xml version="1.0" encoding="UTF-8"?>
<!-- Generated by org.testng.reporters.JUnitReportReporter -->
<testsuite hostname="G10GGNLT052" name="com.arcapi.Buildingtestcases.ElectricityMeterCreateAPITest" tests="1" failures="0" timestamp="7 Nov 2019 06:53:23 GMT" time="17.683" errors="0">
  <testcase name="ElectricityMeterCreateAPI" time="17.683" classname="com.arcapi.Buildingtestcases.ElectricityMeterCreateAPITest"/>
</testsuite> <!-- com.arcapi.Buildingtestcases.ElectricityMeterCreateAPITest -->
