<?xml version="1.0" encoding="UTF-8"?>
<!-- Generated by org.testng.reporters.JUnitReportReporter -->
<testsuite hostname="G10GGNLT052" name="com.arcapi.Leedv4Testcases.HumanExperienceMeterUpdateAPITest" tests="1" failures="0" timestamp="10 Oct 2019 06:11:36 GMT" time="103.066" errors="0">
  <testcase name="HumanExperienceMeterUpdateAPI" time="103.066" classname="com.arcapi.Leedv4Testcases.HumanExperienceMeterUpdateAPITest"/>
</testsuite> <!-- com.arcapi.Leedv4Testcases.HumanExperienceMeterUpdateAPITest -->
