<?xml version="1.0" encoding="UTF-8"?>
<!-- Generated by org.testng.reporters.JUnitReportReporter -->
<testsuite hostname="G10GGNLT052" name="com.arcapi.Common.AssetNotificationSubscriptionListTest" tests="1" failures="0" timestamp="20 Sep 2019 07:00:22 GMT" time="2.097" errors="0">
  <testcase name="AssetNotificationSubscriptionList" time="2.097" classname="com.arcapi.Common.AssetNotificationSubscriptionListTest"/>
</testsuite> <!-- com.arcapi.Common.AssetNotificationSubscriptionListTest -->
