<?xml version="1.0" encoding="UTF-8"?>
<!-- Generated by org.testng.reporters.JUnitReportReporter -->
<testsuite hostname="G10GGNLT052" name="com.arcapi.Buildingtestcases.VerifyAssetDetailAPITest" tests="1" failures="0" timestamp="8 Nov 2019 05:07:33 GMT" time="1.945" errors="0">
  <testcase name="VerifyAssetDetailAPI" time="1.945" classname="com.arcapi.Buildingtestcases.VerifyAssetDetailAPITest"/>
</testsuite> <!-- com.arcapi.Buildingtestcases.VerifyAssetDetailAPITest -->
