<?xml version="1.0" encoding="UTF-8"?>
<!-- Generated by org.testng.reporters.JUnitReportReporter -->
<testsuite hostname="G10GGNLT052" name="com.arcapi.Common.TransitSurveyExportAPITest" tests="1" failures="0" timestamp="5 Nov 2019 05:13:46 GMT" time="3.549" errors="0">
  <testcase name="TransitSurveyExportAPI" time="3.549" classname="com.arcapi.Common.TransitSurveyExportAPITest"/>
</testsuite> <!-- com.arcapi.Common.TransitSurveyExportAPITest -->
