<?xml version="1.0" encoding="UTF-8"?>
<!-- Generated by org.testng.reporters.JUnitReportReporter -->
<testsuite skipped="0" hostname="G10GNLT041" name="com.arcapi.ScenarioBasedTestcases.CreateAssetBuildingOtherAPITest" tests="1" failures="0" timestamp="31 Mar 2019 20:21:05 GMT" time="17.195" errors="0">
  <testcase name="CreateAssetPOSTAPI" time="17.195" classname="com.arcapi.ScenarioBasedTestcases.CreateAssetBuildingOtherAPITest"/>
</testsuite> <!-- com.arcapi.ScenarioBasedTestcases.CreateAssetBuildingOtherAPITest -->
