<?xml version="1.0" encoding="UTF-8"?>
<!-- Generated by org.testng.reporters.JUnitReportReporter -->
<testsuite hostname="G10GGNLT052" name="com.arcapi.Portfoliostestcases.PortfoliosTeamsPUTAPITest" tests="1" failures="0" timestamp="20 Sep 2019 06:16:39 GMT" time="1.870" errors="0">
  <testcase name="PortfoliosTeamsPUTAPI" time="1.870" classname="com.arcapi.Portfoliostestcases.PortfoliosTeamsPUTAPITest"/>
</testsuite> <!-- com.arcapi.Portfoliostestcases.PortfoliosTeamsPUTAPITest -->
