<?xml version="1.0" encoding="UTF-8"?>
<!-- Generated by org.testng.reporters.JUnitReportReporter -->
<testsuite hostname="G10GGNLT052" name="com.arcapi.Buildingtestcases.GhgCalcGetTest" tests="1" failures="0" timestamp="10 Sep 2019 13:39:53 GMT" time="1.972" errors="0">
  <testcase name="GhgCalcGet" time="1.972" classname="com.arcapi.Buildingtestcases.GhgCalcGetTest"/>
</testsuite> <!-- com.arcapi.Buildingtestcases.GhgCalcGetTest -->
