<?xml version="1.0" encoding="UTF-8"?>
<!-- Generated by org.testng.reporters.JUnitReportReporter -->
<testsuite skipped="0" hostname="G10GNLT041" name="com.arcapi.Buildingtestcases.ConsumptionCreatePOSTEmissionTest" tests="1" failures="0" timestamp="21 Jun 2019 04:40:32 GMT" time="14.400" errors="0">
  <testcase name="ConsumptionCreatePOSTAPI" time="14.400" classname="com.arcapi.Buildingtestcases.ConsumptionCreatePOSTEmissionTest"/>
</testsuite> <!-- com.arcapi.Buildingtestcases.ConsumptionCreatePOSTEmissionTest -->
