<?xml version="1.0" encoding="UTF-8"?>
<!-- Generated by org.testng.reporters.JUnitReportReporter -->
<testsuite hostname="G10GGNLT052" name="com.arcapi.Buildingtestcases.AnalysisDataEmissionAfterDecreaseTest" tests="1" failures="0" timestamp="10 Sep 2019 07:02:27 GMT" time="31.750" errors="0">
  <testcase name="AnalysisDataEmissionAfterDecrease" time="31.750" classname="com.arcapi.Buildingtestcases.AnalysisDataEmissionAfterDecreaseTest"/>
</testsuite> <!-- com.arcapi.Buildingtestcases.AnalysisDataEmissionAfterDecreaseTest -->
