<?xml version="1.0" encoding="UTF-8"?>
<!-- Generated by org.testng.reporters.JUnitReportReporter -->
<testsuite hostname="G10GGNLT052" name="com.arcapi.Buildingtestcases.AssetGetDoccumentIDAPITest" tests="1" failures="0" timestamp="19 Dec 2019 09:25:58 GMT" time="2.487" errors="0">
  <testcase name="AssetGetDoccumentIDAPI" time="2.487" classname="com.arcapi.Buildingtestcases.AssetGetDoccumentIDAPITest"/>
</testsuite> <!-- com.arcapi.Buildingtestcases.AssetGetDoccumentIDAPITest -->
