<?xml version="1.0" encoding="UTF-8"?>
<!-- Generated by org.testng.reporters.JUnitReportReporter -->
<testsuite skipped="0" hostname="G10GNLT041" name="com.arcapi.TrailFlowtestcases.Community.InstallAllAppsAPITest" tests="1" failures="0" timestamp="08 Feb 2019 07:12:11 GMT" time="5.935" errors="0">
  <testcase name="InstallAllAppsAPI" time="5.935" classname="com.arcapi.TrailFlowtestcases.Community.InstallAllAppsAPITest"/>
</testsuite> <!-- com.arcapi.TrailFlowtestcases.Community.InstallAllAppsAPITest -->
