<?xml version="1.0" encoding="UTF-8"?>
<!-- Generated by org.testng.reporters.JUnitReportReporter -->
<testsuite hostname="G10GGNLT052" name="com.arcapi.Buildingtestcases.ConsumptionUpdateEmissionDecreaseAPITest" tests="1" failures="0" timestamp="10 Sep 2019 07:02:27 GMT" time="1.549" errors="0">
  <testcase name="ConsumptionUpdateEmissionDecreaseAPI" time="1.549" classname="com.arcapi.Buildingtestcases.ConsumptionUpdateEmissionDecreaseAPITest"/>
</testsuite> <!-- com.arcapi.Buildingtestcases.ConsumptionUpdateEmissionDecreaseAPITest -->
