<?xml version="1.0" encoding="UTF-8"?>
<!-- Generated by org.testng.reporters.JUnitReportReporter -->
<testsuite hostname="G10GGNLT052" name="com.arcapi.Portfoliostestcases.PortfoliosGoalsUpdateAPITest" tests="1" failures="0" timestamp="20 Sep 2019 06:16:38 GMT" time="2.304" errors="0">
  <testcase name="PortfoliosGoalsUpdateAPI" time="2.304" classname="com.arcapi.Portfoliostestcases.PortfoliosGoalsUpdateAPITest"/>
</testsuite> <!-- com.arcapi.Portfoliostestcases.PortfoliosGoalsUpdateAPITest -->
