<?xml version="1.0" encoding="UTF-8"?>
<!-- Generated by org.testng.reporters.JUnitReportReporter -->
<testsuite hostname="G10GGNLT052" name="com.arcapi.CompleteDataValidationNoPayloadTestcases.ConsumptionUpdatePUTAPITest" tests="1" failures="0" timestamp="13 Aug 2019 07:30:04 GMT" time="1.697" errors="0">
  <testcase name="ConsumptionUpdatePUTAPI" time="1.697" classname="com.arcapi.CompleteDataValidationNoPayloadTestcases.ConsumptionUpdatePUTAPITest"/>
</testsuite> <!-- com.arcapi.CompleteDataValidationNoPayloadTestcases.ConsumptionUpdatePUTAPITest -->
