<?xml version="1.0" encoding="UTF-8"?>
<!-- Generated by org.testng.reporters.JUnitReportReporter -->
<testsuite hostname="G10GGNLT052" name="com.arcapi.Common.AssetArcProjectAdminAddPOSTAPITest" tests="1" failures="0" timestamp="10 Oct 2019 08:21:45 GMT" time="1.743" errors="0">
  <testcase name="AssetTeamMemberAddPOSTAPI" time="1.743" classname="com.arcapi.Common.AssetArcProjectAdminAddPOSTAPITest"/>
</testsuite> <!-- com.arcapi.Common.AssetArcProjectAdminAddPOSTAPITest -->
