<?xml version="1.0" encoding="UTF-8"?>
<!-- Generated by org.testng.reporters.JUnitReportReporter -->
<testsuite skipped="0" hostname="G10GNLT041" name="com.arcapi.Citytestcases.ReviewCertificationPricingAPITest" tests="2" failures="0" timestamp="17 Jun 2019 08:07:17 GMT" time="8.315" errors="0">
  <testcase name="ReviewCertificationPricingAPI" time="4.109" classname="com.arcapi.Citytestcases.ReviewCertificationPricingAPITest"/>
  <testcase name="ReviewCertificationPricingAPI" time="4.206" classname="com.arcapi.Citytestcases.ReviewCertificationPricingAPITest"/>
</testsuite> <!-- com.arcapi.Citytestcases.ReviewCertificationPricingAPITest -->
