<?xml version="1.0" encoding="UTF-8"?>
<!-- Generated by org.testng.reporters.JUnitReportReporter -->
<testsuite hostname="G10GGNLT052" name="com.arcapi.Buildingtestcases.TransitSurveyCreatePOSTAPITest" tests="1" failures="0" timestamp="5 Aug 2019 04:54:13 GMT" time="3.220" errors="0">
  <testcase name="TransitSurveyCreatePOSTAPI" time="3.220" classname="com.arcapi.Buildingtestcases.TransitSurveyCreatePOSTAPITest"/>
</testsuite> <!-- com.arcapi.Buildingtestcases.TransitSurveyCreatePOSTAPITest -->
