<?xml version="1.0" encoding="UTF-8"?>
<!-- Generated by org.testng.reporters.JUnitReportReporter -->
<testsuite skipped="0" hostname="G10GNLT041" name="com.arcapi.Citytestcases.CreditGetAPITest" tests="2" failures="0" timestamp="17 Jun 2019 08:07:17 GMT" time="16.614" errors="0">
  <testcase name="CreditGetAPI" time="8.825" classname="com.arcapi.Citytestcases.CreditGetAPITest"/>
  <testcase name="CreditGetAPI" time="7.789" classname="com.arcapi.Citytestcases.CreditGetAPITest"/>
</testsuite> <!-- com.arcapi.Citytestcases.CreditGetAPITest -->
