<?xml version="1.0" encoding="UTF-8"?>
<!-- Generated by org.testng.reporters.JUnitReportReporter -->
<testsuite hostname="G10GGNLT052" name="com.arcapi.Common.MeasureCommentQuerySetGetAPITest" tests="1" failures="0" timestamp="27 Sep 2019 05:35:20 GMT" time="1.904" errors="0">
  <testcase name="MeasureCommentQuerySetGetAPI" time="1.904" classname="com.arcapi.Common.MeasureCommentQuerySetGetAPITest"/>
</testsuite> <!-- com.arcapi.Common.MeasureCommentQuerySetGetAPITest -->
