<?xml version="1.0" encoding="UTF-8"?>
<!-- Generated by org.testng.reporters.JUnitReportReporter -->
<testsuite hostname="G10GGNLT052" name="com.arcapi.Common.ScoreVersionUserNotificationDeleteAPITest" tests="1" failures="0" timestamp="10 Oct 2019 08:21:47 GMT" time="2.650" errors="0">
  <testcase name="ScoreVersionUserNotificationDeleteAPI" time="2.650" classname="com.arcapi.Common.ScoreVersionUserNotificationDeleteAPITest"/>
</testsuite> <!-- com.arcapi.Common.ScoreVersionUserNotificationDeleteAPITest -->
