<?xml version="1.0" encoding="UTF-8"?>
<!-- Generated by org.testng.reporters.JUnitReportReporter -->
<testsuite hostname="G10GGNLT052" name="com.arcapi.Common.VerifyProjectRegisteredAssetListTest" tests="1" failures="0" timestamp="18 Sep 2019 07:29:31 GMT" time="3.152" errors="0">
  <testcase name="VerifyProjectRegisteredAssetList" time="3.152" classname="com.arcapi.Common.VerifyProjectRegisteredAssetListTest"/>
</testsuite> <!-- com.arcapi.Common.VerifyProjectRegisteredAssetListTest -->
