<?xml version="1.0" encoding="UTF-8"?>
<!-- Generated by org.testng.reporters.JUnitReportReporter -->
<testsuite hostname="G10GGNLT052" name="com.arcapi.Common.WasteDivertedResampleGETAPITest" tests="1" failures="0" timestamp="27 Sep 2019 05:35:20 GMT" time="1.428" errors="0">
  <testcase name="WasteDivertedResampleGETAPI" time="1.428" classname="com.arcapi.Common.WasteDivertedResampleGETAPITest"/>
</testsuite> <!-- com.arcapi.Common.WasteDivertedResampleGETAPITest -->
