<?xml version="1.0" encoding="UTF-8"?>
<!-- Generated by org.testng.reporters.JUnitReportReporter -->
<testsuite hostname="G10GGNLT052" name="com.arcapi.Transittestcases.VerifyAgreementDeleteAPITest" tests="1" failures="0" timestamp="1 Oct 2019 04:55:54 GMT" time="1.643" errors="0">
  <testcase name="VerifyAgreementDeleteAPI" time="1.643" classname="com.arcapi.Transittestcases.VerifyAgreementDeleteAPITest"/>
</testsuite> <!-- com.arcapi.Transittestcases.VerifyAgreementDeleteAPITest -->
