<?xml version="1.0" encoding="UTF-8"?>
<!-- Generated by org.testng.reporters.JUnitReportReporter -->
<testsuite hostname="G10GGNLT052" name="com.arcapi.Transittestcases.TransitSurveyCreatePOSTAPITest" tests="1" failures="0" timestamp="9 Sep 2019 14:17:21 GMT" time="2.307" errors="0">
  <testcase name="TransitSurveyCreatePOSTAPI" time="2.307" classname="com.arcapi.Transittestcases.TransitSurveyCreatePOSTAPITest"/>
</testsuite> <!-- com.arcapi.Transittestcases.TransitSurveyCreatePOSTAPITest -->
