<?xml version="1.0" encoding="UTF-8"?>
<!-- Generated by org.testng.reporters.JUnitReportReporter -->
<testsuite hostname="G10GGNLT052" name="com.arcapi.Common.PerformanceComparablesGetAPITest" tests="1" failures="0" timestamp="10 Oct 2019 08:21:45 GMT" time="2.204" errors="0">
  <testcase name="PerformanceComparablesGetAPI" time="2.204" classname="com.arcapi.Common.PerformanceComparablesGetAPITest"/>
</testsuite> <!-- com.arcapi.Common.PerformanceComparablesGetAPITest -->
