<?xml version="1.0" encoding="UTF-8"?>
<!-- Generated by org.testng.reporters.JUnitReportReporter -->
<testsuite skipped="0" hostname="G10GNLT041" name="com.arcapi.Buildingtestcases.CreateAssetBuildingOtherAPITest" tests="2" failures="0" timestamp="21 Jun 2019 06:10:21 GMT" time="38.954" errors="0">
  <testcase name="CreateAssetPOSTAPI" time="22.175" classname="com.arcapi.Buildingtestcases.CreateAssetBuildingOtherAPITest"/>
  <testcase name="CreateAssetPOSTAPI" time="16.779" classname="com.arcapi.Buildingtestcases.CreateAssetBuildingOtherAPITest"/>
</testsuite> <!-- com.arcapi.Buildingtestcases.CreateAssetBuildingOtherAPITest -->
