<?xml version="1.0" encoding="UTF-8"?>
<!-- Generated by org.testng.reporters.JUnitReportReporter -->
<testsuite hostname="G10GGNLT052" name="com.arcapi.Scoretestcases.version3.CityWaterGetTest" tests="1" failures="0" timestamp="22 Oct 2019 10:28:09 GMT" time="1.782" errors="0">
  <testcase name="CityWaterGet" time="1.782" classname="com.arcapi.Scoretestcases.version3.CityWaterGetTest"/>
</testsuite> <!-- com.arcapi.Scoretestcases.version3.CityWaterGetTest -->
