<?xml version="1.0" encoding="UTF-8"?>
<!-- Generated by org.testng.reporters.JUnitReportReporter -->
<testsuite hostname="G10GGNLT052" name="com.arcapi.release1_18testcases.AssetDetailQueryParamCategoryAPITest" tests="1" failures="0" timestamp="9 Oct 2019 04:36:42 GMT" time="39.797" errors="0">
  <testcase name="AssetDetailQueryParamCategoryAPI" time="39.797" classname="com.arcapi.release1_18testcases.AssetDetailQueryParamCategoryAPITest"/>
</testsuite> <!-- com.arcapi.release1_18testcases.AssetDetailQueryParamCategoryAPITest -->
