<?xml version="1.0" encoding="UTF-8"?>
<!-- Generated by org.testng.reporters.JUnitReportReporter -->
<testsuite hostname="G10GGNLT052" name="com.arcapi.Common.RecomputePerformanceScoreGetTest" tests="1" failures="0" timestamp="20 Sep 2019 07:00:22 GMT" time="9.330" errors="0">
  <testcase name="RecomputePerformanceScoreGet" time="9.330" classname="com.arcapi.Common.RecomputePerformanceScoreGetTest"/>
</testsuite> <!-- com.arcapi.Common.RecomputePerformanceScoreGetTest -->
