<?xml version="1.0" encoding="UTF-8"?>
<!-- Generated by org.testng.reporters.JUnitReportReporter -->
<testsuite hostname="G10GGNLT052" name="com.arcapi.Common.LOTokenAPITest" tests="1" failures="0" timestamp="10 Sep 2019 13:39:53 GMT" time="2.795" errors="0">
  <testcase name="LOTokenAPI" time="2.795" classname="com.arcapi.Common.LOTokenAPITest"/>
</testsuite> <!-- com.arcapi.Common.LOTokenAPITest -->
