<?xml version="1.0" encoding="UTF-8"?>
<!-- Generated by org.testng.reporters.JUnitReportReporter -->
<testsuite skipped="6" hostname="G10GNLT041" name="com.arcapi.Leedv4Testcases.S3DocumentListAPITest" tests="6" failures="0" timestamp="27 Jun 2019 06:25:53 GMT" time="0.000" errors="0">
  <testcase name="S3DocumentListAPI" time="0.000" classname="com.arcapi.Leedv4Testcases.S3DocumentListAPITest">
    <skipped/>
  </testcase> <!-- S3DocumentListAPI -->
  <testcase name="S3DocumentListAPI" time="0.000" classname="com.arcapi.Leedv4Testcases.S3DocumentListAPITest">
    <skipped/>
  </testcase> <!-- S3DocumentListAPI -->
  <testcase name="S3DocumentListAPI" time="0.000" classname="com.arcapi.Leedv4Testcases.S3DocumentListAPITest">
    <skipped/>
  </testcase> <!-- S3DocumentListAPI -->
  <testcase name="S3DocumentListAPI" time="0.000" classname="com.arcapi.Leedv4Testcases.S3DocumentListAPITest">
    <skipped/>
  </testcase> <!-- S3DocumentListAPI -->
  <testcase name="S3DocumentListAPI" time="0.000" classname="com.arcapi.Leedv4Testcases.S3DocumentListAPITest">
    <skipped/>
  </testcase> <!-- S3DocumentListAPI -->
  <testcase name="S3DocumentListAPI" time="0.000" classname="com.arcapi.Leedv4Testcases.S3DocumentListAPITest">
    <skipped/>
  </testcase> <!-- S3DocumentListAPI -->
</testsuite> <!-- com.arcapi.Leedv4Testcases.S3DocumentListAPITest -->
