<?xml version="1.0" encoding="UTF-8"?>
<!-- Generated by org.testng.reporters.JUnitReportReporter -->
<testsuite hostname="G10GGNLT052" name="com.arcapi.Portfoliostestcases.PortfoliosAssetPostAPITest" tests="2" failures="0" timestamp="13 Aug 2019 09:34:17 GMT" time="3.691" errors="0">
  <testcase name="PortfoliosAssetPostAPI" time="1.979" classname="com.arcapi.Portfoliostestcases.PortfoliosAssetPostAPITest"/>
  <testcase name="CreatePortfoliosAsset2PostAPI" time="1.712" classname="com.arcapi.Portfoliostestcases.PortfoliosAssetPostAPITest"/>
</testsuite> <!-- com.arcapi.Portfoliostestcases.PortfoliosAssetPostAPITest -->
