<?xml version="1.0" encoding="UTF-8"?>
<!-- Generated by org.testng.reporters.JUnitReportReporter -->
<testsuite skipped="0" hostname="G10GNLT041" name="com.arcapi.TrailFlowtestcases.Community.VerifyProjectRegisteredAssetListTest" tests="1" failures="0" timestamp="06 Feb 2019 06:31:33 GMT" time="2.376" errors="0">
  <testcase name="VerifyProjectRegisteredAssetList" time="2.376" classname="com.arcapi.TrailFlowtestcases.Community.VerifyProjectRegisteredAssetListTest"/>
</testsuite> <!-- com.arcapi.TrailFlowtestcases.Community.VerifyProjectRegisteredAssetListTest -->
