<?xml version="1.0" encoding="UTF-8"?>
<!-- Generated by org.testng.reporters.JUnitReportReporter -->
<testsuite hostname="G10GGNLT052" name="com.arcapi.Common.AssetCertificationPOSTAPITest" tests="1" failures="0" timestamp="7 Oct 2019 08:08:23 GMT" time="1.427" errors="0">
  <testcase name="AssetCertificationPOSTAPI" time="1.427" classname="com.arcapi.Common.AssetCertificationPOSTAPITest"/>
</testsuite> <!-- com.arcapi.Common.AssetCertificationPOSTAPITest -->
