<?xml version="1.0" encoding="UTF-8"?>
<!-- Generated by org.testng.reporters.JUnitReportReporter -->
<testsuite skipped="0" hostname="G10GNLT041" name="com.arcapi.Citytestcases.NotificationSubscriptionDetailGetTest" tests="2" failures="0" timestamp="17 Jun 2019 08:07:16 GMT" time="6.277" errors="0">
  <testcase name="NotificationSubscriptionDetail" time="3.292" classname="com.arcapi.Citytestcases.NotificationSubscriptionDetailGetTest"/>
  <testcase name="NotificationSubscriptionDetail" time="2.985" classname="com.arcapi.Citytestcases.NotificationSubscriptionDetailGetTest"/>
</testsuite> <!-- com.arcapi.Citytestcases.NotificationSubscriptionDetailGetTest -->
