<?xml version="1.0" encoding="UTF-8"?>
<!-- Generated by org.testng.reporters.JUnitReportReporter -->
<testsuite skipped="0" hostname="G10GNLT041" name="com.arcapi.Transittestcases.WasteGetAPITest" tests="2" failures="0" timestamp="17 Jun 2019 09:30:41 GMT" time="7.282" errors="0">
  <testcase name="WasteGetAPI" time="4.215" classname="com.arcapi.Transittestcases.WasteGetAPITest"/>
  <testcase name="WasteGetAPI" time="3.067" classname="com.arcapi.Transittestcases.WasteGetAPITest"/>
</testsuite> <!-- com.arcapi.Transittestcases.WasteGetAPITest -->
