<?xml version="1.0" encoding="UTF-8"?>
<!-- Generated by org.testng.reporters.JUnitReportReporter -->
<testsuite hostname="G10GGNLT052" name="com.arcapi.Common.V2.ResampledImprovement_ScoreGetAPITest" tests="1" failures="0" timestamp="10 Oct 2019 08:21:47 GMT" time="2.446" errors="0">
  <testcase name="ResampledImprovement_ScoreGetAPI" time="2.446" classname="com.arcapi.Common.V2.ResampledImprovement_ScoreGetAPITest"/>
</testsuite> <!-- com.arcapi.Common.V2.ResampledImprovement_ScoreGetAPITest -->
