<?xml version="1.0" encoding="UTF-8"?>
<!-- Generated by org.testng.reporters.JUnitReportReporter -->
<testsuite hostname="G10GGNLT052" name="com.arcapi.Portfoliostestcases.V2PortfoliosAssetPostAPITest" tests="1" failures="0" timestamp="16 Oct 2019 04:59:55 GMT" time="2.778" errors="0">
  <testcase name="PortfoliosAssetPostAPI" time="2.778" classname="com.arcapi.Portfoliostestcases.V2PortfoliosAssetPostAPITest"/>
</testsuite> <!-- com.arcapi.Portfoliostestcases.V2PortfoliosAssetPostAPITest -->
