<?xml version="1.0" encoding="UTF-8"?>
<!-- Generated by org.testng.reporters.JUnitReportReporter -->
<testsuite hostname="G10GGNLT052" name="com.arcapi.Buildingtestcases.ElectricityPurchasedFromGridCreatePOSTAPITest" tests="1" failures="0" timestamp="15 Nov 2019 09:39:22 GMT" time="3.842" errors="0">
  <testcase name="ElectricityPurchasedFromGridCreatePOST" time="3.842" classname="com.arcapi.Buildingtestcases.ElectricityPurchasedFromGridCreatePOSTAPITest"/>
</testsuite> <!-- com.arcapi.Buildingtestcases.ElectricityPurchasedFromGridCreatePOSTAPITest -->
