<?xml version="1.0" encoding="UTF-8"?>
<!-- Generated by org.testng.reporters.JUnitReportReporter -->
<testsuite hostname="G10GGNLT052" name="com.arcapi.Buildingtestcases.WasteDetailAPITest" tests="1" failures="0" timestamp="11 Sep 2019 10:39:59 GMT" time="2.014" errors="0">
  <testcase name="WasteDetailAPI" time="2.014" classname="com.arcapi.Buildingtestcases.WasteDetailAPITest"/>
</testsuite> <!-- com.arcapi.Buildingtestcases.WasteDetailAPITest -->
