<?xml version="1.0" encoding="UTF-8"?>
<!-- Generated by org.testng.reporters.JUnitReportReporter -->
<testsuite hostname="G10GGNLT052" name="com.arcapi.release1_18testcases.MetersAPITest" tests="1" failures="0" timestamp="16 Aug 2019 07:05:37 GMT" time="2.072" errors="0">
  <testcase name="MetersAPI" time="2.072" classname="com.arcapi.release1_18testcases.MetersAPITest"/>
</testsuite> <!-- com.arcapi.release1_18testcases.MetersAPITest -->
