<?xml version="1.0" encoding="UTF-8"?>
<!-- Generated by org.testng.reporters.JUnitReportReporter -->
<testsuite skipped="0" hostname="G10GNLT041" name="com.arcapi.Communitytestcases.AnalysisDataGetAPITest" tests="2" failures="0" timestamp="17 Jun 2019 09:30:41 GMT" time="7.869" errors="0">
  <testcase name="AnalysisDataGetAPI" time="3.949" classname="com.arcapi.Communitytestcases.AnalysisDataGetAPITest"/>
  <testcase name="AnalysisDataGetAPI" time="3.920" classname="com.arcapi.Communitytestcases.AnalysisDataGetAPITest"/>
</testsuite> <!-- com.arcapi.Communitytestcases.AnalysisDataGetAPITest -->
