<?xml version="1.0" encoding="UTF-8"?>
<!-- Generated by org.testng.reporters.JUnitReportReporter -->
<testsuite hostname="G10GGNLT052" name="com.arcapi.Common.Neg.ReturnReviewGetAPITest" tests="1" failures="0" timestamp="9 Oct 2019 09:03:48 GMT" time="2.212" errors="0">
  <testcase name="ReturnReviewGetAPI" time="2.212" classname="com.arcapi.Common.Neg.ReturnReviewGetAPITest"/>
</testsuite> <!-- com.arcapi.Common.Neg.ReturnReviewGetAPITest -->
