<?xml version="1.0" encoding="UTF-8"?>
<!-- Generated by org.testng.reporters.JUnitReportReporter -->
<testsuite hostname="G10GGNLT052" name="com.arcapi.Buildingtestcases.GhgMeanEmissionAfterIncreaseTest" tests="1" failures="0" timestamp="10 Sep 2019 07:02:27 GMT" time="11.694" errors="0">
  <testcase name="GhgMeanEmissionAfterIncrease" time="11.694" classname="com.arcapi.Buildingtestcases.GhgMeanEmissionAfterIncreaseTest"/>
</testsuite> <!-- com.arcapi.Buildingtestcases.GhgMeanEmissionAfterIncreaseTest -->
