<?xml version="1.0" encoding="UTF-8"?>
<!-- Generated by org.testng.reporters.JUnitReportReporter -->
<testsuite hostname="G10GGNLT052" name="com.arcapi.Common.V2.ResampledTransportAnalysisDataGetAPITest" tests="1" failures="0" timestamp="7 Oct 2019 08:53:30 GMT" time="1.979" errors="0">
  <testcase name="ResampledTransportAnalysisDataGetAPI" time="1.979" classname="com.arcapi.Common.V2.ResampledTransportAnalysisDataGetAPITest"/>
</testsuite> <!-- com.arcapi.Common.V2.ResampledTransportAnalysisDataGetAPITest -->
