<?xml version="1.0" encoding="UTF-8"?>
<!-- Generated by org.testng.reporters.JUnitReportReporter -->
<testsuite hostname="G10GGNLT052" name="com.arcapi.ScenarioBasedTestcases.LoginAPITest1" tests="2" failures="0" timestamp="13 Sep 2019 06:16:11 GMT" time="7.741" errors="0">
  <testcase name="LoginAPI" time="3.447" classname="com.arcapi.ScenarioBasedTestcases.LoginAPITest1"/>
  <testcase name="LoginAPI" time="4.294" classname="com.arcapi.ScenarioBasedTestcases.LoginAPITest1"/>
</testsuite> <!-- com.arcapi.ScenarioBasedTestcases.LoginAPITest1 -->
