<?xml version="1.0" encoding="UTF-8"?>
<!-- Generated by org.testng.reporters.JUnitReportReporter -->
<testsuite hostname="G10GGNLT052" name="com.arcapi.Common.ReviewCertificationPricingAPITest" tests="1" failures="0" timestamp="9 Sep 2019 14:17:21 GMT" time="3.140" errors="0">
  <testcase name="ReviewCertificationPricingAPI" time="3.140" classname="com.arcapi.Common.ReviewCertificationPricingAPITest"/>
</testsuite> <!-- com.arcapi.Common.ReviewCertificationPricingAPITest -->
