<?xml version="1.0" encoding="UTF-8"?>
<!-- Generated by org.testng.reporters.JUnitReportReporter -->
<testsuite skipped="0" hostname="G10GNLT041" name="com.arcapi.Transittestcases.AssetTeamPermissionPutAPITest" tests="2" failures="0" timestamp="17 Jun 2019 09:30:41 GMT" time="8.009" errors="0">
  <testcase name="AssetTeamPermissionPutAPI" time="4.996" classname="com.arcapi.Transittestcases.AssetTeamPermissionPutAPITest"/>
  <testcase name="AssetTeamPermissionPutAPI" time="3.013" classname="com.arcapi.Transittestcases.AssetTeamPermissionPutAPITest"/>
</testsuite> <!-- com.arcapi.Transittestcases.AssetTeamPermissionPutAPITest -->
