<?xml version="1.0" encoding="UTF-8"?>
<!-- Generated by org.testng.reporters.JUnitReportReporter -->
<testsuite hostname="G10GGNLT052" name="com.arcapi.Common.ScoreWeightsAPITest" tests="1" failures="0" timestamp="8 Nov 2019 05:07:34 GMT" time="1.361" errors="0">
  <testcase name="ScoreWeightsAPI" time="1.361" classname="com.arcapi.Common.ScoreWeightsAPITest"/>
</testsuite> <!-- com.arcapi.Common.ScoreWeightsAPITest -->
