<?xml version="1.0" encoding="UTF-8"?>
<!-- Generated by org.testng.reporters.JUnitReportReporter -->
<testsuite hostname="G10GGNLT052" name="com.arcapi.Buildingtestcases.ConsumptionCreatePOSTEmissionTest" tests="1" failures="0" timestamp="10 Sep 2019 07:02:27 GMT" time="1.796" errors="0">
  <testcase name="ConsumptionCreatePOSTAPI" time="1.796" classname="com.arcapi.Buildingtestcases.ConsumptionCreatePOSTEmissionTest"/>
</testsuite> <!-- com.arcapi.Buildingtestcases.ConsumptionCreatePOSTEmissionTest -->
