<?xml version="1.0" encoding="UTF-8"?>
<!-- Generated by org.testng.reporters.JUnitReportReporter -->
<testsuite hostname="G10GGNLT052" name="com.arcapi.Common.ThirdPartyListAppsAPITest" tests="1" failures="0" timestamp="26 Sep 2019 10:38:00 GMT" time="1.956" errors="0">
  <testcase name="ThirdPartyListAppsAPI" time="1.956" classname="com.arcapi.Common.ThirdPartyListAppsAPITest"/>
</testsuite> <!-- com.arcapi.Common.ThirdPartyListAppsAPITest -->
