<?xml version="1.0" encoding="UTF-8"?>
<!-- Generated by org.testng.reporters.JUnitReportReporter -->
<testsuite hostname="G10GGNLT052" name="com.arcapi.Transittestcases.VerifyWasteDataExcelAPITest" tests="1" failures="0" timestamp="9 Sep 2019 15:05:13 GMT" time="3.050" errors="0">
  <testcase name="VerifyWasteDataExcelAPI" time="3.050" classname="com.arcapi.Transittestcases.VerifyWasteDataExcelAPITest"/>
</testsuite> <!-- com.arcapi.Transittestcases.VerifyWasteDataExcelAPITest -->
