<?xml version="1.0" encoding="UTF-8"?>
<!-- Generated by org.testng.reporters.JUnitReportReporter -->
<testsuite skipped="6" hostname="G10GNLT041" name="com.arcapi.Leedv4Testcases.VerifyAgreementDeleteAPITest" tests="6" failures="0" timestamp="27 Jun 2019 06:25:53 GMT" time="0.000" errors="0">
  <testcase name="VerifyAgreementDeleteAPI" time="0.000" classname="com.arcapi.Leedv4Testcases.VerifyAgreementDeleteAPITest">
    <skipped/>
  </testcase> <!-- VerifyAgreementDeleteAPI -->
  <testcase name="VerifyAgreementDeleteAPI" time="0.000" classname="com.arcapi.Leedv4Testcases.VerifyAgreementDeleteAPITest">
    <skipped/>
  </testcase> <!-- VerifyAgreementDeleteAPI -->
  <testcase name="VerifyAgreementDeleteAPI" time="0.000" classname="com.arcapi.Leedv4Testcases.VerifyAgreementDeleteAPITest">
    <skipped/>
  </testcase> <!-- VerifyAgreementDeleteAPI -->
  <testcase name="VerifyAgreementDeleteAPI" time="0.000" classname="com.arcapi.Leedv4Testcases.VerifyAgreementDeleteAPITest">
    <skipped/>
  </testcase> <!-- VerifyAgreementDeleteAPI -->
  <testcase name="VerifyAgreementDeleteAPI" time="0.000" classname="com.arcapi.Leedv4Testcases.VerifyAgreementDeleteAPITest">
    <skipped/>
  </testcase> <!-- VerifyAgreementDeleteAPI -->
  <testcase name="VerifyAgreementDeleteAPI" time="0.000" classname="com.arcapi.Leedv4Testcases.VerifyAgreementDeleteAPITest">
    <skipped/>
  </testcase> <!-- VerifyAgreementDeleteAPI -->
</testsuite> <!-- com.arcapi.Leedv4Testcases.VerifyAgreementDeleteAPITest -->
