<?xml version="1.0" encoding="UTF-8"?>
<!-- Generated by org.testng.reporters.JUnitReportReporter -->
<testsuite hostname="G10GGNLT052" name="com.arcapi.Buildingtestcases.OtherFuelMeterCreateAPITest" tests="1" failures="0" timestamp="11 Sep 2019 05:28:10 GMT" time="514.500" errors="0">
  <testcase name="OtherFuelMeterCreateAPI" time="514.500" classname="com.arcapi.Buildingtestcases.OtherFuelMeterCreateAPITest"/>
</testsuite> <!-- com.arcapi.Buildingtestcases.OtherFuelMeterCreateAPITest -->
