<?xml version="1.0" encoding="UTF-8"?>
<!-- Generated by org.testng.reporters.JUnitReportReporter -->
<testsuite hostname="G10GGNLT052" name="com.arcapi.Buildingtestcases.AppVersionDetailAPITest" tests="1" failures="0" timestamp="4 Sep 2019 04:54:37 GMT" time="1.386" errors="0">
  <testcase name="AppVersionDetailAPI" time="1.386" classname="com.arcapi.Buildingtestcases.AppVersionDetailAPITest"/>
</testsuite> <!-- com.arcapi.Buildingtestcases.AppVersionDetailAPITest -->
