<?xml version="1.0" encoding="UTF-8"?>
<!-- Generated by org.testng.reporters.JUnitReportReporter -->
<testsuite hostname="G10GGNLT052" name="com.arcapi.Common.AssetNotificationSubscriptionPostTest" tests="1" failures="0" timestamp="22 Oct 2019 10:35:10 GMT" time="1.695" errors="0">
  <testcase name="AssetNotificationSubscriptionPost" time="1.695" classname="com.arcapi.Common.AssetNotificationSubscriptionPostTest"/>
</testsuite> <!-- com.arcapi.Common.AssetNotificationSubscriptionPostTest -->
