<?xml version="1.0" encoding="UTF-8"?>
<!-- Generated by org.testng.reporters.JUnitReportReporter -->
<testsuite hostname="G10GGNLT052" name="com.arcapi.Common.AssetTeamMemberRoleAPITest" tests="1" failures="0" timestamp="10 Sep 2019 13:39:52 GMT" time="3.043" errors="0">
  <testcase name="AssetTeamMemberRoleAPI" time="3.043" classname="com.arcapi.Common.AssetTeamMemberRoleAPITest"/>
</testsuite> <!-- com.arcapi.Common.AssetTeamMemberRoleAPITest -->
