<?xml version="1.0" encoding="UTF-8"?>
<!-- Generated by org.testng.reporters.JUnitReportReporter -->
<testsuite hostname="G10GGNLT052" name="com.arcapi.Transittestcases.AQIDataGetAPITest" tests="1" failures="0" timestamp="9 Sep 2019 15:05:12 GMT" time="1.768" errors="0">
  <testcase name="AQIDataGetAPI" time="1.768" classname="com.arcapi.Transittestcases.AQIDataGetAPITest"/>
</testsuite> <!-- com.arcapi.Transittestcases.AQIDataGetAPITest -->
