<?xml version="1.0" encoding="UTF-8"?>
<!-- Generated by org.testng.reporters.JUnitReportReporter -->
<testsuite skipped="0" hostname="G10GNLT041" name="com.arcapi.Communitytestcases.AssetSnapshotDownloadAPITest" tests="2" failures="0" timestamp="17 Jun 2019 09:30:41 GMT" time="35.177" errors="0">
  <testcase name="AssetSnapshotDownloadAPI" time="13.106" classname="com.arcapi.Communitytestcases.AssetSnapshotDownloadAPITest"/>
  <testcase name="AssetSnapshotDownloadAPI" time="22.071" classname="com.arcapi.Communitytestcases.AssetSnapshotDownloadAPITest"/>
</testsuite> <!-- com.arcapi.Communitytestcases.AssetSnapshotDownloadAPITest -->
