<?xml version="1.0" encoding="UTF-8"?>
<!-- Generated by org.testng.reporters.JUnitReportReporter -->
<testsuite skipped="0" hostname="G10GNLT041" name="com.arcapi.Transittestcases.AnalysisDataSubmitPOSTAPITest" tests="2" failures="0" timestamp="17 Jun 2019 09:30:40 GMT" time="30.547" errors="0">
  <testcase name="AnalysisDataSubmitPOSTAPI" time="17.743" classname="com.arcapi.Transittestcases.AnalysisDataSubmitPOSTAPITest"/>
  <testcase name="AnalysisDataSubmitPOSTAPI" time="12.804" classname="com.arcapi.Transittestcases.AnalysisDataSubmitPOSTAPITest"/>
</testsuite> <!-- com.arcapi.Transittestcases.AnalysisDataSubmitPOSTAPITest -->
