<?xml version="1.0" encoding="UTF-8"?>
<!-- Generated by org.testng.reporters.JUnitReportReporter -->
<testsuite hostname="G10GGNLT052" name="com.arcapi.Buildingtestcases.WaterConsumptionUpdateAPITest" tests="1" failures="0" timestamp="7 Oct 2019 14:00:33 GMT" time="68.089" errors="0">
  <testcase name="WaterConsumptionUpdateAPI" time="68.089" classname="com.arcapi.Buildingtestcases.WaterConsumptionUpdateAPITest"/>
</testsuite> <!-- com.arcapi.Buildingtestcases.WaterConsumptionUpdateAPITest -->
