<?xml version="1.0" encoding="UTF-8"?>
<!-- Generated by org.testng.reporters.JUnitReportReporter -->
<testsuite hostname="G10GGNLT052" name="com.arcapi.Transittestcases.VerifyAQIGraphValuesAPITest" tests="1" failures="0" timestamp="17 Oct 2019 07:26:51 GMT" time="2.258" errors="0">
  <testcase name="VerifyAQIGraphValuesAPI" time="2.258" classname="com.arcapi.Transittestcases.VerifyAQIGraphValuesAPITest"/>
</testsuite> <!-- com.arcapi.Transittestcases.VerifyAQIGraphValuesAPITest -->
