<?xml version="1.0" encoding="UTF-8"?>
<!-- Generated by org.testng.reporters.JUnitReportReporter -->
<testsuite skipped="0" hostname="G10GNLT041" name="com.arcapi.Communitytestcases.NotificationSubscriptionDetailGetTest" tests="2" failures="0" timestamp="17 Jun 2019 09:30:40 GMT" time="7.535" errors="0">
  <testcase name="NotificationSubscriptionDetail" time="4.001" classname="com.arcapi.Communitytestcases.NotificationSubscriptionDetailGetTest"/>
  <testcase name="NotificationSubscriptionDetail" time="3.534" classname="com.arcapi.Communitytestcases.NotificationSubscriptionDetailGetTest"/>
</testsuite> <!-- com.arcapi.Communitytestcases.NotificationSubscriptionDetailGetTest -->
