<?xml version="1.0" encoding="UTF-8"?>
<!-- Generated by org.testng.reporters.JUnitReportReporter -->
<testsuite hostname="G10GGNLT052" name="com.arcapi.Buildingtestcases.EnergyMeterBulkConsumptionPOSTEmissionTest" tests="1" failures="0" timestamp="10 Sep 2019 07:02:27 GMT" time="1.557" errors="0">
  <testcase name="MeterBulkConsumptionPOSTAPI" time="1.557" classname="com.arcapi.Buildingtestcases.EnergyMeterBulkConsumptionPOSTEmissionTest"/>
</testsuite> <!-- com.arcapi.Buildingtestcases.EnergyMeterBulkConsumptionPOSTEmissionTest -->
