<?xml version="1.0" encoding="UTF-8"?>
<!-- Generated by org.testng.reporters.JUnitReportReporter -->
<testsuite hostname="G10GGNLT052" name="com.arcapi.Leedv4Testcases.MeterCommentPostGroup2APITest" tests="1" failures="0" timestamp="20 Sep 2019 07:34:02 GMT" time="7.444" errors="0">
  <testcase name="MeterCommentPostGroup2API" time="7.444" classname="com.arcapi.Leedv4Testcases.MeterCommentPostGroup2APITest"/>
</testsuite> <!-- com.arcapi.Leedv4Testcases.MeterCommentPostGroup2APITest -->
