<?xml version="1.0" encoding="UTF-8"?>
<!-- Generated by org.testng.reporters.JUnitReportReporter -->
<testsuite skipped="0" hostname="G10GNLT041" name="com.arcapi.Communitytestcases.MeasuresListAPITest" tests="2" failures="0" timestamp="17 Jun 2019 09:30:40 GMT" time="8.694" errors="0">
  <testcase name="MeasuresListAPI" time="4.362" classname="com.arcapi.Communitytestcases.MeasuresListAPITest"/>
  <testcase name="MeasuresListAPI" time="4.332" classname="com.arcapi.Communitytestcases.MeasuresListAPITest"/>
</testsuite> <!-- com.arcapi.Communitytestcases.MeasuresListAPITest -->
