<?xml version="1.0" encoding="UTF-8"?>
<!-- Generated by org.testng.reporters.JUnitReportReporter -->
<testsuite skipped="0" hostname="G10GNLT041" name="com.arcapi.Citytestcases.AssetSearchAPITest" tests="2" failures="0" timestamp="17 Jun 2019 08:07:17 GMT" time="6.578" errors="0">
  <testcase name="AssetSearchAPI" time="3.499" classname="com.arcapi.Citytestcases.AssetSearchAPITest"/>
  <testcase name="AssetSearchAPI" time="3.079" classname="com.arcapi.Citytestcases.AssetSearchAPITest"/>
</testsuite> <!-- com.arcapi.Citytestcases.AssetSearchAPITest -->
