<?xml version="1.0" encoding="UTF-8"?>
<!-- Generated by org.testng.reporters.JUnitReportReporter -->
<testsuite hostname="G10GGNLT052" name="com.arcapi.release1_18testcases.AssetUpdateExcludeSpacesTest" tests="1" failures="0" timestamp="10 Sep 2019 04:08:35 GMT" time="3.384" errors="0">
  <testcase name="AssetUpdateExcludeSpaces" time="3.384" classname="com.arcapi.release1_18testcases.AssetUpdateExcludeSpacesTest"/>
</testsuite> <!-- com.arcapi.release1_18testcases.AssetUpdateExcludeSpacesTest -->
