<?xml version="1.0" encoding="UTF-8"?>
<!-- Generated by org.testng.reporters.JUnitReportReporter -->
<testsuite hostname="G10GGNLT052" name="com.arcapi.Common.AssetRequiredFieldsAPITest" tests="1" failures="0" timestamp="10 Sep 2019 13:39:53 GMT" time="2.391" errors="0">
  <testcase name="AssetRequiredFieldsAPI" time="2.391" classname="com.arcapi.Common.AssetRequiredFieldsAPITest"/>
</testsuite> <!-- com.arcapi.Common.AssetRequiredFieldsAPITest -->
