<?xml version="1.0" encoding="UTF-8"?>
<!-- Generated by org.testng.reporters.JUnitReportReporter -->
<testsuite hostname="G10GGNLT052" name="com.arcapi.Common.AssetDocumentAPITest" tests="1" failures="0" timestamp="7 Oct 2019 08:53:31 GMT" time="11.201" errors="0">
  <testcase name="AssetDocumentAPI" time="11.201" classname="com.arcapi.Common.AssetDocumentAPITest"/>
</testsuite> <!-- com.arcapi.Common.AssetDocumentAPITest -->
