<?xml version="1.0" encoding="UTF-8"?>
<!-- Generated by org.testng.reporters.JUnitReportReporter -->
<testsuite hostname="G10GGNLT052" name="com.arcapi.Common.NotificationSubscriptionDetailPutTest" tests="1" failures="0" timestamp="10 Oct 2019 08:21:45 GMT" time="1.685" errors="0">
  <testcase name="NotificationSubscriptionDetail" time="1.685" classname="com.arcapi.Common.NotificationSubscriptionDetailPutTest"/>
</testsuite> <!-- com.arcapi.Common.NotificationSubscriptionDetailPutTest -->
