<?xml version="1.0" encoding="UTF-8"?>
<!-- Generated by org.testng.reporters.JUnitReportReporter -->
<testsuite hostname="G10GGNLT052" name="com.arcapi.Buildingtestcases.WasteGeneratedBulkDataPostTest" tests="1" failures="0" timestamp="8 Nov 2019 05:07:33 GMT" time="1.408" errors="0">
  <testcase name="WasteGeneratedBulkDataPost" time="1.408" classname="com.arcapi.Buildingtestcases.WasteGeneratedBulkDataPostTest"/>
</testsuite> <!-- com.arcapi.Buildingtestcases.WasteGeneratedBulkDataPostTest -->
