<?xml version="1.0" encoding="UTF-8"?>
<!-- Generated by org.testng.reporters.JUnitReportReporter -->
<testsuite skipped="0" hostname="G10GNLT041" name="com.arcapi.Transittestcases.TransitSurveyCreatePOSTAPITest" tests="2" failures="0" timestamp="17 Jun 2019 09:30:41 GMT" time="11.700" errors="0">
  <testcase name="TransitSurveyCreatePOSTAPI" time="5.330" classname="com.arcapi.Transittestcases.TransitSurveyCreatePOSTAPITest"/>
  <testcase name="TransitSurveyCreatePOSTAPI" time="6.370" classname="com.arcapi.Transittestcases.TransitSurveyCreatePOSTAPITest"/>
</testsuite> <!-- com.arcapi.Transittestcases.TransitSurveyCreatePOSTAPITest -->
