<?xml version="1.0" encoding="UTF-8"?>
<!-- Generated by org.testng.reporters.JUnitReportReporter -->
<testsuite skipped="0" hostname="G10GNLT041" name="com.arcapi.Buildingtestcases.FuelCategoryAPITest" tests="2" failures="0" timestamp="17 Jun 2019 07:27:40 GMT" time="14.477" errors="0">
  <testcase name="FuelCategoryAPI" time="8.112" classname="com.arcapi.Buildingtestcases.FuelCategoryAPITest"/>
  <testcase name="FuelCategoryAPI" time="6.365" classname="com.arcapi.Buildingtestcases.FuelCategoryAPITest"/>
</testsuite> <!-- com.arcapi.Buildingtestcases.FuelCategoryAPITest -->
