<?xml version="1.0" encoding="UTF-8"?>
<!-- Generated by org.testng.reporters.JUnitReportReporter -->
<testsuite hostname="G10GGNLT052" name="com.arcapi.Buildingtestcases.SurveyAllRoutesFeedbackVisitorAPIPOSTAPITest" tests="1" failures="0" timestamp="20 Sep 2019 07:34:02 GMT" time="2.647" errors="0">
  <testcase name="SurveyAllRoutesFeedbackVisitorAPI" time="2.647" classname="com.arcapi.Buildingtestcases.SurveyAllRoutesFeedbackVisitorAPIPOSTAPITest"/>
</testsuite> <!-- com.arcapi.Buildingtestcases.SurveyAllRoutesFeedbackVisitorAPIPOSTAPITest -->
