<?xml version="1.0" encoding="UTF-8"?>
<!-- Generated by org.testng.reporters.JUnitReportReporter -->
<testsuite hostname="G10GGNLT052" name="com.arcapi.release1_18testcases.OccupantPostAPITest" tests="1" failures="0" timestamp="10 Sep 2019 04:08:35 GMT" time="3.894" errors="0">
  <testcase name="OccupantPostAPI" time="3.894" classname="com.arcapi.release1_18testcases.OccupantPostAPITest"/>
</testsuite> <!-- com.arcapi.release1_18testcases.OccupantPostAPITest -->
