<?xml version="1.0" encoding="UTF-8"?>
<!-- Generated by org.testng.reporters.JUnitReportReporter -->
<testsuite skipped="0" hostname="G10GNLT041" name="com.arcapi.Communitytestcases.AssetSearchOwnerAPITest" tests="2" failures="0" timestamp="17 Jun 2019 09:30:40 GMT" time="7.763" errors="0">
  <testcase name="AssetSearchOwnerAPI" time="3.776" classname="com.arcapi.Communitytestcases.AssetSearchOwnerAPITest"/>
  <testcase name="AssetSearchOwnerAPI" time="3.987" classname="com.arcapi.Communitytestcases.AssetSearchOwnerAPITest"/>
</testsuite> <!-- com.arcapi.Communitytestcases.AssetSearchOwnerAPITest -->
