<?xml version="1.0" encoding="UTF-8"?>
<!-- Generated by org.testng.reporters.JUnitReportReporter -->
<testsuite hostname="G10GGNLT052" name="com.arcapi.Common.S3DocumentUploadPOSTAPITest" tests="1" failures="0" timestamp="8 Nov 2019 07:29:52 GMT" time="21.178" errors="0">
  <testcase name="S3DocumentUploadPOSTAPI" time="21.178" classname="com.arcapi.Common.S3DocumentUploadPOSTAPITest"/>
</testsuite> <!-- com.arcapi.Common.S3DocumentUploadPOSTAPITest -->
