<?xml version="1.0" encoding="UTF-8"?>
<!-- Generated by org.testng.reporters.JUnitReportReporter -->
<testsuite skipped="0" hostname="G10GNLT041" name="com.arcapi.Citytestcases.AssetSearchOwnerAPITest" tests="2" failures="0" timestamp="17 Jun 2019 08:07:17 GMT" time="10.149" errors="0">
  <testcase name="AssetSearchOwnerAPI" time="7.049" classname="com.arcapi.Citytestcases.AssetSearchOwnerAPITest"/>
  <testcase name="AssetSearchOwnerAPI" time="3.100" classname="com.arcapi.Citytestcases.AssetSearchOwnerAPITest"/>
</testsuite> <!-- com.arcapi.Citytestcases.AssetSearchOwnerAPITest -->
