<?xml version="1.0" encoding="UTF-8"?>
<!-- Generated by org.testng.reporters.JUnitReportReporter -->
<testsuite hostname="G10GGNLT052" name="com.arcapi.Buildingtestcases.GhgMeanEmissionAfterIncreaseTest" tests="2" failures="0" timestamp="7 Nov 2019 08:15:31 GMT" time="24.010" errors="0">
  <testcase name="GhgMeanEmissionAfterIncrease" time="12.013" classname="com.arcapi.Buildingtestcases.GhgMeanEmissionAfterIncreaseTest"/>
  <testcase name="GhgMeanEmissionAfterIncrease" time="11.997" classname="com.arcapi.Buildingtestcases.GhgMeanEmissionAfterIncreaseTest"/>
</testsuite> <!-- com.arcapi.Buildingtestcases.GhgMeanEmissionAfterIncreaseTest -->
