<?xml version="1.0" encoding="UTF-8"?>
<!-- Generated by org.testng.reporters.JUnitReportReporter -->
<testsuite hostname="G10GGNLT052" name="com.arcapi.Transittestcases.EnvironmentSurveyGetAPITest" tests="1" failures="0" timestamp="17 Oct 2019 07:26:51 GMT" time="1.980" errors="0">
  <testcase name="EnvironmentSurveyGetAPI" time="1.980" classname="com.arcapi.Transittestcases.EnvironmentSurveyGetAPITest"/>
</testsuite> <!-- com.arcapi.Transittestcases.EnvironmentSurveyGetAPITest -->
