<?xml version="1.0" encoding="UTF-8"?>
<!-- Generated by org.testng.reporters.JUnitReportReporter -->
<testsuite hostname="G10GGNLT052" name="com.arcapi.ScenarioBasedTestcases.AssetNonUsgbcTeamMemberAddPOSTAPITest" tests="1" failures="0" timestamp="22 Oct 2019 08:00:56 GMT" time="1.640" errors="0">
  <testcase name="AssetNonUsgbcTeamMemberAddPOSTAPI" time="1.640" classname="com.arcapi.ScenarioBasedTestcases.AssetNonUsgbcTeamMemberAddPOSTAPITest"/>
</testsuite> <!-- com.arcapi.ScenarioBasedTestcases.AssetNonUsgbcTeamMemberAddPOSTAPITest -->
