<?xml version="1.0" encoding="UTF-8"?>
<!-- Generated by org.testng.reporters.JUnitReportReporter -->
<testsuite hostname="G10GGNLT052" name="com.arcapi.Common.AnalysisDataSubmitPOSTAPITest" tests="1" failures="0" timestamp="10 Sep 2019 13:39:53 GMT" time="0.001" errors="0">
  <testcase name="AnalysisDataSubmitPOSTAPI" time="0.001" classname="com.arcapi.Common.AnalysisDataSubmitPOSTAPITest"/>
</testsuite> <!-- com.arcapi.Common.AnalysisDataSubmitPOSTAPITest -->
