<?xml version="1.0" encoding="UTF-8"?>
<!-- Generated by org.testng.reporters.JUnitReportReporter -->
<testsuite hostname="G10GGNLT052" name="com.arcapi.Leedv4Testcases.LEEDv4OMExistingBuildingsAPITest" tests="1" failures="0" timestamp="8 Nov 2019 07:29:51 GMT" time="47.015" errors="0">
  <testcase name="LEEDv4OMExistingBuildingsAPI" time="47.015" classname="com.arcapi.Leedv4Testcases.LEEDv4OMExistingBuildingsAPITest"/>
</testsuite> <!-- com.arcapi.Leedv4Testcases.LEEDv4OMExistingBuildingsAPITest -->
