<?xml version="1.0" encoding="UTF-8"?>
<!-- Generated by org.testng.reporters.JUnitReportReporter -->
<testsuite hostname="G10GGNLT052" name="com.arcapi.Common.ScoreVersionUserNotificationGetAPITest" tests="1" failures="0" timestamp="7 Oct 2019 08:53:31 GMT" time="1.402" errors="0">
  <testcase name="ScoreVersionNotificationGETAPI" time="1.402" classname="com.arcapi.Common.ScoreVersionUserNotificationGetAPITest"/>
</testsuite> <!-- com.arcapi.Common.ScoreVersionUserNotificationGetAPITest -->
