<?xml version="1.0" encoding="UTF-8"?>
<!-- Generated by org.testng.reporters.JUnitReportReporter -->
<testsuite hostname="G10GGNLT052" name="com.arcapi.CompleteDataValidationNoPayloadTestcases.S3DocumentRemoveAPITest" tests="1" failures="0" timestamp="9 Oct 2019 05:37:55 GMT" time="2.013" errors="0">
  <testcase name="S3DocumentRemoveAPI" time="2.013" classname="com.arcapi.CompleteDataValidationNoPayloadTestcases.S3DocumentRemoveAPITest"/>
</testsuite> <!-- com.arcapi.CompleteDataValidationNoPayloadTestcases.S3DocumentRemoveAPITest -->
