<?xml version="1.0" encoding="UTF-8"?>
<!-- Generated by org.testng.reporters.JUnitReportReporter -->
<testsuite hostname="G10GGNLT052" name="com.arcapi.Buildingtestcases.AssetValidationInfoPOSTAPITest" tests="1" failures="0" timestamp="23 Aug 2019 04:56:48 GMT" time="1.980" errors="0">
  <testcase name="AssetValidationInfoPOSTAPI" time="1.980" classname="com.arcapi.Buildingtestcases.AssetValidationInfoPOSTAPITest"/>
</testsuite> <!-- com.arcapi.Buildingtestcases.AssetValidationInfoPOSTAPITest -->
