<?xml version="1.0" encoding="UTF-8"?>
<!-- Generated by org.testng.reporters.JUnitReportReporter -->
<testsuite hostname="G10GGNLT052" name="com.arcapi.Common.AssetCertificationListAPITest" tests="1" failures="0" timestamp="20 Sep 2019 07:00:22 GMT" time="3.277" errors="0">
  <testcase name="AssetCertificationListAPI" time="3.277" classname="com.arcapi.Common.AssetCertificationListAPITest"/>
</testsuite> <!-- com.arcapi.Common.AssetCertificationListAPITest -->
