<?xml version="1.0" encoding="UTF-8"?>
<!-- Generated by org.testng.reporters.JUnitReportReporter -->
<testsuite hostname="G10GGNLT052" name="com.arcapi.Portfoliostestcases.V2GresbAssetsVerifyBuildingTrialStatusAPITest" tests="1" failures="0" timestamp="5 Nov 2019 05:01:55 GMT" time="2.671" errors="0">
  <testcase name="V2GresbAssetsVerifyBuildingTrialStatusAPI" time="2.671" classname="com.arcapi.Portfoliostestcases.V2GresbAssetsVerifyBuildingTrialStatusAPITest"/>
</testsuite> <!-- com.arcapi.Portfoliostestcases.V2GresbAssetsVerifyBuildingTrialStatusAPITest -->
