<?xml version="1.0" encoding="UTF-8"?>
<!-- Generated by org.testng.reporters.JUnitReportReporter -->
<testsuite hostname="G10GGNLT052" name="com.arcapi.Portfoliostestcases.PortfoliosGoalsDetailAPITest" tests="1" failures="0" timestamp="5 Aug 2019 06:36:58 GMT" time="1.847" errors="0">
  <testcase name="PortfoliosGoalsDetailAPI" time="1.847" classname="com.arcapi.Portfoliostestcases.PortfoliosGoalsDetailAPITest"/>
</testsuite> <!-- com.arcapi.Portfoliostestcases.PortfoliosGoalsDetailAPITest -->
