<?xml version="1.0" encoding="UTF-8"?>
<!-- Generated by org.testng.reporters.JUnitReportReporter -->
<testsuite hostname="G10GGNLT052" name="com.arcapi.Common.AssetNotificationSubscriptionPostTest" tests="1" failures="0" timestamp="10 Oct 2019 08:21:46 GMT" time="2.209" errors="0">
  <testcase name="AssetNotificationSubscriptionPost" time="2.209" classname="com.arcapi.Common.AssetNotificationSubscriptionPostTest"/>
</testsuite> <!-- com.arcapi.Common.AssetNotificationSubscriptionPostTest -->
