<?xml version="1.0" encoding="UTF-8"?>
<!-- Generated by org.testng.reporters.JUnitReportReporter -->
<testsuite hostname="G10GGNLT052" name="com.arcapi.Buildingtestcases.InstallAllAppsAfterDeleteAPITest" tests="1" failures="0" timestamp="4 Sep 2019 04:54:37 GMT" time="4.403" errors="0">
  <testcase name="InstallAllAppsAfterDeleteAPI" time="4.403" classname="com.arcapi.Buildingtestcases.InstallAllAppsAfterDeleteAPITest"/>
</testsuite> <!-- com.arcapi.Buildingtestcases.InstallAllAppsAfterDeleteAPITest -->
