<?xml version="1.0" encoding="UTF-8"?>
<!-- Generated by org.testng.reporters.JUnitReportReporter -->
<testsuite hostname="G10GGNLT052" name="com.arcapi.Buildingtestcases.SurveyAllRoutesFeedbackVisitorAPIPOSTAPITest" tests="1" failures="0" timestamp="11 Oct 2019 08:57:39 GMT" time="1.918" errors="0">
  <testcase name="SurveyAllRoutesFeedbackVisitorAPI" time="1.918" classname="com.arcapi.Buildingtestcases.SurveyAllRoutesFeedbackVisitorAPIPOSTAPITest"/>
</testsuite> <!-- com.arcapi.Buildingtestcases.SurveyAllRoutesFeedbackVisitorAPIPOSTAPITest -->
