<?xml version="1.0" encoding="UTF-8"?>
<!-- Generated by org.testng.reporters.JUnitReportReporter -->
<testsuite hostname="G10GGNLT052" name="com.arcapi.Transittestcases.CreateAssetTransitAPITest" tests="1" failures="0" timestamp="7 Nov 2019 08:15:32 GMT" time="5.176" errors="0">
  <testcase name="CreateAssetTransitAPI" time="5.176" classname="com.arcapi.Transittestcases.CreateAssetTransitAPITest"/>
</testsuite> <!-- com.arcapi.Transittestcases.CreateAssetTransitAPITest -->
