<?xml version="1.0" encoding="UTF-8"?>
<!-- Generated by org.testng.reporters.JUnitReportReporter -->
<testsuite hostname="G10GGNLT052" name="com.arcapi.Common.LoginAPITest" tests="3" failures="0" timestamp="9 Oct 2019 04:36:43 GMT" time="23.063" errors="0">
  <testcase name="LoginAPI" time="5.874" classname="com.arcapi.Common.LoginAPITest"/>
  <testcase name="LoginAPI" time="6.612" classname="com.arcapi.Common.LoginAPITest"/>
  <testcase name="LoginAPI" time="10.577" classname="com.arcapi.Common.LoginAPITest"/>
</testsuite> <!-- com.arcapi.Common.LoginAPITest -->
