<?xml version="1.0" encoding="UTF-8"?>
<!-- Generated by org.testng.reporters.JUnitReportReporter -->
<testsuite hostname="G10GGNLT052" name="com.arcapi.InterRelatedFieldValidationTestcases.Co2CreatePOSTAPITest" tests="1" failures="0" timestamp="10 Oct 2019 06:35:20 GMT" time="68.922" errors="0">
  <testcase name="Co2CreatePOSTAPI" time="68.922" classname="com.arcapi.InterRelatedFieldValidationTestcases.Co2CreatePOSTAPITest"/>
</testsuite> <!-- com.arcapi.InterRelatedFieldValidationTestcases.Co2CreatePOSTAPITest -->
