<?xml version="1.0" encoding="UTF-8"?>
<!-- Generated by org.testng.reporters.JUnitReportReporter -->
<testsuite hostname="G10GGNLT052" name="com.arcapi.Portfoliostestcases.PortfoliosTeamsPostAPITest" tests="1" failures="0" timestamp="13 Aug 2019 09:34:17 GMT" time="1.779" errors="0">
  <testcase name="PortfoliosTeamsPostAPI" time="1.779" classname="com.arcapi.Portfoliostestcases.PortfoliosTeamsPostAPITest"/>
</testsuite> <!-- com.arcapi.Portfoliostestcases.PortfoliosTeamsPostAPITest -->
