<?xml version="1.0" encoding="UTF-8"?>
<!-- Generated by org.testng.reporters.JUnitReportReporter -->
<testsuite hostname="G10GGNLT052" name="com.arcapi.Leedv4Testcases.MeterCommentReplyGroup1APITest" tests="1" failures="0" timestamp="22 Oct 2019 10:35:10 GMT" time="13.148" errors="0">
  <testcase name="MeterCommentReplyGroup1API" time="13.148" classname="com.arcapi.Leedv4Testcases.MeterCommentReplyGroup1APITest"/>
</testsuite> <!-- com.arcapi.Leedv4Testcases.MeterCommentReplyGroup1APITest -->
