<?xml version="1.0" encoding="UTF-8"?>
<!-- Generated by org.testng.reporters.JUnitReportReporter -->
<testsuite skipped="0" hostname="G10GNLT041" name="com.arcapi.Buildingtestcases.DeleteAllAppsAPITest" tests="2" failures="0" timestamp="17 Jun 2019 07:27:40 GMT" time="22.443" errors="0">
  <testcase name="DeleteAllAppsAPI" time="10.582" classname="com.arcapi.Buildingtestcases.DeleteAllAppsAPITest"/>
  <testcase name="DeleteAllAppsAPI" time="11.861" classname="com.arcapi.Buildingtestcases.DeleteAllAppsAPITest"/>
</testsuite> <!-- com.arcapi.Buildingtestcases.DeleteAllAppsAPITest -->
