<?xml version="1.0" encoding="UTF-8"?>
<!-- Generated by org.testng.reporters.JUnitReportReporter -->
<testsuite hostname="G10GGNLT052" name="com.arcapi.Common.LoginAPITest" tests="4" failures="0" timestamp="6 Nov 2019 05:37:25 GMT" time="42.777" errors="0">
  <testcase name="LoginAPI" time="12.059" classname="com.arcapi.Common.LoginAPITest"/>
  <testcase name="LoginAPI" time="12.043" classname="com.arcapi.Common.LoginAPITest"/>
  <testcase name="LoginAPI" time="10.158" classname="com.arcapi.Common.LoginAPITest"/>
  <testcase name="LoginAPI" time="8.517" classname="com.arcapi.Common.LoginAPITest"/>
</testsuite> <!-- com.arcapi.Common.LoginAPITest -->
