<?xml version="1.0" encoding="UTF-8"?>
<!-- Generated by org.testng.reporters.JUnitReportReporter -->
<testsuite skipped="0" hostname="G10GNLT041" name="com.arcapi.Buildingtestcases.PaymentPricingGetMaterialCode" tests="1" failures="0" timestamp="25 Apr 2019 11:50:18 GMT" time="18.191" errors="0">
  <testcase name="RegistrationPaymentPricingGetAPI" time="18.191" classname="com.arcapi.Buildingtestcases.PaymentPricingGetMaterialCode"/>
</testsuite> <!-- com.arcapi.Buildingtestcases.PaymentPricingGetMaterialCode -->
