<?xml version="1.0" encoding="UTF-8"?>
<!-- Generated by org.testng.reporters.JUnitReportReporter -->
<testsuite hostname="G10GGNLT052" name="com.arcapi.Buildingtestcases.WaterMeterDeleteAPITest" tests="1" failures="0" timestamp="7 Oct 2019 14:00:34 GMT" time="67.318" errors="0">
  <testcase name="WaterMeterDeleteAPI" time="67.318" classname="com.arcapi.Buildingtestcases.WaterMeterDeleteAPITest"/>
</testsuite> <!-- com.arcapi.Buildingtestcases.WaterMeterDeleteAPITest -->
