<?xml version="1.0" encoding="UTF-8"?>
<!-- Generated by org.testng.reporters.JUnitReportReporter -->
<testsuite hostname="G10GGNLT052" name="com.arcapi.Buildingtestcase.SurveyAllRoutesFeedbackExtremelyUnsatisfiedDeatailCreatePOSTAPITest" tests="1" failures="0" timestamp="6 Aug 2019 09:33:06 GMT" time="2.129" errors="0">
  <testcase name="SurveyWithAllRoutesExtremelyUnsatisfiedDeatailCreatePOSTAPI" time="2.129" classname="com.arcapi.Buildingtestcase.SurveyAllRoutesFeedbackExtremelyUnsatisfiedDeatailCreatePOSTAPITest"/>
</testsuite> <!-- com.arcapi.Buildingtestcase.SurveyAllRoutesFeedbackExtremelyUnsatisfiedDeatailCreatePOSTAPITest -->
