<?xml version="1.0" encoding="UTF-8"?>
<!-- Generated by org.testng.reporters.JUnitReportReporter -->
<testsuite hostname="G10GGNLT052" name="com.arcapi.CompleteDataValidationNoPayloadTestcases.PortfoliosAssetPostAPITest" tests="1" failures="0" timestamp="20 Sep 2019 08:24:47 GMT" time="1.852" errors="0">
  <testcase name="PortfoliosAssetPostAPI" time="1.852" classname="com.arcapi.CompleteDataValidationNoPayloadTestcases.PortfoliosAssetPostAPITest"/>
</testsuite> <!-- com.arcapi.CompleteDataValidationNoPayloadTestcases.PortfoliosAssetPostAPITest -->
