<?xml version="1.0" encoding="UTF-8"?>
<!-- Generated by org.testng.reporters.JUnitReportReporter -->
<testsuite hostname="G10GGNLT052" name="com.arcapi.CompleteDataValidationNoPayloadTestcases.MeasuresUpdateAPITest" tests="1" failures="0" timestamp="13 Aug 2019 09:34:17 GMT" time="1.544" errors="0">
  <testcase name="MeasuresUpdateAPI" time="1.544" classname="com.arcapi.CompleteDataValidationNoPayloadTestcases.MeasuresUpdateAPITest"/>
</testsuite> <!-- com.arcapi.CompleteDataValidationNoPayloadTestcases.MeasuresUpdateAPITest -->
