<?xml version="1.0" encoding="UTF-8"?>
<!-- Generated by org.testng.reporters.JUnitReportReporter -->
<testsuite hostname="G10GGNLT052" name="com.arcapi.InterRelatedFieldValidationTestcases.CreateAssetBuildingPOSTAPITest" tests="1" failures="0" timestamp="18 Sep 2019 09:11:10 GMT" time="9.268" errors="0">
  <testcase name="CreateAssetBuildingPOSTAPI" time="9.268" classname="com.arcapi.InterRelatedFieldValidationTestcases.CreateAssetBuildingPOSTAPITest"/>
</testsuite> <!-- com.arcapi.InterRelatedFieldValidationTestcases.CreateAssetBuildingPOSTAPITest -->
