<?xml version="1.0" encoding="UTF-8"?>
<!-- Generated by org.testng.reporters.JUnitReportReporter -->
<testsuite skipped="0" hostname="G10GNLT041" name="com.arcapi.Buildingtestcases.AssetTeamMemberAddPOSTAPITest" tests="2" failures="0" timestamp="17 Jun 2019 07:27:39 GMT" time="15.202" errors="0">
  <testcase name="AssetTeamMemberAddPOSTAPI" time="7.066" classname="com.arcapi.Buildingtestcases.AssetTeamMemberAddPOSTAPITest"/>
  <testcase name="AssetTeamMemberAddPOSTAPI" time="8.136" classname="com.arcapi.Buildingtestcases.AssetTeamMemberAddPOSTAPITest"/>
</testsuite> <!-- com.arcapi.Buildingtestcases.AssetTeamMemberAddPOSTAPITest -->
