<?xml version="1.0" encoding="UTF-8"?>
<!-- Generated by org.testng.reporters.JUnitReportReporter -->
<testsuite skipped="0" hostname="G10GNLT041" name="com.arcapi.CompleteDataValidationTestcases.AssetUpdateforNewAssetPUTAPITest" tests="1" failures="0" timestamp="21 Jun 2019 06:10:23 GMT" time="35.281" errors="0">
  <testcase name="AssetUpdateforNewAssetPUTAPI" time="35.281" classname="com.arcapi.CompleteDataValidationTestcases.AssetUpdateforNewAssetPUTAPITest"/>
</testsuite> <!-- com.arcapi.CompleteDataValidationTestcases.AssetUpdateforNewAssetPUTAPITest -->
