<?xml version="1.0" encoding="UTF-8"?>
<!-- Generated by org.testng.reporters.JUnitReportReporter -->
<testsuite hostname="G10GGNLT052" name="com.arcapi.TrailFlowtestcasesComplete.TrialCreateAssetPOSTAPIV3APITest" tests="1" failures="0" timestamp="18 Sep 2019 09:11:10 GMT" time="5.771" errors="0">
  <testcase name="TrialCreateAssetPOSTAPIV3" time="5.771" classname="com.arcapi.TrailFlowtestcasesComplete.TrialCreateAssetPOSTAPIV3APITest"/>
</testsuite> <!-- com.arcapi.TrailFlowtestcasesComplete.TrialCreateAssetPOSTAPIV3APITest -->
