<?xml version="1.0" encoding="UTF-8"?>
<!-- Generated by org.testng.reporters.JUnitReportReporter -->
<testsuite hostname="G10GGNLT052" name="com.arcapi.Buildingtestcases.AddAssestTimelinePOSTAPITest" tests="1" failures="0" timestamp="6 Aug 2019 09:33:06 GMT" time="6.795" errors="0">
  <testcase name="AddAssestTimeline" time="6.795" classname="com.arcapi.Buildingtestcases.AddAssestTimelinePOSTAPITest"/>
</testsuite> <!-- com.arcapi.Buildingtestcases.AddAssestTimelinePOSTAPITest -->
