<?xml version="1.0" encoding="UTF-8"?>
<!-- Generated by org.testng.reporters.JUnitReportReporter -->
<testsuite hostname="G10GGNLT052" name="com.arcapi.InterRelatedFieldValidationTestcases.CreateAssetParksmartPOSTAPITest" tests="1" failures="0" timestamp="18 Sep 2019 09:11:10 GMT" time="10.383" errors="0">
  <testcase name="CreateAssetPOSTAPI" time="10.383" classname="com.arcapi.InterRelatedFieldValidationTestcases.CreateAssetParksmartPOSTAPITest"/>
</testsuite> <!-- com.arcapi.InterRelatedFieldValidationTestcases.CreateAssetParksmartPOSTAPITest -->
