<?xml version="1.0" encoding="UTF-8"?>
<!-- Generated by org.testng.reporters.JUnitReportReporter -->
<testsuite hostname="G10GGNLT052" name="com.arcapi.Common.SignAgreementRegistrationAPITest" tests="1" failures="0" timestamp="7 Nov 2019 08:15:32 GMT" time="3.833" errors="0">
  <testcase name="SignAgreementRegistrationAPI" time="3.833" classname="com.arcapi.Common.SignAgreementRegistrationAPITest"/>
</testsuite> <!-- com.arcapi.Common.SignAgreementRegistrationAPITest -->
