<?xml version="1.0" encoding="UTF-8"?>
<!-- Generated by org.testng.reporters.JUnitReportReporter -->
<testsuite skipped="0" hostname="G10GNLT041" name="com.arcapi.Citytestcases.MeterCreateAPICityComm" tests="3" failures="0" timestamp="31 Aug 2018 07:00:22 GMT" time="220.907" errors="0">
  <testcase name="MeterCreatePOSTAPI" time="77.278" classname="com.arcapi.Citytestcases.MeterCreateAPICityComm"/>
  <testcase name="MeterCreatePOSTAPI" time="69.935" classname="com.arcapi.Citytestcases.MeterCreateAPICityComm"/>
  <testcase name="MeterCreatePOSTAPI" time="73.694" classname="com.arcapi.Citytestcases.MeterCreateAPICityComm"/>
</testsuite> <!-- com.arcapi.Citytestcases.MeterCreateAPICityComm -->
