<?xml version="1.0" encoding="UTF-8"?>
<!-- Generated by org.testng.reporters.JUnitReportReporter -->
<testsuite hostname="G10GGNLT052" name="com.arcapi.Buildingtestcases.CO2MeterDeleteAPITest" tests="1" failures="0" timestamp="7 Oct 2019 14:00:34 GMT" time="0.012" errors="0">
  <testcase name="CO2MeterDeleteAPI" time="0.012" classname="com.arcapi.Buildingtestcases.CO2MeterDeleteAPITest"/>
</testsuite> <!-- com.arcapi.Buildingtestcases.CO2MeterDeleteAPITest -->
