<?xml version="1.0" encoding="UTF-8"?>
<!-- Generated by org.testng.reporters.JUnitReportReporter -->
<testsuite skipped="0" hostname="G10GNLT041" name="com.arcapi.Buildingtestcases.TemperatureDataZipCodeGetTest" tests="1" failures="0" timestamp="05 Dec 2018 05:16:09 GMT" time="9.459" errors="0">
  <testcase name="TemperatureDataZipCodeGet" time="9.459" classname="com.arcapi.Buildingtestcases.TemperatureDataZipCodeGetTest"/>
</testsuite> <!-- com.arcapi.Buildingtestcases.TemperatureDataZipCodeGetTest -->
