<?xml version="1.0" encoding="UTF-8"?>
<!-- Generated by org.testng.reporters.JUnitReportReporter -->
<testsuite skipped="0" hostname="G10GNLT041" name="com.arcapi.CrossRatingSystemtestcases.AssetDataExportAPITest" tests="1" failures="0" timestamp="21 Jun 2019 05:06:06 GMT" time="1.941" errors="0">
  <testcase name="AssetDataExportAPI" time="1.941" classname="com.arcapi.CrossRatingSystemtestcases.AssetDataExportAPITest"/>
</testsuite> <!-- com.arcapi.CrossRatingSystemtestcases.AssetDataExportAPITest -->
