<?xml version="1.0" encoding="UTF-8"?>
<!-- Generated by org.testng.reporters.JUnitReportReporter -->
<testsuite hostname="G10GGNLT052" name="com.arcapi.Common.GetAllDocumentListAPITest" tests="1" failures="0" timestamp="20 Sep 2019 07:00:22 GMT" time="0.009" errors="0">
  <testcase name="GetAllDocumentListAPI" time="0.009" classname="com.arcapi.Common.GetAllDocumentListAPITest"/>
</testsuite> <!-- com.arcapi.Common.GetAllDocumentListAPITest -->
