<?xml version="1.0" encoding="UTF-8"?>
<!-- Generated by org.testng.reporters.JUnitReportReporter -->
<testsuite hostname="G10GGNLT052" name="com.arcapi.Buildingtestcases.CO2ConsumptionUpdateAPITest" tests="1" failures="0" timestamp="11 Oct 2019 08:57:39 GMT" time="2.201" errors="0">
  <testcase name="CO2ConsumptionUpdateAPI" time="2.201" classname="com.arcapi.Buildingtestcases.CO2ConsumptionUpdateAPITest"/>
</testsuite> <!-- com.arcapi.Buildingtestcases.CO2ConsumptionUpdateAPITest -->
