<?xml version="1.0" encoding="UTF-8"?>
<!-- Generated by org.testng.reporters.JUnitReportReporter -->
<testsuite hostname="G10GGNLT052" name="com.arcapi.Scoretestcases.version3.CityWasteDivertedGetTest" tests="1" failures="0" timestamp="22 Oct 2019 10:28:09 GMT" time="1.728" errors="0">
  <testcase name="CityWasteDivertedGet" time="1.728" classname="com.arcapi.Scoretestcases.version3.CityWasteDivertedGetTest"/>
</testsuite> <!-- com.arcapi.Scoretestcases.version3.CityWasteDivertedGetTest -->
