<?xml version="1.0" encoding="UTF-8"?>
<!-- Generated by org.testng.reporters.JUnitReportReporter -->
<testsuite hostname="G10GGNLT052" name="com.arcapi.Common.NotificationSubscriptionDetailDeleteTest" tests="1" failures="0" timestamp="7 Oct 2019 08:53:31 GMT" time="1.388" errors="0">
  <testcase name="NotificationSubscriptionDetailDelete" time="1.388" classname="com.arcapi.Common.NotificationSubscriptionDetailDeleteTest"/>
</testsuite> <!-- com.arcapi.Common.NotificationSubscriptionDetailDeleteTest -->
