<?xml version="1.0" encoding="UTF-8"?>
<!-- Generated by org.testng.reporters.JUnitReportReporter -->
<testsuite skipped="0" hostname="G10GNLT041" name="com.arcapi.Transittestcases.RidershipDataGetAPITest" tests="2" failures="0" timestamp="17 Jun 2019 09:30:41 GMT" time="8.800" errors="0">
  <testcase name="RidershipDataGetAPI" time="4.726" classname="com.arcapi.Transittestcases.RidershipDataGetAPITest"/>
  <testcase name="RidershipDataGetAPI" time="4.074" classname="com.arcapi.Transittestcases.RidershipDataGetAPITest"/>
</testsuite> <!-- com.arcapi.Transittestcases.RidershipDataGetAPITest -->
