<?xml version="1.0" encoding="UTF-8"?>
<!-- Generated by org.testng.reporters.JUnitReportReporter -->
<testsuite skipped="0" hostname="G10GNLT041" name="com.arcapi.Buildingtestcases.AssetListAPITest" tests="2" failures="0" timestamp="17 Jun 2019 07:27:40 GMT" time="13.973" errors="0">
  <testcase name="AssetListAPI" time="6.667" classname="com.arcapi.Buildingtestcases.AssetListAPITest"/>
  <testcase name="AssetListAPI" time="7.306" classname="com.arcapi.Buildingtestcases.AssetListAPITest"/>
</testsuite> <!-- com.arcapi.Buildingtestcases.AssetListAPITest -->
