<?xml version="1.0" encoding="UTF-8"?>
<!-- Generated by org.testng.reporters.JUnitReportReporter -->
<testsuite skipped="0" hostname="G10GNLT041" name="com.arcapi.TrailFlowtestcases.Transit.AssetAppListAPITest" tests="1" failures="0" timestamp="08 Feb 2019 06:00:28 GMT" time="2.053" errors="0">
  <testcase name="AssetAppListAPI" time="2.053" classname="com.arcapi.TrailFlowtestcases.Transit.AssetAppListAPITest"/>
</testsuite> <!-- com.arcapi.TrailFlowtestcases.Transit.AssetAppListAPITest -->
