<?xml version="1.0" encoding="UTF-8"?>
<!-- Generated by org.testng.reporters.JUnitReportReporter -->
<testsuite skipped="0" hostname="G10GNLT041" name="com.arcapi.Transittestcases.AssetNotificationSubscriptionListTest" tests="2" failures="0" timestamp="17 Jun 2019 09:30:40 GMT" time="7.071" errors="0">
  <testcase name="AssetNotificationSubscriptionList" time="2.715" classname="com.arcapi.Transittestcases.AssetNotificationSubscriptionListTest"/>
  <testcase name="AssetNotificationSubscriptionList" time="4.356" classname="com.arcapi.Transittestcases.AssetNotificationSubscriptionListTest"/>
</testsuite> <!-- com.arcapi.Transittestcases.AssetNotificationSubscriptionListTest -->
