<?xml version="1.0" encoding="UTF-8"?>
<!-- Generated by org.testng.reporters.JUnitReportReporter -->
<testsuite hostname="G10GGNLT052" name="com.arcapi.Common.ScoreCodeVersionQuerysetGetAPITest" tests="1" failures="0" timestamp="27 Sep 2019 05:35:20 GMT" time="1.401" errors="0">
  <testcase name="ScoreCodeVersionQuerysetGetAPI" time="1.401" classname="com.arcapi.Common.ScoreCodeVersionQuerysetGetAPITest"/>
</testsuite> <!-- com.arcapi.Common.ScoreCodeVersionQuerysetGetAPITest -->
