<?xml version="1.0" encoding="UTF-8"?>
<!-- Generated by org.testng.reporters.JUnitReportReporter -->
<testsuite skipped="0" hostname="G10GNLT041" name="com.arcapi.CompleteDataValidationTestcases.PortfoliosPostAPITest" tests="1" failures="0" timestamp="21 Jun 2019 06:10:22 GMT" time="23.041" errors="0">
  <testcase name="PortfoliosPostAPI" time="23.041" classname="com.arcapi.CompleteDataValidationTestcases.PortfoliosPostAPITest"/>
</testsuite> <!-- com.arcapi.CompleteDataValidationTestcases.PortfoliosPostAPITest -->
