<?xml version="1.0" encoding="UTF-8"?>
<!-- Generated by org.testng.reporters.JUnitReportReporter -->
<testsuite hostname="G10GGNLT052" name="com.arcapi.Buildingtestcases.PaymentOrderSubmitPOSTAPITest" tests="1" failures="0" timestamp="6 Aug 2019 09:33:06 GMT" time="12.216" errors="0">
  <testcase name="PaymentOrderSubmitPOSTAPI" time="12.216" classname="com.arcapi.Buildingtestcases.PaymentOrderSubmitPOSTAPITest"/>
</testsuite> <!-- com.arcapi.Buildingtestcases.PaymentOrderSubmitPOSTAPITest -->
