<?xml version="1.0" encoding="UTF-8"?>
<!-- Generated by org.testng.reporters.JUnitReportReporter -->
<testsuite hostname="G10GGNLT052" name="com.arcapi.Portfoliostestcases.PortfoliosGoalsUpdateAPITest" tests="1" failures="0" timestamp="3 Aug 2019 11:05:10 GMT" time="3.214" errors="0">
  <testcase name="PortfoliosGoalsUpdateAPI" time="3.214" classname="com.arcapi.Portfoliostestcases.PortfoliosGoalsUpdateAPITest"/>
</testsuite> <!-- com.arcapi.Portfoliostestcases.PortfoliosGoalsUpdateAPITest -->
