<?xml version="1.0" encoding="UTF-8"?>
<!-- Generated by org.testng.reporters.JUnitReportReporter -->
<testsuite skipped="0" hostname="G10GNLT041" name="com.arcapi.Transittestcases.NotificationCreatePOSTAPITest" tests="2" failures="0" timestamp="17 Jun 2019 09:30:41 GMT" time="7.003" errors="0">
  <testcase name="NotificationCreatePOSTAPI" time="2.696" classname="com.arcapi.Transittestcases.NotificationCreatePOSTAPITest"/>
  <testcase name="NotificationCreatePOSTAPI" time="4.307" classname="com.arcapi.Transittestcases.NotificationCreatePOSTAPITest"/>
</testsuite> <!-- com.arcapi.Transittestcases.NotificationCreatePOSTAPITest -->
