<?xml version="1.0" encoding="UTF-8"?>
<!-- Generated by org.testng.reporters.JUnitReportReporter -->
<testsuite hostname="G10GGNLT052" name="com.arcapi.Buildingtestcase.MunicipalitySuppliedPortableWaterCreatePOSTAPITest" tests="1" failures="0" timestamp="6 Aug 2019 09:33:06 GMT" time="3.878" errors="0">
  <testcase name="municipalitySuppliedPortableWaterCreatePOSTAPI" time="3.878" classname="com.arcapi.Buildingtestcase.MunicipalitySuppliedPortableWaterCreatePOSTAPITest"/>
</testsuite> <!-- com.arcapi.Buildingtestcase.MunicipalitySuppliedPortableWaterCreatePOSTAPITest -->
