<?xml version="1.0" encoding="UTF-8"?>
<!-- Generated by org.testng.reporters.JUnitReportReporter -->
<testsuite hostname="G10GGNLT052" name="com.arcapi.Common.FuelCategoryAPITest" tests="1" failures="0" timestamp="11 Oct 2019 09:12:46 GMT" time="1.960" errors="0">
  <testcase name="FuelCategoryAPI" time="1.960" classname="com.arcapi.Common.FuelCategoryAPITest"/>
</testsuite> <!-- com.arcapi.Common.FuelCategoryAPITest -->
