<?xml version="1.0" encoding="UTF-8"?>
<!-- Generated by org.testng.reporters.JUnitReportReporter -->
<testsuite hostname="G10GGNLT052" name="com.arcapi.CompleteDataValidationNoPayloadTestcases.NotificationCreatePOSTAPITest" tests="1" failures="0" timestamp="10 Sep 2019 11:10:22 GMT" time="1.648" errors="0">
  <testcase name="NotificationCreatePOSTAPI" time="1.648" classname="com.arcapi.CompleteDataValidationNoPayloadTestcases.NotificationCreatePOSTAPITest"/>
</testsuite> <!-- com.arcapi.CompleteDataValidationNoPayloadTestcases.NotificationCreatePOSTAPITest -->
