<?xml version="1.0" encoding="UTF-8"?>
<!-- Generated by org.testng.reporters.JUnitReportReporter -->
<testsuite hostname="G10GGNLT052" name="com.arcapi.Common.AnalysisDataGetAPITest" tests="1" failures="0" timestamp="10 Oct 2019 08:21:47 GMT" time="2.257" errors="0">
  <testcase name="AnalysisDataGetAPI" time="2.257" classname="com.arcapi.Common.AnalysisDataGetAPITest"/>
</testsuite> <!-- com.arcapi.Common.AnalysisDataGetAPITest -->
