<?xml version="1.0" encoding="UTF-8"?>
<!-- Generated by org.testng.reporters.JUnitReportReporter -->
<testsuite skipped="0" hostname="G10GNLT041" name="com.arcapi.Communitytestcases.NotificationDeleteAPITest" tests="2" failures="0" timestamp="17 Jun 2019 09:30:41 GMT" time="7.902" errors="0">
  <testcase name="NotificationDeleteAPI" time="4.040" classname="com.arcapi.Communitytestcases.NotificationDeleteAPITest"/>
  <testcase name="NotificationDeleteAPI" time="3.862" classname="com.arcapi.Communitytestcases.NotificationDeleteAPITest"/>
</testsuite> <!-- com.arcapi.Communitytestcases.NotificationDeleteAPITest -->
