<?xml version="1.0" encoding="UTF-8"?>
<!-- Generated by org.testng.reporters.JUnitReportReporter -->
<testsuite hostname="G10GGNLT052" name="com.arcapi.Common.AssetPerformanceScoreListAPITest" tests="1" failures="0" timestamp="5 Nov 2019 05:13:46 GMT" time="1.398" errors="0">
  <testcase name="AssetPerformanceScoreListAPI" time="1.398" classname="com.arcapi.Common.AssetPerformanceScoreListAPITest"/>
</testsuite> <!-- com.arcapi.Common.AssetPerformanceScoreListAPITest -->
