<?xml version="1.0" encoding="UTF-8"?>
<!-- Generated by org.testng.reporters.JUnitReportReporter -->
<testsuite hostname="G10GGNLT052" name="com.arcapi.Common.ScoreVersionExtensionRequestUpdatePostAPITest" tests="1" failures="0" timestamp="27 Sep 2019 05:35:20 GMT" time="1.599" errors="0">
  <testcase name="ScoreVersionExtensionRequestUpdatePostAPI" time="1.599" classname="com.arcapi.Common.ScoreVersionExtensionRequestUpdatePostAPITest"/>
</testsuite> <!-- com.arcapi.Common.ScoreVersionExtensionRequestUpdatePostAPITest -->
