<?xml version="1.0" encoding="UTF-8"?>
<!-- Generated by org.testng.reporters.JUnitReportReporter -->
<testsuite skipped="0" hostname="G10GNLT041" name="com.arcapi.CompleteDataValidationTestcases.WasteGeneratedBulkDataPostTest" tests="1" failures="0" timestamp="21 Jun 2019 06:10:21 GMT" time="23.087" errors="0">
  <testcase name="WasteGeneratedBulkDataPost" time="23.087" classname="com.arcapi.CompleteDataValidationTestcases.WasteGeneratedBulkDataPostTest"/>
</testsuite> <!-- com.arcapi.CompleteDataValidationTestcases.WasteGeneratedBulkDataPostTest -->
