<?xml version="1.0" encoding="UTF-8"?>
<!-- Generated by org.testng.reporters.JUnitReportReporter -->
<testsuite hostname="G10GGNLT052" name="com.arcapi.ScenarioBasedTestcases.SetGeneralAllOccupantPUTAPITest" tests="1" failures="0" timestamp="22 Oct 2019 08:41:24 GMT" time="2.018" errors="0">
  <testcase name="SetGeneralAllOccupantPUTAPI" time="2.018" classname="com.arcapi.ScenarioBasedTestcases.SetGeneralAllOccupantPUTAPITest"/>
</testsuite> <!-- com.arcapi.ScenarioBasedTestcases.SetGeneralAllOccupantPUTAPITest -->
