<?xml version="1.0" encoding="UTF-8"?>
<!-- Generated by org.testng.reporters.JUnitReportReporter -->
<testsuite hostname="G10GGNLT052" name="com.arcapi.CompleteDataValidationNoPayloadTestcases.AnalysisDataSubmitPOSTAPITest" tests="1" failures="0" timestamp="13 Aug 2019 07:30:04 GMT" time="1.799" errors="0">
  <testcase name="AnalysisDataSubmitPOSTAPI" time="1.799" classname="com.arcapi.CompleteDataValidationNoPayloadTestcases.AnalysisDataSubmitPOSTAPITest"/>
</testsuite> <!-- com.arcapi.CompleteDataValidationNoPayloadTestcases.AnalysisDataSubmitPOSTAPITest -->
