<?xml version="1.0" encoding="UTF-8"?>
<!-- Generated by org.testng.reporters.JUnitReportReporter -->
<testsuite hostname="G10GGNLT052" name="com.arcapi.release1_18testcases.OccupantPostAPITest" tests="1" failures="0" timestamp="7 Nov 2019 08:15:32 GMT" time="3.304" errors="0">
  <testcase name="OccupantPostAPI" time="3.304" classname="com.arcapi.release1_18testcases.OccupantPostAPITest"/>
</testsuite> <!-- com.arcapi.release1_18testcases.OccupantPostAPITest -->
