<?xml version="1.0" encoding="UTF-8"?>
<!-- Generated by org.testng.reporters.JUnitReportReporter -->
<testsuite hostname="G10GGNLT052" name="com.arcapi.Buildingtestcases.AssetListAPITest" tests="1" failures="0" timestamp="23 Aug 2019 04:56:48 GMT" time="2.429" errors="0">
  <testcase name="AssetListAPI" time="2.429" classname="com.arcapi.Buildingtestcases.AssetListAPITest"/>
</testsuite> <!-- com.arcapi.Buildingtestcases.AssetListAPITest -->
