<?xml version="1.0" encoding="UTF-8"?>
<!-- Generated by org.testng.reporters.JUnitReportReporter -->
<testsuite hostname="G10GGNLT052" name="com.arcapi.Citytestcases.AssetNotificationSubscriptionListTest" tests="1" failures="0" timestamp="14 Aug 2019 08:09:03 GMT" time="3.139" errors="0">
  <testcase name="AssetNotificationSubscriptionList" time="3.139" classname="com.arcapi.Citytestcases.AssetNotificationSubscriptionListTest"/>
</testsuite> <!-- com.arcapi.Citytestcases.AssetNotificationSubscriptionListTest -->
