<?xml version="1.0" encoding="UTF-8"?>
<!-- Generated by org.testng.reporters.JUnitReportReporter -->
<testsuite hostname="G10GGNLT052" name="com.arcapi.Common.NotificationCreatePOSTAPITest" tests="1" failures="0" timestamp="11 Oct 2019 09:12:46 GMT" time="2.429" errors="0">
  <testcase name="NotificationCreatePOSTAPI" time="2.429" classname="com.arcapi.Common.NotificationCreatePOSTAPITest"/>
</testsuite> <!-- com.arcapi.Common.NotificationCreatePOSTAPITest -->
