<?xml version="1.0" encoding="UTF-8"?>
<!-- Generated by org.testng.reporters.JUnitReportReporter -->
<testsuite skipped="0" hostname="G10GNLT041" name="com.arcapi.Transittestcases.ScoreWeightsAPITest" tests="2" failures="0" timestamp="17 Jun 2019 09:30:40 GMT" time="8.045" errors="0">
  <testcase name="ScoreWeightsAPI" time="3.708" classname="com.arcapi.Transittestcases.ScoreWeightsAPITest"/>
  <testcase name="ScoreWeightsAPI" time="4.337" classname="com.arcapi.Transittestcases.ScoreWeightsAPITest"/>
</testsuite> <!-- com.arcapi.Transittestcases.ScoreWeightsAPITest -->
