<?xml version="1.0" encoding="UTF-8"?>
<!-- Generated by org.testng.reporters.JUnitReportReporter -->
<testsuite hostname="G10GGNLT052" name="com.arcapi.Scoretestcases.version3.CityUnemploymentGetTest" tests="1" failures="0" timestamp="1 Oct 2019 07:53:07 GMT" time="1.547" errors="0">
  <testcase name="CityUnemploymentGet" time="1.547" classname="com.arcapi.Scoretestcases.version3.CityUnemploymentGetTest"/>
</testsuite> <!-- com.arcapi.Scoretestcases.version3.CityUnemploymentGetTest -->
