<?xml version="1.0" encoding="UTF-8"?>
<!-- Generated by org.testng.reporters.JUnitReportReporter -->
<testsuite skipped="0" hostname="G10GNLT041" name="com.arcapi.Buildingtestcases.AssetValidationInfoPOSTAPITest" tests="2" failures="0" timestamp="17 Jun 2019 07:27:40 GMT" time="11.887" errors="0">
  <testcase name="AssetValidationInfoPOSTAPI" time="6.288" classname="com.arcapi.Buildingtestcases.AssetValidationInfoPOSTAPITest"/>
  <testcase name="AssetValidationInfoPOSTAPI" time="5.599" classname="com.arcapi.Buildingtestcases.AssetValidationInfoPOSTAPITest"/>
</testsuite> <!-- com.arcapi.Buildingtestcases.AssetValidationInfoPOSTAPITest -->
