<?xml version="1.0" encoding="UTF-8"?>
<!-- Generated by org.testng.reporters.JUnitReportReporter -->
<testsuite skipped="0" hostname="G10GNLT041" name="com.arcapi.TrailFlowtestcases.NotificationSubscriptionDetailDeleteTest" tests="1" failures="0" timestamp="05 Feb 2019 07:18:51 GMT" time="8.789" errors="0">
  <testcase name="NotificationSubscriptionDetailDelete" time="8.789" classname="com.arcapi.TrailFlowtestcases.NotificationSubscriptionDetailDeleteTest"/>
</testsuite> <!-- com.arcapi.TrailFlowtestcases.NotificationSubscriptionDetailDeleteTest -->
