<?xml version="1.0" encoding="UTF-8"?>
<!-- Generated by org.testng.reporters.JUnitReportReporter -->
<testsuite hostname="G10GGNLT052" name="com.arcapi.Buildingtestcases.CreditGetAPITest" tests="1" failures="0" timestamp="20 Sep 2019 08:24:47 GMT" time="13.351" errors="0">
  <testcase name="CreditGetAPI" time="13.351" classname="com.arcapi.Buildingtestcases.CreditGetAPITest"/>
</testsuite> <!-- com.arcapi.Buildingtestcases.CreditGetAPITest -->
