<?xml version="1.0" encoding="UTF-8"?>
<!-- Generated by org.testng.reporters.JUnitReportReporter -->
<testsuite hostname="G10GGNLT052" name="com.arcapi.CompleteDataValidationNoPayloadTestcases.CreditFormUploadPOSTAPITest" tests="1" failures="0" timestamp="9 Oct 2019 05:37:53 GMT" time="1.843" errors="0">
  <testcase name="CreditFormUploadPOSTAPI" time="1.843" classname="com.arcapi.CompleteDataValidationNoPayloadTestcases.CreditFormUploadPOSTAPITest"/>
</testsuite> <!-- com.arcapi.CompleteDataValidationNoPayloadTestcases.CreditFormUploadPOSTAPITest -->
