<?xml version="1.0" encoding="UTF-8"?>
<!-- Generated by org.testng.reporters.JUnitReportReporter -->
<testsuite hostname="G10GGNLT052" name="com.arcapi.Buildingtestcases.LoginAPITest" tests="1" failures="0" timestamp="8 Aug 2019 05:27:54 GMT" time="6.581" errors="0">
  <testcase name="LoginAPI" time="6.581" classname="com.arcapi.Buildingtestcases.LoginAPITest"/>
</testsuite> <!-- com.arcapi.Buildingtestcases.LoginAPITest -->
