<?xml version="1.0" encoding="UTF-8"?>
<!-- Generated by org.testng.reporters.JUnitReportReporter -->
<testsuite skipped="0" hostname="G10GNLT041" name="com.arcapi.Communitytestcases.AssetTeamMemberRemoveAPITest" tests="2" failures="0" timestamp="17 Jun 2019 09:30:40 GMT" time="10.241" errors="0">
  <testcase name="AssetTeamMemberRemoveAPI" time="4.794" classname="com.arcapi.Communitytestcases.AssetTeamMemberRemoveAPITest"/>
  <testcase name="AssetTeamMemberRemoveAPI" time="5.447" classname="com.arcapi.Communitytestcases.AssetTeamMemberRemoveAPITest"/>
</testsuite> <!-- com.arcapi.Communitytestcases.AssetTeamMemberRemoveAPITest -->
