<?xml version="1.0" encoding="UTF-8"?>
<!-- Generated by org.testng.reporters.JUnitReportReporter -->
<testsuite skipped="0" hostname="G10GNLT041" name="com.arcapi.Communitytestcases.PerformanceComparablesGetAPITest" tests="2" failures="0" timestamp="17 Jun 2019 09:30:40 GMT" time="7.804" errors="0">
  <testcase name="PerformanceComparablesGetAPI" time="3.588" classname="com.arcapi.Communitytestcases.PerformanceComparablesGetAPITest"/>
  <testcase name="PerformanceComparablesGetAPI" time="4.216" classname="com.arcapi.Communitytestcases.PerformanceComparablesGetAPITest"/>
</testsuite> <!-- com.arcapi.Communitytestcases.PerformanceComparablesGetAPITest -->
