<?xml version="1.0" encoding="UTF-8"?>
<!-- Generated by org.testng.reporters.JUnitReportReporter -->
<testsuite skipped="0" hostname="G10GNLT041" name="com.arcapi.Citytestcases.UserDetailAPITest" tests="2" failures="0" timestamp="17 Jun 2019 08:07:17 GMT" time="6.838" errors="0">
  <testcase name="UserDetailAPI" time="3.417" classname="com.arcapi.Citytestcases.UserDetailAPITest"/>
  <testcase name="UserDetailAPI" time="3.421" classname="com.arcapi.Citytestcases.UserDetailAPITest"/>
</testsuite> <!-- com.arcapi.Citytestcases.UserDetailAPITest -->
