<?xml version="1.0" encoding="UTF-8"?>
<!-- Generated by org.testng.reporters.JUnitReportReporter -->
<testsuite hostname="G10GGNLT052" name="com.arcapi.Common.WasteDivertedResampleGETAPITest" tests="1" failures="0" timestamp="5 Nov 2019 05:13:46 GMT" time="1.491" errors="0">
  <testcase name="WasteDivertedResampleGETAPI" time="1.491" classname="com.arcapi.Common.WasteDivertedResampleGETAPITest"/>
</testsuite> <!-- com.arcapi.Common.WasteDivertedResampleGETAPITest -->
