<?xml version="1.0" encoding="UTF-8"?>
<!-- Generated by org.testng.reporters.JUnitReportReporter -->
<testsuite skipped="0" hostname="G10GNLT041" name="com.arcapi.Communitytestcases.AssetTeamPermissionPutAPITest" tests="2" failures="0" timestamp="17 Jun 2019 09:30:40 GMT" time="8.511" errors="0">
  <testcase name="AssetTeamPermissionPutAPI" time="4.515" classname="com.arcapi.Communitytestcases.AssetTeamPermissionPutAPITest"/>
  <testcase name="AssetTeamPermissionPutAPI" time="3.996" classname="com.arcapi.Communitytestcases.AssetTeamPermissionPutAPITest"/>
</testsuite> <!-- com.arcapi.Communitytestcases.AssetTeamPermissionPutAPITest -->
