<?xml version="1.0" encoding="UTF-8"?>
<!-- Generated by org.testng.reporters.JUnitReportReporter -->
<testsuite hostname="G10GGNLT052" name="com.arcapi.Citytestcases.AssetTeamMemberAddPOSTAPITest" tests="1" failures="0" timestamp="14 Aug 2019 08:09:03 GMT" time="3.391" errors="0">
  <testcase name="AssetTeamMemberAddPOSTAPI" time="3.391" classname="com.arcapi.Citytestcases.AssetTeamMemberAddPOSTAPITest"/>
</testsuite> <!-- com.arcapi.Citytestcases.AssetTeamMemberAddPOSTAPITest -->
