<?xml version="1.0" encoding="UTF-8"?>
<!-- Generated by org.testng.reporters.JUnitReportReporter -->
<testsuite skipped="0" hostname="G10GNLT041" name="com.arcapi.CrossRatingSystemtestcases.RidershipDataGetAPITest" tests="3" failures="0" timestamp="21 Jun 2019 05:06:06 GMT" time="5.927" errors="0">
  <testcase name="RidershipDataGetAPI" time="1.682" classname="com.arcapi.CrossRatingSystemtestcases.RidershipDataGetAPITest"/>
  <testcase name="RidershipDataGetAPI" time="2.490" classname="com.arcapi.CrossRatingSystemtestcases.RidershipDataGetAPITest"/>
  <testcase name="RidershipDataGetAPI" time="1.755" classname="com.arcapi.CrossRatingSystemtestcases.RidershipDataGetAPITest"/>
</testsuite> <!-- com.arcapi.CrossRatingSystemtestcases.RidershipDataGetAPITest -->
