<?xml version="1.0" encoding="UTF-8"?>
<!-- Generated by org.testng.reporters.JUnitReportReporter -->
<testsuite hostname="G10GGNLT052" name="com.arcapi.Common.AssetDataExportAPITest" tests="1" failures="0" timestamp="10 Oct 2019 08:21:46 GMT" time="7.086" errors="0">
  <testcase name="AssetDataExportAPI" time="7.086" classname="com.arcapi.Common.AssetDataExportAPITest"/>
</testsuite> <!-- com.arcapi.Common.AssetDataExportAPITest -->
