<?xml version="1.0" encoding="UTF-8"?>
<!-- Generated by org.testng.reporters.JUnitReportReporter -->
<testsuite hostname="G10GGNLT052" name="com.arcapi.Portfoliostestcases.PortfoliosTransportModes5YearDataVerifyGetAPITest" tests="1" failures="0" timestamp="7 Aug 2019 11:40:43 GMT" time="2.162" errors="0">
  <testcase name="PortfoliosTransportModes5YearDataVerifyGetAPI" time="2.162" classname="com.arcapi.Portfoliostestcases.PortfoliosTransportModes5YearDataVerifyGetAPITest"/>
</testsuite> <!-- com.arcapi.Portfoliostestcases.PortfoliosTransportModes5YearDataVerifyGetAPITest -->
