<?xml version="1.0" encoding="UTF-8"?>
<!-- Generated by org.testng.reporters.JUnitReportReporter -->
<testsuite hostname="G10GGNLT052" name="com.arcapi.Portfoliostestcases.PortfoliosGoalsDetailAPITest" tests="1" failures="0" timestamp="20 Sep 2019 06:16:39 GMT" time="1.956" errors="0">
  <testcase name="PortfoliosGoalsDetailAPI" time="1.956" classname="com.arcapi.Portfoliostestcases.PortfoliosGoalsDetailAPITest"/>
</testsuite> <!-- com.arcapi.Portfoliostestcases.PortfoliosGoalsDetailAPITest -->
