<?xml version="1.0" encoding="UTF-8"?>
<!-- Generated by org.testng.reporters.JUnitReportReporter -->
<testsuite skipped="0" hostname="G10GNLT041" name="com.arcapi.Citytestcases.AssociatedCategoriesAPITest" tests="2" failures="0" timestamp="17 Jun 2019 08:07:17 GMT" time="5.860" errors="0">
  <testcase name="AssociatedCategoriesAPI" time="2.924" classname="com.arcapi.Citytestcases.AssociatedCategoriesAPITest"/>
  <testcase name="AssociatedCategoriesAPI" time="2.936" classname="com.arcapi.Citytestcases.AssociatedCategoriesAPITest"/>
</testsuite> <!-- com.arcapi.Citytestcases.AssociatedCategoriesAPITest -->
