<?xml version="1.0" encoding="UTF-8"?>
<!-- Generated by org.testng.reporters.JUnitReportReporter -->
<testsuite hostname="G10GGNLT052" name="com.arcapi.Communitytestcases.LeedExistingCommunityCreateAssetAPITest" tests="1" failures="0" timestamp="18 Sep 2019 06:42:51 GMT" time="9.573" errors="0">
  <testcase name="LeedExistingCityCreateAssetAPI" time="9.573" classname="com.arcapi.Communitytestcases.LeedExistingCommunityCreateAssetAPITest"/>
</testsuite> <!-- com.arcapi.Communitytestcases.LeedExistingCommunityCreateAssetAPITest -->
