<?xml version="1.0" encoding="UTF-8"?>
<!-- Generated by org.testng.reporters.JUnitReportReporter -->
<testsuite hostname="G10GGNLT052" name="com.arcapi.Common.NotificationCreatePOSTAPITest" tests="1" failures="0" timestamp="22 Oct 2019 10:35:09 GMT" time="1.497" errors="0">
  <testcase name="NotificationCreatePOSTAPI" time="1.497" classname="com.arcapi.Common.NotificationCreatePOSTAPITest"/>
</testsuite> <!-- com.arcapi.Common.NotificationCreatePOSTAPITest -->
