<?xml version="1.0" encoding="UTF-8"?>
<!-- Generated by org.testng.reporters.JUnitReportReporter -->
<testsuite hostname="G10GGNLT052" name="com.arcapi.Common.Neg.SubmitReviewPOSTAPITest" tests="1" failures="0" timestamp="10 Oct 2019 08:21:45 GMT" time="3.343" errors="0">
  <testcase name="SubmitReviewPOSTAPI" time="3.343" classname="com.arcapi.Common.Neg.SubmitReviewPOSTAPITest"/>
</testsuite> <!-- com.arcapi.Common.Neg.SubmitReviewPOSTAPITest -->
