<?xml version="1.0" encoding="UTF-8"?>
<!-- Generated by org.testng.reporters.JUnitReportReporter -->
<testsuite hostname="G10GGNLT052" name="com.arcapi.Transittestcases.TransitSurveySummarizeSurveyAPITest" tests="1" failures="0" timestamp="17 Oct 2019 07:26:51 GMT" time="2.055" errors="0">
  <testcase name="TransitSurveySummarizeSurveyAPI" time="2.055" classname="com.arcapi.Transittestcases.TransitSurveySummarizeSurveyAPITest"/>
</testsuite> <!-- com.arcapi.Transittestcases.TransitSurveySummarizeSurveyAPITest -->
