<?xml version="1.0" encoding="UTF-8"?>
<!-- Generated by org.testng.reporters.JUnitReportReporter -->
<testsuite hostname="G10GGNLT052" name="com.arcapi.Buildingtestcases.WasteDivertedBulkDataPostTest" tests="1" failures="0" timestamp="7 Oct 2019 08:53:31 GMT" time="1.542" errors="0">
  <testcase name="WasteDivertedBulkDataPost" time="1.542" classname="com.arcapi.Buildingtestcases.WasteDivertedBulkDataPostTest"/>
</testsuite> <!-- com.arcapi.Buildingtestcases.WasteDivertedBulkDataPostTest -->
