<?xml version="1.0" encoding="UTF-8"?>
<!-- Generated by org.testng.reporters.JUnitReportReporter -->
<testsuite skipped="0" hostname="G10GNLT041" name="com.arcapi.Communitytestcases.MeasuresVersionListAPITest" tests="2" failures="0" timestamp="17 Jun 2019 09:30:40 GMT" time="9.200" errors="0">
  <testcase name="MeasuresVersionListAPI" time="5.212" classname="com.arcapi.Communitytestcases.MeasuresVersionListAPITest"/>
  <testcase name="MeasuresVersionListAPI" time="3.988" classname="com.arcapi.Communitytestcases.MeasuresVersionListAPITest"/>
</testsuite> <!-- com.arcapi.Communitytestcases.MeasuresVersionListAPITest -->
