<?xml version="1.0" encoding="UTF-8"?>
<!-- Generated by org.testng.reporters.JUnitReportReporter -->
<testsuite skipped="0" hostname="G10GNLT041" name="com.arcapi.Transittestcases.AssetListAPITest" tests="2" failures="0" timestamp="17 Jun 2019 09:30:40 GMT" time="7.475" errors="0">
  <testcase name="AssetListAPI" time="2.773" classname="com.arcapi.Transittestcases.AssetListAPITest"/>
  <testcase name="AssetListAPI" time="4.702" classname="com.arcapi.Transittestcases.AssetListAPITest"/>
</testsuite> <!-- com.arcapi.Transittestcases.AssetListAPITest -->
