<?xml version="1.0" encoding="UTF-8"?>
<!-- Generated by org.testng.reporters.JUnitReportReporter -->
<testsuite hostname="G10GGNLT052" name="com.arcapi.Buildingtestcases.VOCGetTest" tests="1" failures="0" timestamp="8 Nov 2019 07:29:52 GMT" time="1.401" errors="0">
  <testcase name="VOCGet" time="1.401" classname="com.arcapi.Buildingtestcases.VOCGetTest"/>
</testsuite> <!-- com.arcapi.Buildingtestcases.VOCGetTest -->
