<?xml version="1.0" encoding="UTF-8"?>
<!-- Generated by org.testng.reporters.JUnitReportReporter -->
<testsuite hostname="G10GGNLT052" name="com.arcapi.Citytestcases.VerifyProjectRegisteredAssetListTest" tests="1" failures="0" timestamp="14 Aug 2019 08:09:02 GMT" time="2.686" errors="0">
  <testcase name="VerifyProjectRegisteredAssetList" time="2.686" classname="com.arcapi.Citytestcases.VerifyProjectRegisteredAssetListTest"/>
</testsuite> <!-- com.arcapi.Citytestcases.VerifyProjectRegisteredAssetListTest -->
