<?xml version="1.0" encoding="UTF-8"?>
<!-- Generated by org.testng.reporters.JUnitReportReporter -->
<testsuite skipped="0" hostname="G10GNLT041" name="com.arcapi.Transittestcases.VerifyAssetDetailAPITest" tests="2" failures="0" timestamp="17 Jun 2019 09:30:41 GMT" time="10.932" errors="0">
  <testcase name="VerifyAssetDetailAPI" time="5.150" classname="com.arcapi.Transittestcases.VerifyAssetDetailAPITest"/>
  <testcase name="VerifyAssetDetailAPI" time="5.782" classname="com.arcapi.Transittestcases.VerifyAssetDetailAPITest"/>
</testsuite> <!-- com.arcapi.Transittestcases.VerifyAssetDetailAPITest -->
