<?xml version="1.0" encoding="UTF-8"?>
<!-- Generated by org.testng.reporters.JUnitReportReporter -->
<testsuite hostname="G10GGNLT052" name="com.arcapi.Common.LoginAPITest" tests="1" failures="0" timestamp="21 Sep 2019 09:20:04 GMT" time="9.462" errors="0">
  <testcase name="LoginAPI" time="9.462" classname="com.arcapi.Common.LoginAPITest"/>
</testsuite> <!-- com.arcapi.Common.LoginAPITest -->
