<?xml version="1.0" encoding="UTF-8"?>
<!-- Generated by org.testng.reporters.JUnitReportReporter -->
<testsuite hostname="G10GGNLT052" name="com.arcapi.Portfoliostestcases.PortfoliosTeamsPUTAPITest" tests="1" failures="0" timestamp="3 Aug 2019 11:05:10 GMT" time="3.285" errors="0">
  <testcase name="PortfoliosTeamsPUTAPI" time="3.285" classname="com.arcapi.Portfoliostestcases.PortfoliosTeamsPUTAPITest"/>
</testsuite> <!-- com.arcapi.Portfoliostestcases.PortfoliosTeamsPUTAPITest -->
