<?xml version="1.0" encoding="UTF-8"?>
<!-- Generated by org.testng.reporters.JUnitReportReporter -->
<testsuite skipped="0" hostname="G10GNLT041" name="com.arcapi.Transittestcases.RegistrationPaymentPricingGetAPITest" tests="1" failures="0" timestamp="21 Jun 2019 05:06:06 GMT" time="2.772" errors="0">
  <testcase name="RegistrationPaymentPricingGetAPI" time="2.772" classname="com.arcapi.Transittestcases.RegistrationPaymentPricingGetAPITest"/>
</testsuite> <!-- com.arcapi.Transittestcases.RegistrationPaymentPricingGetAPITest -->
