<?xml version="1.0" encoding="UTF-8"?>
<!-- Generated by org.testng.reporters.JUnitReportReporter -->
<testsuite hostname="G10GGNLT052" name="com.arcapi.ScenarioBasedTestcases.AssetTeamMemberRemoveAPITest" tests="2" failures="0" timestamp="13 Sep 2019 06:16:11 GMT" time="6.265" errors="0">
  <testcase name="AssetTeamMemberRemoveAPI" time="3.236" classname="com.arcapi.ScenarioBasedTestcases.AssetTeamMemberRemoveAPITest"/>
  <testcase name="AssetTeamMemberRemoveAPI" time="3.029" classname="com.arcapi.ScenarioBasedTestcases.AssetTeamMemberRemoveAPITest"/>
</testsuite> <!-- com.arcapi.ScenarioBasedTestcases.AssetTeamMemberRemoveAPITest -->
