<?xml version="1.0" encoding="UTF-8"?>
<!-- Generated by org.testng.reporters.JUnitReportReporter -->
<testsuite skipped="0" hostname="G10GNLT041" name="com.arcapi.Transittestcases.TransitSurveyAPITest" tests="2" failures="0" timestamp="17 Jun 2019 09:30:40 GMT" time="7.229" errors="0">
  <testcase name="TransitSurveyAPI" time="2.765" classname="com.arcapi.Transittestcases.TransitSurveyAPITest"/>
  <testcase name="TransitSurveyAPI" time="4.464" classname="com.arcapi.Transittestcases.TransitSurveyAPITest"/>
</testsuite> <!-- com.arcapi.Transittestcases.TransitSurveyAPITest -->
