<?xml version="1.0" encoding="UTF-8"?>
<!-- Generated by org.testng.reporters.JUnitReportReporter -->
<testsuite skipped="0" hostname="G10GNLT041" name="com.arcapi.Citytestcases.CreateAssetCityCustomAPITest" tests="1" failures="0" timestamp="24 May 2019 05:16:58 GMT" time="34.725" errors="0">
  <testcase name="CreateAssetPOSTAPI" time="34.725" classname="com.arcapi.Citytestcases.CreateAssetCityCustomAPITest"/>
</testsuite> <!-- com.arcapi.Citytestcases.CreateAssetCityCustomAPITest -->
