<?xml version="1.0" encoding="UTF-8"?>
<!-- Generated by org.testng.reporters.JUnitReportReporter -->
<testsuite hostname="G10GGNLT052" name="com.arcapi.Common.GetAllDocumentListAPITest" tests="1" failures="0" timestamp="10 Sep 2019 13:39:53 GMT" time="2.827" errors="0">
  <testcase name="GetAllDocumentListAPI" time="2.827" classname="com.arcapi.Common.GetAllDocumentListAPITest"/>
</testsuite> <!-- com.arcapi.Common.GetAllDocumentListAPITest -->
