<?xml version="1.0" encoding="UTF-8"?>
<!-- Generated by org.testng.reporters.JUnitReportReporter -->
<testsuite skipped="0" hostname="G10GNLT041" name="com.arcapi.Buildingtestcases.AnalysisDataSubmitPOSTAPITest" tests="2" failures="0" timestamp="17 Jun 2019 07:27:40 GMT" time="44.439" errors="0">
  <testcase name="AnalysisDataSubmitPOSTAPI" time="23.430" classname="com.arcapi.Buildingtestcases.AnalysisDataSubmitPOSTAPITest"/>
  <testcase name="AnalysisDataSubmitPOSTAPI" time="21.009" classname="com.arcapi.Buildingtestcases.AnalysisDataSubmitPOSTAPITest"/>
</testsuite> <!-- com.arcapi.Buildingtestcases.AnalysisDataSubmitPOSTAPITest -->
