<?xml version="1.0" encoding="UTF-8"?>
<!-- Generated by org.testng.reporters.JUnitReportReporter -->
<testsuite skipped="0" hostname="G10GNLT041" name="com.arcapi.Buildingtestcases.AssetTeamPermissionPutAPITest" tests="2" failures="0" timestamp="17 Jun 2019 07:27:40 GMT" time="13.553" errors="0">
  <testcase name="AssetTeamPermissionPutAPI" time="6.178" classname="com.arcapi.Buildingtestcases.AssetTeamPermissionPutAPITest"/>
  <testcase name="AssetTeamPermissionPutAPI" time="7.375" classname="com.arcapi.Buildingtestcases.AssetTeamPermissionPutAPITest"/>
</testsuite> <!-- com.arcapi.Buildingtestcases.AssetTeamPermissionPutAPITest -->
