<?xml version="1.0" encoding="UTF-8"?>
<!-- Generated by org.testng.reporters.JUnitReportReporter -->
<testsuite hostname="G10GGNLT052" name="com.arcapi.Buildingtestcases.OtherFuelConsumptionDeleteAPITest" tests="1" failures="0" timestamp="11 Oct 2019 08:57:38 GMT" time="35.972" errors="0">
  <testcase name="OtherFuelConsumptionDeleteAPI" time="35.972" classname="com.arcapi.Buildingtestcases.OtherFuelConsumptionDeleteAPITest"/>
</testsuite> <!-- com.arcapi.Buildingtestcases.OtherFuelConsumptionDeleteAPITest -->
