<?xml version="1.0" encoding="UTF-8"?>
<!-- Generated by org.testng.reporters.JUnitReportReporter -->
<testsuite skipped="0" hostname="G10GNLT041" name="com.arcapi.Transittestcases.TemperatureDataGetTest" tests="2" failures="0" timestamp="17 Jun 2019 09:30:41 GMT" time="8.385" errors="0">
  <testcase name="TemperatureDataGet" time="4.662" classname="com.arcapi.Transittestcases.TemperatureDataGetTest"/>
  <testcase name="TemperatureDataGet" time="3.723" classname="com.arcapi.Transittestcases.TemperatureDataGetTest"/>
</testsuite> <!-- com.arcapi.Transittestcases.TemperatureDataGetTest -->
