<?xml version="1.0" encoding="UTF-8"?>
<!-- Generated by org.testng.reporters.JUnitReportReporter -->
<testsuite hostname="G10GGNLT052" name="com.arcapi.Buildingtestcases.GhgGetTest" tests="1" failures="0" timestamp="10 Sep 2019 13:39:53 GMT" time="2.806" errors="0">
  <testcase name="GhgGetTestAPI" time="2.806" classname="com.arcapi.Buildingtestcases.GhgGetTest"/>
</testsuite> <!-- com.arcapi.Buildingtestcases.GhgGetTest -->
