<?xml version="1.0" encoding="UTF-8"?>
<!-- Generated by org.testng.reporters.JUnitReportReporter -->
<testsuite hostname="G10GGNLT052" name="com.arcapi.Common.DownloadDocumentsAPITest" tests="1" failures="0" timestamp="11 Oct 2019 09:12:46 GMT" time="3.833" errors="0">
  <testcase name="DownloadDocumentsAPI" time="3.833" classname="com.arcapi.Common.DownloadDocumentsAPITest"/>
</testsuite> <!-- com.arcapi.Common.DownloadDocumentsAPITest -->
