<?xml version="1.0" encoding="UTF-8"?>
<!-- Generated by org.testng.reporters.JUnitReportReporter -->
<testsuite skipped="0" hostname="G10GNLT041" name="com.arcapi.Buildingtestcases.AnalysisDataGetAPITest" tests="2" failures="0" timestamp="17 Jun 2019 07:27:40 GMT" time="14.214" errors="0">
  <testcase name="AnalysisDataGetAPI" time="7.259" classname="com.arcapi.Buildingtestcases.AnalysisDataGetAPITest"/>
  <testcase name="AnalysisDataGetAPI" time="6.955" classname="com.arcapi.Buildingtestcases.AnalysisDataGetAPITest"/>
</testsuite> <!-- com.arcapi.Buildingtestcases.AnalysisDataGetAPITest -->
