<?xml version="1.0" encoding="UTF-8"?>
<!-- Generated by org.testng.reporters.JUnitReportReporter -->
<testsuite hostname="G10GGNLT052" name="com.arcapi.Common.AnalysisDataSubmitPOSTAPITest" tests="1" failures="0" timestamp="22 Oct 2019 10:35:09 GMT" time="0.006" errors="0">
  <testcase name="AnalysisDataSubmitPOSTAPI" time="0.006" classname="com.arcapi.Common.AnalysisDataSubmitPOSTAPITest"/>
</testsuite> <!-- com.arcapi.Common.AnalysisDataSubmitPOSTAPITest -->
