<?xml version="1.0" encoding="UTF-8"?>
<!-- Generated by org.testng.reporters.JUnitReportReporter -->
<testsuite skipped="0" hostname="G10GNLT041" name="com.arcapi.CrossRatingSystemtestcases.CreditGetAPITest" tests="1" failures="0" timestamp="21 Jun 2019 05:06:06 GMT" time="1.933" errors="0">
  <testcase name="CreditGetAPI" time="1.933" classname="com.arcapi.CrossRatingSystemtestcases.CreditGetAPITest"/>
</testsuite> <!-- com.arcapi.CrossRatingSystemtestcases.CreditGetAPITest -->
