<?xml version="1.0" encoding="UTF-8"?>
<!-- Generated by org.testng.reporters.JUnitReportReporter -->
<testsuite skipped="0" hostname="G10GNLT041" name="com.arcapi.Communitytestcases.CreditGetAPITest" tests="2" failures="0" timestamp="17 Jun 2019 09:30:41 GMT" time="17.056" errors="0">
  <testcase name="CreditGetAPI" time="8.381" classname="com.arcapi.Communitytestcases.CreditGetAPITest"/>
  <testcase name="CreditGetAPI" time="8.675" classname="com.arcapi.Communitytestcases.CreditGetAPITest"/>
</testsuite> <!-- com.arcapi.Communitytestcases.CreditGetAPITest -->
