<?xml version="1.0" encoding="UTF-8"?>
<!-- Generated by org.testng.reporters.JUnitReportReporter -->
<testsuite hostname="G10GGNLT052" name="com.arcapi.Buildingtestcases.ConsumptionDetailAPITest" tests="1" failures="0" timestamp="5 Nov 2019 05:13:46 GMT" time="1.408" errors="0">
  <testcase name="ConsumptionDetailAPI" time="1.408" classname="com.arcapi.Buildingtestcases.ConsumptionDetailAPITest"/>
</testsuite> <!-- com.arcapi.Buildingtestcases.ConsumptionDetailAPITest -->
