<?xml version="1.0" encoding="UTF-8"?>
<!-- Generated by org.testng.reporters.JUnitReportReporter -->
<testsuite hostname="G10GGNLT052" name="com.arcapi.ScenarioBasedTestcases.CO2ConsumptionCreateAPITest" tests="1" failures="0" timestamp="22 Oct 2019 08:12:10 GMT" time="1.793" errors="0">
  <testcase name="CO2ConsumptionCreateAPI" time="1.793" classname="com.arcapi.ScenarioBasedTestcases.CO2ConsumptionCreateAPITest"/>
</testsuite> <!-- com.arcapi.ScenarioBasedTestcases.CO2ConsumptionCreateAPITest -->
