<?xml version="1.0" encoding="UTF-8"?>
<!-- Generated by org.testng.reporters.JUnitReportReporter -->
<testsuite hostname="G10GGNLT052" name="com.arcapi.Buildingtestcases.ExcelTemplateMetersAPITest" tests="1" failures="0" timestamp="8 Nov 2019 09:09:03 GMT" time="2.955" errors="0">
  <testcase name="ExcelTemplateMetersAPI" time="2.955" classname="com.arcapi.Buildingtestcases.ExcelTemplateMetersAPITest"/>
</testsuite> <!-- com.arcapi.Buildingtestcases.ExcelTemplateMetersAPITest -->
