<?xml version="1.0" encoding="UTF-8"?>
<!-- Generated by org.testng.reporters.JUnitReportReporter -->
<testsuite skipped="0" hostname="G10GNLT041" name="com.arcapi.Buildingtestcases.ElectricityConsumptionDeleteAPITest" tests="1" failures="0" timestamp="20 Dec 2018 09:55:01 GMT" time="18.955" errors="0">
  <testcase name="ConsumptionDeleteAPI" time="18.955" classname="com.arcapi.Buildingtestcases.ElectricityConsumptionDeleteAPITest"/>
</testsuite> <!-- com.arcapi.Buildingtestcases.ElectricityConsumptionDeleteAPITest -->
