<?xml version="1.0" encoding="UTF-8"?>
<!-- Generated by org.testng.reporters.JUnitReportReporter -->
<testsuite skipped="0" hostname="G10GNLT041" name="com.arcapi.Transittestcases.FeedbackSubmitPostAPITest" tests="2" failures="0" timestamp="17 Jun 2019 09:30:39 GMT" time="7.334" errors="0">
  <testcase name="FeedbackSubmitPostAPI" time="2.762" classname="com.arcapi.Transittestcases.FeedbackSubmitPostAPITest"/>
  <testcase name="FeedbackSubmitPostAPI" time="4.572" classname="com.arcapi.Transittestcases.FeedbackSubmitPostAPITest"/>
</testsuite> <!-- com.arcapi.Transittestcases.FeedbackSubmitPostAPITest -->
