<?xml version="1.0" encoding="UTF-8"?>
<!-- Generated by org.testng.reporters.JUnitReportReporter -->
<testsuite hostname="G10GGNLT052" name="com.arcapi.Transittestcases.RidershipDataGetAPITest" tests="1" failures="0" timestamp="17 Oct 2019 07:26:52 GMT" time="1.687" errors="0">
  <testcase name="RidershipDataGetAPI" time="1.687" classname="com.arcapi.Transittestcases.RidershipDataGetAPITest"/>
</testsuite> <!-- com.arcapi.Transittestcases.RidershipDataGetAPITest -->
