<?xml version="1.0" encoding="UTF-8"?>
<!-- Generated by org.testng.reporters.JUnitReportReporter -->
<testsuite skipped="0" hostname="G10GNLT041" name="com.arcapi.TrailFlowtestcasesComplete.SyncSAPTrailProjectAPITest" tests="2" failures="0" timestamp="22 Feb 2019 05:49:40 GMT" time="11.995" errors="0">
  <testcase name="AssetUpdateforNewAssetPUTAPI" time="5.976" classname="com.arcapi.TrailFlowtestcasesComplete.SyncSAPTrailProjectAPITest"/>
  <testcase name="AssetUpdateforNewAssetPUTAPI" time="6.019" classname="com.arcapi.TrailFlowtestcasesComplete.SyncSAPTrailProjectAPITest"/>
</testsuite> <!-- com.arcapi.TrailFlowtestcasesComplete.SyncSAPTrailProjectAPITest -->
