<?xml version="1.0" encoding="UTF-8"?>
<!-- Generated by org.testng.reporters.JUnitReportReporter -->
<testsuite hostname="G10GGNLT052" name="com.arcapi.Transittestcases.ExcelUploadTemplateTransitAboveAPITest" tests="1" failures="0" timestamp="17 Oct 2019 07:26:52 GMT" time="6.012" errors="0">
  <testcase name="ExcelUploadTemplateTransitAboveAP" time="6.012" classname="com.arcapi.Transittestcases.ExcelUploadTemplateTransitAboveAPITest"/>
</testsuite> <!-- com.arcapi.Transittestcases.ExcelUploadTemplateTransitAboveAPITest -->
