<?xml version="1.0" encoding="UTF-8"?>
<!-- Generated by org.testng.reporters.JUnitReportReporter -->
<testsuite hostname="G10GGNLT052" name="com.arcapi.CompleteDataValidationNoPayloadTestcases.TransitSurveyCreatePOSTAPITest" tests="1" failures="0" timestamp="10 Sep 2019 11:10:22 GMT" time="2.034" errors="0">
  <testcase name="TransitSurveyCreatePOSTAPI" time="2.034" classname="com.arcapi.CompleteDataValidationNoPayloadTestcases.TransitSurveyCreatePOSTAPITest"/>
</testsuite> <!-- com.arcapi.CompleteDataValidationNoPayloadTestcases.TransitSurveyCreatePOSTAPITest -->
