<?xml version="1.0" encoding="UTF-8"?>
<!-- Generated by org.testng.reporters.JUnitReportReporter -->
<testsuite hostname="G10GGNLT052" name="com.arcapi.Buildingtestcases.DeleteAllAppsAPITest" tests="1" failures="0" timestamp="4 Sep 2019 04:54:36 GMT" time="4.335" errors="0">
  <testcase name="DeleteAllAppsAPI" time="4.335" classname="com.arcapi.Buildingtestcases.DeleteAllAppsAPITest"/>
</testsuite> <!-- com.arcapi.Buildingtestcases.DeleteAllAppsAPITest -->
