<?xml version="1.0" encoding="UTF-8"?>
<!-- Generated by org.testng.reporters.JUnitReportReporter -->
<testsuite hostname="G10GGNLT052" name="com.arcapi.CompleteDataValidationNoPayloadTestcases.AssetNotificationSubscriptionPostTest" tests="1" failures="0" timestamp="10 Sep 2019 11:10:22 GMT" time="1.381" errors="0">
  <testcase name="AssetNotificationSubscriptionPost" time="1.381" classname="com.arcapi.CompleteDataValidationNoPayloadTestcases.AssetNotificationSubscriptionPostTest"/>
</testsuite> <!-- com.arcapi.CompleteDataValidationNoPayloadTestcases.AssetNotificationSubscriptionPostTest -->
