<?xml version="1.0" encoding="UTF-8"?>
<!-- Generated by org.testng.reporters.JUnitReportReporter -->
<testsuite hostname="G10GGNLT052" name="com.arcapi.Buildingtestcases.GhgGetTest" tests="1" failures="0" timestamp="10 Oct 2019 08:21:45 GMT" time="1.891" errors="0">
  <testcase name="GhgGetTestAPI" time="1.891" classname="com.arcapi.Buildingtestcases.GhgGetTest"/>
</testsuite> <!-- com.arcapi.Buildingtestcases.GhgGetTest -->
