<?xml version="1.0" encoding="UTF-8"?>
<!-- Generated by org.testng.reporters.JUnitReportReporter -->
<testsuite hostname="G10GGNLT052" name="com.arcapi.Common.V2.ResampledWaterAnalysisDataGetAPITest" tests="1" failures="0" timestamp="7 Oct 2019 08:53:31 GMT" time="1.768" errors="0">
  <testcase name="ResampledWaterAnalysisDataGetAPI" time="1.768" classname="com.arcapi.Common.V2.ResampledWaterAnalysisDataGetAPITest"/>
</testsuite> <!-- com.arcapi.Common.V2.ResampledWaterAnalysisDataGetAPITest -->
