<?xml version="1.0" encoding="UTF-8"?>
<!-- Generated by org.testng.reporters.JUnitReportReporter -->
<testsuite hostname="G10GGNLT052" name="com.arcapi.Common.AssetTeamMemberUpdateAPITest" tests="1" failures="0" timestamp="22 Oct 2019 10:35:10 GMT" time="2.371" errors="0">
  <testcase name="AssetTeamMemberUpdateAPI" time="2.371" classname="com.arcapi.Common.AssetTeamMemberUpdateAPITest"/>
</testsuite> <!-- com.arcapi.Common.AssetTeamMemberUpdateAPITest -->
