<?xml version="1.0" encoding="UTF-8"?>
<!-- Generated by org.testng.reporters.JUnitReportReporter -->
<testsuite skipped="0" hostname="G10GNLT041" name="com.arcapi.Leedv4Testcases.AssetDocumentAPITest" tests="1" failures="0" timestamp="25 Sep 2018 10:56:28 GMT" time="18.275" errors="0">
  <testcase name="AssetDocumentAPI" time="18.275" classname="com.arcapi.Leedv4Testcases.AssetDocumentAPITest"/>
</testsuite> <!-- com.arcapi.Leedv4Testcases.AssetDocumentAPITest -->
