<?xml version="1.0" encoding="UTF-8"?>
<!-- Generated by org.testng.reporters.JUnitReportReporter -->
<testsuite hostname="G10GGNLT052" name="com.arcapi.Citytestcases.AssociatedCategoriesAPITest" tests="1" failures="0" timestamp="14 Aug 2019 08:09:03 GMT" time="2.482" errors="0">
  <testcase name="AssociatedCategoriesAPI" time="2.482" classname="com.arcapi.Citytestcases.AssociatedCategoriesAPITest"/>
</testsuite> <!-- com.arcapi.Citytestcases.AssociatedCategoriesAPITest -->
