<?xml version="1.0" encoding="UTF-8"?>
<!-- Generated by org.testng.reporters.JUnitReportReporter -->
<testsuite hostname="G10GGNLT052" name="com.arcapi.CompleteDataValidationNoPayloadTestcases.PortfoliosPostAPITest" tests="1" failures="0" timestamp="9 Oct 2019 05:37:53 GMT" time="1.891" errors="0">
  <testcase name="PortfoliosPostAPI" time="1.891" classname="com.arcapi.CompleteDataValidationNoPayloadTestcases.PortfoliosPostAPITest"/>
</testsuite> <!-- com.arcapi.CompleteDataValidationNoPayloadTestcases.PortfoliosPostAPITest -->
