<?xml version="1.0" encoding="UTF-8"?>
<!-- Generated by org.testng.reporters.JUnitReportReporter -->
<testsuite hostname="G10GGNLT052" name="com.arcapi.ScenarioBasedTestcases.AssetTeamMemberUpdateAPITest" tests="2" failures="0" timestamp="7 Nov 2019 09:54:02 GMT" time="8.801" errors="0">
  <testcase name="AssetTeamMemberUpdateAPI" time="3.045" classname="com.arcapi.ScenarioBasedTestcases.AssetTeamMemberUpdateAPITest"/>
  <testcase name="AssetTeamMemberUpdateAPI" time="5.756" classname="com.arcapi.ScenarioBasedTestcases.AssetTeamMemberUpdateAPITest"/>
</testsuite> <!-- com.arcapi.ScenarioBasedTestcases.AssetTeamMemberUpdateAPITest -->
