<?xml version="1.0" encoding="UTF-8"?>
<!-- Generated by org.testng.reporters.JUnitReportReporter -->
<testsuite skipped="0" hostname="G10GNLT041" name="com.arcapi.TrailFlowtestcases.S3DocumentUploadPOSTAPITest" tests="1" failures="0" timestamp="05 Feb 2019 07:18:51 GMT" time="50.464" errors="0">
  <testcase name="S3DocumentUploadPOSTAPI" time="50.464" classname="com.arcapi.TrailFlowtestcases.S3DocumentUploadPOSTAPITest"/>
</testsuite> <!-- com.arcapi.TrailFlowtestcases.S3DocumentUploadPOSTAPITest -->
