<?xml version="1.0" encoding="UTF-8"?>
<!-- Generated by org.testng.reporters.JUnitReportReporter -->
<testsuite skipped="0" hostname="G10GNLT041" name="com.arcapi.Buildingtestcases.AssetDocumentAPITest" tests="2" failures="0" timestamp="17 Jun 2019 07:27:39 GMT" time="14.660" errors="0">
  <testcase name="AssetDocumentAPI" time="7.417" classname="com.arcapi.Buildingtestcases.AssetDocumentAPITest"/>
  <testcase name="AssetDocumentAPI" time="7.243" classname="com.arcapi.Buildingtestcases.AssetDocumentAPITest"/>
</testsuite> <!-- com.arcapi.Buildingtestcases.AssetDocumentAPITest -->
