<?xml version="1.0" encoding="UTF-8"?>
<!-- Generated by org.testng.reporters.JUnitReportReporter -->
<testsuite skipped="0" hostname="G10GNLT041" name="com.arcapi.Buildingtestcases.WaterGetTest" tests="2" failures="0" timestamp="17 Jun 2019 07:27:40 GMT" time="14.752" errors="0">
  <testcase name="WaterGet" time="8.036" classname="com.arcapi.Buildingtestcases.WaterGetTest"/>
  <testcase name="WaterGet" time="6.716" classname="com.arcapi.Buildingtestcases.WaterGetTest"/>
</testsuite> <!-- com.arcapi.Buildingtestcases.WaterGetTest -->
