<?xml version="1.0" encoding="UTF-8"?>
<!-- Generated by org.testng.reporters.JUnitReportReporter -->
<testsuite skipped="0" hostname="G10GNLT041" name="com.arcapi.Scoretestcases.version2.WaterGetTest" tests="1" failures="0" timestamp="13 Sep 2018 09:17:56 GMT" time="56.098" errors="0">
  <testcase name="WaterGet" time="56.098" classname="com.arcapi.Scoretestcases.version2.WaterGetTest"/>
</testsuite> <!-- com.arcapi.Scoretestcases.version2.WaterGetTest -->
