<?xml version="1.0" encoding="UTF-8"?>
<!-- Generated by org.testng.reporters.JUnitReportReporter -->
<testsuite hostname="G10GGNLT052" name="com.arcapi.Scoretestcases.version3.WaterGetTest" tests="1" failures="0" timestamp="19 Sep 2019 08:28:16 GMT" time="1.623" errors="0">
  <testcase name="WaterGet" time="1.623" classname="com.arcapi.Scoretestcases.version3.WaterGetTest"/>
</testsuite> <!-- com.arcapi.Scoretestcases.version3.WaterGetTest -->
