<?xml version="1.0" encoding="UTF-8"?>
<!-- Generated by org.testng.reporters.JUnitReportReporter -->
<testsuite hostname="G10GGNLT052" name="com.arcapi.Transittestcases.EnvironmentSurveyCreatePOSTAPITest" tests="1" failures="0" timestamp="20 Sep 2019 07:00:23 GMT" time="2.636" errors="0">
  <testcase name="EnvironmentSurveyCreatePOSTAPI" time="2.636" classname="com.arcapi.Transittestcases.EnvironmentSurveyCreatePOSTAPITest"/>
</testsuite> <!-- com.arcapi.Transittestcases.EnvironmentSurveyCreatePOSTAPITest -->
