<?xml version="1.0" encoding="UTF-8"?>
<!-- Generated by org.testng.reporters.JUnitReportReporter -->
<testsuite hostname="G10GGNLT052" name="com.arcapi.Portfoliostestcases.PortfoliosAnalyticsDetailAPITest" tests="1" failures="0" timestamp="3 Aug 2019 11:05:10 GMT" time="3.265" errors="0">
  <testcase name="PortfoliosAnalyticsDetailAPI" time="3.265" classname="com.arcapi.Portfoliostestcases.PortfoliosAnalyticsDetailAPITest"/>
</testsuite> <!-- com.arcapi.Portfoliostestcases.PortfoliosAnalyticsDetailAPITest -->
