<?xml version="1.0" encoding="UTF-8"?>
<!-- Generated by org.testng.reporters.JUnitReportReporter -->
<testsuite skipped="0" hostname="G10GNLT041" name="com.arcapi.Buildingtestcases.AssetAppListAPITest" tests="1" failures="0" timestamp="17 Jun 2019 07:27:39 GMT" time="6.541" errors="0">
  <testcase name="AssetAppListAPI" time="6.541" classname="com.arcapi.Buildingtestcases.AssetAppListAPITest"/>
</testsuite> <!-- com.arcapi.Buildingtestcases.AssetAppListAPITest -->
