<?xml version="1.0" encoding="UTF-8"?>
<!-- Generated by org.testng.reporters.JUnitReportReporter -->
<testsuite skipped="0" hostname="G10GNLT041" name="com.arcapi.Communitytestcases.SubmitReviewPOSTAPITest" tests="2" failures="0" timestamp="17 Jun 2019 09:30:40 GMT" time="9.673" errors="0">
  <testcase name="SubmitReviewPOSTAPI" time="4.270" classname="com.arcapi.Communitytestcases.SubmitReviewPOSTAPITest"/>
  <testcase name="SubmitReviewPOSTAPI" time="5.403" classname="com.arcapi.Communitytestcases.SubmitReviewPOSTAPITest"/>
</testsuite> <!-- com.arcapi.Communitytestcases.SubmitReviewPOSTAPITest -->
