<?xml version="1.0" encoding="UTF-8"?>
<!-- Generated by org.testng.reporters.JUnitReportReporter -->
<testsuite hostname="G10GGNLT052" name="com.arcapi.Common.AssetSearchOwnerAPITest" tests="1" failures="0" timestamp="11 Oct 2019 09:12:46 GMT" time="1.720" errors="0">
  <testcase name="AssetSearchOwnerAPI" time="1.720" classname="com.arcapi.Common.AssetSearchOwnerAPITest"/>
</testsuite> <!-- com.arcapi.Common.AssetSearchOwnerAPITest -->
