<?xml version="1.0" encoding="UTF-8"?>
<!-- Generated by org.testng.reporters.JUnitReportReporter -->
<testsuite hostname="G10GGNLT052" name="com.arcapi.Buildingtestcases.AssetTeamMemberRoleAPITest" tests="1" failures="0" timestamp="4 Sep 2019 04:54:37 GMT" time="1.856" errors="0">
  <testcase name="AssetTeamMemberRoleAPI" time="1.856" classname="com.arcapi.Buildingtestcases.AssetTeamMemberRoleAPITest"/>
</testsuite> <!-- com.arcapi.Buildingtestcases.AssetTeamMemberRoleAPITest -->
