<?xml version="1.0" encoding="UTF-8"?>
<!-- Generated by org.testng.reporters.JUnitReportReporter -->
<testsuite skipped="0" hostname="G10GNLT041" name="com.arcapi.Communitytestcases.AvgPerformaceListGetTest" tests="2" failures="0" timestamp="17 Jun 2019 09:30:41 GMT" time="7.461" errors="0">
  <testcase name="AvgPerformaceList" time="3.958" classname="com.arcapi.Communitytestcases.AvgPerformaceListGetTest"/>
  <testcase name="AvgPerformaceList" time="3.503" classname="com.arcapi.Communitytestcases.AvgPerformaceListGetTest"/>
</testsuite> <!-- com.arcapi.Communitytestcases.AvgPerformaceListGetTest -->
