<?xml version="1.0" encoding="UTF-8"?>
<!-- Generated by org.testng.reporters.JUnitReportReporter -->
<testsuite skipped="0" hostname="G10GNLT041" name="com.arcapi.Communitytestcases.MeasuresVersionDetailAPITest" tests="2" failures="0" timestamp="17 Jun 2019 09:30:41 GMT" time="7.424" errors="0">
  <testcase name="MeasuresVersionDetailAPI" time="3.664" classname="com.arcapi.Communitytestcases.MeasuresVersionDetailAPITest"/>
  <testcase name="MeasuresVersionDetailAPI" time="3.760" classname="com.arcapi.Communitytestcases.MeasuresVersionDetailAPITest"/>
</testsuite> <!-- com.arcapi.Communitytestcases.MeasuresVersionDetailAPITest -->
