<?xml version="1.0" encoding="UTF-8"?>
<!-- Generated by org.testng.reporters.JUnitReportReporter -->
<testsuite skipped="0" hostname="G10GNLT041" name="com.arcapi.Buildingtestcases.GetAllDocumentListAPITest" tests="2" failures="0" timestamp="17 Jun 2019 07:27:39 GMT" time="14.901" errors="0">
  <testcase name="GetAllDocumentListAPI" time="7.842" classname="com.arcapi.Buildingtestcases.GetAllDocumentListAPITest"/>
  <testcase name="GetAllDocumentListAPI" time="7.059" classname="com.arcapi.Buildingtestcases.GetAllDocumentListAPITest"/>
</testsuite> <!-- com.arcapi.Buildingtestcases.GetAllDocumentListAPITest -->
