<?xml version="1.0" encoding="UTF-8"?>
<!-- Generated by org.testng.reporters.JUnitReportReporter -->
<testsuite hostname="G10GGNLT052" name="com.arcapi.Common.AddAssestTimelinePOSTAPITest" tests="2" failures="0" timestamp="20 Sep 2019 08:24:47 GMT" time="10.564" errors="0">
  <testcase name="AddAssestTimeline" time="3.661" classname="com.arcapi.Common.AddAssestTimelinePOSTAPITest"/>
  <testcase name="AddAssestTimeline" time="6.903" classname="com.arcapi.Common.AddAssestTimelinePOSTAPITest"/>
</testsuite> <!-- com.arcapi.Common.AddAssestTimelinePOSTAPITest -->
