<?xml version="1.0" encoding="UTF-8"?>
<!-- Generated by org.testng.reporters.JUnitReportReporter -->
<testsuite hostname="G10GGNLT052" name="com.arcapi.Portfoliostestcases.PortfoliosAssetDetailDELETEAPITest" tests="1" failures="0" timestamp="20 Sep 2019 06:16:39 GMT" time="2.177" errors="0">
  <testcase name="PortfoliosAssetDetailDELETEAPI" time="2.177" classname="com.arcapi.Portfoliostestcases.PortfoliosAssetDetailDELETEAPITest"/>
</testsuite> <!-- com.arcapi.Portfoliostestcases.PortfoliosAssetDetailDELETEAPITest -->
