<?xml version="1.0" encoding="UTF-8"?>
<!-- Generated by org.testng.reporters.JUnitReportReporter -->
<testsuite skipped="0" hostname="G10GNLT041" name="com.arcapi.TrailFlowtestcases.Transit.WasteDetailAPITest" tests="1" failures="0" timestamp="08 Feb 2019 06:00:27 GMT" time="1.807" errors="0">
  <testcase name="WasteDetailAPI" time="1.807" classname="com.arcapi.TrailFlowtestcases.Transit.WasteDetailAPITest"/>
</testsuite> <!-- com.arcapi.TrailFlowtestcases.Transit.WasteDetailAPITest -->
