<?xml version="1.0" encoding="UTF-8"?>
<!-- Generated by org.testng.reporters.JUnitReportReporter -->
<testsuite skipped="0" hostname="G10GNLT041" name="com.arcapi.Buildingtestcases.AssetTeamMemberRemoveAPITest" tests="2" failures="0" timestamp="17 Jun 2019 07:27:39 GMT" time="16.309" errors="0">
  <testcase name="AssetTeamMemberRemoveAPI" time="8.112" classname="com.arcapi.Buildingtestcases.AssetTeamMemberRemoveAPITest"/>
  <testcase name="AssetTeamMemberRemoveAPI" time="8.197" classname="com.arcapi.Buildingtestcases.AssetTeamMemberRemoveAPITest"/>
</testsuite> <!-- com.arcapi.Buildingtestcases.AssetTeamMemberRemoveAPITest -->
