<?xml version="1.0" encoding="UTF-8"?>
<!-- Generated by org.testng.reporters.JUnitReportReporter -->
<testsuite skipped="0" hostname="G10GNLT041" name="com.arcapi.Communitytestcases.AssetTeamMemberUpdateAPITest" tests="2" failures="0" timestamp="17 Jun 2019 09:30:40 GMT" time="9.837" errors="0">
  <testcase name="AssetTeamMemberUpdateAPI" time="4.496" classname="com.arcapi.Communitytestcases.AssetTeamMemberUpdateAPITest"/>
  <testcase name="AssetTeamMemberUpdateAPI" time="5.341" classname="com.arcapi.Communitytestcases.AssetTeamMemberUpdateAPITest"/>
</testsuite> <!-- com.arcapi.Communitytestcases.AssetTeamMemberUpdateAPITest -->
