<?xml version="1.0" encoding="UTF-8"?>
<!-- Generated by org.testng.reporters.JUnitReportReporter -->
<testsuite skipped="0" hostname="G10GNLT041" name="com.arcapi.Citytestcases.PaymentOrderSubmitCustomPOSTAPITest" tests="1" failures="0" timestamp="24 May 2019 05:16:58 GMT" time="15.345" errors="0">
  <testcase name="PaymentOrderSubmitPOSTAPI" time="15.345" classname="com.arcapi.Citytestcases.PaymentOrderSubmitCustomPOSTAPITest"/>
</testsuite> <!-- com.arcapi.Citytestcases.PaymentOrderSubmitCustomPOSTAPITest -->
