<?xml version="1.0" encoding="UTF-8"?>
<!-- Generated by org.testng.reporters.JUnitReportReporter -->
<testsuite hostname="G10GGNLT052" name="com.arcapi.Common.ScoreVersionExtensionUpdatePostAPITest" tests="1" failures="0" timestamp="7 Nov 2019 09:54:02 GMT" time="1.839" errors="0">
  <testcase name="ScoreVersionExtensionUpdatePost" time="1.839" classname="com.arcapi.Common.ScoreVersionExtensionUpdatePostAPITest"/>
</testsuite> <!-- com.arcapi.Common.ScoreVersionExtensionUpdatePostAPITest -->
