<?xml version="1.0" encoding="UTF-8"?>
<!-- Generated by org.testng.reporters.JUnitReportReporter -->
<testsuite hostname="G10GGNLT052" name="com.arcapi.Common.CityCom.MeasuresListAPITest" tests="1" failures="0" timestamp="5 Sep 2019 10:37:21 GMT" time="1.818" errors="0">
  <testcase name="MeasuresListAPI" time="1.818" classname="com.arcapi.Common.CityCom.MeasuresListAPITest"/>
</testsuite> <!-- com.arcapi.Common.CityCom.MeasuresListAPITest -->
