<?xml version="1.0" encoding="UTF-8"?>
<!-- Generated by org.testng.reporters.JUnitReportReporter -->
<testsuite skipped="0" hostname="G10GNLT041" name="com.arcapi.InterRelatedFieldValidationTestcases.HumanCreatePOSTAPITest" tests="1" failures="0" timestamp="21 Jun 2019 05:34:13 GMT" time="68.017" errors="0">
  <testcase name="HumanCreatePOSTAPI" time="68.017" classname="com.arcapi.InterRelatedFieldValidationTestcases.HumanCreatePOSTAPITest"/>
</testsuite> <!-- com.arcapi.InterRelatedFieldValidationTestcases.HumanCreatePOSTAPITest -->
