<?xml version="1.0" encoding="UTF-8"?>
<!-- Generated by org.testng.reporters.JUnitReportReporter -->
<testsuite hostname="G10GGNLT052" name="com.arcapi.Leedv4Testcases.MeterCommentPostGroup3APITest" tests="1" failures="0" timestamp="20 Sep 2019 07:34:02 GMT" time="9.151" errors="0">
  <testcase name="MeterCommentPostGroup3API" time="9.151" classname="com.arcapi.Leedv4Testcases.MeterCommentPostGroup3APITest"/>
</testsuite> <!-- com.arcapi.Leedv4Testcases.MeterCommentPostGroup3APITest -->
