<?xml version="1.0" encoding="UTF-8"?>
<!-- Generated by org.testng.reporters.JUnitReportReporter -->
<testsuite skipped="0" hostname="G10GNLT041" name="com.arcapi.Communitytestcases.AssetTeamMemberListAPITest" tests="2" failures="0" timestamp="17 Jun 2019 09:30:41 GMT" time="9.749" errors="0">
  <testcase name="AssetTeamMemberListAPI" time="4.937" classname="com.arcapi.Communitytestcases.AssetTeamMemberListAPITest"/>
  <testcase name="AssetTeamMemberListAPI" time="4.812" classname="com.arcapi.Communitytestcases.AssetTeamMemberListAPITest"/>
</testsuite> <!-- com.arcapi.Communitytestcases.AssetTeamMemberListAPITest -->
