<?xml version="1.0" encoding="UTF-8"?>
<!-- Generated by org.testng.reporters.JUnitReportReporter -->
<testsuite hostname="G10GGNLT052" name="com.arcapi.Common.V2.ResampledHumanexperience_ScoreGetAPITest" tests="1" failures="0" timestamp="10 Oct 2019 08:21:47 GMT" time="1.976" errors="0">
  <testcase name="ResampledHumanexperience_ScoreGetAPI" time="1.976" classname="com.arcapi.Common.V2.ResampledHumanexperience_ScoreGetAPITest"/>
</testsuite> <!-- com.arcapi.Common.V2.ResampledHumanexperience_ScoreGetAPITest -->
