<?xml version="1.0" encoding="UTF-8"?>
<!-- Generated by org.testng.reporters.JUnitReportReporter -->
<testsuite skipped="0" hostname="G10GNLT041" name="com.arcapi.Transittestcases.EnvironmentSurveyGetAPITest" tests="2" failures="0" timestamp="17 Jun 2019 09:30:40 GMT" time="6.968" errors="0">
  <testcase name="EnvironmentSurveyGetAPI" time="4.222" classname="com.arcapi.Transittestcases.EnvironmentSurveyGetAPITest"/>
  <testcase name="EnvironmentSurveyGetAPI" time="2.746" classname="com.arcapi.Transittestcases.EnvironmentSurveyGetAPITest"/>
</testsuite> <!-- com.arcapi.Transittestcases.EnvironmentSurveyGetAPITest -->
