<?xml version="1.0" encoding="UTF-8"?>
<!-- Generated by org.testng.reporters.JUnitReportReporter -->
<testsuite skipped="0" hostname="G10GNLT041" name="com.arcapi.Buildingtestcases.AssetTeamPermissionPostAPITest" tests="2" failures="0" timestamp="17 Jun 2019 07:27:40 GMT" time="13.653" errors="0">
  <testcase name="AssetTeamPermissionPostAPI" time="6.970" classname="com.arcapi.Buildingtestcases.AssetTeamPermissionPostAPITest"/>
  <testcase name="AssetTeamPermissionPostAPI" time="6.683" classname="com.arcapi.Buildingtestcases.AssetTeamPermissionPostAPITest"/>
</testsuite> <!-- com.arcapi.Buildingtestcases.AssetTeamPermissionPostAPITest -->
