<?xml version="1.0" encoding="UTF-8"?>
<!-- Generated by org.testng.reporters.JUnitReportReporter -->
<testsuite hostname="G10GGNLT052" name="com.arcapi.Citytestcases.MeasuresUpdateAPITest" tests="1" failures="0" timestamp="5 Sep 2019 06:00:28 GMT" time="1.426" errors="0">
  <testcase name="MeasuresUpdateAPI" time="1.426" classname="com.arcapi.Citytestcases.MeasuresUpdateAPITest"/>
</testsuite> <!-- com.arcapi.Citytestcases.MeasuresUpdateAPITest -->
