<?xml version="1.0" encoding="UTF-8"?>
<!-- Generated by org.testng.reporters.JUnitReportReporter -->
<testsuite skipped="1" hostname="G10GGNLT052" name="com.arcapi.Parksmarttestcases.UserAccessLevelSAPGetTest" tests="1" failures="0" timestamp="19 Aug 2019 07:38:19 GMT" time="0.001" errors="0">
  <testcase name="UserAccessLevelSAPGet" time="0.001" classname="com.arcapi.Parksmarttestcases.UserAccessLevelSAPGetTest">
    <skipped/>
  </testcase> <!-- UserAccessLevelSAPGet -->
</testsuite> <!-- com.arcapi.Parksmarttestcases.UserAccessLevelSAPGetTest -->
