<?xml version="1.0" encoding="UTF-8"?>
<!-- Generated by org.testng.reporters.JUnitReportReporter -->
<testsuite hostname="G10GGNLT052" name="com.arcapi.Common.S3DocumentRemoveAPITest" tests="1" failures="0" timestamp="7 Oct 2019 08:53:30 GMT" time="1.719" errors="0">
  <testcase name="S3DocumentRemoveAPI" time="1.719" classname="com.arcapi.Common.S3DocumentRemoveAPITest"/>
</testsuite> <!-- com.arcapi.Common.S3DocumentRemoveAPITest -->
