<?xml version="1.0" encoding="UTF-8"?>
<!-- Generated by org.testng.reporters.JUnitReportReporter -->
<testsuite hostname="G10GGNLT052" name="com.arcapi.Portfoliostestcases.PortfoliosAssetPostAPITest" tests="2" failures="0" timestamp="10 Sep 2019 14:33:25 GMT" time="5.216" errors="0">
  <testcase name="CreatePortfoliosAsset2PostAPI" time="2.455" classname="com.arcapi.Portfoliostestcases.PortfoliosAssetPostAPITest"/>
  <testcase name="PortfoliosAssetPostAPI" time="2.761" classname="com.arcapi.Portfoliostestcases.PortfoliosAssetPostAPITest"/>
</testsuite> <!-- com.arcapi.Portfoliostestcases.PortfoliosAssetPostAPITest -->
