<?xml version="1.0" encoding="UTF-8"?>
<!-- Generated by org.testng.reporters.JUnitReportReporter -->
<testsuite hostname="G10GGNLT052" name="com.arcapi.Buildingtestcases.CreateAssetBuildingV3APITest" tests="1" failures="0" timestamp="10 Oct 2019 09:28:21 GMT" time="7.347" errors="0">
  <testcase name="CreateAssetPOSTAPI" time="7.347" classname="com.arcapi.Buildingtestcases.CreateAssetBuildingV3APITest"/>
</testsuite> <!-- com.arcapi.Buildingtestcases.CreateAssetBuildingV3APITest -->
