<?xml version="1.0" encoding="UTF-8"?>
<!-- Generated by org.testng.reporters.JUnitReportReporter -->
<testsuite hostname="G10GGNLT052" name="com.arcapi.Common.CityCom.AssetUpdateAPITest" tests="1" failures="0" timestamp="1 Oct 2019 07:53:07 GMT" time="9.477" errors="0">
  <testcase name="AssetUpdateforNewAssetPUTAPI" time="9.477" classname="com.arcapi.Common.CityCom.AssetUpdateAPITest"/>
</testsuite> <!-- com.arcapi.Common.CityCom.AssetUpdateAPITest -->
