<?xml version="1.0" encoding="UTF-8"?>
<!-- Generated by org.testng.reporters.JUnitReportReporter -->
<testsuite hostname="G10GGNLT052" name="com.arcapi.Transittestcases.VerifySulphurDioxideGraphValuesAPITest" tests="1" failures="0" timestamp="9 Sep 2019 15:05:12 GMT" time="2.881" errors="0">
  <testcase name="VerifySulphurDioxideGraphValuesAPI" time="2.881" classname="com.arcapi.Transittestcases.VerifySulphurDioxideGraphValuesAPITest"/>
</testsuite> <!-- com.arcapi.Transittestcases.VerifySulphurDioxideGraphValuesAPITest -->
