<?xml version="1.0" encoding="UTF-8"?>
<!-- Generated by org.testng.reporters.JUnitReportReporter -->
<testsuite skipped="0" hostname="G10GNLT041" name="com.arcapi.Citytestcases.AssetTeamMemberAddPOSTAPITest" tests="2" failures="0" timestamp="17 Jun 2019 08:07:17 GMT" time="10.705" errors="0">
  <testcase name="AssetTeamMemberAddPOSTAPI" time="5.456" classname="com.arcapi.Citytestcases.AssetTeamMemberAddPOSTAPITest"/>
  <testcase name="AssetTeamMemberAddPOSTAPI" time="5.249" classname="com.arcapi.Citytestcases.AssetTeamMemberAddPOSTAPITest"/>
</testsuite> <!-- com.arcapi.Citytestcases.AssetTeamMemberAddPOSTAPITest -->
