<?xml version="1.0" encoding="UTF-8"?>
<!-- Generated by org.testng.reporters.JUnitReportReporter -->
<testsuite skipped="0" hostname="G10GNLT041" name="com.arcapi.Citytestcases.AssetUpdateforNewAssetPUTAPITest" tests="2" failures="0" timestamp="03 Sep 2018 06:19:37 GMT" time="10.147" errors="0">
  <testcase name="AssetUpdateforNewAssetPUTAPI" time="4.894" classname="com.arcapi.Citytestcases.AssetUpdateforNewAssetPUTAPITest"/>
  <testcase name="AssetUpdateforNewAssetPUTAPI" time="5.253" classname="com.arcapi.Citytestcases.AssetUpdateforNewAssetPUTAPITest"/>
</testsuite> <!-- com.arcapi.Citytestcases.AssetUpdateforNewAssetPUTAPITest -->
