<?xml version="1.0" encoding="UTF-8"?>
<!-- Generated by org.testng.reporters.JUnitReportReporter -->
<testsuite skipped="1" hostname="G10GNLT041" name="com.arcapi.Transittestcases.VerifyNitrogenDioxideGraphValuesAPITest" tests="1" failures="0" timestamp="11 May 2019 05:12:38 GMT" time="0.000" errors="0">
  <testcase name="VerifyNitrogenDioxideGraphValuesAPI" time="0.000" classname="com.arcapi.Transittestcases.VerifyNitrogenDioxideGraphValuesAPITest">
    <skipped/>
  </testcase> <!-- VerifyNitrogenDioxideGraphValuesAPI -->
</testsuite> <!-- com.arcapi.Transittestcases.VerifyNitrogenDioxideGraphValuesAPITest -->
