<?xml version="1.0" encoding="UTF-8"?>
<!-- Generated by org.testng.reporters.JUnitReportReporter -->
<testsuite hostname="G10GGNLT052" name="com.arcapi.Common.FuelCategoryAPITest" tests="1" failures="0" timestamp="20 Sep 2019 07:00:23 GMT" time="0.010" errors="0">
  <testcase name="FuelCategoryAPI" time="0.010" classname="com.arcapi.Common.FuelCategoryAPITest"/>
</testsuite> <!-- com.arcapi.Common.FuelCategoryAPITest -->
