<?xml version="1.0" encoding="UTF-8"?>
<!-- Generated by org.testng.reporters.JUnitReportReporter -->
<testsuite hostname="G10GGNLT052" name="com.arcapi.Common.S3DocumentUploadPOSTAPITest" tests="1" failures="0" timestamp="7 Oct 2019 08:53:30 GMT" time="14.991" errors="0">
  <testcase name="S3DocumentUploadPOSTAPI" time="14.991" classname="com.arcapi.Common.S3DocumentUploadPOSTAPITest"/>
</testsuite> <!-- com.arcapi.Common.S3DocumentUploadPOSTAPITest -->
