<?xml version="1.0" encoding="UTF-8"?>
<!-- Generated by org.testng.reporters.JUnitReportReporter -->
<testsuite hostname="G10GGNLT052" name="com.arcapi.Common.MeasureCommentDeleteAPITest" tests="1" failures="0" timestamp="7 Oct 2019 08:53:31 GMT" time="2.250" errors="0">
  <testcase name="NotificationDeleteAPI" time="2.250" classname="com.arcapi.Common.MeasureCommentDeleteAPITest"/>
</testsuite> <!-- com.arcapi.Common.MeasureCommentDeleteAPITest -->
