<?xml version="1.0" encoding="UTF-8"?>
<!-- Generated by org.testng.reporters.JUnitReportReporter -->
<testsuite hostname="G10GGNLT052" name="com.arcapi.Common.NotificationSubscriptionDetailDeleteTest" tests="1" failures="0" timestamp="22 Oct 2019 10:35:10 GMT" time="1.429" errors="0">
  <testcase name="NotificationSubscriptionDetailDelete" time="1.429" classname="com.arcapi.Common.NotificationSubscriptionDetailDeleteTest"/>
</testsuite> <!-- com.arcapi.Common.NotificationSubscriptionDetailDeleteTest -->
