<?xml version="1.0" encoding="UTF-8"?>
<!-- Generated by org.testng.reporters.JUnitReportReporter -->
<testsuite hostname="G10GGNLT052" name="com.arcapi.Common.AssetNotificationSubscriptionListTest" tests="1" failures="0" timestamp="7 Oct 2019 08:53:31 GMT" time="1.384" errors="0">
  <testcase name="AssetNotificationSubscriptionList" time="1.384" classname="com.arcapi.Common.AssetNotificationSubscriptionListTest"/>
</testsuite> <!-- com.arcapi.Common.AssetNotificationSubscriptionListTest -->
