<?xml version="1.0" encoding="UTF-8"?>
<!-- Generated by org.testng.reporters.JUnitReportReporter -->
<testsuite hostname="G10GGNLT052" name="com.arcapi.Buildingtestcases.ExcelTemplateMetersAPITest" tests="1" failures="0" timestamp="10 Oct 2019 08:21:47 GMT" time="4.955" errors="0">
  <testcase name="ExcelTemplateMetersAPI" time="4.955" classname="com.arcapi.Buildingtestcases.ExcelTemplateMetersAPITest"/>
</testsuite> <!-- com.arcapi.Buildingtestcases.ExcelTemplateMetersAPITest -->
