<?xml version="1.0" encoding="UTF-8"?>
<!-- Generated by org.testng.reporters.JUnitReportReporter -->
<testsuite skipped="0" hostname="G10GNLT041" name="com.arcapi.Buildingtestcases.ScoreWeightsAPITest" tests="2" failures="0" timestamp="17 Jun 2019 07:27:40 GMT" time="13.528" errors="0">
  <testcase name="ScoreWeightsAPI" time="6.464" classname="com.arcapi.Buildingtestcases.ScoreWeightsAPITest"/>
  <testcase name="ScoreWeightsAPI" time="7.064" classname="com.arcapi.Buildingtestcases.ScoreWeightsAPITest"/>
</testsuite> <!-- com.arcapi.Buildingtestcases.ScoreWeightsAPITest -->
