<?xml version="1.0" encoding="UTF-8"?>
<!-- Generated by org.testng.reporters.JUnitReportReporter -->
<testsuite skipped="0" hostname="G10GNLT041" name="com.arcapi.Communitytestcases.RecomputePerformanceScoreGetTest" tests="2" failures="0" timestamp="17 Jun 2019 09:30:40 GMT" time="16.603" errors="0">
  <testcase name="RecomputePerformanceScoreGet" time="7.840" classname="com.arcapi.Communitytestcases.RecomputePerformanceScoreGetTest"/>
  <testcase name="RecomputePerformanceScoreGet" time="8.763" classname="com.arcapi.Communitytestcases.RecomputePerformanceScoreGetTest"/>
</testsuite> <!-- com.arcapi.Communitytestcases.RecomputePerformanceScoreGetTest -->
