<?xml version="1.0" encoding="UTF-8"?>
<!-- Generated by org.testng.reporters.JUnitReportReporter -->
<testsuite hostname="G10GGNLT052" name="com.arcapi.CompleteDataValidationNoPayloadTestcases.S3DocumentUploadPOSTAPITest" tests="1" failures="0" timestamp="10 Sep 2019 11:10:22 GMT" time="1.721" errors="0">
  <testcase name="S3DocumentUploadPOSTAPI" time="1.721" classname="com.arcapi.CompleteDataValidationNoPayloadTestcases.S3DocumentUploadPOSTAPITest"/>
</testsuite> <!-- com.arcapi.CompleteDataValidationNoPayloadTestcases.S3DocumentUploadPOSTAPITest -->
