<?xml version="1.0" encoding="UTF-8"?>
<!-- Generated by org.testng.reporters.JUnitReportReporter -->
<testsuite hostname="G10GGNLT052" name="com.arcapi.Common.AppVersionDetailAPITest" tests="1" failures="0" timestamp="10 Oct 2019 08:21:46 GMT" time="1.752" errors="0">
  <testcase name="AppVersionDetailAPI" time="1.752" classname="com.arcapi.Common.AppVersionDetailAPITest"/>
</testsuite> <!-- com.arcapi.Common.AppVersionDetailAPITest -->
