<?xml version="1.0" encoding="UTF-8"?>
<!-- Generated by org.testng.reporters.JUnitReportReporter -->
<testsuite hostname="G10GGNLT052" name="com.arcapi.Portfoliostestcases.PortfoliosPostAPITest" tests="1" failures="0" timestamp="17 Oct 2019 08:56:42 GMT" time="3.984" errors="0">
  <testcase name="PortfoliosPostAPI" time="3.984" classname="com.arcapi.Portfoliostestcases.PortfoliosPostAPITest"/>
</testsuite> <!-- com.arcapi.Portfoliostestcases.PortfoliosPostAPITest -->
