<?xml version="1.0" encoding="UTF-8"?>
<!-- Generated by org.testng.reporters.JUnitReportReporter -->
<testsuite skipped="0" hostname="G10GNLT041" name="com.arcapi.Transittestcases.AssetDataSnapshotAPITest" tests="2" failures="0" timestamp="17 Jun 2019 09:30:41 GMT" time="41.678" errors="0">
  <testcase name="AssetDataSnapshotAPI" time="23.008" classname="com.arcapi.Transittestcases.AssetDataSnapshotAPITest"/>
  <testcase name="AssetDataSnapshotAPI" time="18.670" classname="com.arcapi.Transittestcases.AssetDataSnapshotAPITest"/>
</testsuite> <!-- com.arcapi.Transittestcases.AssetDataSnapshotAPITest -->
